[2023-09-14T00:54:59.764+0000] {processor.py:157} INFO - Started process (PID=32) to work on /opt/airflow/dags/OrdersRetention.py
[2023-09-14T00:54:59.765+0000] {processor.py:829} INFO - Processing file /opt/airflow/dags/OrdersRetention.py for tasks to queue
[2023-09-14T00:54:59.769+0000] {logging_mixin.py:151} INFO - [2023-09-14T00:54:59.768+0000] {dagbag.py:539} INFO - Filling up the DagBag from /opt/airflow/dags/OrdersRetention.py
[2023-09-14T00:54:59.791+0000] {processor.py:839} INFO - DAG(s) dict_keys(['test01']) retrieved from /opt/airflow/dags/OrdersRetention.py
[2023-09-14T00:54:59.935+0000] {logging_mixin.py:151} INFO - [2023-09-14T00:54:59.935+0000] {dag.py:2907} INFO - Sync 1 DAGs
[2023-09-14T00:54:59.954+0000] {logging_mixin.py:151} INFO - [2023-09-14T00:54:59.954+0000] {dag.py:3677} INFO - Setting next_dagrun for test01 to 2023-09-12T15:00:00+00:00, run_after=2023-09-13T15:00:00+00:00
[2023-09-14T00:54:59.971+0000] {processor.py:179} INFO - Processing /opt/airflow/dags/OrdersRetention.py took 0.212 seconds
[2023-09-14T00:55:30.165+0000] {processor.py:157} INFO - Started process (PID=40) to work on /opt/airflow/dags/OrdersRetention.py
[2023-09-14T00:55:30.166+0000] {processor.py:829} INFO - Processing file /opt/airflow/dags/OrdersRetention.py for tasks to queue
[2023-09-14T00:55:30.170+0000] {logging_mixin.py:151} INFO - [2023-09-14T00:55:30.168+0000] {dagbag.py:539} INFO - Filling up the DagBag from /opt/airflow/dags/OrdersRetention.py
[2023-09-14T00:55:30.190+0000] {processor.py:839} INFO - DAG(s) dict_keys(['test01']) retrieved from /opt/airflow/dags/OrdersRetention.py
[2023-09-14T00:55:30.216+0000] {logging_mixin.py:151} INFO - [2023-09-14T00:55:30.216+0000] {dag.py:2907} INFO - Sync 1 DAGs
[2023-09-14T00:55:30.244+0000] {logging_mixin.py:151} INFO - [2023-09-14T00:55:30.243+0000] {dag.py:3677} INFO - Setting next_dagrun for test01 to 2023-09-13T15:00:00+00:00, run_after=2023-09-14T15:00:00+00:00
[2023-09-14T00:55:30.254+0000] {processor.py:179} INFO - Processing /opt/airflow/dags/OrdersRetention.py took 0.094 seconds
[2023-09-14T00:56:00.492+0000] {processor.py:157} INFO - Started process (PID=48) to work on /opt/airflow/dags/OrdersRetention.py
[2023-09-14T00:56:00.493+0000] {processor.py:829} INFO - Processing file /opt/airflow/dags/OrdersRetention.py for tasks to queue
[2023-09-14T00:56:00.497+0000] {logging_mixin.py:151} INFO - [2023-09-14T00:56:00.496+0000] {dagbag.py:539} INFO - Filling up the DagBag from /opt/airflow/dags/OrdersRetention.py
[2023-09-14T00:56:00.521+0000] {processor.py:839} INFO - DAG(s) dict_keys(['test01']) retrieved from /opt/airflow/dags/OrdersRetention.py
[2023-09-14T00:56:00.541+0000] {logging_mixin.py:151} INFO - [2023-09-14T00:56:00.541+0000] {dag.py:2907} INFO - Sync 1 DAGs
[2023-09-14T00:56:00.556+0000] {logging_mixin.py:151} INFO - [2023-09-14T00:56:00.556+0000] {dag.py:3677} INFO - Setting next_dagrun for test01 to 2023-09-13T15:00:00+00:00, run_after=2023-09-14T15:00:00+00:00
[2023-09-14T00:56:00.566+0000] {processor.py:179} INFO - Processing /opt/airflow/dags/OrdersRetention.py took 0.079 seconds
[2023-09-14T01:00:26.887+0000] {processor.py:157} INFO - Started process (PID=33) to work on /opt/airflow/dags/OrdersRetention.py
[2023-09-14T01:00:26.888+0000] {processor.py:829} INFO - Processing file /opt/airflow/dags/OrdersRetention.py for tasks to queue
[2023-09-14T01:00:26.892+0000] {logging_mixin.py:151} INFO - [2023-09-14T01:00:26.892+0000] {dagbag.py:539} INFO - Filling up the DagBag from /opt/airflow/dags/OrdersRetention.py
[2023-09-14T01:00:26.909+0000] {processor.py:839} INFO - DAG(s) dict_keys(['test01']) retrieved from /opt/airflow/dags/OrdersRetention.py
[2023-09-14T01:00:27.076+0000] {logging_mixin.py:151} INFO - [2023-09-14T01:00:27.075+0000] {dag.py:2907} INFO - Sync 1 DAGs
[2023-09-14T01:00:27.095+0000] {logging_mixin.py:151} INFO - [2023-09-14T01:00:27.095+0000] {dag.py:3677} INFO - Setting next_dagrun for test01 to 2023-09-13T15:00:00+00:00, run_after=2023-09-14T15:00:00+00:00
[2023-09-14T01:00:27.111+0000] {processor.py:179} INFO - Processing /opt/airflow/dags/OrdersRetention.py took 0.228 seconds
[2023-09-14T01:00:57.175+0000] {processor.py:157} INFO - Started process (PID=41) to work on /opt/airflow/dags/OrdersRetention.py
[2023-09-14T01:00:57.176+0000] {processor.py:829} INFO - Processing file /opt/airflow/dags/OrdersRetention.py for tasks to queue
[2023-09-14T01:00:57.179+0000] {logging_mixin.py:151} INFO - [2023-09-14T01:00:57.178+0000] {dagbag.py:539} INFO - Filling up the DagBag from /opt/airflow/dags/OrdersRetention.py
[2023-09-14T01:00:57.197+0000] {processor.py:839} INFO - DAG(s) dict_keys(['test01']) retrieved from /opt/airflow/dags/OrdersRetention.py
[2023-09-14T01:00:57.217+0000] {logging_mixin.py:151} INFO - [2023-09-14T01:00:57.217+0000] {dag.py:2907} INFO - Sync 1 DAGs
[2023-09-14T01:00:57.231+0000] {logging_mixin.py:151} INFO - [2023-09-14T01:00:57.231+0000] {dag.py:3677} INFO - Setting next_dagrun for test01 to 2023-09-13T15:00:00+00:00, run_after=2023-09-14T15:00:00+00:00
[2023-09-14T01:00:57.240+0000] {processor.py:179} INFO - Processing /opt/airflow/dags/OrdersRetention.py took 0.070 seconds
[2023-09-14T01:01:27.351+0000] {processor.py:157} INFO - Started process (PID=49) to work on /opt/airflow/dags/OrdersRetention.py
[2023-09-14T01:01:27.352+0000] {processor.py:829} INFO - Processing file /opt/airflow/dags/OrdersRetention.py for tasks to queue
[2023-09-14T01:01:27.354+0000] {logging_mixin.py:151} INFO - [2023-09-14T01:01:27.354+0000] {dagbag.py:539} INFO - Filling up the DagBag from /opt/airflow/dags/OrdersRetention.py
[2023-09-14T01:01:27.377+0000] {processor.py:839} INFO - DAG(s) dict_keys(['test01']) retrieved from /opt/airflow/dags/OrdersRetention.py
[2023-09-14T01:01:27.398+0000] {logging_mixin.py:151} INFO - [2023-09-14T01:01:27.397+0000] {dag.py:2907} INFO - Sync 1 DAGs
[2023-09-14T01:01:27.420+0000] {logging_mixin.py:151} INFO - [2023-09-14T01:01:27.420+0000] {dag.py:3677} INFO - Setting next_dagrun for test01 to 2023-09-13T15:00:00+00:00, run_after=2023-09-14T15:00:00+00:00
[2023-09-14T01:01:27.431+0000] {processor.py:179} INFO - Processing /opt/airflow/dags/OrdersRetention.py took 0.082 seconds
[2023-09-14T01:01:57.700+0000] {processor.py:157} INFO - Started process (PID=57) to work on /opt/airflow/dags/OrdersRetention.py
[2023-09-14T01:01:57.700+0000] {processor.py:829} INFO - Processing file /opt/airflow/dags/OrdersRetention.py for tasks to queue
[2023-09-14T01:01:57.702+0000] {logging_mixin.py:151} INFO - [2023-09-14T01:01:57.702+0000] {dagbag.py:539} INFO - Filling up the DagBag from /opt/airflow/dags/OrdersRetention.py
[2023-09-14T01:01:57.715+0000] {processor.py:839} INFO - DAG(s) dict_keys(['test01']) retrieved from /opt/airflow/dags/OrdersRetention.py
[2023-09-14T01:01:57.734+0000] {logging_mixin.py:151} INFO - [2023-09-14T01:01:57.733+0000] {dag.py:2907} INFO - Sync 1 DAGs
[2023-09-14T01:01:57.748+0000] {logging_mixin.py:151} INFO - [2023-09-14T01:01:57.748+0000] {dag.py:3677} INFO - Setting next_dagrun for test01 to 2023-09-13T15:00:00+00:00, run_after=2023-09-14T15:00:00+00:00
[2023-09-14T01:01:57.759+0000] {processor.py:179} INFO - Processing /opt/airflow/dags/OrdersRetention.py took 0.062 seconds
[2023-09-14T01:02:28.245+0000] {processor.py:157} INFO - Started process (PID=65) to work on /opt/airflow/dags/OrdersRetention.py
[2023-09-14T01:02:28.245+0000] {processor.py:829} INFO - Processing file /opt/airflow/dags/OrdersRetention.py for tasks to queue
[2023-09-14T01:02:28.248+0000] {logging_mixin.py:151} INFO - [2023-09-14T01:02:28.247+0000] {dagbag.py:539} INFO - Filling up the DagBag from /opt/airflow/dags/OrdersRetention.py
[2023-09-14T01:02:28.262+0000] {processor.py:839} INFO - DAG(s) dict_keys(['test01']) retrieved from /opt/airflow/dags/OrdersRetention.py
[2023-09-14T01:02:28.284+0000] {logging_mixin.py:151} INFO - [2023-09-14T01:02:28.284+0000] {dag.py:2907} INFO - Sync 1 DAGs
[2023-09-14T01:02:28.304+0000] {logging_mixin.py:151} INFO - [2023-09-14T01:02:28.303+0000] {dag.py:3677} INFO - Setting next_dagrun for test01 to 2023-09-13T15:00:00+00:00, run_after=2023-09-14T15:00:00+00:00
[2023-09-14T01:02:28.316+0000] {processor.py:179} INFO - Processing /opt/airflow/dags/OrdersRetention.py took 0.075 seconds
[2023-09-14T01:02:58.914+0000] {processor.py:157} INFO - Started process (PID=73) to work on /opt/airflow/dags/OrdersRetention.py
[2023-09-14T01:02:58.915+0000] {processor.py:829} INFO - Processing file /opt/airflow/dags/OrdersRetention.py for tasks to queue
[2023-09-14T01:02:58.918+0000] {logging_mixin.py:151} INFO - [2023-09-14T01:02:58.918+0000] {dagbag.py:539} INFO - Filling up the DagBag from /opt/airflow/dags/OrdersRetention.py
[2023-09-14T01:02:58.937+0000] {processor.py:839} INFO - DAG(s) dict_keys(['test01']) retrieved from /opt/airflow/dags/OrdersRetention.py
[2023-09-14T01:02:58.959+0000] {logging_mixin.py:151} INFO - [2023-09-14T01:02:58.959+0000] {dag.py:2907} INFO - Sync 1 DAGs
[2023-09-14T01:02:58.976+0000] {logging_mixin.py:151} INFO - [2023-09-14T01:02:58.976+0000] {dag.py:3677} INFO - Setting next_dagrun for test01 to 2023-09-13T15:00:00+00:00, run_after=2023-09-14T15:00:00+00:00
[2023-09-14T01:02:58.987+0000] {processor.py:179} INFO - Processing /opt/airflow/dags/OrdersRetention.py took 0.077 seconds
[2023-09-14T01:03:29.252+0000] {processor.py:157} INFO - Started process (PID=81) to work on /opt/airflow/dags/OrdersRetention.py
[2023-09-14T01:03:29.253+0000] {processor.py:829} INFO - Processing file /opt/airflow/dags/OrdersRetention.py for tasks to queue
[2023-09-14T01:03:29.257+0000] {logging_mixin.py:151} INFO - [2023-09-14T01:03:29.257+0000] {dagbag.py:539} INFO - Filling up the DagBag from /opt/airflow/dags/OrdersRetention.py
[2023-09-14T01:03:29.278+0000] {processor.py:839} INFO - DAG(s) dict_keys(['test01']) retrieved from /opt/airflow/dags/OrdersRetention.py
[2023-09-14T01:03:29.298+0000] {logging_mixin.py:151} INFO - [2023-09-14T01:03:29.297+0000] {dag.py:2907} INFO - Sync 1 DAGs
[2023-09-14T01:03:29.314+0000] {logging_mixin.py:151} INFO - [2023-09-14T01:03:29.314+0000] {dag.py:3677} INFO - Setting next_dagrun for test01 to 2023-09-13T15:00:00+00:00, run_after=2023-09-14T15:00:00+00:00
[2023-09-14T01:03:29.325+0000] {processor.py:179} INFO - Processing /opt/airflow/dags/OrdersRetention.py took 0.078 seconds
[2023-09-14T01:03:59.561+0000] {processor.py:157} INFO - Started process (PID=89) to work on /opt/airflow/dags/OrdersRetention.py
[2023-09-14T01:03:59.562+0000] {processor.py:829} INFO - Processing file /opt/airflow/dags/OrdersRetention.py for tasks to queue
[2023-09-14T01:03:59.565+0000] {logging_mixin.py:151} INFO - [2023-09-14T01:03:59.565+0000] {dagbag.py:539} INFO - Filling up the DagBag from /opt/airflow/dags/OrdersRetention.py
[2023-09-14T01:03:59.585+0000] {processor.py:839} INFO - DAG(s) dict_keys(['test01']) retrieved from /opt/airflow/dags/OrdersRetention.py
[2023-09-14T01:03:59.604+0000] {logging_mixin.py:151} INFO - [2023-09-14T01:03:59.603+0000] {dag.py:2907} INFO - Sync 1 DAGs
[2023-09-14T01:03:59.618+0000] {logging_mixin.py:151} INFO - [2023-09-14T01:03:59.618+0000] {dag.py:3677} INFO - Setting next_dagrun for test01 to 2023-09-13T15:00:00+00:00, run_after=2023-09-14T15:00:00+00:00
[2023-09-14T01:03:59.628+0000] {processor.py:179} INFO - Processing /opt/airflow/dags/OrdersRetention.py took 0.073 seconds
[2023-09-14T01:04:29.820+0000] {processor.py:157} INFO - Started process (PID=97) to work on /opt/airflow/dags/OrdersRetention.py
[2023-09-14T01:04:29.821+0000] {processor.py:829} INFO - Processing file /opt/airflow/dags/OrdersRetention.py for tasks to queue
[2023-09-14T01:04:29.823+0000] {logging_mixin.py:151} INFO - [2023-09-14T01:04:29.823+0000] {dagbag.py:539} INFO - Filling up the DagBag from /opt/airflow/dags/OrdersRetention.py
[2023-09-14T01:04:29.837+0000] {processor.py:839} INFO - DAG(s) dict_keys(['test01']) retrieved from /opt/airflow/dags/OrdersRetention.py
[2023-09-14T01:04:29.858+0000] {logging_mixin.py:151} INFO - [2023-09-14T01:04:29.858+0000] {dag.py:2907} INFO - Sync 1 DAGs
[2023-09-14T01:04:29.874+0000] {logging_mixin.py:151} INFO - [2023-09-14T01:04:29.874+0000] {dag.py:3677} INFO - Setting next_dagrun for test01 to 2023-09-13T15:00:00+00:00, run_after=2023-09-14T15:00:00+00:00
[2023-09-14T01:04:29.884+0000] {processor.py:179} INFO - Processing /opt/airflow/dags/OrdersRetention.py took 0.067 seconds
[2023-09-14T01:05:00.039+0000] {processor.py:157} INFO - Started process (PID=105) to work on /opt/airflow/dags/OrdersRetention.py
[2023-09-14T01:05:00.040+0000] {processor.py:829} INFO - Processing file /opt/airflow/dags/OrdersRetention.py for tasks to queue
[2023-09-14T01:05:00.043+0000] {logging_mixin.py:151} INFO - [2023-09-14T01:05:00.042+0000] {dagbag.py:539} INFO - Filling up the DagBag from /opt/airflow/dags/OrdersRetention.py
[2023-09-14T01:05:00.067+0000] {processor.py:839} INFO - DAG(s) dict_keys(['test01']) retrieved from /opt/airflow/dags/OrdersRetention.py
[2023-09-14T01:05:00.092+0000] {logging_mixin.py:151} INFO - [2023-09-14T01:05:00.092+0000] {dag.py:2907} INFO - Sync 1 DAGs
[2023-09-14T01:05:00.113+0000] {logging_mixin.py:151} INFO - [2023-09-14T01:05:00.112+0000] {dag.py:3677} INFO - Setting next_dagrun for test01 to 2023-09-13T15:00:00+00:00, run_after=2023-09-14T15:00:00+00:00
[2023-09-14T01:05:00.124+0000] {processor.py:179} INFO - Processing /opt/airflow/dags/OrdersRetention.py took 0.089 seconds
[2023-09-14T01:05:30.387+0000] {processor.py:157} INFO - Started process (PID=112) to work on /opt/airflow/dags/OrdersRetention.py
[2023-09-14T01:05:30.388+0000] {processor.py:829} INFO - Processing file /opt/airflow/dags/OrdersRetention.py for tasks to queue
[2023-09-14T01:05:30.390+0000] {logging_mixin.py:151} INFO - [2023-09-14T01:05:30.390+0000] {dagbag.py:539} INFO - Filling up the DagBag from /opt/airflow/dags/OrdersRetention.py
[2023-09-14T01:05:30.409+0000] {processor.py:839} INFO - DAG(s) dict_keys(['test01']) retrieved from /opt/airflow/dags/OrdersRetention.py
[2023-09-14T01:05:30.431+0000] {logging_mixin.py:151} INFO - [2023-09-14T01:05:30.430+0000] {dag.py:2907} INFO - Sync 1 DAGs
[2023-09-14T01:05:30.446+0000] {logging_mixin.py:151} INFO - [2023-09-14T01:05:30.445+0000] {dag.py:3677} INFO - Setting next_dagrun for test01 to 2023-09-13T15:00:00+00:00, run_after=2023-09-14T15:00:00+00:00
[2023-09-14T01:05:30.457+0000] {processor.py:179} INFO - Processing /opt/airflow/dags/OrdersRetention.py took 0.073 seconds
[2023-09-14T01:06:00.666+0000] {processor.py:157} INFO - Started process (PID=121) to work on /opt/airflow/dags/OrdersRetention.py
[2023-09-14T01:06:00.667+0000] {processor.py:829} INFO - Processing file /opt/airflow/dags/OrdersRetention.py for tasks to queue
[2023-09-14T01:06:00.669+0000] {logging_mixin.py:151} INFO - [2023-09-14T01:06:00.668+0000] {dagbag.py:539} INFO - Filling up the DagBag from /opt/airflow/dags/OrdersRetention.py
[2023-09-14T01:06:00.681+0000] {processor.py:839} INFO - DAG(s) dict_keys(['test01']) retrieved from /opt/airflow/dags/OrdersRetention.py
[2023-09-14T01:06:00.700+0000] {logging_mixin.py:151} INFO - [2023-09-14T01:06:00.699+0000] {dag.py:2907} INFO - Sync 1 DAGs
[2023-09-14T01:06:00.716+0000] {logging_mixin.py:151} INFO - [2023-09-14T01:06:00.715+0000] {dag.py:3677} INFO - Setting next_dagrun for test01 to 2023-09-13T15:00:00+00:00, run_after=2023-09-14T15:00:00+00:00
[2023-09-14T01:06:00.728+0000] {processor.py:179} INFO - Processing /opt/airflow/dags/OrdersRetention.py took 0.064 seconds
[2023-09-14T01:06:30.981+0000] {processor.py:157} INFO - Started process (PID=129) to work on /opt/airflow/dags/OrdersRetention.py
[2023-09-14T01:06:30.982+0000] {processor.py:829} INFO - Processing file /opt/airflow/dags/OrdersRetention.py for tasks to queue
[2023-09-14T01:06:30.985+0000] {logging_mixin.py:151} INFO - [2023-09-14T01:06:30.984+0000] {dagbag.py:539} INFO - Filling up the DagBag from /opt/airflow/dags/OrdersRetention.py
[2023-09-14T01:06:30.998+0000] {processor.py:839} INFO - DAG(s) dict_keys(['test01']) retrieved from /opt/airflow/dags/OrdersRetention.py
[2023-09-14T01:06:31.018+0000] {logging_mixin.py:151} INFO - [2023-09-14T01:06:31.018+0000] {dag.py:2907} INFO - Sync 1 DAGs
[2023-09-14T01:06:31.034+0000] {logging_mixin.py:151} INFO - [2023-09-14T01:06:31.034+0000] {dag.py:3677} INFO - Setting next_dagrun for test01 to 2023-09-13T15:00:00+00:00, run_after=2023-09-14T15:00:00+00:00
[2023-09-14T01:06:31.045+0000] {processor.py:179} INFO - Processing /opt/airflow/dags/OrdersRetention.py took 0.067 seconds
[2023-09-14T01:07:01.299+0000] {processor.py:157} INFO - Started process (PID=137) to work on /opt/airflow/dags/OrdersRetention.py
[2023-09-14T01:07:01.300+0000] {processor.py:829} INFO - Processing file /opt/airflow/dags/OrdersRetention.py for tasks to queue
[2023-09-14T01:07:01.303+0000] {logging_mixin.py:151} INFO - [2023-09-14T01:07:01.302+0000] {dagbag.py:539} INFO - Filling up the DagBag from /opt/airflow/dags/OrdersRetention.py
[2023-09-14T01:07:01.317+0000] {processor.py:839} INFO - DAG(s) dict_keys(['test01']) retrieved from /opt/airflow/dags/OrdersRetention.py
[2023-09-14T01:07:01.337+0000] {logging_mixin.py:151} INFO - [2023-09-14T01:07:01.337+0000] {dag.py:2907} INFO - Sync 1 DAGs
[2023-09-14T01:07:01.355+0000] {logging_mixin.py:151} INFO - [2023-09-14T01:07:01.355+0000] {dag.py:3677} INFO - Setting next_dagrun for test01 to 2023-09-13T15:00:00+00:00, run_after=2023-09-14T15:00:00+00:00
[2023-09-14T01:07:01.370+0000] {processor.py:179} INFO - Processing /opt/airflow/dags/OrdersRetention.py took 0.073 seconds
[2023-09-14T01:07:31.543+0000] {processor.py:157} INFO - Started process (PID=145) to work on /opt/airflow/dags/OrdersRetention.py
[2023-09-14T01:07:31.544+0000] {processor.py:829} INFO - Processing file /opt/airflow/dags/OrdersRetention.py for tasks to queue
[2023-09-14T01:07:31.549+0000] {logging_mixin.py:151} INFO - [2023-09-14T01:07:31.548+0000] {dagbag.py:539} INFO - Filling up the DagBag from /opt/airflow/dags/OrdersRetention.py
[2023-09-14T01:07:31.570+0000] {processor.py:839} INFO - DAG(s) dict_keys(['test01']) retrieved from /opt/airflow/dags/OrdersRetention.py
[2023-09-14T01:07:31.591+0000] {logging_mixin.py:151} INFO - [2023-09-14T01:07:31.591+0000] {dag.py:2907} INFO - Sync 1 DAGs
[2023-09-14T01:07:31.607+0000] {logging_mixin.py:151} INFO - [2023-09-14T01:07:31.607+0000] {dag.py:3677} INFO - Setting next_dagrun for test01 to 2023-09-13T15:00:00+00:00, run_after=2023-09-14T15:00:00+00:00
[2023-09-14T01:07:31.618+0000] {processor.py:179} INFO - Processing /opt/airflow/dags/OrdersRetention.py took 0.082 seconds
[2023-09-14T01:08:01.782+0000] {processor.py:157} INFO - Started process (PID=153) to work on /opt/airflow/dags/OrdersRetention.py
[2023-09-14T01:08:01.783+0000] {processor.py:829} INFO - Processing file /opt/airflow/dags/OrdersRetention.py for tasks to queue
[2023-09-14T01:08:01.788+0000] {logging_mixin.py:151} INFO - [2023-09-14T01:08:01.787+0000] {dagbag.py:539} INFO - Filling up the DagBag from /opt/airflow/dags/OrdersRetention.py
[2023-09-14T01:08:01.807+0000] {processor.py:839} INFO - DAG(s) dict_keys(['test01']) retrieved from /opt/airflow/dags/OrdersRetention.py
[2023-09-14T01:08:01.831+0000] {logging_mixin.py:151} INFO - [2023-09-14T01:08:01.830+0000] {dag.py:2907} INFO - Sync 1 DAGs
[2023-09-14T01:08:01.846+0000] {logging_mixin.py:151} INFO - [2023-09-14T01:08:01.846+0000] {dag.py:3677} INFO - Setting next_dagrun for test01 to 2023-09-13T15:00:00+00:00, run_after=2023-09-14T15:00:00+00:00
[2023-09-14T01:08:01.859+0000] {processor.py:179} INFO - Processing /opt/airflow/dags/OrdersRetention.py took 0.081 seconds
[2023-09-14T01:08:32.129+0000] {processor.py:157} INFO - Started process (PID=161) to work on /opt/airflow/dags/OrdersRetention.py
[2023-09-14T01:08:32.130+0000] {processor.py:829} INFO - Processing file /opt/airflow/dags/OrdersRetention.py for tasks to queue
[2023-09-14T01:08:32.132+0000] {logging_mixin.py:151} INFO - [2023-09-14T01:08:32.132+0000] {dagbag.py:539} INFO - Filling up the DagBag from /opt/airflow/dags/OrdersRetention.py
[2023-09-14T01:08:32.145+0000] {processor.py:839} INFO - DAG(s) dict_keys(['test01']) retrieved from /opt/airflow/dags/OrdersRetention.py
[2023-09-14T01:08:32.165+0000] {logging_mixin.py:151} INFO - [2023-09-14T01:08:32.164+0000] {dag.py:2907} INFO - Sync 1 DAGs
[2023-09-14T01:08:32.182+0000] {logging_mixin.py:151} INFO - [2023-09-14T01:08:32.182+0000] {dag.py:3677} INFO - Setting next_dagrun for test01 to 2023-09-13T15:00:00+00:00, run_after=2023-09-14T15:00:00+00:00
[2023-09-14T01:08:32.194+0000] {processor.py:179} INFO - Processing /opt/airflow/dags/OrdersRetention.py took 0.067 seconds
[2023-09-14T01:09:02.324+0000] {processor.py:157} INFO - Started process (PID=168) to work on /opt/airflow/dags/OrdersRetention.py
[2023-09-14T01:09:02.325+0000] {processor.py:829} INFO - Processing file /opt/airflow/dags/OrdersRetention.py for tasks to queue
[2023-09-14T01:09:02.327+0000] {logging_mixin.py:151} INFO - [2023-09-14T01:09:02.327+0000] {dagbag.py:539} INFO - Filling up the DagBag from /opt/airflow/dags/OrdersRetention.py
[2023-09-14T01:09:02.339+0000] {processor.py:839} INFO - DAG(s) dict_keys(['test01']) retrieved from /opt/airflow/dags/OrdersRetention.py
[2023-09-14T01:09:02.357+0000] {logging_mixin.py:151} INFO - [2023-09-14T01:09:02.356+0000] {dag.py:2907} INFO - Sync 1 DAGs
[2023-09-14T01:09:02.372+0000] {logging_mixin.py:151} INFO - [2023-09-14T01:09:02.372+0000] {dag.py:3677} INFO - Setting next_dagrun for test01 to 2023-09-13T15:00:00+00:00, run_after=2023-09-14T15:00:00+00:00
[2023-09-14T01:09:02.382+0000] {processor.py:179} INFO - Processing /opt/airflow/dags/OrdersRetention.py took 0.060 seconds
[2023-09-14T01:09:32.651+0000] {processor.py:157} INFO - Started process (PID=176) to work on /opt/airflow/dags/OrdersRetention.py
[2023-09-14T01:09:32.651+0000] {processor.py:829} INFO - Processing file /opt/airflow/dags/OrdersRetention.py for tasks to queue
[2023-09-14T01:09:32.653+0000] {logging_mixin.py:151} INFO - [2023-09-14T01:09:32.653+0000] {dagbag.py:539} INFO - Filling up the DagBag from /opt/airflow/dags/OrdersRetention.py
[2023-09-14T01:09:32.664+0000] {processor.py:839} INFO - DAG(s) dict_keys(['test01']) retrieved from /opt/airflow/dags/OrdersRetention.py
[2023-09-14T01:09:32.681+0000] {logging_mixin.py:151} INFO - [2023-09-14T01:09:32.681+0000] {dag.py:2907} INFO - Sync 1 DAGs
[2023-09-14T01:09:32.695+0000] {logging_mixin.py:151} INFO - [2023-09-14T01:09:32.695+0000] {dag.py:3677} INFO - Setting next_dagrun for test01 to 2023-09-13T15:00:00+00:00, run_after=2023-09-14T15:00:00+00:00
[2023-09-14T01:09:32.705+0000] {processor.py:179} INFO - Processing /opt/airflow/dags/OrdersRetention.py took 0.057 seconds
[2023-09-14T01:10:02.986+0000] {processor.py:157} INFO - Started process (PID=184) to work on /opt/airflow/dags/OrdersRetention.py
[2023-09-14T01:10:02.987+0000] {processor.py:829} INFO - Processing file /opt/airflow/dags/OrdersRetention.py for tasks to queue
[2023-09-14T01:10:02.990+0000] {logging_mixin.py:151} INFO - [2023-09-14T01:10:02.989+0000] {dagbag.py:539} INFO - Filling up the DagBag from /opt/airflow/dags/OrdersRetention.py
[2023-09-14T01:10:03.001+0000] {processor.py:839} INFO - DAG(s) dict_keys(['test01']) retrieved from /opt/airflow/dags/OrdersRetention.py
[2023-09-14T01:10:03.019+0000] {logging_mixin.py:151} INFO - [2023-09-14T01:10:03.019+0000] {dag.py:2907} INFO - Sync 1 DAGs
[2023-09-14T01:10:03.034+0000] {logging_mixin.py:151} INFO - [2023-09-14T01:10:03.034+0000] {dag.py:3677} INFO - Setting next_dagrun for test01 to 2023-09-13T15:00:00+00:00, run_after=2023-09-14T15:00:00+00:00
[2023-09-14T01:10:03.045+0000] {processor.py:179} INFO - Processing /opt/airflow/dags/OrdersRetention.py took 0.061 seconds
[2023-09-14T01:10:33.299+0000] {processor.py:157} INFO - Started process (PID=192) to work on /opt/airflow/dags/OrdersRetention.py
[2023-09-14T01:10:33.300+0000] {processor.py:829} INFO - Processing file /opt/airflow/dags/OrdersRetention.py for tasks to queue
[2023-09-14T01:10:33.303+0000] {logging_mixin.py:151} INFO - [2023-09-14T01:10:33.303+0000] {dagbag.py:539} INFO - Filling up the DagBag from /opt/airflow/dags/OrdersRetention.py
[2023-09-14T01:10:33.322+0000] {processor.py:839} INFO - DAG(s) dict_keys(['test01']) retrieved from /opt/airflow/dags/OrdersRetention.py
[2023-09-14T01:10:33.341+0000] {logging_mixin.py:151} INFO - [2023-09-14T01:10:33.341+0000] {dag.py:2907} INFO - Sync 1 DAGs
[2023-09-14T01:10:33.355+0000] {logging_mixin.py:151} INFO - [2023-09-14T01:10:33.355+0000] {dag.py:3677} INFO - Setting next_dagrun for test01 to 2023-09-13T15:00:00+00:00, run_after=2023-09-14T15:00:00+00:00
[2023-09-14T01:10:33.366+0000] {processor.py:179} INFO - Processing /opt/airflow/dags/OrdersRetention.py took 0.071 seconds
[2023-09-14T01:11:03.602+0000] {processor.py:157} INFO - Started process (PID=200) to work on /opt/airflow/dags/OrdersRetention.py
[2023-09-14T01:11:03.603+0000] {processor.py:829} INFO - Processing file /opt/airflow/dags/OrdersRetention.py for tasks to queue
[2023-09-14T01:11:03.605+0000] {logging_mixin.py:151} INFO - [2023-09-14T01:11:03.605+0000] {dagbag.py:539} INFO - Filling up the DagBag from /opt/airflow/dags/OrdersRetention.py
[2023-09-14T01:11:03.619+0000] {processor.py:839} INFO - DAG(s) dict_keys(['test01']) retrieved from /opt/airflow/dags/OrdersRetention.py
[2023-09-14T01:11:03.641+0000] {logging_mixin.py:151} INFO - [2023-09-14T01:11:03.641+0000] {dag.py:2907} INFO - Sync 1 DAGs
[2023-09-14T01:11:03.657+0000] {logging_mixin.py:151} INFO - [2023-09-14T01:11:03.657+0000] {dag.py:3677} INFO - Setting next_dagrun for test01 to 2023-09-13T15:00:00+00:00, run_after=2023-09-14T15:00:00+00:00
[2023-09-14T01:11:03.666+0000] {processor.py:179} INFO - Processing /opt/airflow/dags/OrdersRetention.py took 0.067 seconds
[2023-09-14T01:11:33.877+0000] {processor.py:157} INFO - Started process (PID=208) to work on /opt/airflow/dags/OrdersRetention.py
[2023-09-14T01:11:33.878+0000] {processor.py:829} INFO - Processing file /opt/airflow/dags/OrdersRetention.py for tasks to queue
[2023-09-14T01:11:33.880+0000] {logging_mixin.py:151} INFO - [2023-09-14T01:11:33.879+0000] {dagbag.py:539} INFO - Filling up the DagBag from /opt/airflow/dags/OrdersRetention.py
[2023-09-14T01:11:33.891+0000] {processor.py:839} INFO - DAG(s) dict_keys(['test01']) retrieved from /opt/airflow/dags/OrdersRetention.py
[2023-09-14T01:11:33.907+0000] {logging_mixin.py:151} INFO - [2023-09-14T01:11:33.907+0000] {dag.py:2907} INFO - Sync 1 DAGs
[2023-09-14T01:11:33.921+0000] {logging_mixin.py:151} INFO - [2023-09-14T01:11:33.921+0000] {dag.py:3677} INFO - Setting next_dagrun for test01 to 2023-09-13T15:00:00+00:00, run_after=2023-09-14T15:00:00+00:00
[2023-09-14T01:11:33.931+0000] {processor.py:179} INFO - Processing /opt/airflow/dags/OrdersRetention.py took 0.056 seconds
[2023-09-14T01:12:04.120+0000] {processor.py:157} INFO - Started process (PID=216) to work on /opt/airflow/dags/OrdersRetention.py
[2023-09-14T01:12:04.121+0000] {processor.py:829} INFO - Processing file /opt/airflow/dags/OrdersRetention.py for tasks to queue
[2023-09-14T01:12:04.123+0000] {logging_mixin.py:151} INFO - [2023-09-14T01:12:04.123+0000] {dagbag.py:539} INFO - Filling up the DagBag from /opt/airflow/dags/OrdersRetention.py
[2023-09-14T01:12:04.136+0000] {processor.py:839} INFO - DAG(s) dict_keys(['test01']) retrieved from /opt/airflow/dags/OrdersRetention.py
[2023-09-14T01:12:04.156+0000] {logging_mixin.py:151} INFO - [2023-09-14T01:12:04.155+0000] {dag.py:2907} INFO - Sync 1 DAGs
[2023-09-14T01:12:04.173+0000] {logging_mixin.py:151} INFO - [2023-09-14T01:12:04.173+0000] {dag.py:3677} INFO - Setting next_dagrun for test01 to 2023-09-13T15:00:00+00:00, run_after=2023-09-14T15:00:00+00:00
[2023-09-14T01:12:04.185+0000] {processor.py:179} INFO - Processing /opt/airflow/dags/OrdersRetention.py took 0.068 seconds
[2023-09-14T01:12:34.379+0000] {processor.py:157} INFO - Started process (PID=224) to work on /opt/airflow/dags/OrdersRetention.py
[2023-09-14T01:12:34.380+0000] {processor.py:829} INFO - Processing file /opt/airflow/dags/OrdersRetention.py for tasks to queue
[2023-09-14T01:12:34.382+0000] {logging_mixin.py:151} INFO - [2023-09-14T01:12:34.382+0000] {dagbag.py:539} INFO - Filling up the DagBag from /opt/airflow/dags/OrdersRetention.py
[2023-09-14T01:12:34.393+0000] {processor.py:839} INFO - DAG(s) dict_keys(['test01']) retrieved from /opt/airflow/dags/OrdersRetention.py
[2023-09-14T01:12:34.411+0000] {logging_mixin.py:151} INFO - [2023-09-14T01:12:34.410+0000] {dag.py:2907} INFO - Sync 1 DAGs
[2023-09-14T01:12:34.424+0000] {logging_mixin.py:151} INFO - [2023-09-14T01:12:34.424+0000] {dag.py:3677} INFO - Setting next_dagrun for test01 to 2023-09-13T15:00:00+00:00, run_after=2023-09-14T15:00:00+00:00
[2023-09-14T01:12:34.435+0000] {processor.py:179} INFO - Processing /opt/airflow/dags/OrdersRetention.py took 0.059 seconds
[2023-09-14T01:13:04.651+0000] {processor.py:157} INFO - Started process (PID=232) to work on /opt/airflow/dags/OrdersRetention.py
[2023-09-14T01:13:04.651+0000] {processor.py:829} INFO - Processing file /opt/airflow/dags/OrdersRetention.py for tasks to queue
[2023-09-14T01:13:04.654+0000] {logging_mixin.py:151} INFO - [2023-09-14T01:13:04.654+0000] {dagbag.py:539} INFO - Filling up the DagBag from /opt/airflow/dags/OrdersRetention.py
[2023-09-14T01:13:04.667+0000] {processor.py:839} INFO - DAG(s) dict_keys(['test01']) retrieved from /opt/airflow/dags/OrdersRetention.py
[2023-09-14T01:13:04.684+0000] {logging_mixin.py:151} INFO - [2023-09-14T01:13:04.683+0000] {dag.py:2907} INFO - Sync 1 DAGs
[2023-09-14T01:13:04.697+0000] {logging_mixin.py:151} INFO - [2023-09-14T01:13:04.697+0000] {dag.py:3677} INFO - Setting next_dagrun for test01 to 2023-09-13T15:00:00+00:00, run_after=2023-09-14T15:00:00+00:00
[2023-09-14T01:13:04.707+0000] {processor.py:179} INFO - Processing /opt/airflow/dags/OrdersRetention.py took 0.058 seconds
[2023-09-14T01:13:34.910+0000] {processor.py:157} INFO - Started process (PID=240) to work on /opt/airflow/dags/OrdersRetention.py
[2023-09-14T01:13:34.911+0000] {processor.py:829} INFO - Processing file /opt/airflow/dags/OrdersRetention.py for tasks to queue
[2023-09-14T01:13:34.913+0000] {logging_mixin.py:151} INFO - [2023-09-14T01:13:34.913+0000] {dagbag.py:539} INFO - Filling up the DagBag from /opt/airflow/dags/OrdersRetention.py
[2023-09-14T01:13:34.924+0000] {processor.py:839} INFO - DAG(s) dict_keys(['test01']) retrieved from /opt/airflow/dags/OrdersRetention.py
[2023-09-14T01:13:34.941+0000] {logging_mixin.py:151} INFO - [2023-09-14T01:13:34.940+0000] {dag.py:2907} INFO - Sync 1 DAGs
[2023-09-14T01:13:34.954+0000] {logging_mixin.py:151} INFO - [2023-09-14T01:13:34.954+0000] {dag.py:3677} INFO - Setting next_dagrun for test01 to 2023-09-13T15:00:00+00:00, run_after=2023-09-14T15:00:00+00:00
[2023-09-14T01:13:34.965+0000] {processor.py:179} INFO - Processing /opt/airflow/dags/OrdersRetention.py took 0.057 seconds
[2023-09-14T01:14:05.222+0000] {processor.py:157} INFO - Started process (PID=248) to work on /opt/airflow/dags/OrdersRetention.py
[2023-09-14T01:14:05.223+0000] {processor.py:829} INFO - Processing file /opt/airflow/dags/OrdersRetention.py for tasks to queue
[2023-09-14T01:14:05.226+0000] {logging_mixin.py:151} INFO - [2023-09-14T01:14:05.226+0000] {dagbag.py:539} INFO - Filling up the DagBag from /opt/airflow/dags/OrdersRetention.py
[2023-09-14T01:14:05.240+0000] {processor.py:839} INFO - DAG(s) dict_keys(['test01']) retrieved from /opt/airflow/dags/OrdersRetention.py
[2023-09-14T01:14:05.260+0000] {logging_mixin.py:151} INFO - [2023-09-14T01:14:05.260+0000] {dag.py:2907} INFO - Sync 1 DAGs
[2023-09-14T01:14:05.277+0000] {logging_mixin.py:151} INFO - [2023-09-14T01:14:05.277+0000] {dag.py:3677} INFO - Setting next_dagrun for test01 to 2023-09-13T15:00:00+00:00, run_after=2023-09-14T15:00:00+00:00
[2023-09-14T01:14:05.288+0000] {processor.py:179} INFO - Processing /opt/airflow/dags/OrdersRetention.py took 0.069 seconds
[2023-09-14T01:14:35.517+0000] {processor.py:157} INFO - Started process (PID=256) to work on /opt/airflow/dags/OrdersRetention.py
[2023-09-14T01:14:35.517+0000] {processor.py:829} INFO - Processing file /opt/airflow/dags/OrdersRetention.py for tasks to queue
[2023-09-14T01:14:35.519+0000] {logging_mixin.py:151} INFO - [2023-09-14T01:14:35.519+0000] {dagbag.py:539} INFO - Filling up the DagBag from /opt/airflow/dags/OrdersRetention.py
[2023-09-14T01:14:35.530+0000] {processor.py:839} INFO - DAG(s) dict_keys(['test01']) retrieved from /opt/airflow/dags/OrdersRetention.py
[2023-09-14T01:14:35.548+0000] {logging_mixin.py:151} INFO - [2023-09-14T01:14:35.547+0000] {dag.py:2907} INFO - Sync 1 DAGs
[2023-09-14T01:14:35.561+0000] {logging_mixin.py:151} INFO - [2023-09-14T01:14:35.561+0000] {dag.py:3677} INFO - Setting next_dagrun for test01 to 2023-09-13T15:00:00+00:00, run_after=2023-09-14T15:00:00+00:00
[2023-09-14T01:14:35.571+0000] {processor.py:179} INFO - Processing /opt/airflow/dags/OrdersRetention.py took 0.057 seconds
[2023-09-14T01:15:05.875+0000] {processor.py:157} INFO - Started process (PID=264) to work on /opt/airflow/dags/OrdersRetention.py
[2023-09-14T01:15:05.876+0000] {processor.py:829} INFO - Processing file /opt/airflow/dags/OrdersRetention.py for tasks to queue
[2023-09-14T01:15:05.880+0000] {logging_mixin.py:151} INFO - [2023-09-14T01:15:05.880+0000] {dagbag.py:539} INFO - Filling up the DagBag from /opt/airflow/dags/OrdersRetention.py
[2023-09-14T01:15:05.898+0000] {processor.py:839} INFO - DAG(s) dict_keys(['test01']) retrieved from /opt/airflow/dags/OrdersRetention.py
[2023-09-14T01:15:05.918+0000] {logging_mixin.py:151} INFO - [2023-09-14T01:15:05.918+0000] {dag.py:2907} INFO - Sync 1 DAGs
[2023-09-14T01:15:05.933+0000] {logging_mixin.py:151} INFO - [2023-09-14T01:15:05.933+0000] {dag.py:3677} INFO - Setting next_dagrun for test01 to 2023-09-13T15:00:00+00:00, run_after=2023-09-14T15:00:00+00:00
[2023-09-14T01:15:05.944+0000] {processor.py:179} INFO - Processing /opt/airflow/dags/OrdersRetention.py took 0.074 seconds
[2023-09-14T01:15:36.247+0000] {processor.py:157} INFO - Started process (PID=272) to work on /opt/airflow/dags/OrdersRetention.py
[2023-09-14T01:15:36.248+0000] {processor.py:829} INFO - Processing file /opt/airflow/dags/OrdersRetention.py for tasks to queue
[2023-09-14T01:15:36.252+0000] {logging_mixin.py:151} INFO - [2023-09-14T01:15:36.252+0000] {dagbag.py:539} INFO - Filling up the DagBag from /opt/airflow/dags/OrdersRetention.py
[2023-09-14T01:15:36.274+0000] {processor.py:839} INFO - DAG(s) dict_keys(['test01']) retrieved from /opt/airflow/dags/OrdersRetention.py
[2023-09-14T01:15:36.296+0000] {logging_mixin.py:151} INFO - [2023-09-14T01:15:36.296+0000] {dag.py:2907} INFO - Sync 1 DAGs
[2023-09-14T01:15:36.310+0000] {logging_mixin.py:151} INFO - [2023-09-14T01:15:36.309+0000] {dag.py:3677} INFO - Setting next_dagrun for test01 to 2023-09-13T15:00:00+00:00, run_after=2023-09-14T15:00:00+00:00
[2023-09-14T01:15:36.319+0000] {processor.py:179} INFO - Processing /opt/airflow/dags/OrdersRetention.py took 0.077 seconds
[2023-09-14T01:16:06.523+0000] {processor.py:157} INFO - Started process (PID=280) to work on /opt/airflow/dags/OrdersRetention.py
[2023-09-14T01:16:06.525+0000] {processor.py:829} INFO - Processing file /opt/airflow/dags/OrdersRetention.py for tasks to queue
[2023-09-14T01:16:06.529+0000] {logging_mixin.py:151} INFO - [2023-09-14T01:16:06.529+0000] {dagbag.py:539} INFO - Filling up the DagBag from /opt/airflow/dags/OrdersRetention.py
[2023-09-14T01:16:06.549+0000] {processor.py:839} INFO - DAG(s) dict_keys(['test01']) retrieved from /opt/airflow/dags/OrdersRetention.py
[2023-09-14T01:16:06.572+0000] {logging_mixin.py:151} INFO - [2023-09-14T01:16:06.571+0000] {dag.py:2907} INFO - Sync 1 DAGs
[2023-09-14T01:16:06.585+0000] {logging_mixin.py:151} INFO - [2023-09-14T01:16:06.585+0000] {dag.py:3677} INFO - Setting next_dagrun for test01 to 2023-09-13T15:00:00+00:00, run_after=2023-09-14T15:00:00+00:00
[2023-09-14T01:16:06.595+0000] {processor.py:179} INFO - Processing /opt/airflow/dags/OrdersRetention.py took 0.077 seconds
[2023-09-14T01:16:36.872+0000] {processor.py:157} INFO - Started process (PID=288) to work on /opt/airflow/dags/OrdersRetention.py
[2023-09-14T01:16:36.873+0000] {processor.py:829} INFO - Processing file /opt/airflow/dags/OrdersRetention.py for tasks to queue
[2023-09-14T01:16:36.878+0000] {logging_mixin.py:151} INFO - [2023-09-14T01:16:36.877+0000] {dagbag.py:539} INFO - Filling up the DagBag from /opt/airflow/dags/OrdersRetention.py
[2023-09-14T01:16:36.897+0000] {processor.py:839} INFO - DAG(s) dict_keys(['test01']) retrieved from /opt/airflow/dags/OrdersRetention.py
[2023-09-14T01:16:36.920+0000] {logging_mixin.py:151} INFO - [2023-09-14T01:16:36.920+0000] {dag.py:2907} INFO - Sync 1 DAGs
[2023-09-14T01:16:36.933+0000] {logging_mixin.py:151} INFO - [2023-09-14T01:16:36.933+0000] {dag.py:3677} INFO - Setting next_dagrun for test01 to 2023-09-13T15:00:00+00:00, run_after=2023-09-14T15:00:00+00:00
[2023-09-14T01:16:36.944+0000] {processor.py:179} INFO - Processing /opt/airflow/dags/OrdersRetention.py took 0.077 seconds
[2023-09-14T01:17:07.241+0000] {processor.py:157} INFO - Started process (PID=296) to work on /opt/airflow/dags/OrdersRetention.py
[2023-09-14T01:17:07.242+0000] {processor.py:829} INFO - Processing file /opt/airflow/dags/OrdersRetention.py for tasks to queue
[2023-09-14T01:17:07.246+0000] {logging_mixin.py:151} INFO - [2023-09-14T01:17:07.246+0000] {dagbag.py:539} INFO - Filling up the DagBag from /opt/airflow/dags/OrdersRetention.py
[2023-09-14T01:17:07.266+0000] {processor.py:839} INFO - DAG(s) dict_keys(['test01']) retrieved from /opt/airflow/dags/OrdersRetention.py
[2023-09-14T01:17:07.288+0000] {logging_mixin.py:151} INFO - [2023-09-14T01:17:07.288+0000] {dag.py:2907} INFO - Sync 1 DAGs
[2023-09-14T01:17:07.302+0000] {logging_mixin.py:151} INFO - [2023-09-14T01:17:07.302+0000] {dag.py:3677} INFO - Setting next_dagrun for test01 to 2023-09-13T15:00:00+00:00, run_after=2023-09-14T15:00:00+00:00
[2023-09-14T01:17:07.313+0000] {processor.py:179} INFO - Processing /opt/airflow/dags/OrdersRetention.py took 0.077 seconds
[2023-09-14T01:17:37.563+0000] {processor.py:157} INFO - Started process (PID=304) to work on /opt/airflow/dags/OrdersRetention.py
[2023-09-14T01:17:37.564+0000] {processor.py:829} INFO - Processing file /opt/airflow/dags/OrdersRetention.py for tasks to queue
[2023-09-14T01:17:37.567+0000] {logging_mixin.py:151} INFO - [2023-09-14T01:17:37.566+0000] {dagbag.py:539} INFO - Filling up the DagBag from /opt/airflow/dags/OrdersRetention.py
[2023-09-14T01:17:37.579+0000] {processor.py:839} INFO - DAG(s) dict_keys(['test01']) retrieved from /opt/airflow/dags/OrdersRetention.py
[2023-09-14T01:17:37.599+0000] {logging_mixin.py:151} INFO - [2023-09-14T01:17:37.598+0000] {dag.py:2907} INFO - Sync 1 DAGs
[2023-09-14T01:17:37.614+0000] {logging_mixin.py:151} INFO - [2023-09-14T01:17:37.614+0000] {dag.py:3677} INFO - Setting next_dagrun for test01 to 2023-09-13T15:00:00+00:00, run_after=2023-09-14T15:00:00+00:00
[2023-09-14T01:17:37.623+0000] {processor.py:179} INFO - Processing /opt/airflow/dags/OrdersRetention.py took 0.062 seconds
[2023-09-14T01:18:07.894+0000] {processor.py:157} INFO - Started process (PID=313) to work on /opt/airflow/dags/OrdersRetention.py
[2023-09-14T01:18:07.895+0000] {processor.py:829} INFO - Processing file /opt/airflow/dags/OrdersRetention.py for tasks to queue
[2023-09-14T01:18:07.899+0000] {logging_mixin.py:151} INFO - [2023-09-14T01:18:07.898+0000] {dagbag.py:539} INFO - Filling up the DagBag from /opt/airflow/dags/OrdersRetention.py
[2023-09-14T01:18:07.916+0000] {processor.py:839} INFO - DAG(s) dict_keys(['test01']) retrieved from /opt/airflow/dags/OrdersRetention.py
[2023-09-14T01:18:07.936+0000] {logging_mixin.py:151} INFO - [2023-09-14T01:18:07.936+0000] {dag.py:2907} INFO - Sync 1 DAGs
[2023-09-14T01:18:07.949+0000] {logging_mixin.py:151} INFO - [2023-09-14T01:18:07.949+0000] {dag.py:3677} INFO - Setting next_dagrun for test01 to 2023-09-13T15:00:00+00:00, run_after=2023-09-14T15:00:00+00:00
[2023-09-14T01:18:07.958+0000] {processor.py:179} INFO - Processing /opt/airflow/dags/OrdersRetention.py took 0.069 seconds
[2023-09-14T01:18:38.177+0000] {processor.py:157} INFO - Started process (PID=321) to work on /opt/airflow/dags/OrdersRetention.py
[2023-09-14T01:18:38.178+0000] {processor.py:829} INFO - Processing file /opt/airflow/dags/OrdersRetention.py for tasks to queue
[2023-09-14T01:18:38.180+0000] {logging_mixin.py:151} INFO - [2023-09-14T01:18:38.179+0000] {dagbag.py:539} INFO - Filling up the DagBag from /opt/airflow/dags/OrdersRetention.py
[2023-09-14T01:18:38.192+0000] {processor.py:839} INFO - DAG(s) dict_keys(['test01']) retrieved from /opt/airflow/dags/OrdersRetention.py
[2023-09-14T01:18:38.212+0000] {logging_mixin.py:151} INFO - [2023-09-14T01:18:38.211+0000] {dag.py:2907} INFO - Sync 1 DAGs
[2023-09-14T01:18:38.228+0000] {logging_mixin.py:151} INFO - [2023-09-14T01:18:38.228+0000] {dag.py:3677} INFO - Setting next_dagrun for test01 to 2023-09-13T15:00:00+00:00, run_after=2023-09-14T15:00:00+00:00
[2023-09-14T01:18:38.238+0000] {processor.py:179} INFO - Processing /opt/airflow/dags/OrdersRetention.py took 0.064 seconds
[2023-09-14T01:19:08.455+0000] {processor.py:157} INFO - Started process (PID=330) to work on /opt/airflow/dags/OrdersRetention.py
[2023-09-14T01:19:08.455+0000] {processor.py:829} INFO - Processing file /opt/airflow/dags/OrdersRetention.py for tasks to queue
[2023-09-14T01:19:08.458+0000] {logging_mixin.py:151} INFO - [2023-09-14T01:19:08.457+0000] {dagbag.py:539} INFO - Filling up the DagBag from /opt/airflow/dags/OrdersRetention.py
[2023-09-14T01:19:08.472+0000] {processor.py:839} INFO - DAG(s) dict_keys(['test01']) retrieved from /opt/airflow/dags/OrdersRetention.py
[2023-09-14T01:19:08.493+0000] {logging_mixin.py:151} INFO - [2023-09-14T01:19:08.493+0000] {dag.py:2907} INFO - Sync 1 DAGs
[2023-09-14T01:19:08.511+0000] {logging_mixin.py:151} INFO - [2023-09-14T01:19:08.511+0000] {dag.py:3677} INFO - Setting next_dagrun for test01 to 2023-09-13T15:00:00+00:00, run_after=2023-09-14T15:00:00+00:00
[2023-09-14T01:19:08.524+0000] {processor.py:179} INFO - Processing /opt/airflow/dags/OrdersRetention.py took 0.073 seconds
[2023-09-14T01:19:38.764+0000] {processor.py:157} INFO - Started process (PID=337) to work on /opt/airflow/dags/OrdersRetention.py
[2023-09-14T01:19:38.766+0000] {processor.py:829} INFO - Processing file /opt/airflow/dags/OrdersRetention.py for tasks to queue
[2023-09-14T01:19:38.770+0000] {logging_mixin.py:151} INFO - [2023-09-14T01:19:38.770+0000] {dagbag.py:539} INFO - Filling up the DagBag from /opt/airflow/dags/OrdersRetention.py
[2023-09-14T01:19:38.783+0000] {processor.py:839} INFO - DAG(s) dict_keys(['test01']) retrieved from /opt/airflow/dags/OrdersRetention.py
[2023-09-14T01:19:38.806+0000] {logging_mixin.py:151} INFO - [2023-09-14T01:19:38.805+0000] {dag.py:2907} INFO - Sync 1 DAGs
[2023-09-14T01:19:38.821+0000] {logging_mixin.py:151} INFO - [2023-09-14T01:19:38.821+0000] {dag.py:3677} INFO - Setting next_dagrun for test01 to 2023-09-13T15:00:00+00:00, run_after=2023-09-14T15:00:00+00:00
[2023-09-14T01:19:38.832+0000] {processor.py:179} INFO - Processing /opt/airflow/dags/OrdersRetention.py took 0.071 seconds
[2023-09-14T01:20:09.071+0000] {processor.py:157} INFO - Started process (PID=345) to work on /opt/airflow/dags/OrdersRetention.py
[2023-09-14T01:20:09.072+0000] {processor.py:829} INFO - Processing file /opt/airflow/dags/OrdersRetention.py for tasks to queue
[2023-09-14T01:20:09.074+0000] {logging_mixin.py:151} INFO - [2023-09-14T01:20:09.074+0000] {dagbag.py:539} INFO - Filling up the DagBag from /opt/airflow/dags/OrdersRetention.py
[2023-09-14T01:20:09.089+0000] {processor.py:839} INFO - DAG(s) dict_keys(['test01']) retrieved from /opt/airflow/dags/OrdersRetention.py
[2023-09-14T01:20:09.111+0000] {logging_mixin.py:151} INFO - [2023-09-14T01:20:09.111+0000] {dag.py:2907} INFO - Sync 1 DAGs
[2023-09-14T01:20:09.129+0000] {logging_mixin.py:151} INFO - [2023-09-14T01:20:09.129+0000] {dag.py:3677} INFO - Setting next_dagrun for test01 to 2023-09-13T15:00:00+00:00, run_after=2023-09-14T15:00:00+00:00
[2023-09-14T01:20:09.141+0000] {processor.py:179} INFO - Processing /opt/airflow/dags/OrdersRetention.py took 0.073 seconds
[2023-09-14T01:20:39.440+0000] {processor.py:157} INFO - Started process (PID=352) to work on /opt/airflow/dags/OrdersRetention.py
[2023-09-14T01:20:39.441+0000] {processor.py:829} INFO - Processing file /opt/airflow/dags/OrdersRetention.py for tasks to queue
[2023-09-14T01:20:39.445+0000] {logging_mixin.py:151} INFO - [2023-09-14T01:20:39.445+0000] {dagbag.py:539} INFO - Filling up the DagBag from /opt/airflow/dags/OrdersRetention.py
[2023-09-14T01:20:39.465+0000] {processor.py:839} INFO - DAG(s) dict_keys(['test01']) retrieved from /opt/airflow/dags/OrdersRetention.py
[2023-09-14T01:20:39.483+0000] {logging_mixin.py:151} INFO - [2023-09-14T01:20:39.482+0000] {dag.py:2907} INFO - Sync 1 DAGs
[2023-09-14T01:20:39.496+0000] {logging_mixin.py:151} INFO - [2023-09-14T01:20:39.496+0000] {dag.py:3677} INFO - Setting next_dagrun for test01 to 2023-09-13T15:00:00+00:00, run_after=2023-09-14T15:00:00+00:00
[2023-09-14T01:20:39.506+0000] {processor.py:179} INFO - Processing /opt/airflow/dags/OrdersRetention.py took 0.072 seconds
[2023-09-14T01:21:09.726+0000] {processor.py:157} INFO - Started process (PID=360) to work on /opt/airflow/dags/OrdersRetention.py
[2023-09-14T01:21:09.727+0000] {processor.py:829} INFO - Processing file /opt/airflow/dags/OrdersRetention.py for tasks to queue
[2023-09-14T01:21:09.730+0000] {logging_mixin.py:151} INFO - [2023-09-14T01:21:09.730+0000] {dagbag.py:539} INFO - Filling up the DagBag from /opt/airflow/dags/OrdersRetention.py
[2023-09-14T01:21:09.751+0000] {processor.py:839} INFO - DAG(s) dict_keys(['test01']) retrieved from /opt/airflow/dags/OrdersRetention.py
[2023-09-14T01:21:09.776+0000] {logging_mixin.py:151} INFO - [2023-09-14T01:21:09.776+0000] {dag.py:2907} INFO - Sync 1 DAGs
[2023-09-14T01:21:09.792+0000] {logging_mixin.py:151} INFO - [2023-09-14T01:21:09.792+0000] {dag.py:3677} INFO - Setting next_dagrun for test01 to 2023-09-13T15:00:00+00:00, run_after=2023-09-14T15:00:00+00:00
[2023-09-14T01:21:09.803+0000] {processor.py:179} INFO - Processing /opt/airflow/dags/OrdersRetention.py took 0.081 seconds
[2023-09-14T01:21:40.095+0000] {processor.py:157} INFO - Started process (PID=369) to work on /opt/airflow/dags/OrdersRetention.py
[2023-09-14T01:21:40.096+0000] {processor.py:829} INFO - Processing file /opt/airflow/dags/OrdersRetention.py for tasks to queue
[2023-09-14T01:21:40.098+0000] {logging_mixin.py:151} INFO - [2023-09-14T01:21:40.098+0000] {dagbag.py:539} INFO - Filling up the DagBag from /opt/airflow/dags/OrdersRetention.py
[2023-09-14T01:21:40.112+0000] {processor.py:839} INFO - DAG(s) dict_keys(['test01']) retrieved from /opt/airflow/dags/OrdersRetention.py
[2023-09-14T01:21:40.132+0000] {logging_mixin.py:151} INFO - [2023-09-14T01:21:40.132+0000] {dag.py:2907} INFO - Sync 1 DAGs
[2023-09-14T01:21:40.147+0000] {logging_mixin.py:151} INFO - [2023-09-14T01:21:40.147+0000] {dag.py:3677} INFO - Setting next_dagrun for test01 to 2023-09-13T15:00:00+00:00, run_after=2023-09-14T15:00:00+00:00
[2023-09-14T01:21:40.158+0000] {processor.py:179} INFO - Processing /opt/airflow/dags/OrdersRetention.py took 0.066 seconds
[2023-09-14T01:22:10.413+0000] {processor.py:157} INFO - Started process (PID=377) to work on /opt/airflow/dags/OrdersRetention.py
[2023-09-14T01:22:10.415+0000] {processor.py:829} INFO - Processing file /opt/airflow/dags/OrdersRetention.py for tasks to queue
[2023-09-14T01:22:10.419+0000] {logging_mixin.py:151} INFO - [2023-09-14T01:22:10.419+0000] {dagbag.py:539} INFO - Filling up the DagBag from /opt/airflow/dags/OrdersRetention.py
[2023-09-14T01:22:10.431+0000] {processor.py:839} INFO - DAG(s) dict_keys(['test01']) retrieved from /opt/airflow/dags/OrdersRetention.py
[2023-09-14T01:22:10.453+0000] {logging_mixin.py:151} INFO - [2023-09-14T01:22:10.452+0000] {dag.py:2907} INFO - Sync 1 DAGs
[2023-09-14T01:22:10.468+0000] {logging_mixin.py:151} INFO - [2023-09-14T01:22:10.468+0000] {dag.py:3677} INFO - Setting next_dagrun for test01 to 2023-09-13T15:00:00+00:00, run_after=2023-09-14T15:00:00+00:00
[2023-09-14T01:22:10.479+0000] {processor.py:179} INFO - Processing /opt/airflow/dags/OrdersRetention.py took 0.069 seconds
[2023-09-14T01:22:40.711+0000] {processor.py:157} INFO - Started process (PID=385) to work on /opt/airflow/dags/OrdersRetention.py
[2023-09-14T01:22:40.712+0000] {processor.py:829} INFO - Processing file /opt/airflow/dags/OrdersRetention.py for tasks to queue
[2023-09-14T01:22:40.714+0000] {logging_mixin.py:151} INFO - [2023-09-14T01:22:40.713+0000] {dagbag.py:539} INFO - Filling up the DagBag from /opt/airflow/dags/OrdersRetention.py
[2023-09-14T01:22:40.725+0000] {processor.py:839} INFO - DAG(s) dict_keys(['test01']) retrieved from /opt/airflow/dags/OrdersRetention.py
[2023-09-14T01:22:40.741+0000] {logging_mixin.py:151} INFO - [2023-09-14T01:22:40.741+0000] {dag.py:2907} INFO - Sync 1 DAGs
[2023-09-14T01:22:40.755+0000] {logging_mixin.py:151} INFO - [2023-09-14T01:22:40.755+0000] {dag.py:3677} INFO - Setting next_dagrun for test01 to 2023-09-13T15:00:00+00:00, run_after=2023-09-14T15:00:00+00:00
[2023-09-14T01:22:40.764+0000] {processor.py:179} INFO - Processing /opt/airflow/dags/OrdersRetention.py took 0.055 seconds
[2023-09-14T01:23:11.019+0000] {processor.py:157} INFO - Started process (PID=393) to work on /opt/airflow/dags/OrdersRetention.py
[2023-09-14T01:23:11.020+0000] {processor.py:829} INFO - Processing file /opt/airflow/dags/OrdersRetention.py for tasks to queue
[2023-09-14T01:23:11.022+0000] {logging_mixin.py:151} INFO - [2023-09-14T01:23:11.021+0000] {dagbag.py:539} INFO - Filling up the DagBag from /opt/airflow/dags/OrdersRetention.py
[2023-09-14T01:23:11.034+0000] {processor.py:839} INFO - DAG(s) dict_keys(['test01']) retrieved from /opt/airflow/dags/OrdersRetention.py
[2023-09-14T01:23:11.052+0000] {logging_mixin.py:151} INFO - [2023-09-14T01:23:11.051+0000] {dag.py:2907} INFO - Sync 1 DAGs
[2023-09-14T01:23:11.066+0000] {logging_mixin.py:151} INFO - [2023-09-14T01:23:11.066+0000] {dag.py:3677} INFO - Setting next_dagrun for test01 to 2023-09-13T15:00:00+00:00, run_after=2023-09-14T15:00:00+00:00
[2023-09-14T01:23:11.075+0000] {processor.py:179} INFO - Processing /opt/airflow/dags/OrdersRetention.py took 0.059 seconds
[2023-09-14T01:23:41.328+0000] {processor.py:157} INFO - Started process (PID=401) to work on /opt/airflow/dags/OrdersRetention.py
[2023-09-14T01:23:41.329+0000] {processor.py:829} INFO - Processing file /opt/airflow/dags/OrdersRetention.py for tasks to queue
[2023-09-14T01:23:41.331+0000] {logging_mixin.py:151} INFO - [2023-09-14T01:23:41.331+0000] {dagbag.py:539} INFO - Filling up the DagBag from /opt/airflow/dags/OrdersRetention.py
[2023-09-14T01:23:41.343+0000] {processor.py:839} INFO - DAG(s) dict_keys(['test01']) retrieved from /opt/airflow/dags/OrdersRetention.py
[2023-09-14T01:23:41.361+0000] {logging_mixin.py:151} INFO - [2023-09-14T01:23:41.361+0000] {dag.py:2907} INFO - Sync 1 DAGs
[2023-09-14T01:23:41.375+0000] {logging_mixin.py:151} INFO - [2023-09-14T01:23:41.375+0000] {dag.py:3677} INFO - Setting next_dagrun for test01 to 2023-09-13T15:00:00+00:00, run_after=2023-09-14T15:00:00+00:00
[2023-09-14T01:23:41.385+0000] {processor.py:179} INFO - Processing /opt/airflow/dags/OrdersRetention.py took 0.060 seconds
[2023-09-14T01:24:11.595+0000] {processor.py:157} INFO - Started process (PID=410) to work on /opt/airflow/dags/OrdersRetention.py
[2023-09-14T01:24:11.595+0000] {processor.py:829} INFO - Processing file /opt/airflow/dags/OrdersRetention.py for tasks to queue
[2023-09-14T01:24:11.597+0000] {logging_mixin.py:151} INFO - [2023-09-14T01:24:11.597+0000] {dagbag.py:539} INFO - Filling up the DagBag from /opt/airflow/dags/OrdersRetention.py
[2023-09-14T01:24:11.609+0000] {processor.py:839} INFO - DAG(s) dict_keys(['test01']) retrieved from /opt/airflow/dags/OrdersRetention.py
[2023-09-14T01:24:11.627+0000] {logging_mixin.py:151} INFO - [2023-09-14T01:24:11.627+0000] {dag.py:2907} INFO - Sync 1 DAGs
[2023-09-14T01:24:11.642+0000] {logging_mixin.py:151} INFO - [2023-09-14T01:24:11.642+0000] {dag.py:3677} INFO - Setting next_dagrun for test01 to 2023-09-13T15:00:00+00:00, run_after=2023-09-14T15:00:00+00:00
[2023-09-14T01:24:11.652+0000] {processor.py:179} INFO - Processing /opt/airflow/dags/OrdersRetention.py took 0.060 seconds
[2023-09-14T01:24:41.874+0000] {processor.py:157} INFO - Started process (PID=418) to work on /opt/airflow/dags/OrdersRetention.py
[2023-09-14T01:24:41.875+0000] {processor.py:829} INFO - Processing file /opt/airflow/dags/OrdersRetention.py for tasks to queue
[2023-09-14T01:24:41.877+0000] {logging_mixin.py:151} INFO - [2023-09-14T01:24:41.876+0000] {dagbag.py:539} INFO - Filling up the DagBag from /opt/airflow/dags/OrdersRetention.py
[2023-09-14T01:24:41.890+0000] {processor.py:839} INFO - DAG(s) dict_keys(['test01']) retrieved from /opt/airflow/dags/OrdersRetention.py
[2023-09-14T01:24:41.910+0000] {logging_mixin.py:151} INFO - [2023-09-14T01:24:41.909+0000] {dag.py:2907} INFO - Sync 1 DAGs
[2023-09-14T01:24:41.925+0000] {logging_mixin.py:151} INFO - [2023-09-14T01:24:41.925+0000] {dag.py:3677} INFO - Setting next_dagrun for test01 to 2023-09-13T15:00:00+00:00, run_after=2023-09-14T15:00:00+00:00
[2023-09-14T01:24:41.935+0000] {processor.py:179} INFO - Processing /opt/airflow/dags/OrdersRetention.py took 0.064 seconds
[2023-09-14T01:25:12.167+0000] {processor.py:157} INFO - Started process (PID=426) to work on /opt/airflow/dags/OrdersRetention.py
[2023-09-14T01:25:12.168+0000] {processor.py:829} INFO - Processing file /opt/airflow/dags/OrdersRetention.py for tasks to queue
[2023-09-14T01:25:12.172+0000] {logging_mixin.py:151} INFO - [2023-09-14T01:25:12.171+0000] {dagbag.py:539} INFO - Filling up the DagBag from /opt/airflow/dags/OrdersRetention.py
[2023-09-14T01:25:12.190+0000] {processor.py:839} INFO - DAG(s) dict_keys(['test01']) retrieved from /opt/airflow/dags/OrdersRetention.py
[2023-09-14T01:25:12.209+0000] {logging_mixin.py:151} INFO - [2023-09-14T01:25:12.208+0000] {dag.py:2907} INFO - Sync 1 DAGs
[2023-09-14T01:25:12.222+0000] {logging_mixin.py:151} INFO - [2023-09-14T01:25:12.222+0000] {dag.py:3677} INFO - Setting next_dagrun for test01 to 2023-09-13T15:00:00+00:00, run_after=2023-09-14T15:00:00+00:00
[2023-09-14T01:25:12.232+0000] {processor.py:179} INFO - Processing /opt/airflow/dags/OrdersRetention.py took 0.070 seconds
