[2023-09-06T04:32:20.147+0000] {processor.py:157} INFO - Started process (PID=63) to work on /home/airflow/.local/lib/python3.8/site-packages/airflow/example_dags/example_xcom.py
[2023-09-06T04:32:20.148+0000] {processor.py:829} INFO - Processing file /home/airflow/.local/lib/python3.8/site-packages/airflow/example_dags/example_xcom.py for tasks to queue
[2023-09-06T04:32:20.149+0000] {logging_mixin.py:151} INFO - [2023-09-06T04:32:20.149+0000] {dagbag.py:539} INFO - Filling up the DagBag from /home/airflow/.local/lib/python3.8/site-packages/airflow/example_dags/example_xcom.py
[2023-09-06T04:32:20.157+0000] {processor.py:839} INFO - DAG(s) dict_keys(['example_xcom']) retrieved from /home/airflow/.local/lib/python3.8/site-packages/airflow/example_dags/example_xcom.py
[2023-09-06T04:32:20.222+0000] {logging_mixin.py:151} INFO - [2023-09-06T04:32:20.222+0000] {manager.py:501} INFO - Created Permission View: can edit on DAG:example_xcom
[2023-09-06T04:32:20.227+0000] {logging_mixin.py:151} INFO - [2023-09-06T04:32:20.227+0000] {manager.py:501} INFO - Created Permission View: can delete on DAG:example_xcom
[2023-09-06T04:32:20.231+0000] {logging_mixin.py:151} INFO - [2023-09-06T04:32:20.231+0000] {manager.py:501} INFO - Created Permission View: can read on DAG:example_xcom
[2023-09-06T04:32:20.239+0000] {logging_mixin.py:151} INFO - [2023-09-06T04:32:20.239+0000] {dag.py:2907} INFO - Sync 1 DAGs
[2023-09-06T04:32:20.247+0000] {logging_mixin.py:151} INFO - [2023-09-06T04:32:20.247+0000] {dag.py:2929} INFO - Creating ORM DAG for example_xcom
[2023-09-06T04:32:20.253+0000] {logging_mixin.py:151} INFO - [2023-09-06T04:32:20.252+0000] {dag.py:3677} INFO - Setting next_dagrun for example_xcom to 2021-01-01T00:00:00+00:00, run_after=2021-01-01T00:00:00+00:00
[2023-09-06T04:32:20.262+0000] {processor.py:179} INFO - Processing /home/airflow/.local/lib/python3.8/site-packages/airflow/example_dags/example_xcom.py took 0.118 seconds
[2023-09-06T04:32:50.642+0000] {processor.py:157} INFO - Started process (PID=117) to work on /home/airflow/.local/lib/python3.8/site-packages/airflow/example_dags/example_xcom.py
[2023-09-06T04:32:50.643+0000] {processor.py:829} INFO - Processing file /home/airflow/.local/lib/python3.8/site-packages/airflow/example_dags/example_xcom.py for tasks to queue
[2023-09-06T04:32:50.645+0000] {logging_mixin.py:151} INFO - [2023-09-06T04:32:50.645+0000] {dagbag.py:539} INFO - Filling up the DagBag from /home/airflow/.local/lib/python3.8/site-packages/airflow/example_dags/example_xcom.py
[2023-09-06T04:32:50.650+0000] {processor.py:839} INFO - DAG(s) dict_keys(['example_xcom']) retrieved from /home/airflow/.local/lib/python3.8/site-packages/airflow/example_dags/example_xcom.py
[2023-09-06T04:32:50.667+0000] {logging_mixin.py:151} INFO - [2023-09-06T04:32:50.666+0000] {dag.py:2907} INFO - Sync 1 DAGs
[2023-09-06T04:32:50.680+0000] {logging_mixin.py:151} INFO - [2023-09-06T04:32:50.680+0000] {dag.py:3677} INFO - Setting next_dagrun for example_xcom to 2021-01-01T00:00:00+00:00, run_after=2021-01-01T00:00:00+00:00
[2023-09-06T04:32:50.691+0000] {processor.py:179} INFO - Processing /home/airflow/.local/lib/python3.8/site-packages/airflow/example_dags/example_xcom.py took 0.051 seconds
[2023-09-06T04:33:20.961+0000] {processor.py:157} INFO - Started process (PID=171) to work on /home/airflow/.local/lib/python3.8/site-packages/airflow/example_dags/example_xcom.py
[2023-09-06T04:33:20.962+0000] {processor.py:829} INFO - Processing file /home/airflow/.local/lib/python3.8/site-packages/airflow/example_dags/example_xcom.py for tasks to queue
[2023-09-06T04:33:20.964+0000] {logging_mixin.py:151} INFO - [2023-09-06T04:33:20.964+0000] {dagbag.py:539} INFO - Filling up the DagBag from /home/airflow/.local/lib/python3.8/site-packages/airflow/example_dags/example_xcom.py
[2023-09-06T04:33:20.969+0000] {processor.py:839} INFO - DAG(s) dict_keys(['example_xcom']) retrieved from /home/airflow/.local/lib/python3.8/site-packages/airflow/example_dags/example_xcom.py
[2023-09-06T04:33:20.986+0000] {logging_mixin.py:151} INFO - [2023-09-06T04:33:20.986+0000] {dag.py:2907} INFO - Sync 1 DAGs
[2023-09-06T04:33:20.999+0000] {logging_mixin.py:151} INFO - [2023-09-06T04:33:20.999+0000] {dag.py:3677} INFO - Setting next_dagrun for example_xcom to 2021-01-01T00:00:00+00:00, run_after=2021-01-01T00:00:00+00:00
[2023-09-06T04:33:21.013+0000] {processor.py:179} INFO - Processing /home/airflow/.local/lib/python3.8/site-packages/airflow/example_dags/example_xcom.py took 0.054 seconds
[2023-09-06T04:33:51.152+0000] {processor.py:157} INFO - Started process (PID=225) to work on /home/airflow/.local/lib/python3.8/site-packages/airflow/example_dags/example_xcom.py
[2023-09-06T04:33:51.153+0000] {processor.py:829} INFO - Processing file /home/airflow/.local/lib/python3.8/site-packages/airflow/example_dags/example_xcom.py for tasks to queue
[2023-09-06T04:33:51.155+0000] {logging_mixin.py:151} INFO - [2023-09-06T04:33:51.155+0000] {dagbag.py:539} INFO - Filling up the DagBag from /home/airflow/.local/lib/python3.8/site-packages/airflow/example_dags/example_xcom.py
[2023-09-06T04:33:51.161+0000] {processor.py:839} INFO - DAG(s) dict_keys(['example_xcom']) retrieved from /home/airflow/.local/lib/python3.8/site-packages/airflow/example_dags/example_xcom.py
[2023-09-06T04:33:51.178+0000] {logging_mixin.py:151} INFO - [2023-09-06T04:33:51.178+0000] {dag.py:2907} INFO - Sync 1 DAGs
[2023-09-06T04:33:51.191+0000] {logging_mixin.py:151} INFO - [2023-09-06T04:33:51.191+0000] {dag.py:3677} INFO - Setting next_dagrun for example_xcom to 2021-01-01T00:00:00+00:00, run_after=2021-01-01T00:00:00+00:00
[2023-09-06T04:33:51.202+0000] {processor.py:179} INFO - Processing /home/airflow/.local/lib/python3.8/site-packages/airflow/example_dags/example_xcom.py took 0.052 seconds
[2023-09-06T04:34:21.452+0000] {processor.py:157} INFO - Started process (PID=279) to work on /home/airflow/.local/lib/python3.8/site-packages/airflow/example_dags/example_xcom.py
[2023-09-06T04:34:21.453+0000] {processor.py:829} INFO - Processing file /home/airflow/.local/lib/python3.8/site-packages/airflow/example_dags/example_xcom.py for tasks to queue
[2023-09-06T04:34:21.454+0000] {logging_mixin.py:151} INFO - [2023-09-06T04:34:21.454+0000] {dagbag.py:539} INFO - Filling up the DagBag from /home/airflow/.local/lib/python3.8/site-packages/airflow/example_dags/example_xcom.py
[2023-09-06T04:34:21.460+0000] {processor.py:839} INFO - DAG(s) dict_keys(['example_xcom']) retrieved from /home/airflow/.local/lib/python3.8/site-packages/airflow/example_dags/example_xcom.py
[2023-09-06T04:34:21.477+0000] {logging_mixin.py:151} INFO - [2023-09-06T04:34:21.477+0000] {dag.py:2907} INFO - Sync 1 DAGs
[2023-09-06T04:34:21.489+0000] {logging_mixin.py:151} INFO - [2023-09-06T04:34:21.489+0000] {dag.py:3677} INFO - Setting next_dagrun for example_xcom to 2021-01-01T00:00:00+00:00, run_after=2021-01-01T00:00:00+00:00
[2023-09-06T04:34:21.499+0000] {processor.py:179} INFO - Processing /home/airflow/.local/lib/python3.8/site-packages/airflow/example_dags/example_xcom.py took 0.050 seconds
[2023-09-06T04:34:51.574+0000] {processor.py:157} INFO - Started process (PID=333) to work on /home/airflow/.local/lib/python3.8/site-packages/airflow/example_dags/example_xcom.py
[2023-09-06T04:34:51.574+0000] {processor.py:829} INFO - Processing file /home/airflow/.local/lib/python3.8/site-packages/airflow/example_dags/example_xcom.py for tasks to queue
[2023-09-06T04:34:51.577+0000] {logging_mixin.py:151} INFO - [2023-09-06T04:34:51.576+0000] {dagbag.py:539} INFO - Filling up the DagBag from /home/airflow/.local/lib/python3.8/site-packages/airflow/example_dags/example_xcom.py
[2023-09-06T04:34:51.582+0000] {processor.py:839} INFO - DAG(s) dict_keys(['example_xcom']) retrieved from /home/airflow/.local/lib/python3.8/site-packages/airflow/example_dags/example_xcom.py
[2023-09-06T04:34:51.599+0000] {logging_mixin.py:151} INFO - [2023-09-06T04:34:51.599+0000] {dag.py:2907} INFO - Sync 1 DAGs
[2023-09-06T04:34:51.612+0000] {logging_mixin.py:151} INFO - [2023-09-06T04:34:51.611+0000] {dag.py:3677} INFO - Setting next_dagrun for example_xcom to 2021-01-01T00:00:00+00:00, run_after=2021-01-01T00:00:00+00:00
[2023-09-06T04:34:51.623+0000] {processor.py:179} INFO - Processing /home/airflow/.local/lib/python3.8/site-packages/airflow/example_dags/example_xcom.py took 0.052 seconds
[2023-09-06T04:35:21.879+0000] {processor.py:157} INFO - Started process (PID=387) to work on /home/airflow/.local/lib/python3.8/site-packages/airflow/example_dags/example_xcom.py
[2023-09-06T04:35:21.880+0000] {processor.py:829} INFO - Processing file /home/airflow/.local/lib/python3.8/site-packages/airflow/example_dags/example_xcom.py for tasks to queue
[2023-09-06T04:35:21.882+0000] {logging_mixin.py:151} INFO - [2023-09-06T04:35:21.882+0000] {dagbag.py:539} INFO - Filling up the DagBag from /home/airflow/.local/lib/python3.8/site-packages/airflow/example_dags/example_xcom.py
[2023-09-06T04:35:21.888+0000] {processor.py:839} INFO - DAG(s) dict_keys(['example_xcom']) retrieved from /home/airflow/.local/lib/python3.8/site-packages/airflow/example_dags/example_xcom.py
[2023-09-06T04:35:21.905+0000] {logging_mixin.py:151} INFO - [2023-09-06T04:35:21.905+0000] {dag.py:2907} INFO - Sync 1 DAGs
[2023-09-06T04:35:21.918+0000] {logging_mixin.py:151} INFO - [2023-09-06T04:35:21.917+0000] {dag.py:3677} INFO - Setting next_dagrun for example_xcom to 2021-01-01T00:00:00+00:00, run_after=2021-01-01T00:00:00+00:00
[2023-09-06T04:35:21.928+0000] {processor.py:179} INFO - Processing /home/airflow/.local/lib/python3.8/site-packages/airflow/example_dags/example_xcom.py took 0.051 seconds
[2023-09-06T04:35:52.030+0000] {processor.py:157} INFO - Started process (PID=441) to work on /home/airflow/.local/lib/python3.8/site-packages/airflow/example_dags/example_xcom.py
[2023-09-06T04:35:52.030+0000] {processor.py:829} INFO - Processing file /home/airflow/.local/lib/python3.8/site-packages/airflow/example_dags/example_xcom.py for tasks to queue
[2023-09-06T04:35:52.033+0000] {logging_mixin.py:151} INFO - [2023-09-06T04:35:52.032+0000] {dagbag.py:539} INFO - Filling up the DagBag from /home/airflow/.local/lib/python3.8/site-packages/airflow/example_dags/example_xcom.py
[2023-09-06T04:35:52.038+0000] {processor.py:839} INFO - DAG(s) dict_keys(['example_xcom']) retrieved from /home/airflow/.local/lib/python3.8/site-packages/airflow/example_dags/example_xcom.py
[2023-09-06T04:35:52.054+0000] {logging_mixin.py:151} INFO - [2023-09-06T04:35:52.054+0000] {dag.py:2907} INFO - Sync 1 DAGs
[2023-09-06T04:35:52.066+0000] {logging_mixin.py:151} INFO - [2023-09-06T04:35:52.066+0000] {dag.py:3677} INFO - Setting next_dagrun for example_xcom to 2021-01-01T00:00:00+00:00, run_after=2021-01-01T00:00:00+00:00
[2023-09-06T04:35:52.076+0000] {processor.py:179} INFO - Processing /home/airflow/.local/lib/python3.8/site-packages/airflow/example_dags/example_xcom.py took 0.049 seconds
[2023-09-06T04:36:22.245+0000] {processor.py:157} INFO - Started process (PID=495) to work on /home/airflow/.local/lib/python3.8/site-packages/airflow/example_dags/example_xcom.py
[2023-09-06T04:36:22.246+0000] {processor.py:829} INFO - Processing file /home/airflow/.local/lib/python3.8/site-packages/airflow/example_dags/example_xcom.py for tasks to queue
[2023-09-06T04:36:22.248+0000] {logging_mixin.py:151} INFO - [2023-09-06T04:36:22.248+0000] {dagbag.py:539} INFO - Filling up the DagBag from /home/airflow/.local/lib/python3.8/site-packages/airflow/example_dags/example_xcom.py
[2023-09-06T04:36:22.254+0000] {processor.py:839} INFO - DAG(s) dict_keys(['example_xcom']) retrieved from /home/airflow/.local/lib/python3.8/site-packages/airflow/example_dags/example_xcom.py
[2023-09-06T04:36:22.271+0000] {logging_mixin.py:151} INFO - [2023-09-06T04:36:22.271+0000] {dag.py:2907} INFO - Sync 1 DAGs
[2023-09-06T04:36:22.284+0000] {logging_mixin.py:151} INFO - [2023-09-06T04:36:22.284+0000] {dag.py:3677} INFO - Setting next_dagrun for example_xcom to 2021-01-01T00:00:00+00:00, run_after=2021-01-01T00:00:00+00:00
[2023-09-06T04:36:22.295+0000] {processor.py:179} INFO - Processing /home/airflow/.local/lib/python3.8/site-packages/airflow/example_dags/example_xcom.py took 0.052 seconds
[2023-09-06T04:36:53.301+0000] {processor.py:157} INFO - Started process (PID=549) to work on /home/airflow/.local/lib/python3.8/site-packages/airflow/example_dags/example_xcom.py
[2023-09-06T04:36:53.302+0000] {processor.py:829} INFO - Processing file /home/airflow/.local/lib/python3.8/site-packages/airflow/example_dags/example_xcom.py for tasks to queue
[2023-09-06T04:36:53.305+0000] {logging_mixin.py:151} INFO - [2023-09-06T04:36:53.305+0000] {dagbag.py:539} INFO - Filling up the DagBag from /home/airflow/.local/lib/python3.8/site-packages/airflow/example_dags/example_xcom.py
[2023-09-06T04:36:53.311+0000] {processor.py:839} INFO - DAG(s) dict_keys(['example_xcom']) retrieved from /home/airflow/.local/lib/python3.8/site-packages/airflow/example_dags/example_xcom.py
[2023-09-06T04:36:53.330+0000] {logging_mixin.py:151} INFO - [2023-09-06T04:36:53.330+0000] {dag.py:2907} INFO - Sync 1 DAGs
[2023-09-06T04:36:53.344+0000] {logging_mixin.py:151} INFO - [2023-09-06T04:36:53.344+0000] {dag.py:3677} INFO - Setting next_dagrun for example_xcom to 2021-01-01T00:00:00+00:00, run_after=2021-01-01T00:00:00+00:00
[2023-09-06T04:36:53.356+0000] {processor.py:179} INFO - Processing /home/airflow/.local/lib/python3.8/site-packages/airflow/example_dags/example_xcom.py took 0.057 seconds
[2023-09-06T04:37:23.551+0000] {processor.py:157} INFO - Started process (PID=603) to work on /home/airflow/.local/lib/python3.8/site-packages/airflow/example_dags/example_xcom.py
[2023-09-06T04:37:23.552+0000] {processor.py:829} INFO - Processing file /home/airflow/.local/lib/python3.8/site-packages/airflow/example_dags/example_xcom.py for tasks to queue
[2023-09-06T04:37:23.553+0000] {logging_mixin.py:151} INFO - [2023-09-06T04:37:23.553+0000] {dagbag.py:539} INFO - Filling up the DagBag from /home/airflow/.local/lib/python3.8/site-packages/airflow/example_dags/example_xcom.py
[2023-09-06T04:37:23.559+0000] {processor.py:839} INFO - DAG(s) dict_keys(['example_xcom']) retrieved from /home/airflow/.local/lib/python3.8/site-packages/airflow/example_dags/example_xcom.py
[2023-09-06T04:37:23.576+0000] {logging_mixin.py:151} INFO - [2023-09-06T04:37:23.576+0000] {dag.py:2907} INFO - Sync 1 DAGs
[2023-09-06T04:37:23.588+0000] {logging_mixin.py:151} INFO - [2023-09-06T04:37:23.588+0000] {dag.py:3677} INFO - Setting next_dagrun for example_xcom to 2021-01-01T00:00:00+00:00, run_after=2021-01-01T00:00:00+00:00
[2023-09-06T04:37:23.598+0000] {processor.py:179} INFO - Processing /home/airflow/.local/lib/python3.8/site-packages/airflow/example_dags/example_xcom.py took 0.050 seconds
[2023-09-06T04:37:53.690+0000] {processor.py:157} INFO - Started process (PID=657) to work on /home/airflow/.local/lib/python3.8/site-packages/airflow/example_dags/example_xcom.py
[2023-09-06T04:37:53.691+0000] {processor.py:829} INFO - Processing file /home/airflow/.local/lib/python3.8/site-packages/airflow/example_dags/example_xcom.py for tasks to queue
[2023-09-06T04:37:53.693+0000] {logging_mixin.py:151} INFO - [2023-09-06T04:37:53.693+0000] {dagbag.py:539} INFO - Filling up the DagBag from /home/airflow/.local/lib/python3.8/site-packages/airflow/example_dags/example_xcom.py
[2023-09-06T04:37:53.699+0000] {processor.py:839} INFO - DAG(s) dict_keys(['example_xcom']) retrieved from /home/airflow/.local/lib/python3.8/site-packages/airflow/example_dags/example_xcom.py
[2023-09-06T04:37:53.715+0000] {logging_mixin.py:151} INFO - [2023-09-06T04:37:53.715+0000] {dag.py:2907} INFO - Sync 1 DAGs
[2023-09-06T04:37:53.729+0000] {logging_mixin.py:151} INFO - [2023-09-06T04:37:53.729+0000] {dag.py:3677} INFO - Setting next_dagrun for example_xcom to 2021-01-01T00:00:00+00:00, run_after=2021-01-01T00:00:00+00:00
[2023-09-06T04:37:53.740+0000] {processor.py:179} INFO - Processing /home/airflow/.local/lib/python3.8/site-packages/airflow/example_dags/example_xcom.py took 0.052 seconds
