[2023-09-06T04:32:20.281+0000] {processor.py:157} INFO - Started process (PID=65) to work on /home/airflow/.local/lib/python3.8/site-packages/airflow/example_dags/example_sensor_decorator.py
[2023-09-06T04:32:20.281+0000] {processor.py:829} INFO - Processing file /home/airflow/.local/lib/python3.8/site-packages/airflow/example_dags/example_sensor_decorator.py for tasks to queue
[2023-09-06T04:32:20.283+0000] {logging_mixin.py:151} INFO - [2023-09-06T04:32:20.283+0000] {dagbag.py:539} INFO - Filling up the DagBag from /home/airflow/.local/lib/python3.8/site-packages/airflow/example_dags/example_sensor_decorator.py
[2023-09-06T04:32:20.289+0000] {processor.py:839} INFO - DAG(s) dict_keys(['example_sensor_decorator']) retrieved from /home/airflow/.local/lib/python3.8/site-packages/airflow/example_dags/example_sensor_decorator.py
[2023-09-06T04:32:20.352+0000] {logging_mixin.py:151} INFO - [2023-09-06T04:32:20.352+0000] {manager.py:501} INFO - Created Permission View: can edit on DAG:example_sensor_decorator
[2023-09-06T04:32:20.358+0000] {logging_mixin.py:151} INFO - [2023-09-06T04:32:20.357+0000] {manager.py:501} INFO - Created Permission View: can delete on DAG:example_sensor_decorator
[2023-09-06T04:32:20.361+0000] {logging_mixin.py:151} INFO - [2023-09-06T04:32:20.361+0000] {manager.py:501} INFO - Created Permission View: can read on DAG:example_sensor_decorator
[2023-09-06T04:32:20.368+0000] {logging_mixin.py:151} INFO - [2023-09-06T04:32:20.368+0000] {dag.py:2907} INFO - Sync 1 DAGs
[2023-09-06T04:32:20.376+0000] {logging_mixin.py:151} INFO - [2023-09-06T04:32:20.376+0000] {dag.py:2929} INFO - Creating ORM DAG for example_sensor_decorator
[2023-09-06T04:32:20.377+0000] {logging_mixin.py:151} INFO - [2023-09-06T04:32:20.376+0000] {dag.py:3677} INFO - Setting next_dagrun for example_sensor_decorator to None, run_after=None
[2023-09-06T04:32:20.387+0000] {processor.py:179} INFO - Processing /home/airflow/.local/lib/python3.8/site-packages/airflow/example_dags/example_sensor_decorator.py took 0.109 seconds
[2023-09-06T04:32:50.710+0000] {processor.py:157} INFO - Started process (PID=119) to work on /home/airflow/.local/lib/python3.8/site-packages/airflow/example_dags/example_sensor_decorator.py
[2023-09-06T04:32:50.711+0000] {processor.py:829} INFO - Processing file /home/airflow/.local/lib/python3.8/site-packages/airflow/example_dags/example_sensor_decorator.py for tasks to queue
[2023-09-06T04:32:50.713+0000] {logging_mixin.py:151} INFO - [2023-09-06T04:32:50.713+0000] {dagbag.py:539} INFO - Filling up the DagBag from /home/airflow/.local/lib/python3.8/site-packages/airflow/example_dags/example_sensor_decorator.py
[2023-09-06T04:32:50.718+0000] {processor.py:839} INFO - DAG(s) dict_keys(['example_sensor_decorator']) retrieved from /home/airflow/.local/lib/python3.8/site-packages/airflow/example_dags/example_sensor_decorator.py
[2023-09-06T04:32:50.736+0000] {logging_mixin.py:151} INFO - [2023-09-06T04:32:50.735+0000] {dag.py:2907} INFO - Sync 1 DAGs
[2023-09-06T04:32:50.744+0000] {logging_mixin.py:151} INFO - [2023-09-06T04:32:50.744+0000] {dag.py:3677} INFO - Setting next_dagrun for example_sensor_decorator to None, run_after=None
[2023-09-06T04:32:50.756+0000] {processor.py:179} INFO - Processing /home/airflow/.local/lib/python3.8/site-packages/airflow/example_dags/example_sensor_decorator.py took 0.049 seconds
[2023-09-06T04:33:21.033+0000] {processor.py:157} INFO - Started process (PID=173) to work on /home/airflow/.local/lib/python3.8/site-packages/airflow/example_dags/example_sensor_decorator.py
[2023-09-06T04:33:21.034+0000] {processor.py:829} INFO - Processing file /home/airflow/.local/lib/python3.8/site-packages/airflow/example_dags/example_sensor_decorator.py for tasks to queue
[2023-09-06T04:33:21.036+0000] {logging_mixin.py:151} INFO - [2023-09-06T04:33:21.036+0000] {dagbag.py:539} INFO - Filling up the DagBag from /home/airflow/.local/lib/python3.8/site-packages/airflow/example_dags/example_sensor_decorator.py
[2023-09-06T04:33:21.041+0000] {processor.py:839} INFO - DAG(s) dict_keys(['example_sensor_decorator']) retrieved from /home/airflow/.local/lib/python3.8/site-packages/airflow/example_dags/example_sensor_decorator.py
[2023-09-06T04:33:21.059+0000] {logging_mixin.py:151} INFO - [2023-09-06T04:33:21.058+0000] {dag.py:2907} INFO - Sync 1 DAGs
[2023-09-06T04:33:21.066+0000] {logging_mixin.py:151} INFO - [2023-09-06T04:33:21.066+0000] {dag.py:3677} INFO - Setting next_dagrun for example_sensor_decorator to None, run_after=None
[2023-09-06T04:33:21.079+0000] {processor.py:179} INFO - Processing /home/airflow/.local/lib/python3.8/site-packages/airflow/example_dags/example_sensor_decorator.py took 0.048 seconds
[2023-09-06T04:33:51.219+0000] {processor.py:157} INFO - Started process (PID=227) to work on /home/airflow/.local/lib/python3.8/site-packages/airflow/example_dags/example_sensor_decorator.py
[2023-09-06T04:33:51.220+0000] {processor.py:829} INFO - Processing file /home/airflow/.local/lib/python3.8/site-packages/airflow/example_dags/example_sensor_decorator.py for tasks to queue
[2023-09-06T04:33:51.222+0000] {logging_mixin.py:151} INFO - [2023-09-06T04:33:51.221+0000] {dagbag.py:539} INFO - Filling up the DagBag from /home/airflow/.local/lib/python3.8/site-packages/airflow/example_dags/example_sensor_decorator.py
[2023-09-06T04:33:51.226+0000] {processor.py:839} INFO - DAG(s) dict_keys(['example_sensor_decorator']) retrieved from /home/airflow/.local/lib/python3.8/site-packages/airflow/example_dags/example_sensor_decorator.py
[2023-09-06T04:33:51.242+0000] {logging_mixin.py:151} INFO - [2023-09-06T04:33:51.242+0000] {dag.py:2907} INFO - Sync 1 DAGs
[2023-09-06T04:33:51.250+0000] {logging_mixin.py:151} INFO - [2023-09-06T04:33:51.250+0000] {dag.py:3677} INFO - Setting next_dagrun for example_sensor_decorator to None, run_after=None
[2023-09-06T04:33:51.260+0000] {processor.py:179} INFO - Processing /home/airflow/.local/lib/python3.8/site-packages/airflow/example_dags/example_sensor_decorator.py took 0.043 seconds
[2023-09-06T04:34:21.515+0000] {processor.py:157} INFO - Started process (PID=281) to work on /home/airflow/.local/lib/python3.8/site-packages/airflow/example_dags/example_sensor_decorator.py
[2023-09-06T04:34:21.516+0000] {processor.py:829} INFO - Processing file /home/airflow/.local/lib/python3.8/site-packages/airflow/example_dags/example_sensor_decorator.py for tasks to queue
[2023-09-06T04:34:21.518+0000] {logging_mixin.py:151} INFO - [2023-09-06T04:34:21.518+0000] {dagbag.py:539} INFO - Filling up the DagBag from /home/airflow/.local/lib/python3.8/site-packages/airflow/example_dags/example_sensor_decorator.py
[2023-09-06T04:34:21.522+0000] {processor.py:839} INFO - DAG(s) dict_keys(['example_sensor_decorator']) retrieved from /home/airflow/.local/lib/python3.8/site-packages/airflow/example_dags/example_sensor_decorator.py
[2023-09-06T04:34:21.537+0000] {logging_mixin.py:151} INFO - [2023-09-06T04:34:21.537+0000] {dag.py:2907} INFO - Sync 1 DAGs
[2023-09-06T04:34:21.544+0000] {logging_mixin.py:151} INFO - [2023-09-06T04:34:21.544+0000] {dag.py:3677} INFO - Setting next_dagrun for example_sensor_decorator to None, run_after=None
[2023-09-06T04:34:21.554+0000] {processor.py:179} INFO - Processing /home/airflow/.local/lib/python3.8/site-packages/airflow/example_dags/example_sensor_decorator.py took 0.040 seconds
[2023-09-06T04:34:51.643+0000] {processor.py:157} INFO - Started process (PID=335) to work on /home/airflow/.local/lib/python3.8/site-packages/airflow/example_dags/example_sensor_decorator.py
[2023-09-06T04:34:51.644+0000] {processor.py:829} INFO - Processing file /home/airflow/.local/lib/python3.8/site-packages/airflow/example_dags/example_sensor_decorator.py for tasks to queue
[2023-09-06T04:34:51.646+0000] {logging_mixin.py:151} INFO - [2023-09-06T04:34:51.646+0000] {dagbag.py:539} INFO - Filling up the DagBag from /home/airflow/.local/lib/python3.8/site-packages/airflow/example_dags/example_sensor_decorator.py
[2023-09-06T04:34:51.650+0000] {processor.py:839} INFO - DAG(s) dict_keys(['example_sensor_decorator']) retrieved from /home/airflow/.local/lib/python3.8/site-packages/airflow/example_dags/example_sensor_decorator.py
[2023-09-06T04:34:51.667+0000] {logging_mixin.py:151} INFO - [2023-09-06T04:34:51.667+0000] {dag.py:2907} INFO - Sync 1 DAGs
[2023-09-06T04:34:51.675+0000] {logging_mixin.py:151} INFO - [2023-09-06T04:34:51.675+0000] {dag.py:3677} INFO - Setting next_dagrun for example_sensor_decorator to None, run_after=None
[2023-09-06T04:34:51.686+0000] {processor.py:179} INFO - Processing /home/airflow/.local/lib/python3.8/site-packages/airflow/example_dags/example_sensor_decorator.py took 0.045 seconds
[2023-09-06T04:35:21.948+0000] {processor.py:157} INFO - Started process (PID=389) to work on /home/airflow/.local/lib/python3.8/site-packages/airflow/example_dags/example_sensor_decorator.py
[2023-09-06T04:35:21.948+0000] {processor.py:829} INFO - Processing file /home/airflow/.local/lib/python3.8/site-packages/airflow/example_dags/example_sensor_decorator.py for tasks to queue
[2023-09-06T04:35:21.951+0000] {logging_mixin.py:151} INFO - [2023-09-06T04:35:21.950+0000] {dagbag.py:539} INFO - Filling up the DagBag from /home/airflow/.local/lib/python3.8/site-packages/airflow/example_dags/example_sensor_decorator.py
[2023-09-06T04:35:21.955+0000] {processor.py:839} INFO - DAG(s) dict_keys(['example_sensor_decorator']) retrieved from /home/airflow/.local/lib/python3.8/site-packages/airflow/example_dags/example_sensor_decorator.py
[2023-09-06T04:35:21.972+0000] {logging_mixin.py:151} INFO - [2023-09-06T04:35:21.971+0000] {dag.py:2907} INFO - Sync 1 DAGs
[2023-09-06T04:35:21.979+0000] {logging_mixin.py:151} INFO - [2023-09-06T04:35:21.979+0000] {dag.py:3677} INFO - Setting next_dagrun for example_sensor_decorator to None, run_after=None
[2023-09-06T04:35:21.989+0000] {processor.py:179} INFO - Processing /home/airflow/.local/lib/python3.8/site-packages/airflow/example_dags/example_sensor_decorator.py took 0.045 seconds
[2023-09-06T04:35:52.094+0000] {processor.py:157} INFO - Started process (PID=443) to work on /home/airflow/.local/lib/python3.8/site-packages/airflow/example_dags/example_sensor_decorator.py
[2023-09-06T04:35:52.094+0000] {processor.py:829} INFO - Processing file /home/airflow/.local/lib/python3.8/site-packages/airflow/example_dags/example_sensor_decorator.py for tasks to queue
[2023-09-06T04:35:52.097+0000] {logging_mixin.py:151} INFO - [2023-09-06T04:35:52.096+0000] {dagbag.py:539} INFO - Filling up the DagBag from /home/airflow/.local/lib/python3.8/site-packages/airflow/example_dags/example_sensor_decorator.py
[2023-09-06T04:35:52.101+0000] {processor.py:839} INFO - DAG(s) dict_keys(['example_sensor_decorator']) retrieved from /home/airflow/.local/lib/python3.8/site-packages/airflow/example_dags/example_sensor_decorator.py
[2023-09-06T04:35:52.117+0000] {logging_mixin.py:151} INFO - [2023-09-06T04:35:52.117+0000] {dag.py:2907} INFO - Sync 1 DAGs
[2023-09-06T04:35:52.125+0000] {logging_mixin.py:151} INFO - [2023-09-06T04:35:52.125+0000] {dag.py:3677} INFO - Setting next_dagrun for example_sensor_decorator to None, run_after=None
[2023-09-06T04:35:52.136+0000] {processor.py:179} INFO - Processing /home/airflow/.local/lib/python3.8/site-packages/airflow/example_dags/example_sensor_decorator.py took 0.045 seconds
[2023-09-06T04:36:22.312+0000] {processor.py:157} INFO - Started process (PID=497) to work on /home/airflow/.local/lib/python3.8/site-packages/airflow/example_dags/example_sensor_decorator.py
[2023-09-06T04:36:22.313+0000] {processor.py:829} INFO - Processing file /home/airflow/.local/lib/python3.8/site-packages/airflow/example_dags/example_sensor_decorator.py for tasks to queue
[2023-09-06T04:36:22.315+0000] {logging_mixin.py:151} INFO - [2023-09-06T04:36:22.315+0000] {dagbag.py:539} INFO - Filling up the DagBag from /home/airflow/.local/lib/python3.8/site-packages/airflow/example_dags/example_sensor_decorator.py
[2023-09-06T04:36:22.320+0000] {processor.py:839} INFO - DAG(s) dict_keys(['example_sensor_decorator']) retrieved from /home/airflow/.local/lib/python3.8/site-packages/airflow/example_dags/example_sensor_decorator.py
[2023-09-06T04:36:22.336+0000] {logging_mixin.py:151} INFO - [2023-09-06T04:36:22.336+0000] {dag.py:2907} INFO - Sync 1 DAGs
[2023-09-06T04:36:22.344+0000] {logging_mixin.py:151} INFO - [2023-09-06T04:36:22.344+0000] {dag.py:3677} INFO - Setting next_dagrun for example_sensor_decorator to None, run_after=None
[2023-09-06T04:36:22.355+0000] {processor.py:179} INFO - Processing /home/airflow/.local/lib/python3.8/site-packages/airflow/example_dags/example_sensor_decorator.py took 0.046 seconds
[2023-09-06T04:36:53.374+0000] {processor.py:157} INFO - Started process (PID=551) to work on /home/airflow/.local/lib/python3.8/site-packages/airflow/example_dags/example_sensor_decorator.py
[2023-09-06T04:36:53.375+0000] {processor.py:829} INFO - Processing file /home/airflow/.local/lib/python3.8/site-packages/airflow/example_dags/example_sensor_decorator.py for tasks to queue
[2023-09-06T04:36:53.377+0000] {logging_mixin.py:151} INFO - [2023-09-06T04:36:53.377+0000] {dagbag.py:539} INFO - Filling up the DagBag from /home/airflow/.local/lib/python3.8/site-packages/airflow/example_dags/example_sensor_decorator.py
[2023-09-06T04:36:53.382+0000] {processor.py:839} INFO - DAG(s) dict_keys(['example_sensor_decorator']) retrieved from /home/airflow/.local/lib/python3.8/site-packages/airflow/example_dags/example_sensor_decorator.py
[2023-09-06T04:36:53.399+0000] {logging_mixin.py:151} INFO - [2023-09-06T04:36:53.399+0000] {dag.py:2907} INFO - Sync 1 DAGs
[2023-09-06T04:36:53.408+0000] {logging_mixin.py:151} INFO - [2023-09-06T04:36:53.408+0000] {dag.py:3677} INFO - Setting next_dagrun for example_sensor_decorator to None, run_after=None
[2023-09-06T04:36:53.420+0000] {processor.py:179} INFO - Processing /home/airflow/.local/lib/python3.8/site-packages/airflow/example_dags/example_sensor_decorator.py took 0.048 seconds
[2023-09-06T04:37:23.610+0000] {processor.py:157} INFO - Started process (PID=605) to work on /home/airflow/.local/lib/python3.8/site-packages/airflow/example_dags/example_sensor_decorator.py
[2023-09-06T04:37:23.610+0000] {processor.py:829} INFO - Processing file /home/airflow/.local/lib/python3.8/site-packages/airflow/example_dags/example_sensor_decorator.py for tasks to queue
[2023-09-06T04:37:23.612+0000] {logging_mixin.py:151} INFO - [2023-09-06T04:37:23.612+0000] {dagbag.py:539} INFO - Filling up the DagBag from /home/airflow/.local/lib/python3.8/site-packages/airflow/example_dags/example_sensor_decorator.py
[2023-09-06T04:37:23.616+0000] {processor.py:839} INFO - DAG(s) dict_keys(['example_sensor_decorator']) retrieved from /home/airflow/.local/lib/python3.8/site-packages/airflow/example_dags/example_sensor_decorator.py
[2023-09-06T04:37:23.632+0000] {logging_mixin.py:151} INFO - [2023-09-06T04:37:23.632+0000] {dag.py:2907} INFO - Sync 1 DAGs
[2023-09-06T04:37:23.640+0000] {logging_mixin.py:151} INFO - [2023-09-06T04:37:23.640+0000] {dag.py:3677} INFO - Setting next_dagrun for example_sensor_decorator to None, run_after=None
[2023-09-06T04:37:23.652+0000] {processor.py:179} INFO - Processing /home/airflow/.local/lib/python3.8/site-packages/airflow/example_dags/example_sensor_decorator.py took 0.045 seconds
[2023-09-06T04:37:53.759+0000] {processor.py:157} INFO - Started process (PID=659) to work on /home/airflow/.local/lib/python3.8/site-packages/airflow/example_dags/example_sensor_decorator.py
[2023-09-06T04:37:53.760+0000] {processor.py:829} INFO - Processing file /home/airflow/.local/lib/python3.8/site-packages/airflow/example_dags/example_sensor_decorator.py for tasks to queue
[2023-09-06T04:37:53.762+0000] {logging_mixin.py:151} INFO - [2023-09-06T04:37:53.761+0000] {dagbag.py:539} INFO - Filling up the DagBag from /home/airflow/.local/lib/python3.8/site-packages/airflow/example_dags/example_sensor_decorator.py
[2023-09-06T04:37:53.766+0000] {processor.py:839} INFO - DAG(s) dict_keys(['example_sensor_decorator']) retrieved from /home/airflow/.local/lib/python3.8/site-packages/airflow/example_dags/example_sensor_decorator.py
[2023-09-06T04:37:53.783+0000] {logging_mixin.py:151} INFO - [2023-09-06T04:37:53.783+0000] {dag.py:2907} INFO - Sync 1 DAGs
[2023-09-06T04:37:53.792+0000] {logging_mixin.py:151} INFO - [2023-09-06T04:37:53.792+0000] {dag.py:3677} INFO - Setting next_dagrun for example_sensor_decorator to None, run_after=None
[2023-09-06T04:37:53.802+0000] {processor.py:179} INFO - Processing /home/airflow/.local/lib/python3.8/site-packages/airflow/example_dags/example_sensor_decorator.py took 0.046 seconds
