[2023-09-06T04:32:17.735+0000] {processor.py:157} INFO - Started process (PID=40) to work on /home/airflow/.local/lib/python3.8/site-packages/airflow/example_dags/example_sla_dag.py
[2023-09-06T04:32:17.736+0000] {processor.py:829} INFO - Processing file /home/airflow/.local/lib/python3.8/site-packages/airflow/example_dags/example_sla_dag.py for tasks to queue
[2023-09-06T04:32:17.738+0000] {logging_mixin.py:151} INFO - [2023-09-06T04:32:17.738+0000] {dagbag.py:539} INFO - Filling up the DagBag from /home/airflow/.local/lib/python3.8/site-packages/airflow/example_dags/example_sla_dag.py
[2023-09-06T04:32:17.749+0000] {processor.py:839} INFO - DAG(s) dict_keys(['example_sla_dag']) retrieved from /home/airflow/.local/lib/python3.8/site-packages/airflow/example_dags/example_sla_dag.py
[2023-09-06T04:32:17.838+0000] {logging_mixin.py:151} INFO - [2023-09-06T04:32:17.838+0000] {manager.py:501} INFO - Created Permission View: can edit on DAG:example_sla_dag
[2023-09-06T04:32:17.846+0000] {logging_mixin.py:151} INFO - [2023-09-06T04:32:17.845+0000] {manager.py:501} INFO - Created Permission View: can delete on DAG:example_sla_dag
[2023-09-06T04:32:17.849+0000] {logging_mixin.py:151} INFO - [2023-09-06T04:32:17.849+0000] {manager.py:501} INFO - Created Permission View: can read on DAG:example_sla_dag
[2023-09-06T04:32:17.858+0000] {logging_mixin.py:151} INFO - [2023-09-06T04:32:17.857+0000] {dag.py:2907} INFO - Sync 1 DAGs
[2023-09-06T04:32:17.865+0000] {logging_mixin.py:151} INFO - [2023-09-06T04:32:17.865+0000] {dag.py:2929} INFO - Creating ORM DAG for example_sla_dag
[2023-09-06T04:32:17.876+0000] {logging_mixin.py:151} INFO - [2023-09-06T04:32:17.876+0000] {dag.py:3677} INFO - Setting next_dagrun for example_sla_dag to 2023-09-06T04:30:00+00:00, run_after=2023-09-06T04:32:00+00:00
[2023-09-06T04:32:17.891+0000] {processor.py:179} INFO - Processing /home/airflow/.local/lib/python3.8/site-packages/airflow/example_dags/example_sla_dag.py took 0.159 seconds
[2023-09-06T04:32:48.722+0000] {processor.py:157} INFO - Started process (PID=94) to work on /home/airflow/.local/lib/python3.8/site-packages/airflow/example_dags/example_sla_dag.py
[2023-09-06T04:32:48.722+0000] {processor.py:829} INFO - Processing file /home/airflow/.local/lib/python3.8/site-packages/airflow/example_dags/example_sla_dag.py for tasks to queue
[2023-09-06T04:32:48.724+0000] {logging_mixin.py:151} INFO - [2023-09-06T04:32:48.724+0000] {dagbag.py:539} INFO - Filling up the DagBag from /home/airflow/.local/lib/python3.8/site-packages/airflow/example_dags/example_sla_dag.py
[2023-09-06T04:32:48.730+0000] {processor.py:839} INFO - DAG(s) dict_keys(['example_sla_dag']) retrieved from /home/airflow/.local/lib/python3.8/site-packages/airflow/example_dags/example_sla_dag.py
[2023-09-06T04:32:48.748+0000] {logging_mixin.py:151} INFO - [2023-09-06T04:32:48.747+0000] {dag.py:2907} INFO - Sync 1 DAGs
[2023-09-06T04:32:48.764+0000] {logging_mixin.py:151} INFO - [2023-09-06T04:32:48.764+0000] {dag.py:3677} INFO - Setting next_dagrun for example_sla_dag to 2023-09-06T04:30:00+00:00, run_after=2023-09-06T04:32:00+00:00
[2023-09-06T04:32:48.775+0000] {processor.py:179} INFO - Processing /home/airflow/.local/lib/python3.8/site-packages/airflow/example_dags/example_sla_dag.py took 0.057 seconds
[2023-09-06T04:33:18.928+0000] {processor.py:157} INFO - Started process (PID=148) to work on /home/airflow/.local/lib/python3.8/site-packages/airflow/example_dags/example_sla_dag.py
[2023-09-06T04:33:18.929+0000] {processor.py:829} INFO - Processing file /home/airflow/.local/lib/python3.8/site-packages/airflow/example_dags/example_sla_dag.py for tasks to queue
[2023-09-06T04:33:18.931+0000] {logging_mixin.py:151} INFO - [2023-09-06T04:33:18.931+0000] {dagbag.py:539} INFO - Filling up the DagBag from /home/airflow/.local/lib/python3.8/site-packages/airflow/example_dags/example_sla_dag.py
[2023-09-06T04:33:18.939+0000] {processor.py:839} INFO - DAG(s) dict_keys(['example_sla_dag']) retrieved from /home/airflow/.local/lib/python3.8/site-packages/airflow/example_dags/example_sla_dag.py
[2023-09-06T04:33:18.958+0000] {logging_mixin.py:151} INFO - [2023-09-06T04:33:18.958+0000] {dag.py:2907} INFO - Sync 1 DAGs
[2023-09-06T04:33:18.977+0000] {logging_mixin.py:151} INFO - [2023-09-06T04:33:18.977+0000] {dag.py:3677} INFO - Setting next_dagrun for example_sla_dag to 2023-09-06T04:30:00+00:00, run_after=2023-09-06T04:32:00+00:00
[2023-09-06T04:33:18.990+0000] {processor.py:179} INFO - Processing /home/airflow/.local/lib/python3.8/site-packages/airflow/example_dags/example_sla_dag.py took 0.064 seconds
[2023-09-06T04:33:49.048+0000] {processor.py:157} INFO - Started process (PID=202) to work on /home/airflow/.local/lib/python3.8/site-packages/airflow/example_dags/example_sla_dag.py
[2023-09-06T04:33:49.048+0000] {processor.py:829} INFO - Processing file /home/airflow/.local/lib/python3.8/site-packages/airflow/example_dags/example_sla_dag.py for tasks to queue
[2023-09-06T04:33:49.050+0000] {logging_mixin.py:151} INFO - [2023-09-06T04:33:49.050+0000] {dagbag.py:539} INFO - Filling up the DagBag from /home/airflow/.local/lib/python3.8/site-packages/airflow/example_dags/example_sla_dag.py
[2023-09-06T04:33:49.056+0000] {processor.py:839} INFO - DAG(s) dict_keys(['example_sla_dag']) retrieved from /home/airflow/.local/lib/python3.8/site-packages/airflow/example_dags/example_sla_dag.py
[2023-09-06T04:33:49.073+0000] {logging_mixin.py:151} INFO - [2023-09-06T04:33:49.072+0000] {dag.py:2907} INFO - Sync 1 DAGs
[2023-09-06T04:33:49.089+0000] {logging_mixin.py:151} INFO - [2023-09-06T04:33:49.089+0000] {dag.py:3677} INFO - Setting next_dagrun for example_sla_dag to 2023-09-06T04:30:00+00:00, run_after=2023-09-06T04:32:00+00:00
[2023-09-06T04:33:49.101+0000] {processor.py:179} INFO - Processing /home/airflow/.local/lib/python3.8/site-packages/airflow/example_dags/example_sla_dag.py took 0.056 seconds
[2023-09-06T04:34:19.261+0000] {processor.py:157} INFO - Started process (PID=256) to work on /home/airflow/.local/lib/python3.8/site-packages/airflow/example_dags/example_sla_dag.py
[2023-09-06T04:34:19.262+0000] {processor.py:829} INFO - Processing file /home/airflow/.local/lib/python3.8/site-packages/airflow/example_dags/example_sla_dag.py for tasks to queue
[2023-09-06T04:34:19.264+0000] {logging_mixin.py:151} INFO - [2023-09-06T04:34:19.264+0000] {dagbag.py:539} INFO - Filling up the DagBag from /home/airflow/.local/lib/python3.8/site-packages/airflow/example_dags/example_sla_dag.py
[2023-09-06T04:34:19.270+0000] {processor.py:839} INFO - DAG(s) dict_keys(['example_sla_dag']) retrieved from /home/airflow/.local/lib/python3.8/site-packages/airflow/example_dags/example_sla_dag.py
[2023-09-06T04:34:19.287+0000] {logging_mixin.py:151} INFO - [2023-09-06T04:34:19.287+0000] {dag.py:2907} INFO - Sync 1 DAGs
[2023-09-06T04:34:19.301+0000] {logging_mixin.py:151} INFO - [2023-09-06T04:34:19.301+0000] {dag.py:3677} INFO - Setting next_dagrun for example_sla_dag to 2023-09-06T04:32:00+00:00, run_after=2023-09-06T04:34:00+00:00
[2023-09-06T04:34:19.311+0000] {processor.py:179} INFO - Processing /home/airflow/.local/lib/python3.8/site-packages/airflow/example_dags/example_sla_dag.py took 0.052 seconds
[2023-09-06T04:34:49.588+0000] {processor.py:157} INFO - Started process (PID=310) to work on /home/airflow/.local/lib/python3.8/site-packages/airflow/example_dags/example_sla_dag.py
[2023-09-06T04:34:49.589+0000] {processor.py:829} INFO - Processing file /home/airflow/.local/lib/python3.8/site-packages/airflow/example_dags/example_sla_dag.py for tasks to queue
[2023-09-06T04:34:49.591+0000] {logging_mixin.py:151} INFO - [2023-09-06T04:34:49.591+0000] {dagbag.py:539} INFO - Filling up the DagBag from /home/airflow/.local/lib/python3.8/site-packages/airflow/example_dags/example_sla_dag.py
[2023-09-06T04:34:49.597+0000] {processor.py:839} INFO - DAG(s) dict_keys(['example_sla_dag']) retrieved from /home/airflow/.local/lib/python3.8/site-packages/airflow/example_dags/example_sla_dag.py
[2023-09-06T04:34:49.614+0000] {logging_mixin.py:151} INFO - [2023-09-06T04:34:49.614+0000] {dag.py:2907} INFO - Sync 1 DAGs
[2023-09-06T04:34:49.630+0000] {logging_mixin.py:151} INFO - [2023-09-06T04:34:49.630+0000] {dag.py:3677} INFO - Setting next_dagrun for example_sla_dag to 2023-09-06T04:32:00+00:00, run_after=2023-09-06T04:34:00+00:00
[2023-09-06T04:34:49.641+0000] {processor.py:179} INFO - Processing /home/airflow/.local/lib/python3.8/site-packages/airflow/example_dags/example_sla_dag.py took 0.055 seconds
[2023-09-06T04:35:19.719+0000] {processor.py:157} INFO - Started process (PID=364) to work on /home/airflow/.local/lib/python3.8/site-packages/airflow/example_dags/example_sla_dag.py
[2023-09-06T04:35:19.720+0000] {processor.py:829} INFO - Processing file /home/airflow/.local/lib/python3.8/site-packages/airflow/example_dags/example_sla_dag.py for tasks to queue
[2023-09-06T04:35:19.722+0000] {logging_mixin.py:151} INFO - [2023-09-06T04:35:19.721+0000] {dagbag.py:539} INFO - Filling up the DagBag from /home/airflow/.local/lib/python3.8/site-packages/airflow/example_dags/example_sla_dag.py
[2023-09-06T04:35:19.728+0000] {processor.py:839} INFO - DAG(s) dict_keys(['example_sla_dag']) retrieved from /home/airflow/.local/lib/python3.8/site-packages/airflow/example_dags/example_sla_dag.py
[2023-09-06T04:35:19.744+0000] {logging_mixin.py:151} INFO - [2023-09-06T04:35:19.744+0000] {dag.py:2907} INFO - Sync 1 DAGs
[2023-09-06T04:35:19.760+0000] {logging_mixin.py:151} INFO - [2023-09-06T04:35:19.760+0000] {dag.py:3677} INFO - Setting next_dagrun for example_sla_dag to 2023-09-06T04:32:00+00:00, run_after=2023-09-06T04:34:00+00:00
[2023-09-06T04:35:19.770+0000] {processor.py:179} INFO - Processing /home/airflow/.local/lib/python3.8/site-packages/airflow/example_dags/example_sla_dag.py took 0.053 seconds
[2023-09-06T04:35:50.107+0000] {processor.py:157} INFO - Started process (PID=418) to work on /home/airflow/.local/lib/python3.8/site-packages/airflow/example_dags/example_sla_dag.py
[2023-09-06T04:35:50.108+0000] {processor.py:829} INFO - Processing file /home/airflow/.local/lib/python3.8/site-packages/airflow/example_dags/example_sla_dag.py for tasks to queue
[2023-09-06T04:35:50.109+0000] {logging_mixin.py:151} INFO - [2023-09-06T04:35:50.109+0000] {dagbag.py:539} INFO - Filling up the DagBag from /home/airflow/.local/lib/python3.8/site-packages/airflow/example_dags/example_sla_dag.py
[2023-09-06T04:35:50.115+0000] {processor.py:839} INFO - DAG(s) dict_keys(['example_sla_dag']) retrieved from /home/airflow/.local/lib/python3.8/site-packages/airflow/example_dags/example_sla_dag.py
[2023-09-06T04:35:50.133+0000] {logging_mixin.py:151} INFO - [2023-09-06T04:35:50.133+0000] {dag.py:2907} INFO - Sync 1 DAGs
[2023-09-06T04:35:50.147+0000] {logging_mixin.py:151} INFO - [2023-09-06T04:35:50.147+0000] {dag.py:3677} INFO - Setting next_dagrun for example_sla_dag to 2023-09-06T04:32:00+00:00, run_after=2023-09-06T04:34:00+00:00
[2023-09-06T04:35:50.160+0000] {processor.py:179} INFO - Processing /home/airflow/.local/lib/python3.8/site-packages/airflow/example_dags/example_sla_dag.py took 0.056 seconds
[2023-09-06T04:36:20.249+0000] {processor.py:157} INFO - Started process (PID=472) to work on /home/airflow/.local/lib/python3.8/site-packages/airflow/example_dags/example_sla_dag.py
[2023-09-06T04:36:20.250+0000] {processor.py:829} INFO - Processing file /home/airflow/.local/lib/python3.8/site-packages/airflow/example_dags/example_sla_dag.py for tasks to queue
[2023-09-06T04:36:20.252+0000] {logging_mixin.py:151} INFO - [2023-09-06T04:36:20.252+0000] {dagbag.py:539} INFO - Filling up the DagBag from /home/airflow/.local/lib/python3.8/site-packages/airflow/example_dags/example_sla_dag.py
[2023-09-06T04:36:20.258+0000] {processor.py:839} INFO - DAG(s) dict_keys(['example_sla_dag']) retrieved from /home/airflow/.local/lib/python3.8/site-packages/airflow/example_dags/example_sla_dag.py
[2023-09-06T04:36:20.274+0000] {logging_mixin.py:151} INFO - [2023-09-06T04:36:20.274+0000] {dag.py:2907} INFO - Sync 1 DAGs
[2023-09-06T04:36:20.288+0000] {logging_mixin.py:151} INFO - [2023-09-06T04:36:20.288+0000] {dag.py:3677} INFO - Setting next_dagrun for example_sla_dag to 2023-09-06T04:34:00+00:00, run_after=2023-09-06T04:36:00+00:00
[2023-09-06T04:36:20.299+0000] {processor.py:179} INFO - Processing /home/airflow/.local/lib/python3.8/site-packages/airflow/example_dags/example_sla_dag.py took 0.052 seconds
[2023-09-06T04:36:51.301+0000] {processor.py:157} INFO - Started process (PID=526) to work on /home/airflow/.local/lib/python3.8/site-packages/airflow/example_dags/example_sla_dag.py
[2023-09-06T04:36:51.302+0000] {processor.py:829} INFO - Processing file /home/airflow/.local/lib/python3.8/site-packages/airflow/example_dags/example_sla_dag.py for tasks to queue
[2023-09-06T04:36:51.304+0000] {logging_mixin.py:151} INFO - [2023-09-06T04:36:51.304+0000] {dagbag.py:539} INFO - Filling up the DagBag from /home/airflow/.local/lib/python3.8/site-packages/airflow/example_dags/example_sla_dag.py
[2023-09-06T04:36:51.310+0000] {processor.py:839} INFO - DAG(s) dict_keys(['example_sla_dag']) retrieved from /home/airflow/.local/lib/python3.8/site-packages/airflow/example_dags/example_sla_dag.py
[2023-09-06T04:36:51.327+0000] {logging_mixin.py:151} INFO - [2023-09-06T04:36:51.326+0000] {dag.py:2907} INFO - Sync 1 DAGs
[2023-09-06T04:36:51.341+0000] {logging_mixin.py:151} INFO - [2023-09-06T04:36:51.341+0000] {dag.py:3677} INFO - Setting next_dagrun for example_sla_dag to 2023-09-06T04:34:00+00:00, run_after=2023-09-06T04:36:00+00:00
[2023-09-06T04:36:51.351+0000] {processor.py:179} INFO - Processing /home/airflow/.local/lib/python3.8/site-packages/airflow/example_dags/example_sla_dag.py took 0.053 seconds
[2023-09-06T04:37:21.504+0000] {processor.py:157} INFO - Started process (PID=580) to work on /home/airflow/.local/lib/python3.8/site-packages/airflow/example_dags/example_sla_dag.py
[2023-09-06T04:37:21.505+0000] {processor.py:829} INFO - Processing file /home/airflow/.local/lib/python3.8/site-packages/airflow/example_dags/example_sla_dag.py for tasks to queue
[2023-09-06T04:37:21.507+0000] {logging_mixin.py:151} INFO - [2023-09-06T04:37:21.507+0000] {dagbag.py:539} INFO - Filling up the DagBag from /home/airflow/.local/lib/python3.8/site-packages/airflow/example_dags/example_sla_dag.py
[2023-09-06T04:37:21.513+0000] {processor.py:839} INFO - DAG(s) dict_keys(['example_sla_dag']) retrieved from /home/airflow/.local/lib/python3.8/site-packages/airflow/example_dags/example_sla_dag.py
[2023-09-06T04:37:21.529+0000] {logging_mixin.py:151} INFO - [2023-09-06T04:37:21.529+0000] {dag.py:2907} INFO - Sync 1 DAGs
[2023-09-06T04:37:21.545+0000] {logging_mixin.py:151} INFO - [2023-09-06T04:37:21.545+0000] {dag.py:3677} INFO - Setting next_dagrun for example_sla_dag to 2023-09-06T04:34:00+00:00, run_after=2023-09-06T04:36:00+00:00
[2023-09-06T04:37:21.557+0000] {processor.py:179} INFO - Processing /home/airflow/.local/lib/python3.8/site-packages/airflow/example_dags/example_sla_dag.py took 0.055 seconds
[2023-09-06T04:37:51.709+0000] {processor.py:157} INFO - Started process (PID=634) to work on /home/airflow/.local/lib/python3.8/site-packages/airflow/example_dags/example_sla_dag.py
[2023-09-06T04:37:51.709+0000] {processor.py:829} INFO - Processing file /home/airflow/.local/lib/python3.8/site-packages/airflow/example_dags/example_sla_dag.py for tasks to queue
[2023-09-06T04:37:51.711+0000] {logging_mixin.py:151} INFO - [2023-09-06T04:37:51.711+0000] {dagbag.py:539} INFO - Filling up the DagBag from /home/airflow/.local/lib/python3.8/site-packages/airflow/example_dags/example_sla_dag.py
[2023-09-06T04:37:51.717+0000] {processor.py:839} INFO - DAG(s) dict_keys(['example_sla_dag']) retrieved from /home/airflow/.local/lib/python3.8/site-packages/airflow/example_dags/example_sla_dag.py
[2023-09-06T04:37:51.732+0000] {logging_mixin.py:151} INFO - [2023-09-06T04:37:51.732+0000] {dag.py:2907} INFO - Sync 1 DAGs
[2023-09-06T04:37:51.746+0000] {logging_mixin.py:151} INFO - [2023-09-06T04:37:51.746+0000] {dag.py:3677} INFO - Setting next_dagrun for example_sla_dag to 2023-09-06T04:34:00+00:00, run_after=2023-09-06T04:36:00+00:00
[2023-09-06T04:37:51.758+0000] {processor.py:179} INFO - Processing /home/airflow/.local/lib/python3.8/site-packages/airflow/example_dags/example_sla_dag.py took 0.052 seconds
