[2023-09-06T04:32:20.577+0000] {processor.py:157} INFO - Started process (PID=69) to work on /home/airflow/.local/lib/python3.8/site-packages/airflow/example_dags/example_params_trigger_ui.py
[2023-09-06T04:32:20.577+0000] {processor.py:829} INFO - Processing file /home/airflow/.local/lib/python3.8/site-packages/airflow/example_dags/example_params_trigger_ui.py for tasks to queue
[2023-09-06T04:32:20.579+0000] {logging_mixin.py:151} INFO - [2023-09-06T04:32:20.579+0000] {dagbag.py:539} INFO - Filling up the DagBag from /home/airflow/.local/lib/python3.8/site-packages/airflow/example_dags/example_params_trigger_ui.py
[2023-09-06T04:32:20.592+0000] {processor.py:839} INFO - DAG(s) dict_keys(['example_params_trigger_ui']) retrieved from /home/airflow/.local/lib/python3.8/site-packages/airflow/example_dags/example_params_trigger_ui.py
[2023-09-06T04:32:20.672+0000] {logging_mixin.py:151} INFO - [2023-09-06T04:32:20.672+0000] {manager.py:501} INFO - Created Permission View: can edit on DAG:example_params_trigger_ui
[2023-09-06T04:32:20.677+0000] {logging_mixin.py:151} INFO - [2023-09-06T04:32:20.677+0000] {manager.py:501} INFO - Created Permission View: can delete on DAG:example_params_trigger_ui
[2023-09-06T04:32:20.681+0000] {logging_mixin.py:151} INFO - [2023-09-06T04:32:20.681+0000] {manager.py:501} INFO - Created Permission View: can read on DAG:example_params_trigger_ui
[2023-09-06T04:32:20.690+0000] {logging_mixin.py:151} INFO - [2023-09-06T04:32:20.690+0000] {dag.py:2907} INFO - Sync 1 DAGs
[2023-09-06T04:32:20.697+0000] {logging_mixin.py:151} INFO - [2023-09-06T04:32:20.697+0000] {dag.py:2929} INFO - Creating ORM DAG for example_params_trigger_ui
[2023-09-06T04:32:20.697+0000] {logging_mixin.py:151} INFO - [2023-09-06T04:32:20.697+0000] {dag.py:3677} INFO - Setting next_dagrun for example_params_trigger_ui to None, run_after=None
[2023-09-06T04:32:20.707+0000] {processor.py:179} INFO - Processing /home/airflow/.local/lib/python3.8/site-packages/airflow/example_dags/example_params_trigger_ui.py took 0.134 seconds
[2023-09-06T04:32:50.863+0000] {processor.py:157} INFO - Started process (PID=123) to work on /home/airflow/.local/lib/python3.8/site-packages/airflow/example_dags/example_params_trigger_ui.py
[2023-09-06T04:32:50.864+0000] {processor.py:829} INFO - Processing file /home/airflow/.local/lib/python3.8/site-packages/airflow/example_dags/example_params_trigger_ui.py for tasks to queue
[2023-09-06T04:32:50.866+0000] {logging_mixin.py:151} INFO - [2023-09-06T04:32:50.866+0000] {dagbag.py:539} INFO - Filling up the DagBag from /home/airflow/.local/lib/python3.8/site-packages/airflow/example_dags/example_params_trigger_ui.py
[2023-09-06T04:32:50.879+0000] {processor.py:839} INFO - DAG(s) dict_keys(['example_params_trigger_ui']) retrieved from /home/airflow/.local/lib/python3.8/site-packages/airflow/example_dags/example_params_trigger_ui.py
[2023-09-06T04:32:50.932+0000] {logging_mixin.py:151} INFO - [2023-09-06T04:32:50.931+0000] {dag.py:2907} INFO - Sync 1 DAGs
[2023-09-06T04:32:50.941+0000] {logging_mixin.py:151} INFO - [2023-09-06T04:32:50.941+0000] {dag.py:3677} INFO - Setting next_dagrun for example_params_trigger_ui to None, run_after=None
[2023-09-06T04:32:50.953+0000] {processor.py:179} INFO - Processing /home/airflow/.local/lib/python3.8/site-packages/airflow/example_dags/example_params_trigger_ui.py took 0.092 seconds
[2023-09-06T04:33:21.179+0000] {processor.py:157} INFO - Started process (PID=177) to work on /home/airflow/.local/lib/python3.8/site-packages/airflow/example_dags/example_params_trigger_ui.py
[2023-09-06T04:33:21.180+0000] {processor.py:829} INFO - Processing file /home/airflow/.local/lib/python3.8/site-packages/airflow/example_dags/example_params_trigger_ui.py for tasks to queue
[2023-09-06T04:33:21.182+0000] {logging_mixin.py:151} INFO - [2023-09-06T04:33:21.181+0000] {dagbag.py:539} INFO - Filling up the DagBag from /home/airflow/.local/lib/python3.8/site-packages/airflow/example_dags/example_params_trigger_ui.py
[2023-09-06T04:33:21.193+0000] {processor.py:839} INFO - DAG(s) dict_keys(['example_params_trigger_ui']) retrieved from /home/airflow/.local/lib/python3.8/site-packages/airflow/example_dags/example_params_trigger_ui.py
[2023-09-06T04:33:21.222+0000] {logging_mixin.py:151} INFO - [2023-09-06T04:33:21.222+0000] {dag.py:2907} INFO - Sync 1 DAGs
[2023-09-06T04:33:21.230+0000] {logging_mixin.py:151} INFO - [2023-09-06T04:33:21.230+0000] {dag.py:3677} INFO - Setting next_dagrun for example_params_trigger_ui to None, run_after=None
[2023-09-06T04:33:21.242+0000] {processor.py:179} INFO - Processing /home/airflow/.local/lib/python3.8/site-packages/airflow/example_dags/example_params_trigger_ui.py took 0.066 seconds
[2023-09-06T04:33:51.339+0000] {processor.py:157} INFO - Started process (PID=231) to work on /home/airflow/.local/lib/python3.8/site-packages/airflow/example_dags/example_params_trigger_ui.py
[2023-09-06T04:33:51.340+0000] {processor.py:829} INFO - Processing file /home/airflow/.local/lib/python3.8/site-packages/airflow/example_dags/example_params_trigger_ui.py for tasks to queue
[2023-09-06T04:33:51.341+0000] {logging_mixin.py:151} INFO - [2023-09-06T04:33:51.341+0000] {dagbag.py:539} INFO - Filling up the DagBag from /home/airflow/.local/lib/python3.8/site-packages/airflow/example_dags/example_params_trigger_ui.py
[2023-09-06T04:33:51.351+0000] {processor.py:839} INFO - DAG(s) dict_keys(['example_params_trigger_ui']) retrieved from /home/airflow/.local/lib/python3.8/site-packages/airflow/example_dags/example_params_trigger_ui.py
[2023-09-06T04:33:51.381+0000] {logging_mixin.py:151} INFO - [2023-09-06T04:33:51.380+0000] {dag.py:2907} INFO - Sync 1 DAGs
[2023-09-06T04:33:51.388+0000] {logging_mixin.py:151} INFO - [2023-09-06T04:33:51.388+0000] {dag.py:3677} INFO - Setting next_dagrun for example_params_trigger_ui to None, run_after=None
[2023-09-06T04:33:51.398+0000] {processor.py:179} INFO - Processing /home/airflow/.local/lib/python3.8/site-packages/airflow/example_dags/example_params_trigger_ui.py took 0.062 seconds
[2023-09-06T04:34:21.692+0000] {processor.py:157} INFO - Started process (PID=285) to work on /home/airflow/.local/lib/python3.8/site-packages/airflow/example_dags/example_params_trigger_ui.py
[2023-09-06T04:34:21.692+0000] {processor.py:829} INFO - Processing file /home/airflow/.local/lib/python3.8/site-packages/airflow/example_dags/example_params_trigger_ui.py for tasks to queue
[2023-09-06T04:34:21.694+0000] {logging_mixin.py:151} INFO - [2023-09-06T04:34:21.694+0000] {dagbag.py:539} INFO - Filling up the DagBag from /home/airflow/.local/lib/python3.8/site-packages/airflow/example_dags/example_params_trigger_ui.py
[2023-09-06T04:34:21.704+0000] {processor.py:839} INFO - DAG(s) dict_keys(['example_params_trigger_ui']) retrieved from /home/airflow/.local/lib/python3.8/site-packages/airflow/example_dags/example_params_trigger_ui.py
[2023-09-06T04:34:21.733+0000] {logging_mixin.py:151} INFO - [2023-09-06T04:34:21.733+0000] {dag.py:2907} INFO - Sync 1 DAGs
[2023-09-06T04:34:21.742+0000] {logging_mixin.py:151} INFO - [2023-09-06T04:34:21.742+0000] {dag.py:3677} INFO - Setting next_dagrun for example_params_trigger_ui to None, run_after=None
[2023-09-06T04:34:21.753+0000] {processor.py:179} INFO - Processing /home/airflow/.local/lib/python3.8/site-packages/airflow/example_dags/example_params_trigger_ui.py took 0.064 seconds
[2023-09-06T04:34:51.770+0000] {processor.py:157} INFO - Started process (PID=338) to work on /home/airflow/.local/lib/python3.8/site-packages/airflow/example_dags/example_params_trigger_ui.py
[2023-09-06T04:34:51.771+0000] {processor.py:829} INFO - Processing file /home/airflow/.local/lib/python3.8/site-packages/airflow/example_dags/example_params_trigger_ui.py for tasks to queue
[2023-09-06T04:34:51.772+0000] {logging_mixin.py:151} INFO - [2023-09-06T04:34:51.772+0000] {dagbag.py:539} INFO - Filling up the DagBag from /home/airflow/.local/lib/python3.8/site-packages/airflow/example_dags/example_params_trigger_ui.py
[2023-09-06T04:34:51.783+0000] {processor.py:839} INFO - DAG(s) dict_keys(['example_params_trigger_ui']) retrieved from /home/airflow/.local/lib/python3.8/site-packages/airflow/example_dags/example_params_trigger_ui.py
[2023-09-06T04:34:51.813+0000] {logging_mixin.py:151} INFO - [2023-09-06T04:34:51.813+0000] {dag.py:2907} INFO - Sync 1 DAGs
[2023-09-06T04:34:51.821+0000] {logging_mixin.py:151} INFO - [2023-09-06T04:34:51.820+0000] {dag.py:3677} INFO - Setting next_dagrun for example_params_trigger_ui to None, run_after=None
[2023-09-06T04:34:51.832+0000] {processor.py:179} INFO - Processing /home/airflow/.local/lib/python3.8/site-packages/airflow/example_dags/example_params_trigger_ui.py took 0.065 seconds
[2023-09-06T04:35:22.078+0000] {processor.py:157} INFO - Started process (PID=393) to work on /home/airflow/.local/lib/python3.8/site-packages/airflow/example_dags/example_params_trigger_ui.py
[2023-09-06T04:35:22.079+0000] {processor.py:829} INFO - Processing file /home/airflow/.local/lib/python3.8/site-packages/airflow/example_dags/example_params_trigger_ui.py for tasks to queue
[2023-09-06T04:35:22.081+0000] {logging_mixin.py:151} INFO - [2023-09-06T04:35:22.081+0000] {dagbag.py:539} INFO - Filling up the DagBag from /home/airflow/.local/lib/python3.8/site-packages/airflow/example_dags/example_params_trigger_ui.py
[2023-09-06T04:35:22.091+0000] {processor.py:839} INFO - DAG(s) dict_keys(['example_params_trigger_ui']) retrieved from /home/airflow/.local/lib/python3.8/site-packages/airflow/example_dags/example_params_trigger_ui.py
[2023-09-06T04:35:22.121+0000] {logging_mixin.py:151} INFO - [2023-09-06T04:35:22.121+0000] {dag.py:2907} INFO - Sync 1 DAGs
[2023-09-06T04:35:22.129+0000] {logging_mixin.py:151} INFO - [2023-09-06T04:35:22.129+0000] {dag.py:3677} INFO - Setting next_dagrun for example_params_trigger_ui to None, run_after=None
[2023-09-06T04:35:22.141+0000] {processor.py:179} INFO - Processing /home/airflow/.local/lib/python3.8/site-packages/airflow/example_dags/example_params_trigger_ui.py took 0.065 seconds
[2023-09-06T04:35:52.207+0000] {processor.py:157} INFO - Started process (PID=446) to work on /home/airflow/.local/lib/python3.8/site-packages/airflow/example_dags/example_params_trigger_ui.py
[2023-09-06T04:35:52.208+0000] {processor.py:829} INFO - Processing file /home/airflow/.local/lib/python3.8/site-packages/airflow/example_dags/example_params_trigger_ui.py for tasks to queue
[2023-09-06T04:35:52.209+0000] {logging_mixin.py:151} INFO - [2023-09-06T04:35:52.209+0000] {dagbag.py:539} INFO - Filling up the DagBag from /home/airflow/.local/lib/python3.8/site-packages/airflow/example_dags/example_params_trigger_ui.py
[2023-09-06T04:35:52.220+0000] {processor.py:839} INFO - DAG(s) dict_keys(['example_params_trigger_ui']) retrieved from /home/airflow/.local/lib/python3.8/site-packages/airflow/example_dags/example_params_trigger_ui.py
[2023-09-06T04:35:52.249+0000] {logging_mixin.py:151} INFO - [2023-09-06T04:35:52.248+0000] {dag.py:2907} INFO - Sync 1 DAGs
[2023-09-06T04:35:52.256+0000] {logging_mixin.py:151} INFO - [2023-09-06T04:35:52.256+0000] {dag.py:3677} INFO - Setting next_dagrun for example_params_trigger_ui to None, run_after=None
[2023-09-06T04:35:52.266+0000] {processor.py:179} INFO - Processing /home/airflow/.local/lib/python3.8/site-packages/airflow/example_dags/example_params_trigger_ui.py took 0.062 seconds
[2023-09-06T04:36:22.390+0000] {processor.py:157} INFO - Started process (PID=500) to work on /home/airflow/.local/lib/python3.8/site-packages/airflow/example_dags/example_params_trigger_ui.py
[2023-09-06T04:36:22.391+0000] {processor.py:829} INFO - Processing file /home/airflow/.local/lib/python3.8/site-packages/airflow/example_dags/example_params_trigger_ui.py for tasks to queue
[2023-09-06T04:36:22.392+0000] {logging_mixin.py:151} INFO - [2023-09-06T04:36:22.392+0000] {dagbag.py:539} INFO - Filling up the DagBag from /home/airflow/.local/lib/python3.8/site-packages/airflow/example_dags/example_params_trigger_ui.py
[2023-09-06T04:36:22.404+0000] {processor.py:839} INFO - DAG(s) dict_keys(['example_params_trigger_ui']) retrieved from /home/airflow/.local/lib/python3.8/site-packages/airflow/example_dags/example_params_trigger_ui.py
[2023-09-06T04:36:22.434+0000] {logging_mixin.py:151} INFO - [2023-09-06T04:36:22.434+0000] {dag.py:2907} INFO - Sync 1 DAGs
[2023-09-06T04:36:22.442+0000] {logging_mixin.py:151} INFO - [2023-09-06T04:36:22.442+0000] {dag.py:3677} INFO - Setting next_dagrun for example_params_trigger_ui to None, run_after=None
[2023-09-06T04:36:22.452+0000] {processor.py:179} INFO - Processing /home/airflow/.local/lib/python3.8/site-packages/airflow/example_dags/example_params_trigger_ui.py took 0.065 seconds
[2023-09-06T04:36:53.451+0000] {processor.py:157} INFO - Started process (PID=554) to work on /home/airflow/.local/lib/python3.8/site-packages/airflow/example_dags/example_params_trigger_ui.py
[2023-09-06T04:36:53.452+0000] {processor.py:829} INFO - Processing file /home/airflow/.local/lib/python3.8/site-packages/airflow/example_dags/example_params_trigger_ui.py for tasks to queue
[2023-09-06T04:36:53.454+0000] {logging_mixin.py:151} INFO - [2023-09-06T04:36:53.454+0000] {dagbag.py:539} INFO - Filling up the DagBag from /home/airflow/.local/lib/python3.8/site-packages/airflow/example_dags/example_params_trigger_ui.py
[2023-09-06T04:36:53.465+0000] {processor.py:839} INFO - DAG(s) dict_keys(['example_params_trigger_ui']) retrieved from /home/airflow/.local/lib/python3.8/site-packages/airflow/example_dags/example_params_trigger_ui.py
[2023-09-06T04:36:53.497+0000] {logging_mixin.py:151} INFO - [2023-09-06T04:36:53.496+0000] {dag.py:2907} INFO - Sync 1 DAGs
[2023-09-06T04:36:53.505+0000] {logging_mixin.py:151} INFO - [2023-09-06T04:36:53.505+0000] {dag.py:3677} INFO - Setting next_dagrun for example_params_trigger_ui to None, run_after=None
[2023-09-06T04:36:53.516+0000] {processor.py:179} INFO - Processing /home/airflow/.local/lib/python3.8/site-packages/airflow/example_dags/example_params_trigger_ui.py took 0.068 seconds
[2023-09-06T04:37:23.731+0000] {processor.py:157} INFO - Started process (PID=608) to work on /home/airflow/.local/lib/python3.8/site-packages/airflow/example_dags/example_params_trigger_ui.py
[2023-09-06T04:37:23.732+0000] {processor.py:829} INFO - Processing file /home/airflow/.local/lib/python3.8/site-packages/airflow/example_dags/example_params_trigger_ui.py for tasks to queue
[2023-09-06T04:37:23.734+0000] {logging_mixin.py:151} INFO - [2023-09-06T04:37:23.734+0000] {dagbag.py:539} INFO - Filling up the DagBag from /home/airflow/.local/lib/python3.8/site-packages/airflow/example_dags/example_params_trigger_ui.py
[2023-09-06T04:37:23.745+0000] {processor.py:839} INFO - DAG(s) dict_keys(['example_params_trigger_ui']) retrieved from /home/airflow/.local/lib/python3.8/site-packages/airflow/example_dags/example_params_trigger_ui.py
[2023-09-06T04:37:23.775+0000] {logging_mixin.py:151} INFO - [2023-09-06T04:37:23.774+0000] {dag.py:2907} INFO - Sync 1 DAGs
[2023-09-06T04:37:23.782+0000] {logging_mixin.py:151} INFO - [2023-09-06T04:37:23.782+0000] {dag.py:3677} INFO - Setting next_dagrun for example_params_trigger_ui to None, run_after=None
[2023-09-06T04:37:23.795+0000] {processor.py:179} INFO - Processing /home/airflow/.local/lib/python3.8/site-packages/airflow/example_dags/example_params_trigger_ui.py took 0.066 seconds
[2023-09-06T04:37:53.848+0000] {processor.py:157} INFO - Started process (PID=662) to work on /home/airflow/.local/lib/python3.8/site-packages/airflow/example_dags/example_params_trigger_ui.py
[2023-09-06T04:37:53.849+0000] {processor.py:829} INFO - Processing file /home/airflow/.local/lib/python3.8/site-packages/airflow/example_dags/example_params_trigger_ui.py for tasks to queue
[2023-09-06T04:37:53.850+0000] {logging_mixin.py:151} INFO - [2023-09-06T04:37:53.850+0000] {dagbag.py:539} INFO - Filling up the DagBag from /home/airflow/.local/lib/python3.8/site-packages/airflow/example_dags/example_params_trigger_ui.py
[2023-09-06T04:37:53.861+0000] {processor.py:839} INFO - DAG(s) dict_keys(['example_params_trigger_ui']) retrieved from /home/airflow/.local/lib/python3.8/site-packages/airflow/example_dags/example_params_trigger_ui.py
[2023-09-06T04:37:53.891+0000] {logging_mixin.py:151} INFO - [2023-09-06T04:37:53.891+0000] {dag.py:2907} INFO - Sync 1 DAGs
[2023-09-06T04:37:53.899+0000] {logging_mixin.py:151} INFO - [2023-09-06T04:37:53.899+0000] {dag.py:3677} INFO - Setting next_dagrun for example_params_trigger_ui to None, run_after=None
[2023-09-06T04:37:53.908+0000] {processor.py:179} INFO - Processing /home/airflow/.local/lib/python3.8/site-packages/airflow/example_dags/example_params_trigger_ui.py took 0.063 seconds
