[2023-09-06T04:32:20.806+0000] {processor.py:157} INFO - Started process (PID=72) to work on /home/airflow/.local/lib/python3.8/site-packages/airflow/example_dags/example_trigger_target_dag.py
[2023-09-06T04:32:20.807+0000] {processor.py:829} INFO - Processing file /home/airflow/.local/lib/python3.8/site-packages/airflow/example_dags/example_trigger_target_dag.py for tasks to queue
[2023-09-06T04:32:20.809+0000] {logging_mixin.py:151} INFO - [2023-09-06T04:32:20.809+0000] {dagbag.py:539} INFO - Filling up the DagBag from /home/airflow/.local/lib/python3.8/site-packages/airflow/example_dags/example_trigger_target_dag.py
[2023-09-06T04:32:20.816+0000] {processor.py:839} INFO - DAG(s) dict_keys(['example_trigger_target_dag']) retrieved from /home/airflow/.local/lib/python3.8/site-packages/airflow/example_dags/example_trigger_target_dag.py
[2023-09-06T04:32:20.880+0000] {logging_mixin.py:151} INFO - [2023-09-06T04:32:20.880+0000] {manager.py:501} INFO - Created Permission View: can edit on DAG:example_trigger_target_dag
[2023-09-06T04:32:20.885+0000] {logging_mixin.py:151} INFO - [2023-09-06T04:32:20.885+0000] {manager.py:501} INFO - Created Permission View: can delete on DAG:example_trigger_target_dag
[2023-09-06T04:32:20.889+0000] {logging_mixin.py:151} INFO - [2023-09-06T04:32:20.889+0000] {manager.py:501} INFO - Created Permission View: can read on DAG:example_trigger_target_dag
[2023-09-06T04:32:20.897+0000] {logging_mixin.py:151} INFO - [2023-09-06T04:32:20.897+0000] {dag.py:2907} INFO - Sync 1 DAGs
[2023-09-06T04:32:20.904+0000] {logging_mixin.py:151} INFO - [2023-09-06T04:32:20.904+0000] {dag.py:2929} INFO - Creating ORM DAG for example_trigger_target_dag
[2023-09-06T04:32:20.904+0000] {logging_mixin.py:151} INFO - [2023-09-06T04:32:20.904+0000] {dag.py:3677} INFO - Setting next_dagrun for example_trigger_target_dag to None, run_after=None
[2023-09-06T04:32:20.913+0000] {processor.py:179} INFO - Processing /home/airflow/.local/lib/python3.8/site-packages/airflow/example_dags/example_trigger_target_dag.py took 0.110 seconds
[2023-09-06T04:32:51.054+0000] {processor.py:157} INFO - Started process (PID=126) to work on /home/airflow/.local/lib/python3.8/site-packages/airflow/example_dags/example_trigger_target_dag.py
[2023-09-06T04:32:51.055+0000] {processor.py:829} INFO - Processing file /home/airflow/.local/lib/python3.8/site-packages/airflow/example_dags/example_trigger_target_dag.py for tasks to queue
[2023-09-06T04:32:51.057+0000] {logging_mixin.py:151} INFO - [2023-09-06T04:32:51.056+0000] {dagbag.py:539} INFO - Filling up the DagBag from /home/airflow/.local/lib/python3.8/site-packages/airflow/example_dags/example_trigger_target_dag.py
[2023-09-06T04:32:51.062+0000] {processor.py:839} INFO - DAG(s) dict_keys(['example_trigger_target_dag']) retrieved from /home/airflow/.local/lib/python3.8/site-packages/airflow/example_dags/example_trigger_target_dag.py
[2023-09-06T04:32:51.078+0000] {logging_mixin.py:151} INFO - [2023-09-06T04:32:51.078+0000] {dag.py:2907} INFO - Sync 1 DAGs
[2023-09-06T04:32:51.086+0000] {logging_mixin.py:151} INFO - [2023-09-06T04:32:51.086+0000] {dag.py:3677} INFO - Setting next_dagrun for example_trigger_target_dag to None, run_after=None
[2023-09-06T04:32:51.099+0000] {processor.py:179} INFO - Processing /home/airflow/.local/lib/python3.8/site-packages/airflow/example_dags/example_trigger_target_dag.py took 0.048 seconds
[2023-09-06T04:33:21.333+0000] {processor.py:157} INFO - Started process (PID=180) to work on /home/airflow/.local/lib/python3.8/site-packages/airflow/example_dags/example_trigger_target_dag.py
[2023-09-06T04:33:21.334+0000] {processor.py:829} INFO - Processing file /home/airflow/.local/lib/python3.8/site-packages/airflow/example_dags/example_trigger_target_dag.py for tasks to queue
[2023-09-06T04:33:21.336+0000] {logging_mixin.py:151} INFO - [2023-09-06T04:33:21.335+0000] {dagbag.py:539} INFO - Filling up the DagBag from /home/airflow/.local/lib/python3.8/site-packages/airflow/example_dags/example_trigger_target_dag.py
[2023-09-06T04:33:21.341+0000] {processor.py:839} INFO - DAG(s) dict_keys(['example_trigger_target_dag']) retrieved from /home/airflow/.local/lib/python3.8/site-packages/airflow/example_dags/example_trigger_target_dag.py
[2023-09-06T04:33:21.358+0000] {logging_mixin.py:151} INFO - [2023-09-06T04:33:21.358+0000] {dag.py:2907} INFO - Sync 1 DAGs
[2023-09-06T04:33:21.366+0000] {logging_mixin.py:151} INFO - [2023-09-06T04:33:21.366+0000] {dag.py:3677} INFO - Setting next_dagrun for example_trigger_target_dag to None, run_after=None
[2023-09-06T04:33:21.378+0000] {processor.py:179} INFO - Processing /home/airflow/.local/lib/python3.8/site-packages/airflow/example_dags/example_trigger_target_dag.py took 0.047 seconds
[2023-09-06T04:33:51.490+0000] {processor.py:157} INFO - Started process (PID=234) to work on /home/airflow/.local/lib/python3.8/site-packages/airflow/example_dags/example_trigger_target_dag.py
[2023-09-06T04:33:51.491+0000] {processor.py:829} INFO - Processing file /home/airflow/.local/lib/python3.8/site-packages/airflow/example_dags/example_trigger_target_dag.py for tasks to queue
[2023-09-06T04:33:51.493+0000] {logging_mixin.py:151} INFO - [2023-09-06T04:33:51.492+0000] {dagbag.py:539} INFO - Filling up the DagBag from /home/airflow/.local/lib/python3.8/site-packages/airflow/example_dags/example_trigger_target_dag.py
[2023-09-06T04:33:51.498+0000] {processor.py:839} INFO - DAG(s) dict_keys(['example_trigger_target_dag']) retrieved from /home/airflow/.local/lib/python3.8/site-packages/airflow/example_dags/example_trigger_target_dag.py
[2023-09-06T04:33:51.524+0000] {logging_mixin.py:151} INFO - [2023-09-06T04:33:51.524+0000] {dag.py:2907} INFO - Sync 1 DAGs
[2023-09-06T04:33:51.534+0000] {logging_mixin.py:151} INFO - [2023-09-06T04:33:51.534+0000] {dag.py:3677} INFO - Setting next_dagrun for example_trigger_target_dag to None, run_after=None
[2023-09-06T04:33:51.553+0000] {processor.py:179} INFO - Processing /home/airflow/.local/lib/python3.8/site-packages/airflow/example_dags/example_trigger_target_dag.py took 0.066 seconds
[2023-09-06T04:34:21.843+0000] {processor.py:157} INFO - Started process (PID=288) to work on /home/airflow/.local/lib/python3.8/site-packages/airflow/example_dags/example_trigger_target_dag.py
[2023-09-06T04:34:21.843+0000] {processor.py:829} INFO - Processing file /home/airflow/.local/lib/python3.8/site-packages/airflow/example_dags/example_trigger_target_dag.py for tasks to queue
[2023-09-06T04:34:21.845+0000] {logging_mixin.py:151} INFO - [2023-09-06T04:34:21.845+0000] {dagbag.py:539} INFO - Filling up the DagBag from /home/airflow/.local/lib/python3.8/site-packages/airflow/example_dags/example_trigger_target_dag.py
[2023-09-06T04:34:21.849+0000] {processor.py:839} INFO - DAG(s) dict_keys(['example_trigger_target_dag']) retrieved from /home/airflow/.local/lib/python3.8/site-packages/airflow/example_dags/example_trigger_target_dag.py
[2023-09-06T04:34:21.865+0000] {logging_mixin.py:151} INFO - [2023-09-06T04:34:21.865+0000] {dag.py:2907} INFO - Sync 1 DAGs
[2023-09-06T04:34:21.873+0000] {logging_mixin.py:151} INFO - [2023-09-06T04:34:21.873+0000] {dag.py:3677} INFO - Setting next_dagrun for example_trigger_target_dag to None, run_after=None
[2023-09-06T04:34:21.885+0000] {processor.py:179} INFO - Processing /home/airflow/.local/lib/python3.8/site-packages/airflow/example_dags/example_trigger_target_dag.py took 0.045 seconds
[2023-09-06T04:34:52.000+0000] {processor.py:157} INFO - Started process (PID=342) to work on /home/airflow/.local/lib/python3.8/site-packages/airflow/example_dags/example_trigger_target_dag.py
[2023-09-06T04:34:52.001+0000] {processor.py:829} INFO - Processing file /home/airflow/.local/lib/python3.8/site-packages/airflow/example_dags/example_trigger_target_dag.py for tasks to queue
[2023-09-06T04:34:52.003+0000] {logging_mixin.py:151} INFO - [2023-09-06T04:34:52.002+0000] {dagbag.py:539} INFO - Filling up the DagBag from /home/airflow/.local/lib/python3.8/site-packages/airflow/example_dags/example_trigger_target_dag.py
[2023-09-06T04:34:52.008+0000] {processor.py:839} INFO - DAG(s) dict_keys(['example_trigger_target_dag']) retrieved from /home/airflow/.local/lib/python3.8/site-packages/airflow/example_dags/example_trigger_target_dag.py
[2023-09-06T04:34:52.025+0000] {logging_mixin.py:151} INFO - [2023-09-06T04:34:52.025+0000] {dag.py:2907} INFO - Sync 1 DAGs
[2023-09-06T04:34:52.034+0000] {logging_mixin.py:151} INFO - [2023-09-06T04:34:52.034+0000] {dag.py:3677} INFO - Setting next_dagrun for example_trigger_target_dag to None, run_after=None
[2023-09-06T04:34:52.045+0000] {processor.py:179} INFO - Processing /home/airflow/.local/lib/python3.8/site-packages/airflow/example_dags/example_trigger_target_dag.py took 0.048 seconds
[2023-09-06T04:35:22.292+0000] {processor.py:157} INFO - Started process (PID=396) to work on /home/airflow/.local/lib/python3.8/site-packages/airflow/example_dags/example_trigger_target_dag.py
[2023-09-06T04:35:22.293+0000] {processor.py:829} INFO - Processing file /home/airflow/.local/lib/python3.8/site-packages/airflow/example_dags/example_trigger_target_dag.py for tasks to queue
[2023-09-06T04:35:22.295+0000] {logging_mixin.py:151} INFO - [2023-09-06T04:35:22.295+0000] {dagbag.py:539} INFO - Filling up the DagBag from /home/airflow/.local/lib/python3.8/site-packages/airflow/example_dags/example_trigger_target_dag.py
[2023-09-06T04:35:22.300+0000] {processor.py:839} INFO - DAG(s) dict_keys(['example_trigger_target_dag']) retrieved from /home/airflow/.local/lib/python3.8/site-packages/airflow/example_dags/example_trigger_target_dag.py
[2023-09-06T04:35:22.316+0000] {logging_mixin.py:151} INFO - [2023-09-06T04:35:22.316+0000] {dag.py:2907} INFO - Sync 1 DAGs
[2023-09-06T04:35:22.323+0000] {logging_mixin.py:151} INFO - [2023-09-06T04:35:22.323+0000] {dag.py:3677} INFO - Setting next_dagrun for example_trigger_target_dag to None, run_after=None
[2023-09-06T04:35:22.334+0000] {processor.py:179} INFO - Processing /home/airflow/.local/lib/python3.8/site-packages/airflow/example_dags/example_trigger_target_dag.py took 0.044 seconds
[2023-09-06T04:35:52.417+0000] {processor.py:157} INFO - Started process (PID=450) to work on /home/airflow/.local/lib/python3.8/site-packages/airflow/example_dags/example_trigger_target_dag.py
[2023-09-06T04:35:52.418+0000] {processor.py:829} INFO - Processing file /home/airflow/.local/lib/python3.8/site-packages/airflow/example_dags/example_trigger_target_dag.py for tasks to queue
[2023-09-06T04:35:52.420+0000] {logging_mixin.py:151} INFO - [2023-09-06T04:35:52.419+0000] {dagbag.py:539} INFO - Filling up the DagBag from /home/airflow/.local/lib/python3.8/site-packages/airflow/example_dags/example_trigger_target_dag.py
[2023-09-06T04:35:52.424+0000] {processor.py:839} INFO - DAG(s) dict_keys(['example_trigger_target_dag']) retrieved from /home/airflow/.local/lib/python3.8/site-packages/airflow/example_dags/example_trigger_target_dag.py
[2023-09-06T04:35:52.439+0000] {logging_mixin.py:151} INFO - [2023-09-06T04:35:52.439+0000] {dag.py:2907} INFO - Sync 1 DAGs
[2023-09-06T04:35:52.447+0000] {logging_mixin.py:151} INFO - [2023-09-06T04:35:52.447+0000] {dag.py:3677} INFO - Setting next_dagrun for example_trigger_target_dag to None, run_after=None
[2023-09-06T04:35:52.458+0000] {processor.py:179} INFO - Processing /home/airflow/.local/lib/python3.8/site-packages/airflow/example_dags/example_trigger_target_dag.py took 0.043 seconds
[2023-09-06T04:36:22.532+0000] {processor.py:157} INFO - Started process (PID=504) to work on /home/airflow/.local/lib/python3.8/site-packages/airflow/example_dags/example_trigger_target_dag.py
[2023-09-06T04:36:22.533+0000] {processor.py:829} INFO - Processing file /home/airflow/.local/lib/python3.8/site-packages/airflow/example_dags/example_trigger_target_dag.py for tasks to queue
[2023-09-06T04:36:22.535+0000] {logging_mixin.py:151} INFO - [2023-09-06T04:36:22.534+0000] {dagbag.py:539} INFO - Filling up the DagBag from /home/airflow/.local/lib/python3.8/site-packages/airflow/example_dags/example_trigger_target_dag.py
[2023-09-06T04:36:22.539+0000] {processor.py:839} INFO - DAG(s) dict_keys(['example_trigger_target_dag']) retrieved from /home/airflow/.local/lib/python3.8/site-packages/airflow/example_dags/example_trigger_target_dag.py
[2023-09-06T04:36:22.554+0000] {logging_mixin.py:151} INFO - [2023-09-06T04:36:22.554+0000] {dag.py:2907} INFO - Sync 1 DAGs
[2023-09-06T04:36:22.562+0000] {logging_mixin.py:151} INFO - [2023-09-06T04:36:22.562+0000] {dag.py:3677} INFO - Setting next_dagrun for example_trigger_target_dag to None, run_after=None
[2023-09-06T04:36:22.572+0000] {processor.py:179} INFO - Processing /home/airflow/.local/lib/python3.8/site-packages/airflow/example_dags/example_trigger_target_dag.py took 0.042 seconds
[2023-09-06T04:36:53.600+0000] {processor.py:157} INFO - Started process (PID=558) to work on /home/airflow/.local/lib/python3.8/site-packages/airflow/example_dags/example_trigger_target_dag.py
[2023-09-06T04:36:53.600+0000] {processor.py:829} INFO - Processing file /home/airflow/.local/lib/python3.8/site-packages/airflow/example_dags/example_trigger_target_dag.py for tasks to queue
[2023-09-06T04:36:53.602+0000] {logging_mixin.py:151} INFO - [2023-09-06T04:36:53.602+0000] {dagbag.py:539} INFO - Filling up the DagBag from /home/airflow/.local/lib/python3.8/site-packages/airflow/example_dags/example_trigger_target_dag.py
[2023-09-06T04:36:53.606+0000] {processor.py:839} INFO - DAG(s) dict_keys(['example_trigger_target_dag']) retrieved from /home/airflow/.local/lib/python3.8/site-packages/airflow/example_dags/example_trigger_target_dag.py
[2023-09-06T04:36:53.623+0000] {logging_mixin.py:151} INFO - [2023-09-06T04:36:53.622+0000] {dag.py:2907} INFO - Sync 1 DAGs
[2023-09-06T04:36:53.630+0000] {logging_mixin.py:151} INFO - [2023-09-06T04:36:53.630+0000] {dag.py:3677} INFO - Setting next_dagrun for example_trigger_target_dag to None, run_after=None
[2023-09-06T04:36:53.641+0000] {processor.py:179} INFO - Processing /home/airflow/.local/lib/python3.8/site-packages/airflow/example_dags/example_trigger_target_dag.py took 0.043 seconds
[2023-09-06T04:37:23.962+0000] {processor.py:157} INFO - Started process (PID=612) to work on /home/airflow/.local/lib/python3.8/site-packages/airflow/example_dags/example_trigger_target_dag.py
[2023-09-06T04:37:23.963+0000] {processor.py:829} INFO - Processing file /home/airflow/.local/lib/python3.8/site-packages/airflow/example_dags/example_trigger_target_dag.py for tasks to queue
[2023-09-06T04:37:23.965+0000] {logging_mixin.py:151} INFO - [2023-09-06T04:37:23.964+0000] {dagbag.py:539} INFO - Filling up the DagBag from /home/airflow/.local/lib/python3.8/site-packages/airflow/example_dags/example_trigger_target_dag.py
[2023-09-06T04:37:23.969+0000] {processor.py:839} INFO - DAG(s) dict_keys(['example_trigger_target_dag']) retrieved from /home/airflow/.local/lib/python3.8/site-packages/airflow/example_dags/example_trigger_target_dag.py
[2023-09-06T04:37:23.986+0000] {logging_mixin.py:151} INFO - [2023-09-06T04:37:23.986+0000] {dag.py:2907} INFO - Sync 1 DAGs
[2023-09-06T04:37:23.994+0000] {logging_mixin.py:151} INFO - [2023-09-06T04:37:23.994+0000] {dag.py:3677} INFO - Setting next_dagrun for example_trigger_target_dag to None, run_after=None
[2023-09-06T04:37:24.004+0000] {processor.py:179} INFO - Processing /home/airflow/.local/lib/python3.8/site-packages/airflow/example_dags/example_trigger_target_dag.py took 0.045 seconds
[2023-09-06T04:37:54.065+0000] {processor.py:157} INFO - Started process (PID=666) to work on /home/airflow/.local/lib/python3.8/site-packages/airflow/example_dags/example_trigger_target_dag.py
[2023-09-06T04:37:54.066+0000] {processor.py:829} INFO - Processing file /home/airflow/.local/lib/python3.8/site-packages/airflow/example_dags/example_trigger_target_dag.py for tasks to queue
[2023-09-06T04:37:54.068+0000] {logging_mixin.py:151} INFO - [2023-09-06T04:37:54.067+0000] {dagbag.py:539} INFO - Filling up the DagBag from /home/airflow/.local/lib/python3.8/site-packages/airflow/example_dags/example_trigger_target_dag.py
[2023-09-06T04:37:54.072+0000] {processor.py:839} INFO - DAG(s) dict_keys(['example_trigger_target_dag']) retrieved from /home/airflow/.local/lib/python3.8/site-packages/airflow/example_dags/example_trigger_target_dag.py
[2023-09-06T04:37:54.088+0000] {logging_mixin.py:151} INFO - [2023-09-06T04:37:54.088+0000] {dag.py:2907} INFO - Sync 1 DAGs
[2023-09-06T04:37:54.096+0000] {logging_mixin.py:151} INFO - [2023-09-06T04:37:54.096+0000] {dag.py:3677} INFO - Setting next_dagrun for example_trigger_target_dag to None, run_after=None
[2023-09-06T04:37:54.106+0000] {processor.py:179} INFO - Processing /home/airflow/.local/lib/python3.8/site-packages/airflow/example_dags/example_trigger_target_dag.py took 0.043 seconds
