[2023-09-06T04:32:18.640+0000] {processor.py:157} INFO - Started process (PID=46) to work on /home/airflow/.local/lib/python3.8/site-packages/airflow/example_dags/example_skip_dag.py
[2023-09-06T04:32:18.641+0000] {processor.py:829} INFO - Processing file /home/airflow/.local/lib/python3.8/site-packages/airflow/example_dags/example_skip_dag.py for tasks to queue
[2023-09-06T04:32:18.644+0000] {logging_mixin.py:151} INFO - [2023-09-06T04:32:18.643+0000] {dagbag.py:539} INFO - Filling up the DagBag from /home/airflow/.local/lib/python3.8/site-packages/airflow/example_dags/example_skip_dag.py
[2023-09-06T04:32:18.654+0000] {processor.py:839} INFO - DAG(s) dict_keys(['example_skip_dag']) retrieved from /home/airflow/.local/lib/python3.8/site-packages/airflow/example_dags/example_skip_dag.py
[2023-09-06T04:32:18.737+0000] {logging_mixin.py:151} INFO - [2023-09-06T04:32:18.737+0000] {manager.py:501} INFO - Created Permission View: can edit on DAG:example_skip_dag
[2023-09-06T04:32:18.744+0000] {logging_mixin.py:151} INFO - [2023-09-06T04:32:18.744+0000] {manager.py:501} INFO - Created Permission View: can delete on DAG:example_skip_dag
[2023-09-06T04:32:18.747+0000] {logging_mixin.py:151} INFO - [2023-09-06T04:32:18.747+0000] {manager.py:501} INFO - Created Permission View: can read on DAG:example_skip_dag
[2023-09-06T04:32:18.756+0000] {logging_mixin.py:151} INFO - [2023-09-06T04:32:18.755+0000] {dag.py:2907} INFO - Sync 1 DAGs
[2023-09-06T04:32:18.763+0000] {logging_mixin.py:151} INFO - [2023-09-06T04:32:18.762+0000] {dag.py:2929} INFO - Creating ORM DAG for example_skip_dag
[2023-09-06T04:32:18.769+0000] {logging_mixin.py:151} INFO - [2023-09-06T04:32:18.769+0000] {dag.py:3677} INFO - Setting next_dagrun for example_skip_dag to 2023-09-05T04:32:18.768870+00:00, run_after=2023-09-06T04:32:18.768870+00:00
[2023-09-06T04:32:18.780+0000] {processor.py:179} INFO - Processing /home/airflow/.local/lib/python3.8/site-packages/airflow/example_dags/example_skip_dag.py took 0.144 seconds
[2023-09-06T04:32:48.877+0000] {processor.py:157} INFO - Started process (PID=99) to work on /home/airflow/.local/lib/python3.8/site-packages/airflow/example_dags/example_skip_dag.py
[2023-09-06T04:32:48.878+0000] {processor.py:829} INFO - Processing file /home/airflow/.local/lib/python3.8/site-packages/airflow/example_dags/example_skip_dag.py for tasks to queue
[2023-09-06T04:32:48.880+0000] {logging_mixin.py:151} INFO - [2023-09-06T04:32:48.880+0000] {dagbag.py:539} INFO - Filling up the DagBag from /home/airflow/.local/lib/python3.8/site-packages/airflow/example_dags/example_skip_dag.py
[2023-09-06T04:32:48.885+0000] {processor.py:839} INFO - DAG(s) dict_keys(['example_skip_dag']) retrieved from /home/airflow/.local/lib/python3.8/site-packages/airflow/example_dags/example_skip_dag.py
[2023-09-06T04:32:48.902+0000] {logging_mixin.py:151} INFO - [2023-09-06T04:32:48.902+0000] {dag.py:2907} INFO - Sync 1 DAGs
[2023-09-06T04:32:48.915+0000] {logging_mixin.py:151} INFO - [2023-09-06T04:32:48.915+0000] {dag.py:3677} INFO - Setting next_dagrun for example_skip_dag to 2023-09-05T04:32:48.914832+00:00, run_after=2023-09-06T04:32:48.914832+00:00
[2023-09-06T04:32:48.924+0000] {processor.py:179} INFO - Processing /home/airflow/.local/lib/python3.8/site-packages/airflow/example_dags/example_skip_dag.py took 0.049 seconds
[2023-09-06T04:33:19.178+0000] {processor.py:157} INFO - Started process (PID=153) to work on /home/airflow/.local/lib/python3.8/site-packages/airflow/example_dags/example_skip_dag.py
[2023-09-06T04:33:19.179+0000] {processor.py:829} INFO - Processing file /home/airflow/.local/lib/python3.8/site-packages/airflow/example_dags/example_skip_dag.py for tasks to queue
[2023-09-06T04:33:19.181+0000] {logging_mixin.py:151} INFO - [2023-09-06T04:33:19.181+0000] {dagbag.py:539} INFO - Filling up the DagBag from /home/airflow/.local/lib/python3.8/site-packages/airflow/example_dags/example_skip_dag.py
[2023-09-06T04:33:19.185+0000] {processor.py:839} INFO - DAG(s) dict_keys(['example_skip_dag']) retrieved from /home/airflow/.local/lib/python3.8/site-packages/airflow/example_dags/example_skip_dag.py
[2023-09-06T04:33:19.202+0000] {logging_mixin.py:151} INFO - [2023-09-06T04:33:19.202+0000] {dag.py:2907} INFO - Sync 1 DAGs
[2023-09-06T04:33:19.215+0000] {logging_mixin.py:151} INFO - [2023-09-06T04:33:19.214+0000] {dag.py:3677} INFO - Setting next_dagrun for example_skip_dag to 2023-09-05T04:33:19.214692+00:00, run_after=2023-09-06T04:33:19.214692+00:00
[2023-09-06T04:33:19.224+0000] {processor.py:179} INFO - Processing /home/airflow/.local/lib/python3.8/site-packages/airflow/example_dags/example_skip_dag.py took 0.049 seconds
[2023-09-06T04:33:49.369+0000] {processor.py:157} INFO - Started process (PID=207) to work on /home/airflow/.local/lib/python3.8/site-packages/airflow/example_dags/example_skip_dag.py
[2023-09-06T04:33:49.370+0000] {processor.py:829} INFO - Processing file /home/airflow/.local/lib/python3.8/site-packages/airflow/example_dags/example_skip_dag.py for tasks to queue
[2023-09-06T04:33:49.373+0000] {logging_mixin.py:151} INFO - [2023-09-06T04:33:49.372+0000] {dagbag.py:539} INFO - Filling up the DagBag from /home/airflow/.local/lib/python3.8/site-packages/airflow/example_dags/example_skip_dag.py
[2023-09-06T04:33:49.378+0000] {processor.py:839} INFO - DAG(s) dict_keys(['example_skip_dag']) retrieved from /home/airflow/.local/lib/python3.8/site-packages/airflow/example_dags/example_skip_dag.py
[2023-09-06T04:33:49.396+0000] {logging_mixin.py:151} INFO - [2023-09-06T04:33:49.396+0000] {dag.py:2907} INFO - Sync 1 DAGs
[2023-09-06T04:33:49.411+0000] {logging_mixin.py:151} INFO - [2023-09-06T04:33:49.411+0000] {dag.py:3677} INFO - Setting next_dagrun for example_skip_dag to 2023-09-05T04:33:49.411258+00:00, run_after=2023-09-06T04:33:49.411258+00:00
[2023-09-06T04:33:49.424+0000] {processor.py:179} INFO - Processing /home/airflow/.local/lib/python3.8/site-packages/airflow/example_dags/example_skip_dag.py took 0.057 seconds
[2023-09-06T04:34:19.478+0000] {processor.py:157} INFO - Started process (PID=261) to work on /home/airflow/.local/lib/python3.8/site-packages/airflow/example_dags/example_skip_dag.py
[2023-09-06T04:34:19.479+0000] {processor.py:829} INFO - Processing file /home/airflow/.local/lib/python3.8/site-packages/airflow/example_dags/example_skip_dag.py for tasks to queue
[2023-09-06T04:34:19.482+0000] {logging_mixin.py:151} INFO - [2023-09-06T04:34:19.481+0000] {dagbag.py:539} INFO - Filling up the DagBag from /home/airflow/.local/lib/python3.8/site-packages/airflow/example_dags/example_skip_dag.py
[2023-09-06T04:34:19.486+0000] {processor.py:839} INFO - DAG(s) dict_keys(['example_skip_dag']) retrieved from /home/airflow/.local/lib/python3.8/site-packages/airflow/example_dags/example_skip_dag.py
[2023-09-06T04:34:19.505+0000] {logging_mixin.py:151} INFO - [2023-09-06T04:34:19.505+0000] {dag.py:2907} INFO - Sync 1 DAGs
[2023-09-06T04:34:19.518+0000] {logging_mixin.py:151} INFO - [2023-09-06T04:34:19.518+0000] {dag.py:3677} INFO - Setting next_dagrun for example_skip_dag to 2023-09-05T04:34:19.518203+00:00, run_after=2023-09-06T04:34:19.518203+00:00
[2023-09-06T04:34:19.529+0000] {processor.py:179} INFO - Processing /home/airflow/.local/lib/python3.8/site-packages/airflow/example_dags/example_skip_dag.py took 0.053 seconds
[2023-09-06T04:34:49.812+0000] {processor.py:157} INFO - Started process (PID=315) to work on /home/airflow/.local/lib/python3.8/site-packages/airflow/example_dags/example_skip_dag.py
[2023-09-06T04:34:49.813+0000] {processor.py:829} INFO - Processing file /home/airflow/.local/lib/python3.8/site-packages/airflow/example_dags/example_skip_dag.py for tasks to queue
[2023-09-06T04:34:49.815+0000] {logging_mixin.py:151} INFO - [2023-09-06T04:34:49.815+0000] {dagbag.py:539} INFO - Filling up the DagBag from /home/airflow/.local/lib/python3.8/site-packages/airflow/example_dags/example_skip_dag.py
[2023-09-06T04:34:49.820+0000] {processor.py:839} INFO - DAG(s) dict_keys(['example_skip_dag']) retrieved from /home/airflow/.local/lib/python3.8/site-packages/airflow/example_dags/example_skip_dag.py
[2023-09-06T04:34:49.838+0000] {logging_mixin.py:151} INFO - [2023-09-06T04:34:49.837+0000] {dag.py:2907} INFO - Sync 1 DAGs
[2023-09-06T04:34:49.851+0000] {logging_mixin.py:151} INFO - [2023-09-06T04:34:49.851+0000] {dag.py:3677} INFO - Setting next_dagrun for example_skip_dag to 2023-09-05T04:34:49.850796+00:00, run_after=2023-09-06T04:34:49.850796+00:00
[2023-09-06T04:34:49.863+0000] {processor.py:179} INFO - Processing /home/airflow/.local/lib/python3.8/site-packages/airflow/example_dags/example_skip_dag.py took 0.053 seconds
[2023-09-06T04:35:19.937+0000] {processor.py:157} INFO - Started process (PID=369) to work on /home/airflow/.local/lib/python3.8/site-packages/airflow/example_dags/example_skip_dag.py
[2023-09-06T04:35:19.938+0000] {processor.py:829} INFO - Processing file /home/airflow/.local/lib/python3.8/site-packages/airflow/example_dags/example_skip_dag.py for tasks to queue
[2023-09-06T04:35:19.940+0000] {logging_mixin.py:151} INFO - [2023-09-06T04:35:19.940+0000] {dagbag.py:539} INFO - Filling up the DagBag from /home/airflow/.local/lib/python3.8/site-packages/airflow/example_dags/example_skip_dag.py
[2023-09-06T04:35:19.945+0000] {processor.py:839} INFO - DAG(s) dict_keys(['example_skip_dag']) retrieved from /home/airflow/.local/lib/python3.8/site-packages/airflow/example_dags/example_skip_dag.py
[2023-09-06T04:35:19.963+0000] {logging_mixin.py:151} INFO - [2023-09-06T04:35:19.963+0000] {dag.py:2907} INFO - Sync 1 DAGs
[2023-09-06T04:35:19.977+0000] {logging_mixin.py:151} INFO - [2023-09-06T04:35:19.977+0000] {dag.py:3677} INFO - Setting next_dagrun for example_skip_dag to 2023-09-05T04:35:19.976832+00:00, run_after=2023-09-06T04:35:19.976832+00:00
[2023-09-06T04:35:19.987+0000] {processor.py:179} INFO - Processing /home/airflow/.local/lib/python3.8/site-packages/airflow/example_dags/example_skip_dag.py took 0.053 seconds
[2023-09-06T04:35:50.317+0000] {processor.py:157} INFO - Started process (PID=423) to work on /home/airflow/.local/lib/python3.8/site-packages/airflow/example_dags/example_skip_dag.py
[2023-09-06T04:35:50.318+0000] {processor.py:829} INFO - Processing file /home/airflow/.local/lib/python3.8/site-packages/airflow/example_dags/example_skip_dag.py for tasks to queue
[2023-09-06T04:35:50.320+0000] {logging_mixin.py:151} INFO - [2023-09-06T04:35:50.320+0000] {dagbag.py:539} INFO - Filling up the DagBag from /home/airflow/.local/lib/python3.8/site-packages/airflow/example_dags/example_skip_dag.py
[2023-09-06T04:35:50.324+0000] {processor.py:839} INFO - DAG(s) dict_keys(['example_skip_dag']) retrieved from /home/airflow/.local/lib/python3.8/site-packages/airflow/example_dags/example_skip_dag.py
[2023-09-06T04:35:50.340+0000] {logging_mixin.py:151} INFO - [2023-09-06T04:35:50.339+0000] {dag.py:2907} INFO - Sync 1 DAGs
[2023-09-06T04:35:50.351+0000] {logging_mixin.py:151} INFO - [2023-09-06T04:35:50.351+0000] {dag.py:3677} INFO - Setting next_dagrun for example_skip_dag to 2023-09-05T04:35:50.351603+00:00, run_after=2023-09-06T04:35:50.351603+00:00
[2023-09-06T04:35:50.362+0000] {processor.py:179} INFO - Processing /home/airflow/.local/lib/python3.8/site-packages/airflow/example_dags/example_skip_dag.py took 0.047 seconds
[2023-09-06T04:36:20.511+0000] {processor.py:157} INFO - Started process (PID=477) to work on /home/airflow/.local/lib/python3.8/site-packages/airflow/example_dags/example_skip_dag.py
[2023-09-06T04:36:20.512+0000] {processor.py:829} INFO - Processing file /home/airflow/.local/lib/python3.8/site-packages/airflow/example_dags/example_skip_dag.py for tasks to queue
[2023-09-06T04:36:20.514+0000] {logging_mixin.py:151} INFO - [2023-09-06T04:36:20.514+0000] {dagbag.py:539} INFO - Filling up the DagBag from /home/airflow/.local/lib/python3.8/site-packages/airflow/example_dags/example_skip_dag.py
[2023-09-06T04:36:20.518+0000] {processor.py:839} INFO - DAG(s) dict_keys(['example_skip_dag']) retrieved from /home/airflow/.local/lib/python3.8/site-packages/airflow/example_dags/example_skip_dag.py
[2023-09-06T04:36:20.535+0000] {logging_mixin.py:151} INFO - [2023-09-06T04:36:20.534+0000] {dag.py:2907} INFO - Sync 1 DAGs
[2023-09-06T04:36:20.547+0000] {logging_mixin.py:151} INFO - [2023-09-06T04:36:20.547+0000] {dag.py:3677} INFO - Setting next_dagrun for example_skip_dag to 2023-09-05T04:36:20.547126+00:00, run_after=2023-09-06T04:36:20.547126+00:00
[2023-09-06T04:36:20.557+0000] {processor.py:179} INFO - Processing /home/airflow/.local/lib/python3.8/site-packages/airflow/example_dags/example_skip_dag.py took 0.048 seconds
[2023-09-06T04:36:51.455+0000] {processor.py:157} INFO - Started process (PID=531) to work on /home/airflow/.local/lib/python3.8/site-packages/airflow/example_dags/example_skip_dag.py
[2023-09-06T04:36:51.456+0000] {processor.py:829} INFO - Processing file /home/airflow/.local/lib/python3.8/site-packages/airflow/example_dags/example_skip_dag.py for tasks to queue
[2023-09-06T04:36:51.458+0000] {logging_mixin.py:151} INFO - [2023-09-06T04:36:51.458+0000] {dagbag.py:539} INFO - Filling up the DagBag from /home/airflow/.local/lib/python3.8/site-packages/airflow/example_dags/example_skip_dag.py
[2023-09-06T04:36:51.463+0000] {processor.py:839} INFO - DAG(s) dict_keys(['example_skip_dag']) retrieved from /home/airflow/.local/lib/python3.8/site-packages/airflow/example_dags/example_skip_dag.py
[2023-09-06T04:36:51.480+0000] {logging_mixin.py:151} INFO - [2023-09-06T04:36:51.480+0000] {dag.py:2907} INFO - Sync 1 DAGs
[2023-09-06T04:36:51.494+0000] {logging_mixin.py:151} INFO - [2023-09-06T04:36:51.493+0000] {dag.py:3677} INFO - Setting next_dagrun for example_skip_dag to 2023-09-05T04:36:51.493687+00:00, run_after=2023-09-06T04:36:51.493687+00:00
[2023-09-06T04:36:51.504+0000] {processor.py:179} INFO - Processing /home/airflow/.local/lib/python3.8/site-packages/airflow/example_dags/example_skip_dag.py took 0.052 seconds
[2023-09-06T04:37:21.656+0000] {processor.py:157} INFO - Started process (PID=585) to work on /home/airflow/.local/lib/python3.8/site-packages/airflow/example_dags/example_skip_dag.py
[2023-09-06T04:37:21.657+0000] {processor.py:829} INFO - Processing file /home/airflow/.local/lib/python3.8/site-packages/airflow/example_dags/example_skip_dag.py for tasks to queue
[2023-09-06T04:37:21.659+0000] {logging_mixin.py:151} INFO - [2023-09-06T04:37:21.659+0000] {dagbag.py:539} INFO - Filling up the DagBag from /home/airflow/.local/lib/python3.8/site-packages/airflow/example_dags/example_skip_dag.py
[2023-09-06T04:37:21.663+0000] {processor.py:839} INFO - DAG(s) dict_keys(['example_skip_dag']) retrieved from /home/airflow/.local/lib/python3.8/site-packages/airflow/example_dags/example_skip_dag.py
[2023-09-06T04:37:21.680+0000] {logging_mixin.py:151} INFO - [2023-09-06T04:37:21.680+0000] {dag.py:2907} INFO - Sync 1 DAGs
[2023-09-06T04:37:21.693+0000] {logging_mixin.py:151} INFO - [2023-09-06T04:37:21.693+0000] {dag.py:3677} INFO - Setting next_dagrun for example_skip_dag to 2023-09-05T04:37:21.693185+00:00, run_after=2023-09-06T04:37:21.693185+00:00
[2023-09-06T04:37:21.703+0000] {processor.py:179} INFO - Processing /home/airflow/.local/lib/python3.8/site-packages/airflow/example_dags/example_skip_dag.py took 0.050 seconds
[2023-09-06T04:37:51.914+0000] {processor.py:157} INFO - Started process (PID=639) to work on /home/airflow/.local/lib/python3.8/site-packages/airflow/example_dags/example_skip_dag.py
[2023-09-06T04:37:51.914+0000] {processor.py:829} INFO - Processing file /home/airflow/.local/lib/python3.8/site-packages/airflow/example_dags/example_skip_dag.py for tasks to queue
[2023-09-06T04:37:51.916+0000] {logging_mixin.py:151} INFO - [2023-09-06T04:37:51.916+0000] {dagbag.py:539} INFO - Filling up the DagBag from /home/airflow/.local/lib/python3.8/site-packages/airflow/example_dags/example_skip_dag.py
[2023-09-06T04:37:51.921+0000] {processor.py:839} INFO - DAG(s) dict_keys(['example_skip_dag']) retrieved from /home/airflow/.local/lib/python3.8/site-packages/airflow/example_dags/example_skip_dag.py
[2023-09-06T04:37:51.937+0000] {logging_mixin.py:151} INFO - [2023-09-06T04:37:51.937+0000] {dag.py:2907} INFO - Sync 1 DAGs
[2023-09-06T04:37:51.950+0000] {logging_mixin.py:151} INFO - [2023-09-06T04:37:51.949+0000] {dag.py:3677} INFO - Setting next_dagrun for example_skip_dag to 2023-09-05T04:37:51.949643+00:00, run_after=2023-09-06T04:37:51.949643+00:00
[2023-09-06T04:37:51.960+0000] {processor.py:179} INFO - Processing /home/airflow/.local/lib/python3.8/site-packages/airflow/example_dags/example_skip_dag.py took 0.049 seconds
