[2023-09-06T04:32:19.679+0000] {processor.py:157} INFO - Started process (PID=58) to work on /home/airflow/.local/lib/python3.8/site-packages/airflow/example_dags/example_branch_datetime_operator.py
[2023-09-06T04:32:19.680+0000] {processor.py:829} INFO - Processing file /home/airflow/.local/lib/python3.8/site-packages/airflow/example_dags/example_branch_datetime_operator.py for tasks to queue
[2023-09-06T04:32:19.682+0000] {logging_mixin.py:151} INFO - [2023-09-06T04:32:19.681+0000] {dagbag.py:539} INFO - Filling up the DagBag from /home/airflow/.local/lib/python3.8/site-packages/airflow/example_dags/example_branch_datetime_operator.py
[2023-09-06T04:32:19.691+0000] {processor.py:839} INFO - DAG(s) dict_keys(['example_branch_datetime_operator_3', 'example_branch_datetime_operator', 'example_branch_datetime_operator_2']) retrieved from /home/airflow/.local/lib/python3.8/site-packages/airflow/example_dags/example_branch_datetime_operator.py
[2023-09-06T04:32:19.754+0000] {logging_mixin.py:151} INFO - [2023-09-06T04:32:19.754+0000] {manager.py:501} INFO - Created Permission View: can edit on DAG:example_branch_datetime_operator_3
[2023-09-06T04:32:19.759+0000] {logging_mixin.py:151} INFO - [2023-09-06T04:32:19.759+0000] {manager.py:501} INFO - Created Permission View: can delete on DAG:example_branch_datetime_operator_3
[2023-09-06T04:32:19.763+0000] {logging_mixin.py:151} INFO - [2023-09-06T04:32:19.763+0000] {manager.py:501} INFO - Created Permission View: can read on DAG:example_branch_datetime_operator_3
[2023-09-06T04:32:19.777+0000] {logging_mixin.py:151} INFO - [2023-09-06T04:32:19.777+0000] {manager.py:501} INFO - Created Permission View: can edit on DAG:example_branch_datetime_operator
[2023-09-06T04:32:19.781+0000] {logging_mixin.py:151} INFO - [2023-09-06T04:32:19.781+0000] {manager.py:501} INFO - Created Permission View: can delete on DAG:example_branch_datetime_operator
[2023-09-06T04:32:19.785+0000] {logging_mixin.py:151} INFO - [2023-09-06T04:32:19.785+0000] {manager.py:501} INFO - Created Permission View: can read on DAG:example_branch_datetime_operator
[2023-09-06T04:32:19.794+0000] {logging_mixin.py:151} INFO - [2023-09-06T04:32:19.794+0000] {manager.py:501} INFO - Created Permission View: can edit on DAG:example_branch_datetime_operator_2
[2023-09-06T04:32:19.798+0000] {logging_mixin.py:151} INFO - [2023-09-06T04:32:19.798+0000] {manager.py:501} INFO - Created Permission View: can delete on DAG:example_branch_datetime_operator_2
[2023-09-06T04:32:19.802+0000] {logging_mixin.py:151} INFO - [2023-09-06T04:32:19.802+0000] {manager.py:501} INFO - Created Permission View: can read on DAG:example_branch_datetime_operator_2
[2023-09-06T04:32:19.806+0000] {logging_mixin.py:151} INFO - [2023-09-06T04:32:19.805+0000] {dag.py:2907} INFO - Sync 3 DAGs
[2023-09-06T04:32:19.813+0000] {logging_mixin.py:151} INFO - [2023-09-06T04:32:19.813+0000] {dag.py:2929} INFO - Creating ORM DAG for example_branch_datetime_operator_2
[2023-09-06T04:32:19.813+0000] {logging_mixin.py:151} INFO - [2023-09-06T04:32:19.813+0000] {dag.py:2929} INFO - Creating ORM DAG for example_branch_datetime_operator_3
[2023-09-06T04:32:19.814+0000] {logging_mixin.py:151} INFO - [2023-09-06T04:32:19.813+0000] {dag.py:2929} INFO - Creating ORM DAG for example_branch_datetime_operator
[2023-09-06T04:32:19.820+0000] {logging_mixin.py:151} INFO - [2023-09-06T04:32:19.820+0000] {dag.py:3677} INFO - Setting next_dagrun for example_branch_datetime_operator to 2023-09-05T00:00:00+00:00, run_after=2023-09-06T00:00:00+00:00
[2023-09-06T04:32:19.821+0000] {logging_mixin.py:151} INFO - [2023-09-06T04:32:19.821+0000] {dag.py:3677} INFO - Setting next_dagrun for example_branch_datetime_operator_2 to 2023-09-05T00:00:00+00:00, run_after=2023-09-06T00:00:00+00:00
[2023-09-06T04:32:19.822+0000] {logging_mixin.py:151} INFO - [2023-09-06T04:32:19.822+0000] {dag.py:3677} INFO - Setting next_dagrun for example_branch_datetime_operator_3 to 2023-09-05T00:00:00+00:00, run_after=2023-09-06T00:00:00+00:00
[2023-09-06T04:32:19.833+0000] {processor.py:179} INFO - Processing /home/airflow/.local/lib/python3.8/site-packages/airflow/example_dags/example_branch_datetime_operator.py took 0.157 seconds
[2023-09-06T04:32:50.451+0000] {processor.py:157} INFO - Started process (PID=112) to work on /home/airflow/.local/lib/python3.8/site-packages/airflow/example_dags/example_branch_datetime_operator.py
[2023-09-06T04:32:50.452+0000] {processor.py:829} INFO - Processing file /home/airflow/.local/lib/python3.8/site-packages/airflow/example_dags/example_branch_datetime_operator.py for tasks to queue
[2023-09-06T04:32:50.454+0000] {logging_mixin.py:151} INFO - [2023-09-06T04:32:50.453+0000] {dagbag.py:539} INFO - Filling up the DagBag from /home/airflow/.local/lib/python3.8/site-packages/airflow/example_dags/example_branch_datetime_operator.py
[2023-09-06T04:32:50.460+0000] {processor.py:839} INFO - DAG(s) dict_keys(['example_branch_datetime_operator_2', 'example_branch_datetime_operator', 'example_branch_datetime_operator_3']) retrieved from /home/airflow/.local/lib/python3.8/site-packages/airflow/example_dags/example_branch_datetime_operator.py
[2023-09-06T04:32:50.481+0000] {logging_mixin.py:151} INFO - [2023-09-06T04:32:50.481+0000] {dag.py:2907} INFO - Sync 3 DAGs
[2023-09-06T04:32:50.495+0000] {logging_mixin.py:151} INFO - [2023-09-06T04:32:50.495+0000] {dag.py:3677} INFO - Setting next_dagrun for example_branch_datetime_operator to 2023-09-05T00:00:00+00:00, run_after=2023-09-06T00:00:00+00:00
[2023-09-06T04:32:50.498+0000] {logging_mixin.py:151} INFO - [2023-09-06T04:32:50.498+0000] {dag.py:3677} INFO - Setting next_dagrun for example_branch_datetime_operator_2 to 2023-09-05T00:00:00+00:00, run_after=2023-09-06T00:00:00+00:00
[2023-09-06T04:32:50.500+0000] {logging_mixin.py:151} INFO - [2023-09-06T04:32:50.500+0000] {dag.py:3677} INFO - Setting next_dagrun for example_branch_datetime_operator_3 to 2023-09-05T00:00:00+00:00, run_after=2023-09-06T00:00:00+00:00
[2023-09-06T04:32:50.511+0000] {processor.py:179} INFO - Processing /home/airflow/.local/lib/python3.8/site-packages/airflow/example_dags/example_branch_datetime_operator.py took 0.062 seconds
[2023-09-06T04:33:20.756+0000] {processor.py:157} INFO - Started process (PID=166) to work on /home/airflow/.local/lib/python3.8/site-packages/airflow/example_dags/example_branch_datetime_operator.py
[2023-09-06T04:33:20.757+0000] {processor.py:829} INFO - Processing file /home/airflow/.local/lib/python3.8/site-packages/airflow/example_dags/example_branch_datetime_operator.py for tasks to queue
[2023-09-06T04:33:20.759+0000] {logging_mixin.py:151} INFO - [2023-09-06T04:33:20.758+0000] {dagbag.py:539} INFO - Filling up the DagBag from /home/airflow/.local/lib/python3.8/site-packages/airflow/example_dags/example_branch_datetime_operator.py
[2023-09-06T04:33:20.765+0000] {processor.py:839} INFO - DAG(s) dict_keys(['example_branch_datetime_operator_3', 'example_branch_datetime_operator', 'example_branch_datetime_operator_2']) retrieved from /home/airflow/.local/lib/python3.8/site-packages/airflow/example_dags/example_branch_datetime_operator.py
[2023-09-06T04:33:20.787+0000] {logging_mixin.py:151} INFO - [2023-09-06T04:33:20.786+0000] {dag.py:2907} INFO - Sync 3 DAGs
[2023-09-06T04:33:20.803+0000] {logging_mixin.py:151} INFO - [2023-09-06T04:33:20.802+0000] {dag.py:3677} INFO - Setting next_dagrun for example_branch_datetime_operator to 2023-09-05T00:00:00+00:00, run_after=2023-09-06T00:00:00+00:00
[2023-09-06T04:33:20.806+0000] {logging_mixin.py:151} INFO - [2023-09-06T04:33:20.806+0000] {dag.py:3677} INFO - Setting next_dagrun for example_branch_datetime_operator_2 to 2023-09-05T00:00:00+00:00, run_after=2023-09-06T00:00:00+00:00
[2023-09-06T04:33:20.807+0000] {logging_mixin.py:151} INFO - [2023-09-06T04:33:20.807+0000] {dag.py:3677} INFO - Setting next_dagrun for example_branch_datetime_operator_3 to 2023-09-05T00:00:00+00:00, run_after=2023-09-06T00:00:00+00:00
[2023-09-06T04:33:20.817+0000] {processor.py:179} INFO - Processing /home/airflow/.local/lib/python3.8/site-packages/airflow/example_dags/example_branch_datetime_operator.py took 0.064 seconds
[2023-09-06T04:33:50.950+0000] {processor.py:157} INFO - Started process (PID=220) to work on /home/airflow/.local/lib/python3.8/site-packages/airflow/example_dags/example_branch_datetime_operator.py
[2023-09-06T04:33:50.951+0000] {processor.py:829} INFO - Processing file /home/airflow/.local/lib/python3.8/site-packages/airflow/example_dags/example_branch_datetime_operator.py for tasks to queue
[2023-09-06T04:33:50.953+0000] {logging_mixin.py:151} INFO - [2023-09-06T04:33:50.952+0000] {dagbag.py:539} INFO - Filling up the DagBag from /home/airflow/.local/lib/python3.8/site-packages/airflow/example_dags/example_branch_datetime_operator.py
[2023-09-06T04:33:50.959+0000] {processor.py:839} INFO - DAG(s) dict_keys(['example_branch_datetime_operator', 'example_branch_datetime_operator_3', 'example_branch_datetime_operator_2']) retrieved from /home/airflow/.local/lib/python3.8/site-packages/airflow/example_dags/example_branch_datetime_operator.py
[2023-09-06T04:33:50.982+0000] {logging_mixin.py:151} INFO - [2023-09-06T04:33:50.981+0000] {dag.py:2907} INFO - Sync 3 DAGs
[2023-09-06T04:33:50.997+0000] {logging_mixin.py:151} INFO - [2023-09-06T04:33:50.997+0000] {dag.py:3677} INFO - Setting next_dagrun for example_branch_datetime_operator to 2023-09-05T00:00:00+00:00, run_after=2023-09-06T00:00:00+00:00
[2023-09-06T04:33:51.000+0000] {logging_mixin.py:151} INFO - [2023-09-06T04:33:51.000+0000] {dag.py:3677} INFO - Setting next_dagrun for example_branch_datetime_operator_2 to 2023-09-05T00:00:00+00:00, run_after=2023-09-06T00:00:00+00:00
[2023-09-06T04:33:51.002+0000] {logging_mixin.py:151} INFO - [2023-09-06T04:33:51.001+0000] {dag.py:3677} INFO - Setting next_dagrun for example_branch_datetime_operator_3 to 2023-09-05T00:00:00+00:00, run_after=2023-09-06T00:00:00+00:00
[2023-09-06T04:33:51.012+0000] {processor.py:179} INFO - Processing /home/airflow/.local/lib/python3.8/site-packages/airflow/example_dags/example_branch_datetime_operator.py took 0.064 seconds
[2023-09-06T04:34:21.233+0000] {processor.py:157} INFO - Started process (PID=274) to work on /home/airflow/.local/lib/python3.8/site-packages/airflow/example_dags/example_branch_datetime_operator.py
[2023-09-06T04:34:21.233+0000] {processor.py:829} INFO - Processing file /home/airflow/.local/lib/python3.8/site-packages/airflow/example_dags/example_branch_datetime_operator.py for tasks to queue
[2023-09-06T04:34:21.235+0000] {logging_mixin.py:151} INFO - [2023-09-06T04:34:21.235+0000] {dagbag.py:539} INFO - Filling up the DagBag from /home/airflow/.local/lib/python3.8/site-packages/airflow/example_dags/example_branch_datetime_operator.py
[2023-09-06T04:34:21.241+0000] {processor.py:839} INFO - DAG(s) dict_keys(['example_branch_datetime_operator_2', 'example_branch_datetime_operator_3', 'example_branch_datetime_operator']) retrieved from /home/airflow/.local/lib/python3.8/site-packages/airflow/example_dags/example_branch_datetime_operator.py
[2023-09-06T04:34:21.261+0000] {logging_mixin.py:151} INFO - [2023-09-06T04:34:21.261+0000] {dag.py:2907} INFO - Sync 3 DAGs
[2023-09-06T04:34:21.275+0000] {logging_mixin.py:151} INFO - [2023-09-06T04:34:21.275+0000] {dag.py:3677} INFO - Setting next_dagrun for example_branch_datetime_operator to 2023-09-05T00:00:00+00:00, run_after=2023-09-06T00:00:00+00:00
[2023-09-06T04:34:21.278+0000] {logging_mixin.py:151} INFO - [2023-09-06T04:34:21.278+0000] {dag.py:3677} INFO - Setting next_dagrun for example_branch_datetime_operator_2 to 2023-09-05T00:00:00+00:00, run_after=2023-09-06T00:00:00+00:00
[2023-09-06T04:34:21.279+0000] {logging_mixin.py:151} INFO - [2023-09-06T04:34:21.279+0000] {dag.py:3677} INFO - Setting next_dagrun for example_branch_datetime_operator_3 to 2023-09-05T00:00:00+00:00, run_after=2023-09-06T00:00:00+00:00
[2023-09-06T04:34:21.288+0000] {processor.py:179} INFO - Processing /home/airflow/.local/lib/python3.8/site-packages/airflow/example_dags/example_branch_datetime_operator.py took 0.058 seconds
[2023-09-06T04:34:51.388+0000] {processor.py:157} INFO - Started process (PID=328) to work on /home/airflow/.local/lib/python3.8/site-packages/airflow/example_dags/example_branch_datetime_operator.py
[2023-09-06T04:34:51.389+0000] {processor.py:829} INFO - Processing file /home/airflow/.local/lib/python3.8/site-packages/airflow/example_dags/example_branch_datetime_operator.py for tasks to queue
[2023-09-06T04:34:51.391+0000] {logging_mixin.py:151} INFO - [2023-09-06T04:34:51.391+0000] {dagbag.py:539} INFO - Filling up the DagBag from /home/airflow/.local/lib/python3.8/site-packages/airflow/example_dags/example_branch_datetime_operator.py
[2023-09-06T04:34:51.398+0000] {processor.py:839} INFO - DAG(s) dict_keys(['example_branch_datetime_operator_2', 'example_branch_datetime_operator', 'example_branch_datetime_operator_3']) retrieved from /home/airflow/.local/lib/python3.8/site-packages/airflow/example_dags/example_branch_datetime_operator.py
[2023-09-06T04:34:51.419+0000] {logging_mixin.py:151} INFO - [2023-09-06T04:34:51.419+0000] {dag.py:2907} INFO - Sync 3 DAGs
[2023-09-06T04:34:51.435+0000] {logging_mixin.py:151} INFO - [2023-09-06T04:34:51.434+0000] {dag.py:3677} INFO - Setting next_dagrun for example_branch_datetime_operator to 2023-09-05T00:00:00+00:00, run_after=2023-09-06T00:00:00+00:00
[2023-09-06T04:34:51.438+0000] {logging_mixin.py:151} INFO - [2023-09-06T04:34:51.437+0000] {dag.py:3677} INFO - Setting next_dagrun for example_branch_datetime_operator_2 to 2023-09-05T00:00:00+00:00, run_after=2023-09-06T00:00:00+00:00
[2023-09-06T04:34:51.439+0000] {logging_mixin.py:151} INFO - [2023-09-06T04:34:51.439+0000] {dag.py:3677} INFO - Setting next_dagrun for example_branch_datetime_operator_3 to 2023-09-05T00:00:00+00:00, run_after=2023-09-06T00:00:00+00:00
[2023-09-06T04:34:51.449+0000] {processor.py:179} INFO - Processing /home/airflow/.local/lib/python3.8/site-packages/airflow/example_dags/example_branch_datetime_operator.py took 0.064 seconds
[2023-09-06T04:35:21.655+0000] {processor.py:157} INFO - Started process (PID=382) to work on /home/airflow/.local/lib/python3.8/site-packages/airflow/example_dags/example_branch_datetime_operator.py
[2023-09-06T04:35:21.656+0000] {processor.py:829} INFO - Processing file /home/airflow/.local/lib/python3.8/site-packages/airflow/example_dags/example_branch_datetime_operator.py for tasks to queue
[2023-09-06T04:35:21.658+0000] {logging_mixin.py:151} INFO - [2023-09-06T04:35:21.658+0000] {dagbag.py:539} INFO - Filling up the DagBag from /home/airflow/.local/lib/python3.8/site-packages/airflow/example_dags/example_branch_datetime_operator.py
[2023-09-06T04:35:21.664+0000] {processor.py:839} INFO - DAG(s) dict_keys(['example_branch_datetime_operator_3', 'example_branch_datetime_operator_2', 'example_branch_datetime_operator']) retrieved from /home/airflow/.local/lib/python3.8/site-packages/airflow/example_dags/example_branch_datetime_operator.py
[2023-09-06T04:35:21.685+0000] {logging_mixin.py:151} INFO - [2023-09-06T04:35:21.685+0000] {dag.py:2907} INFO - Sync 3 DAGs
[2023-09-06T04:35:21.698+0000] {logging_mixin.py:151} INFO - [2023-09-06T04:35:21.698+0000] {dag.py:3677} INFO - Setting next_dagrun for example_branch_datetime_operator to 2023-09-05T00:00:00+00:00, run_after=2023-09-06T00:00:00+00:00
[2023-09-06T04:35:21.701+0000] {logging_mixin.py:151} INFO - [2023-09-06T04:35:21.701+0000] {dag.py:3677} INFO - Setting next_dagrun for example_branch_datetime_operator_2 to 2023-09-05T00:00:00+00:00, run_after=2023-09-06T00:00:00+00:00
[2023-09-06T04:35:21.702+0000] {logging_mixin.py:151} INFO - [2023-09-06T04:35:21.702+0000] {dag.py:3677} INFO - Setting next_dagrun for example_branch_datetime_operator_3 to 2023-09-05T00:00:00+00:00, run_after=2023-09-06T00:00:00+00:00
[2023-09-06T04:35:21.711+0000] {processor.py:179} INFO - Processing /home/airflow/.local/lib/python3.8/site-packages/airflow/example_dags/example_branch_datetime_operator.py took 0.058 seconds
[2023-09-06T04:35:51.858+0000] {processor.py:157} INFO - Started process (PID=436) to work on /home/airflow/.local/lib/python3.8/site-packages/airflow/example_dags/example_branch_datetime_operator.py
[2023-09-06T04:35:51.859+0000] {processor.py:829} INFO - Processing file /home/airflow/.local/lib/python3.8/site-packages/airflow/example_dags/example_branch_datetime_operator.py for tasks to queue
[2023-09-06T04:35:51.861+0000] {logging_mixin.py:151} INFO - [2023-09-06T04:35:51.861+0000] {dagbag.py:539} INFO - Filling up the DagBag from /home/airflow/.local/lib/python3.8/site-packages/airflow/example_dags/example_branch_datetime_operator.py
[2023-09-06T04:35:51.868+0000] {processor.py:839} INFO - DAG(s) dict_keys(['example_branch_datetime_operator', 'example_branch_datetime_operator_3', 'example_branch_datetime_operator_2']) retrieved from /home/airflow/.local/lib/python3.8/site-packages/airflow/example_dags/example_branch_datetime_operator.py
[2023-09-06T04:35:51.888+0000] {logging_mixin.py:151} INFO - [2023-09-06T04:35:51.888+0000] {dag.py:2907} INFO - Sync 3 DAGs
[2023-09-06T04:35:51.903+0000] {logging_mixin.py:151} INFO - [2023-09-06T04:35:51.903+0000] {dag.py:3677} INFO - Setting next_dagrun for example_branch_datetime_operator to 2023-09-05T00:00:00+00:00, run_after=2023-09-06T00:00:00+00:00
[2023-09-06T04:35:51.906+0000] {logging_mixin.py:151} INFO - [2023-09-06T04:35:51.906+0000] {dag.py:3677} INFO - Setting next_dagrun for example_branch_datetime_operator_2 to 2023-09-05T00:00:00+00:00, run_after=2023-09-06T00:00:00+00:00
[2023-09-06T04:35:51.907+0000] {logging_mixin.py:151} INFO - [2023-09-06T04:35:51.907+0000] {dag.py:3677} INFO - Setting next_dagrun for example_branch_datetime_operator_3 to 2023-09-05T00:00:00+00:00, run_after=2023-09-06T00:00:00+00:00
[2023-09-06T04:35:51.916+0000] {processor.py:179} INFO - Processing /home/airflow/.local/lib/python3.8/site-packages/airflow/example_dags/example_branch_datetime_operator.py took 0.060 seconds
[2023-09-06T04:36:22.053+0000] {processor.py:157} INFO - Started process (PID=490) to work on /home/airflow/.local/lib/python3.8/site-packages/airflow/example_dags/example_branch_datetime_operator.py
[2023-09-06T04:36:22.054+0000] {processor.py:829} INFO - Processing file /home/airflow/.local/lib/python3.8/site-packages/airflow/example_dags/example_branch_datetime_operator.py for tasks to queue
[2023-09-06T04:36:22.055+0000] {logging_mixin.py:151} INFO - [2023-09-06T04:36:22.055+0000] {dagbag.py:539} INFO - Filling up the DagBag from /home/airflow/.local/lib/python3.8/site-packages/airflow/example_dags/example_branch_datetime_operator.py
[2023-09-06T04:36:22.061+0000] {processor.py:839} INFO - DAG(s) dict_keys(['example_branch_datetime_operator', 'example_branch_datetime_operator_3', 'example_branch_datetime_operator_2']) retrieved from /home/airflow/.local/lib/python3.8/site-packages/airflow/example_dags/example_branch_datetime_operator.py
[2023-09-06T04:36:22.081+0000] {logging_mixin.py:151} INFO - [2023-09-06T04:36:22.080+0000] {dag.py:2907} INFO - Sync 3 DAGs
[2023-09-06T04:36:22.095+0000] {logging_mixin.py:151} INFO - [2023-09-06T04:36:22.095+0000] {dag.py:3677} INFO - Setting next_dagrun for example_branch_datetime_operator to 2023-09-05T00:00:00+00:00, run_after=2023-09-06T00:00:00+00:00
[2023-09-06T04:36:22.098+0000] {logging_mixin.py:151} INFO - [2023-09-06T04:36:22.097+0000] {dag.py:3677} INFO - Setting next_dagrun for example_branch_datetime_operator_2 to 2023-09-05T00:00:00+00:00, run_after=2023-09-06T00:00:00+00:00
[2023-09-06T04:36:22.099+0000] {logging_mixin.py:151} INFO - [2023-09-06T04:36:22.099+0000] {dag.py:3677} INFO - Setting next_dagrun for example_branch_datetime_operator_3 to 2023-09-05T00:00:00+00:00, run_after=2023-09-06T00:00:00+00:00
[2023-09-06T04:36:22.109+0000] {processor.py:179} INFO - Processing /home/airflow/.local/lib/python3.8/site-packages/airflow/example_dags/example_branch_datetime_operator.py took 0.059 seconds
[2023-09-06T04:36:53.071+0000] {processor.py:157} INFO - Started process (PID=544) to work on /home/airflow/.local/lib/python3.8/site-packages/airflow/example_dags/example_branch_datetime_operator.py
[2023-09-06T04:36:53.072+0000] {processor.py:829} INFO - Processing file /home/airflow/.local/lib/python3.8/site-packages/airflow/example_dags/example_branch_datetime_operator.py for tasks to queue
[2023-09-06T04:36:53.074+0000] {logging_mixin.py:151} INFO - [2023-09-06T04:36:53.074+0000] {dagbag.py:539} INFO - Filling up the DagBag from /home/airflow/.local/lib/python3.8/site-packages/airflow/example_dags/example_branch_datetime_operator.py
[2023-09-06T04:36:53.081+0000] {processor.py:839} INFO - DAG(s) dict_keys(['example_branch_datetime_operator', 'example_branch_datetime_operator_2', 'example_branch_datetime_operator_3']) retrieved from /home/airflow/.local/lib/python3.8/site-packages/airflow/example_dags/example_branch_datetime_operator.py
[2023-09-06T04:36:53.105+0000] {logging_mixin.py:151} INFO - [2023-09-06T04:36:53.105+0000] {dag.py:2907} INFO - Sync 3 DAGs
[2023-09-06T04:36:53.121+0000] {logging_mixin.py:151} INFO - [2023-09-06T04:36:53.121+0000] {dag.py:3677} INFO - Setting next_dagrun for example_branch_datetime_operator to 2023-09-05T00:00:00+00:00, run_after=2023-09-06T00:00:00+00:00
[2023-09-06T04:36:53.125+0000] {logging_mixin.py:151} INFO - [2023-09-06T04:36:53.125+0000] {dag.py:3677} INFO - Setting next_dagrun for example_branch_datetime_operator_2 to 2023-09-05T00:00:00+00:00, run_after=2023-09-06T00:00:00+00:00
[2023-09-06T04:36:53.127+0000] {logging_mixin.py:151} INFO - [2023-09-06T04:36:53.127+0000] {dag.py:3677} INFO - Setting next_dagrun for example_branch_datetime_operator_3 to 2023-09-05T00:00:00+00:00, run_after=2023-09-06T00:00:00+00:00
[2023-09-06T04:36:53.138+0000] {processor.py:179} INFO - Processing /home/airflow/.local/lib/python3.8/site-packages/airflow/example_dags/example_branch_datetime_operator.py took 0.070 seconds
[2023-09-06T04:37:23.269+0000] {processor.py:157} INFO - Started process (PID=598) to work on /home/airflow/.local/lib/python3.8/site-packages/airflow/example_dags/example_branch_datetime_operator.py
[2023-09-06T04:37:23.270+0000] {processor.py:829} INFO - Processing file /home/airflow/.local/lib/python3.8/site-packages/airflow/example_dags/example_branch_datetime_operator.py for tasks to queue
[2023-09-06T04:37:23.272+0000] {logging_mixin.py:151} INFO - [2023-09-06T04:37:23.271+0000] {dagbag.py:539} INFO - Filling up the DagBag from /home/airflow/.local/lib/python3.8/site-packages/airflow/example_dags/example_branch_datetime_operator.py
[2023-09-06T04:37:23.279+0000] {processor.py:839} INFO - DAG(s) dict_keys(['example_branch_datetime_operator_2', 'example_branch_datetime_operator', 'example_branch_datetime_operator_3']) retrieved from /home/airflow/.local/lib/python3.8/site-packages/airflow/example_dags/example_branch_datetime_operator.py
[2023-09-06T04:37:23.299+0000] {logging_mixin.py:151} INFO - [2023-09-06T04:37:23.298+0000] {dag.py:2907} INFO - Sync 3 DAGs
[2023-09-06T04:37:23.312+0000] {logging_mixin.py:151} INFO - [2023-09-06T04:37:23.312+0000] {dag.py:3677} INFO - Setting next_dagrun for example_branch_datetime_operator to 2023-09-05T00:00:00+00:00, run_after=2023-09-06T00:00:00+00:00
[2023-09-06T04:37:23.315+0000] {logging_mixin.py:151} INFO - [2023-09-06T04:37:23.315+0000] {dag.py:3677} INFO - Setting next_dagrun for example_branch_datetime_operator_2 to 2023-09-05T00:00:00+00:00, run_after=2023-09-06T00:00:00+00:00
[2023-09-06T04:37:23.317+0000] {logging_mixin.py:151} INFO - [2023-09-06T04:37:23.317+0000] {dag.py:3677} INFO - Setting next_dagrun for example_branch_datetime_operator_3 to 2023-09-05T00:00:00+00:00, run_after=2023-09-06T00:00:00+00:00
[2023-09-06T04:37:23.326+0000] {processor.py:179} INFO - Processing /home/airflow/.local/lib/python3.8/site-packages/airflow/example_dags/example_branch_datetime_operator.py took 0.060 seconds
[2023-09-06T04:37:53.513+0000] {processor.py:157} INFO - Started process (PID=652) to work on /home/airflow/.local/lib/python3.8/site-packages/airflow/example_dags/example_branch_datetime_operator.py
[2023-09-06T04:37:53.514+0000] {processor.py:829} INFO - Processing file /home/airflow/.local/lib/python3.8/site-packages/airflow/example_dags/example_branch_datetime_operator.py for tasks to queue
[2023-09-06T04:37:53.516+0000] {logging_mixin.py:151} INFO - [2023-09-06T04:37:53.515+0000] {dagbag.py:539} INFO - Filling up the DagBag from /home/airflow/.local/lib/python3.8/site-packages/airflow/example_dags/example_branch_datetime_operator.py
[2023-09-06T04:37:53.522+0000] {processor.py:839} INFO - DAG(s) dict_keys(['example_branch_datetime_operator_3', 'example_branch_datetime_operator', 'example_branch_datetime_operator_2']) retrieved from /home/airflow/.local/lib/python3.8/site-packages/airflow/example_dags/example_branch_datetime_operator.py
[2023-09-06T04:37:53.542+0000] {logging_mixin.py:151} INFO - [2023-09-06T04:37:53.542+0000] {dag.py:2907} INFO - Sync 3 DAGs
[2023-09-06T04:37:53.556+0000] {logging_mixin.py:151} INFO - [2023-09-06T04:37:53.556+0000] {dag.py:3677} INFO - Setting next_dagrun for example_branch_datetime_operator to 2023-09-05T00:00:00+00:00, run_after=2023-09-06T00:00:00+00:00
[2023-09-06T04:37:53.559+0000] {logging_mixin.py:151} INFO - [2023-09-06T04:37:53.559+0000] {dag.py:3677} INFO - Setting next_dagrun for example_branch_datetime_operator_2 to 2023-09-05T00:00:00+00:00, run_after=2023-09-06T00:00:00+00:00
[2023-09-06T04:37:53.561+0000] {logging_mixin.py:151} INFO - [2023-09-06T04:37:53.561+0000] {dag.py:3677} INFO - Setting next_dagrun for example_branch_datetime_operator_3 to 2023-09-05T00:00:00+00:00, run_after=2023-09-06T00:00:00+00:00
[2023-09-06T04:37:53.570+0000] {processor.py:179} INFO - Processing /home/airflow/.local/lib/python3.8/site-packages/airflow/example_dags/example_branch_datetime_operator.py took 0.059 seconds
