[2023-09-06T04:32:18.066+0000] {processor.py:157} INFO - Started process (PID=42) to work on /home/airflow/.local/lib/python3.8/site-packages/airflow/example_dags/example_trigger_controller_dag.py
[2023-09-06T04:32:18.067+0000] {processor.py:829} INFO - Processing file /home/airflow/.local/lib/python3.8/site-packages/airflow/example_dags/example_trigger_controller_dag.py for tasks to queue
[2023-09-06T04:32:18.071+0000] {logging_mixin.py:151} INFO - [2023-09-06T04:32:18.071+0000] {dagbag.py:539} INFO - Filling up the DagBag from /home/airflow/.local/lib/python3.8/site-packages/airflow/example_dags/example_trigger_controller_dag.py
[2023-09-06T04:32:18.081+0000] {processor.py:839} INFO - DAG(s) dict_keys(['example_trigger_controller_dag']) retrieved from /home/airflow/.local/lib/python3.8/site-packages/airflow/example_dags/example_trigger_controller_dag.py
[2023-09-06T04:32:18.161+0000] {logging_mixin.py:151} INFO - [2023-09-06T04:32:18.161+0000] {manager.py:501} INFO - Created Permission View: can edit on DAG:example_trigger_controller_dag
[2023-09-06T04:32:18.167+0000] {logging_mixin.py:151} INFO - [2023-09-06T04:32:18.167+0000] {manager.py:501} INFO - Created Permission View: can delete on DAG:example_trigger_controller_dag
[2023-09-06T04:32:18.171+0000] {logging_mixin.py:151} INFO - [2023-09-06T04:32:18.170+0000] {manager.py:501} INFO - Created Permission View: can read on DAG:example_trigger_controller_dag
[2023-09-06T04:32:18.178+0000] {logging_mixin.py:151} INFO - [2023-09-06T04:32:18.178+0000] {dag.py:2907} INFO - Sync 1 DAGs
[2023-09-06T04:32:18.185+0000] {logging_mixin.py:151} INFO - [2023-09-06T04:32:18.185+0000] {dag.py:2929} INFO - Creating ORM DAG for example_trigger_controller_dag
[2023-09-06T04:32:18.191+0000] {logging_mixin.py:151} INFO - [2023-09-06T04:32:18.191+0000] {dag.py:3677} INFO - Setting next_dagrun for example_trigger_controller_dag to 2021-01-01T00:00:00+00:00, run_after=2021-01-01T00:00:00+00:00
[2023-09-06T04:32:18.202+0000] {processor.py:179} INFO - Processing /home/airflow/.local/lib/python3.8/site-packages/airflow/example_dags/example_trigger_controller_dag.py took 0.139 seconds
[2023-09-06T04:32:48.793+0000] {processor.py:157} INFO - Started process (PID=96) to work on /home/airflow/.local/lib/python3.8/site-packages/airflow/example_dags/example_trigger_controller_dag.py
[2023-09-06T04:32:48.794+0000] {processor.py:829} INFO - Processing file /home/airflow/.local/lib/python3.8/site-packages/airflow/example_dags/example_trigger_controller_dag.py for tasks to queue
[2023-09-06T04:32:48.796+0000] {logging_mixin.py:151} INFO - [2023-09-06T04:32:48.795+0000] {dagbag.py:539} INFO - Filling up the DagBag from /home/airflow/.local/lib/python3.8/site-packages/airflow/example_dags/example_trigger_controller_dag.py
[2023-09-06T04:32:48.799+0000] {processor.py:839} INFO - DAG(s) dict_keys(['example_trigger_controller_dag']) retrieved from /home/airflow/.local/lib/python3.8/site-packages/airflow/example_dags/example_trigger_controller_dag.py
[2023-09-06T04:32:48.816+0000] {logging_mixin.py:151} INFO - [2023-09-06T04:32:48.816+0000] {dag.py:2907} INFO - Sync 1 DAGs
[2023-09-06T04:32:48.829+0000] {logging_mixin.py:151} INFO - [2023-09-06T04:32:48.829+0000] {dag.py:3677} INFO - Setting next_dagrun for example_trigger_controller_dag to 2021-01-01T00:00:00+00:00, run_after=2021-01-01T00:00:00+00:00
[2023-09-06T04:32:48.839+0000] {processor.py:179} INFO - Processing /home/airflow/.local/lib/python3.8/site-packages/airflow/example_dags/example_trigger_controller_dag.py took 0.049 seconds
[2023-09-06T04:33:19.104+0000] {processor.py:157} INFO - Started process (PID=150) to work on /home/airflow/.local/lib/python3.8/site-packages/airflow/example_dags/example_trigger_controller_dag.py
[2023-09-06T04:33:19.105+0000] {processor.py:829} INFO - Processing file /home/airflow/.local/lib/python3.8/site-packages/airflow/example_dags/example_trigger_controller_dag.py for tasks to queue
[2023-09-06T04:33:19.108+0000] {logging_mixin.py:151} INFO - [2023-09-06T04:33:19.107+0000] {dagbag.py:539} INFO - Filling up the DagBag from /home/airflow/.local/lib/python3.8/site-packages/airflow/example_dags/example_trigger_controller_dag.py
[2023-09-06T04:33:19.111+0000] {processor.py:839} INFO - DAG(s) dict_keys(['example_trigger_controller_dag']) retrieved from /home/airflow/.local/lib/python3.8/site-packages/airflow/example_dags/example_trigger_controller_dag.py
[2023-09-06T04:33:19.129+0000] {logging_mixin.py:151} INFO - [2023-09-06T04:33:19.128+0000] {dag.py:2907} INFO - Sync 1 DAGs
[2023-09-06T04:33:19.142+0000] {logging_mixin.py:151} INFO - [2023-09-06T04:33:19.142+0000] {dag.py:3677} INFO - Setting next_dagrun for example_trigger_controller_dag to 2021-01-01T00:00:00+00:00, run_after=2021-01-01T00:00:00+00:00
[2023-09-06T04:33:19.153+0000] {processor.py:179} INFO - Processing /home/airflow/.local/lib/python3.8/site-packages/airflow/example_dags/example_trigger_controller_dag.py took 0.051 seconds
[2023-09-06T04:33:49.191+0000] {processor.py:157} INFO - Started process (PID=204) to work on /home/airflow/.local/lib/python3.8/site-packages/airflow/example_dags/example_trigger_controller_dag.py
[2023-09-06T04:33:49.192+0000] {processor.py:829} INFO - Processing file /home/airflow/.local/lib/python3.8/site-packages/airflow/example_dags/example_trigger_controller_dag.py for tasks to queue
[2023-09-06T04:33:49.195+0000] {logging_mixin.py:151} INFO - [2023-09-06T04:33:49.194+0000] {dagbag.py:539} INFO - Filling up the DagBag from /home/airflow/.local/lib/python3.8/site-packages/airflow/example_dags/example_trigger_controller_dag.py
[2023-09-06T04:33:49.199+0000] {processor.py:839} INFO - DAG(s) dict_keys(['example_trigger_controller_dag']) retrieved from /home/airflow/.local/lib/python3.8/site-packages/airflow/example_dags/example_trigger_controller_dag.py
[2023-09-06T04:33:49.222+0000] {logging_mixin.py:151} INFO - [2023-09-06T04:33:49.221+0000] {dag.py:2907} INFO - Sync 1 DAGs
[2023-09-06T04:33:49.240+0000] {logging_mixin.py:151} INFO - [2023-09-06T04:33:49.239+0000] {dag.py:3677} INFO - Setting next_dagrun for example_trigger_controller_dag to 2021-01-01T00:00:00+00:00, run_after=2021-01-01T00:00:00+00:00
[2023-09-06T04:33:49.254+0000] {processor.py:179} INFO - Processing /home/airflow/.local/lib/python3.8/site-packages/airflow/example_dags/example_trigger_controller_dag.py took 0.066 seconds
[2023-09-06T04:34:19.399+0000] {processor.py:157} INFO - Started process (PID=258) to work on /home/airflow/.local/lib/python3.8/site-packages/airflow/example_dags/example_trigger_controller_dag.py
[2023-09-06T04:34:19.399+0000] {processor.py:829} INFO - Processing file /home/airflow/.local/lib/python3.8/site-packages/airflow/example_dags/example_trigger_controller_dag.py for tasks to queue
[2023-09-06T04:34:19.402+0000] {logging_mixin.py:151} INFO - [2023-09-06T04:34:19.401+0000] {dagbag.py:539} INFO - Filling up the DagBag from /home/airflow/.local/lib/python3.8/site-packages/airflow/example_dags/example_trigger_controller_dag.py
[2023-09-06T04:34:19.405+0000] {processor.py:839} INFO - DAG(s) dict_keys(['example_trigger_controller_dag']) retrieved from /home/airflow/.local/lib/python3.8/site-packages/airflow/example_dags/example_trigger_controller_dag.py
[2023-09-06T04:34:19.423+0000] {logging_mixin.py:151} INFO - [2023-09-06T04:34:19.422+0000] {dag.py:2907} INFO - Sync 1 DAGs
[2023-09-06T04:34:19.436+0000] {logging_mixin.py:151} INFO - [2023-09-06T04:34:19.436+0000] {dag.py:3677} INFO - Setting next_dagrun for example_trigger_controller_dag to 2021-01-01T00:00:00+00:00, run_after=2021-01-01T00:00:00+00:00
[2023-09-06T04:34:19.450+0000] {processor.py:179} INFO - Processing /home/airflow/.local/lib/python3.8/site-packages/airflow/example_dags/example_trigger_controller_dag.py took 0.054 seconds
[2023-09-06T04:34:49.663+0000] {processor.py:157} INFO - Started process (PID=312) to work on /home/airflow/.local/lib/python3.8/site-packages/airflow/example_dags/example_trigger_controller_dag.py
[2023-09-06T04:34:49.663+0000] {processor.py:829} INFO - Processing file /home/airflow/.local/lib/python3.8/site-packages/airflow/example_dags/example_trigger_controller_dag.py for tasks to queue
[2023-09-06T04:34:49.665+0000] {logging_mixin.py:151} INFO - [2023-09-06T04:34:49.665+0000] {dagbag.py:539} INFO - Filling up the DagBag from /home/airflow/.local/lib/python3.8/site-packages/airflow/example_dags/example_trigger_controller_dag.py
[2023-09-06T04:34:49.669+0000] {processor.py:839} INFO - DAG(s) dict_keys(['example_trigger_controller_dag']) retrieved from /home/airflow/.local/lib/python3.8/site-packages/airflow/example_dags/example_trigger_controller_dag.py
[2023-09-06T04:34:49.689+0000] {logging_mixin.py:151} INFO - [2023-09-06T04:34:49.689+0000] {dag.py:2907} INFO - Sync 1 DAGs
[2023-09-06T04:34:49.702+0000] {logging_mixin.py:151} INFO - [2023-09-06T04:34:49.702+0000] {dag.py:3677} INFO - Setting next_dagrun for example_trigger_controller_dag to 2021-01-01T00:00:00+00:00, run_after=2021-01-01T00:00:00+00:00
[2023-09-06T04:34:49.714+0000] {processor.py:179} INFO - Processing /home/airflow/.local/lib/python3.8/site-packages/airflow/example_dags/example_trigger_controller_dag.py took 0.054 seconds
[2023-09-06T04:35:19.791+0000] {processor.py:157} INFO - Started process (PID=366) to work on /home/airflow/.local/lib/python3.8/site-packages/airflow/example_dags/example_trigger_controller_dag.py
[2023-09-06T04:35:19.792+0000] {processor.py:829} INFO - Processing file /home/airflow/.local/lib/python3.8/site-packages/airflow/example_dags/example_trigger_controller_dag.py for tasks to queue
[2023-09-06T04:35:19.794+0000] {logging_mixin.py:151} INFO - [2023-09-06T04:35:19.793+0000] {dagbag.py:539} INFO - Filling up the DagBag from /home/airflow/.local/lib/python3.8/site-packages/airflow/example_dags/example_trigger_controller_dag.py
[2023-09-06T04:35:19.797+0000] {processor.py:839} INFO - DAG(s) dict_keys(['example_trigger_controller_dag']) retrieved from /home/airflow/.local/lib/python3.8/site-packages/airflow/example_dags/example_trigger_controller_dag.py
[2023-09-06T04:35:19.814+0000] {logging_mixin.py:151} INFO - [2023-09-06T04:35:19.814+0000] {dag.py:2907} INFO - Sync 1 DAGs
[2023-09-06T04:35:19.828+0000] {logging_mixin.py:151} INFO - [2023-09-06T04:35:19.828+0000] {dag.py:3677} INFO - Setting next_dagrun for example_trigger_controller_dag to 2021-01-01T00:00:00+00:00, run_after=2021-01-01T00:00:00+00:00
[2023-09-06T04:35:19.839+0000] {processor.py:179} INFO - Processing /home/airflow/.local/lib/python3.8/site-packages/airflow/example_dags/example_trigger_controller_dag.py took 0.051 seconds
[2023-09-06T04:35:50.181+0000] {processor.py:157} INFO - Started process (PID=420) to work on /home/airflow/.local/lib/python3.8/site-packages/airflow/example_dags/example_trigger_controller_dag.py
[2023-09-06T04:35:50.182+0000] {processor.py:829} INFO - Processing file /home/airflow/.local/lib/python3.8/site-packages/airflow/example_dags/example_trigger_controller_dag.py for tasks to queue
[2023-09-06T04:35:50.183+0000] {logging_mixin.py:151} INFO - [2023-09-06T04:35:50.183+0000] {dagbag.py:539} INFO - Filling up the DagBag from /home/airflow/.local/lib/python3.8/site-packages/airflow/example_dags/example_trigger_controller_dag.py
[2023-09-06T04:35:50.186+0000] {processor.py:839} INFO - DAG(s) dict_keys(['example_trigger_controller_dag']) retrieved from /home/airflow/.local/lib/python3.8/site-packages/airflow/example_dags/example_trigger_controller_dag.py
[2023-09-06T04:35:50.206+0000] {logging_mixin.py:151} INFO - [2023-09-06T04:35:50.205+0000] {dag.py:2907} INFO - Sync 1 DAGs
[2023-09-06T04:35:50.218+0000] {logging_mixin.py:151} INFO - [2023-09-06T04:35:50.218+0000] {dag.py:3677} INFO - Setting next_dagrun for example_trigger_controller_dag to 2021-01-01T00:00:00+00:00, run_after=2021-01-01T00:00:00+00:00
[2023-09-06T04:35:50.229+0000] {processor.py:179} INFO - Processing /home/airflow/.local/lib/python3.8/site-packages/airflow/example_dags/example_trigger_controller_dag.py took 0.051 seconds
[2023-09-06T04:36:20.384+0000] {processor.py:157} INFO - Started process (PID=474) to work on /home/airflow/.local/lib/python3.8/site-packages/airflow/example_dags/example_trigger_controller_dag.py
[2023-09-06T04:36:20.385+0000] {processor.py:829} INFO - Processing file /home/airflow/.local/lib/python3.8/site-packages/airflow/example_dags/example_trigger_controller_dag.py for tasks to queue
[2023-09-06T04:36:20.387+0000] {logging_mixin.py:151} INFO - [2023-09-06T04:36:20.386+0000] {dagbag.py:539} INFO - Filling up the DagBag from /home/airflow/.local/lib/python3.8/site-packages/airflow/example_dags/example_trigger_controller_dag.py
[2023-09-06T04:36:20.390+0000] {processor.py:839} INFO - DAG(s) dict_keys(['example_trigger_controller_dag']) retrieved from /home/airflow/.local/lib/python3.8/site-packages/airflow/example_dags/example_trigger_controller_dag.py
[2023-09-06T04:36:20.410+0000] {logging_mixin.py:151} INFO - [2023-09-06T04:36:20.410+0000] {dag.py:2907} INFO - Sync 1 DAGs
[2023-09-06T04:36:20.422+0000] {logging_mixin.py:151} INFO - [2023-09-06T04:36:20.422+0000] {dag.py:3677} INFO - Setting next_dagrun for example_trigger_controller_dag to 2021-01-01T00:00:00+00:00, run_after=2021-01-01T00:00:00+00:00
[2023-09-06T04:36:20.433+0000] {processor.py:179} INFO - Processing /home/airflow/.local/lib/python3.8/site-packages/airflow/example_dags/example_trigger_controller_dag.py took 0.052 seconds
[2023-09-06T04:36:51.369+0000] {processor.py:157} INFO - Started process (PID=528) to work on /home/airflow/.local/lib/python3.8/site-packages/airflow/example_dags/example_trigger_controller_dag.py
[2023-09-06T04:36:51.369+0000] {processor.py:829} INFO - Processing file /home/airflow/.local/lib/python3.8/site-packages/airflow/example_dags/example_trigger_controller_dag.py for tasks to queue
[2023-09-06T04:36:51.371+0000] {logging_mixin.py:151} INFO - [2023-09-06T04:36:51.371+0000] {dagbag.py:539} INFO - Filling up the DagBag from /home/airflow/.local/lib/python3.8/site-packages/airflow/example_dags/example_trigger_controller_dag.py
[2023-09-06T04:36:51.375+0000] {processor.py:839} INFO - DAG(s) dict_keys(['example_trigger_controller_dag']) retrieved from /home/airflow/.local/lib/python3.8/site-packages/airflow/example_dags/example_trigger_controller_dag.py
[2023-09-06T04:36:51.392+0000] {logging_mixin.py:151} INFO - [2023-09-06T04:36:51.392+0000] {dag.py:2907} INFO - Sync 1 DAGs
[2023-09-06T04:36:51.406+0000] {logging_mixin.py:151} INFO - [2023-09-06T04:36:51.406+0000] {dag.py:3677} INFO - Setting next_dagrun for example_trigger_controller_dag to 2021-01-01T00:00:00+00:00, run_after=2021-01-01T00:00:00+00:00
[2023-09-06T04:36:51.417+0000] {processor.py:179} INFO - Processing /home/airflow/.local/lib/python3.8/site-packages/airflow/example_dags/example_trigger_controller_dag.py took 0.051 seconds
[2023-09-06T04:37:21.574+0000] {processor.py:157} INFO - Started process (PID=582) to work on /home/airflow/.local/lib/python3.8/site-packages/airflow/example_dags/example_trigger_controller_dag.py
[2023-09-06T04:37:21.575+0000] {processor.py:829} INFO - Processing file /home/airflow/.local/lib/python3.8/site-packages/airflow/example_dags/example_trigger_controller_dag.py for tasks to queue
[2023-09-06T04:37:21.577+0000] {logging_mixin.py:151} INFO - [2023-09-06T04:37:21.577+0000] {dagbag.py:539} INFO - Filling up the DagBag from /home/airflow/.local/lib/python3.8/site-packages/airflow/example_dags/example_trigger_controller_dag.py
[2023-09-06T04:37:21.581+0000] {processor.py:839} INFO - DAG(s) dict_keys(['example_trigger_controller_dag']) retrieved from /home/airflow/.local/lib/python3.8/site-packages/airflow/example_dags/example_trigger_controller_dag.py
[2023-09-06T04:37:21.597+0000] {logging_mixin.py:151} INFO - [2023-09-06T04:37:21.597+0000] {dag.py:2907} INFO - Sync 1 DAGs
[2023-09-06T04:37:21.612+0000] {logging_mixin.py:151} INFO - [2023-09-06T04:37:21.612+0000] {dag.py:3677} INFO - Setting next_dagrun for example_trigger_controller_dag to 2021-01-01T00:00:00+00:00, run_after=2021-01-01T00:00:00+00:00
[2023-09-06T04:37:21.624+0000] {processor.py:179} INFO - Processing /home/airflow/.local/lib/python3.8/site-packages/airflow/example_dags/example_trigger_controller_dag.py took 0.052 seconds
[2023-09-06T04:37:51.842+0000] {processor.py:157} INFO - Started process (PID=636) to work on /home/airflow/.local/lib/python3.8/site-packages/airflow/example_dags/example_trigger_controller_dag.py
[2023-09-06T04:37:51.843+0000] {processor.py:829} INFO - Processing file /home/airflow/.local/lib/python3.8/site-packages/airflow/example_dags/example_trigger_controller_dag.py for tasks to queue
[2023-09-06T04:37:51.845+0000] {logging_mixin.py:151} INFO - [2023-09-06T04:37:51.845+0000] {dagbag.py:539} INFO - Filling up the DagBag from /home/airflow/.local/lib/python3.8/site-packages/airflow/example_dags/example_trigger_controller_dag.py
[2023-09-06T04:37:51.848+0000] {processor.py:839} INFO - DAG(s) dict_keys(['example_trigger_controller_dag']) retrieved from /home/airflow/.local/lib/python3.8/site-packages/airflow/example_dags/example_trigger_controller_dag.py
[2023-09-06T04:37:51.865+0000] {logging_mixin.py:151} INFO - [2023-09-06T04:37:51.865+0000] {dag.py:2907} INFO - Sync 1 DAGs
[2023-09-06T04:37:51.878+0000] {logging_mixin.py:151} INFO - [2023-09-06T04:37:51.878+0000] {dag.py:3677} INFO - Setting next_dagrun for example_trigger_controller_dag to 2021-01-01T00:00:00+00:00, run_after=2021-01-01T00:00:00+00:00
[2023-09-06T04:37:51.889+0000] {processor.py:179} INFO - Processing /home/airflow/.local/lib/python3.8/site-packages/airflow/example_dags/example_trigger_controller_dag.py took 0.049 seconds
