[2023-09-06T04:32:18.800+0000] {processor.py:157} INFO - Started process (PID=47) to work on /home/airflow/.local/lib/python3.8/site-packages/airflow/example_dags/example_latest_only_with_trigger.py
[2023-09-06T04:32:18.800+0000] {processor.py:829} INFO - Processing file /home/airflow/.local/lib/python3.8/site-packages/airflow/example_dags/example_latest_only_with_trigger.py for tasks to queue
[2023-09-06T04:32:18.802+0000] {logging_mixin.py:151} INFO - [2023-09-06T04:32:18.802+0000] {dagbag.py:539} INFO - Filling up the DagBag from /home/airflow/.local/lib/python3.8/site-packages/airflow/example_dags/example_latest_only_with_trigger.py
[2023-09-06T04:32:18.808+0000] {processor.py:839} INFO - DAG(s) dict_keys(['latest_only_with_trigger']) retrieved from /home/airflow/.local/lib/python3.8/site-packages/airflow/example_dags/example_latest_only_with_trigger.py
[2023-09-06T04:32:18.876+0000] {logging_mixin.py:151} INFO - [2023-09-06T04:32:18.876+0000] {manager.py:501} INFO - Created Permission View: can edit on DAG:latest_only_with_trigger
[2023-09-06T04:32:18.883+0000] {logging_mixin.py:151} INFO - [2023-09-06T04:32:18.883+0000] {manager.py:501} INFO - Created Permission View: can delete on DAG:latest_only_with_trigger
[2023-09-06T04:32:18.888+0000] {logging_mixin.py:151} INFO - [2023-09-06T04:32:18.887+0000] {manager.py:501} INFO - Created Permission View: can read on DAG:latest_only_with_trigger
[2023-09-06T04:32:18.895+0000] {logging_mixin.py:151} INFO - [2023-09-06T04:32:18.895+0000] {dag.py:2907} INFO - Sync 1 DAGs
[2023-09-06T04:32:18.903+0000] {logging_mixin.py:151} INFO - [2023-09-06T04:32:18.902+0000] {dag.py:2929} INFO - Creating ORM DAG for latest_only_with_trigger
[2023-09-06T04:32:18.910+0000] {logging_mixin.py:151} INFO - [2023-09-06T04:32:18.910+0000] {dag.py:3677} INFO - Setting next_dagrun for latest_only_with_trigger to 2023-09-06T00:32:18.909750+00:00, run_after=2023-09-06T04:32:18.909750+00:00
[2023-09-06T04:32:18.923+0000] {processor.py:179} INFO - Processing /home/airflow/.local/lib/python3.8/site-packages/airflow/example_dags/example_latest_only_with_trigger.py took 0.125 seconds
[2023-09-06T04:32:48.939+0000] {processor.py:157} INFO - Started process (PID=100) to work on /home/airflow/.local/lib/python3.8/site-packages/airflow/example_dags/example_latest_only_with_trigger.py
[2023-09-06T04:32:48.939+0000] {processor.py:829} INFO - Processing file /home/airflow/.local/lib/python3.8/site-packages/airflow/example_dags/example_latest_only_with_trigger.py for tasks to queue
[2023-09-06T04:32:48.941+0000] {logging_mixin.py:151} INFO - [2023-09-06T04:32:48.941+0000] {dagbag.py:539} INFO - Filling up the DagBag from /home/airflow/.local/lib/python3.8/site-packages/airflow/example_dags/example_latest_only_with_trigger.py
[2023-09-06T04:32:48.945+0000] {processor.py:839} INFO - DAG(s) dict_keys(['latest_only_with_trigger']) retrieved from /home/airflow/.local/lib/python3.8/site-packages/airflow/example_dags/example_latest_only_with_trigger.py
[2023-09-06T04:32:48.962+0000] {logging_mixin.py:151} INFO - [2023-09-06T04:32:48.961+0000] {dag.py:2907} INFO - Sync 1 DAGs
[2023-09-06T04:32:48.975+0000] {logging_mixin.py:151} INFO - [2023-09-06T04:32:48.975+0000] {dag.py:3677} INFO - Setting next_dagrun for latest_only_with_trigger to 2023-09-06T00:32:48.975076+00:00, run_after=2023-09-06T04:32:48.975076+00:00
[2023-09-06T04:32:48.984+0000] {processor.py:179} INFO - Processing /home/airflow/.local/lib/python3.8/site-packages/airflow/example_dags/example_latest_only_with_trigger.py took 0.048 seconds
[2023-09-06T04:33:19.236+0000] {processor.py:157} INFO - Started process (PID=154) to work on /home/airflow/.local/lib/python3.8/site-packages/airflow/example_dags/example_latest_only_with_trigger.py
[2023-09-06T04:33:19.237+0000] {processor.py:829} INFO - Processing file /home/airflow/.local/lib/python3.8/site-packages/airflow/example_dags/example_latest_only_with_trigger.py for tasks to queue
[2023-09-06T04:33:19.239+0000] {logging_mixin.py:151} INFO - [2023-09-06T04:33:19.239+0000] {dagbag.py:539} INFO - Filling up the DagBag from /home/airflow/.local/lib/python3.8/site-packages/airflow/example_dags/example_latest_only_with_trigger.py
[2023-09-06T04:33:19.243+0000] {processor.py:839} INFO - DAG(s) dict_keys(['latest_only_with_trigger']) retrieved from /home/airflow/.local/lib/python3.8/site-packages/airflow/example_dags/example_latest_only_with_trigger.py
[2023-09-06T04:33:19.261+0000] {logging_mixin.py:151} INFO - [2023-09-06T04:33:19.260+0000] {dag.py:2907} INFO - Sync 1 DAGs
[2023-09-06T04:33:19.275+0000] {logging_mixin.py:151} INFO - [2023-09-06T04:33:19.275+0000] {dag.py:3677} INFO - Setting next_dagrun for latest_only_with_trigger to 2023-09-06T00:33:19.275359+00:00, run_after=2023-09-06T04:33:19.275359+00:00
[2023-09-06T04:33:19.287+0000] {processor.py:179} INFO - Processing /home/airflow/.local/lib/python3.8/site-packages/airflow/example_dags/example_latest_only_with_trigger.py took 0.054 seconds
[2023-09-06T04:33:49.443+0000] {processor.py:157} INFO - Started process (PID=208) to work on /home/airflow/.local/lib/python3.8/site-packages/airflow/example_dags/example_latest_only_with_trigger.py
[2023-09-06T04:33:49.444+0000] {processor.py:829} INFO - Processing file /home/airflow/.local/lib/python3.8/site-packages/airflow/example_dags/example_latest_only_with_trigger.py for tasks to queue
[2023-09-06T04:33:49.446+0000] {logging_mixin.py:151} INFO - [2023-09-06T04:33:49.445+0000] {dagbag.py:539} INFO - Filling up the DagBag from /home/airflow/.local/lib/python3.8/site-packages/airflow/example_dags/example_latest_only_with_trigger.py
[2023-09-06T04:33:49.450+0000] {processor.py:839} INFO - DAG(s) dict_keys(['latest_only_with_trigger']) retrieved from /home/airflow/.local/lib/python3.8/site-packages/airflow/example_dags/example_latest_only_with_trigger.py
[2023-09-06T04:33:49.468+0000] {logging_mixin.py:151} INFO - [2023-09-06T04:33:49.467+0000] {dag.py:2907} INFO - Sync 1 DAGs
[2023-09-06T04:33:49.482+0000] {logging_mixin.py:151} INFO - [2023-09-06T04:33:49.482+0000] {dag.py:3677} INFO - Setting next_dagrun for latest_only_with_trigger to 2023-09-06T00:33:49.481797+00:00, run_after=2023-09-06T04:33:49.481797+00:00
[2023-09-06T04:33:49.495+0000] {processor.py:179} INFO - Processing /home/airflow/.local/lib/python3.8/site-packages/airflow/example_dags/example_latest_only_with_trigger.py took 0.055 seconds
[2023-09-06T04:34:19.537+0000] {processor.py:157} INFO - Started process (PID=262) to work on /home/airflow/.local/lib/python3.8/site-packages/airflow/example_dags/example_latest_only_with_trigger.py
[2023-09-06T04:34:19.538+0000] {processor.py:829} INFO - Processing file /home/airflow/.local/lib/python3.8/site-packages/airflow/example_dags/example_latest_only_with_trigger.py for tasks to queue
[2023-09-06T04:34:19.540+0000] {logging_mixin.py:151} INFO - [2023-09-06T04:34:19.540+0000] {dagbag.py:539} INFO - Filling up the DagBag from /home/airflow/.local/lib/python3.8/site-packages/airflow/example_dags/example_latest_only_with_trigger.py
[2023-09-06T04:34:19.544+0000] {processor.py:839} INFO - DAG(s) dict_keys(['latest_only_with_trigger']) retrieved from /home/airflow/.local/lib/python3.8/site-packages/airflow/example_dags/example_latest_only_with_trigger.py
[2023-09-06T04:34:19.560+0000] {logging_mixin.py:151} INFO - [2023-09-06T04:34:19.560+0000] {dag.py:2907} INFO - Sync 1 DAGs
[2023-09-06T04:34:19.573+0000] {logging_mixin.py:151} INFO - [2023-09-06T04:34:19.573+0000] {dag.py:3677} INFO - Setting next_dagrun for latest_only_with_trigger to 2023-09-06T00:34:19.572837+00:00, run_after=2023-09-06T04:34:19.572837+00:00
[2023-09-06T04:34:19.582+0000] {processor.py:179} INFO - Processing /home/airflow/.local/lib/python3.8/site-packages/airflow/example_dags/example_latest_only_with_trigger.py took 0.047 seconds
[2023-09-06T04:34:49.880+0000] {processor.py:157} INFO - Started process (PID=316) to work on /home/airflow/.local/lib/python3.8/site-packages/airflow/example_dags/example_latest_only_with_trigger.py
[2023-09-06T04:34:49.881+0000] {processor.py:829} INFO - Processing file /home/airflow/.local/lib/python3.8/site-packages/airflow/example_dags/example_latest_only_with_trigger.py for tasks to queue
[2023-09-06T04:34:49.883+0000] {logging_mixin.py:151} INFO - [2023-09-06T04:34:49.883+0000] {dagbag.py:539} INFO - Filling up the DagBag from /home/airflow/.local/lib/python3.8/site-packages/airflow/example_dags/example_latest_only_with_trigger.py
[2023-09-06T04:34:49.887+0000] {processor.py:839} INFO - DAG(s) dict_keys(['latest_only_with_trigger']) retrieved from /home/airflow/.local/lib/python3.8/site-packages/airflow/example_dags/example_latest_only_with_trigger.py
[2023-09-06T04:34:49.906+0000] {logging_mixin.py:151} INFO - [2023-09-06T04:34:49.906+0000] {dag.py:2907} INFO - Sync 1 DAGs
[2023-09-06T04:34:49.920+0000] {logging_mixin.py:151} INFO - [2023-09-06T04:34:49.920+0000] {dag.py:3677} INFO - Setting next_dagrun for latest_only_with_trigger to 2023-09-06T00:34:49.920256+00:00, run_after=2023-09-06T04:34:49.920256+00:00
[2023-09-06T04:34:49.934+0000] {processor.py:179} INFO - Processing /home/airflow/.local/lib/python3.8/site-packages/airflow/example_dags/example_latest_only_with_trigger.py took 0.056 seconds
[2023-09-06T04:35:20.008+0000] {processor.py:157} INFO - Started process (PID=370) to work on /home/airflow/.local/lib/python3.8/site-packages/airflow/example_dags/example_latest_only_with_trigger.py
[2023-09-06T04:35:20.008+0000] {processor.py:829} INFO - Processing file /home/airflow/.local/lib/python3.8/site-packages/airflow/example_dags/example_latest_only_with_trigger.py for tasks to queue
[2023-09-06T04:35:20.011+0000] {logging_mixin.py:151} INFO - [2023-09-06T04:35:20.010+0000] {dagbag.py:539} INFO - Filling up the DagBag from /home/airflow/.local/lib/python3.8/site-packages/airflow/example_dags/example_latest_only_with_trigger.py
[2023-09-06T04:35:20.015+0000] {processor.py:839} INFO - DAG(s) dict_keys(['latest_only_with_trigger']) retrieved from /home/airflow/.local/lib/python3.8/site-packages/airflow/example_dags/example_latest_only_with_trigger.py
[2023-09-06T04:35:20.033+0000] {logging_mixin.py:151} INFO - [2023-09-06T04:35:20.033+0000] {dag.py:2907} INFO - Sync 1 DAGs
[2023-09-06T04:35:20.048+0000] {logging_mixin.py:151} INFO - [2023-09-06T04:35:20.048+0000] {dag.py:3677} INFO - Setting next_dagrun for latest_only_with_trigger to 2023-09-06T00:35:20.047771+00:00, run_after=2023-09-06T04:35:20.047771+00:00
[2023-09-06T04:35:20.058+0000] {processor.py:179} INFO - Processing /home/airflow/.local/lib/python3.8/site-packages/airflow/example_dags/example_latest_only_with_trigger.py took 0.053 seconds
[2023-09-06T04:35:50.378+0000] {processor.py:157} INFO - Started process (PID=424) to work on /home/airflow/.local/lib/python3.8/site-packages/airflow/example_dags/example_latest_only_with_trigger.py
[2023-09-06T04:35:50.379+0000] {processor.py:829} INFO - Processing file /home/airflow/.local/lib/python3.8/site-packages/airflow/example_dags/example_latest_only_with_trigger.py for tasks to queue
[2023-09-06T04:35:50.381+0000] {logging_mixin.py:151} INFO - [2023-09-06T04:35:50.381+0000] {dagbag.py:539} INFO - Filling up the DagBag from /home/airflow/.local/lib/python3.8/site-packages/airflow/example_dags/example_latest_only_with_trigger.py
[2023-09-06T04:35:50.385+0000] {processor.py:839} INFO - DAG(s) dict_keys(['latest_only_with_trigger']) retrieved from /home/airflow/.local/lib/python3.8/site-packages/airflow/example_dags/example_latest_only_with_trigger.py
[2023-09-06T04:35:50.401+0000] {logging_mixin.py:151} INFO - [2023-09-06T04:35:50.401+0000] {dag.py:2907} INFO - Sync 1 DAGs
[2023-09-06T04:35:50.414+0000] {logging_mixin.py:151} INFO - [2023-09-06T04:35:50.413+0000] {dag.py:3677} INFO - Setting next_dagrun for latest_only_with_trigger to 2023-09-06T00:35:50.413718+00:00, run_after=2023-09-06T04:35:50.413718+00:00
[2023-09-06T04:35:50.424+0000] {processor.py:179} INFO - Processing /home/airflow/.local/lib/python3.8/site-packages/airflow/example_dags/example_latest_only_with_trigger.py took 0.048 seconds
[2023-09-06T04:36:20.574+0000] {processor.py:157} INFO - Started process (PID=478) to work on /home/airflow/.local/lib/python3.8/site-packages/airflow/example_dags/example_latest_only_with_trigger.py
[2023-09-06T04:36:20.574+0000] {processor.py:829} INFO - Processing file /home/airflow/.local/lib/python3.8/site-packages/airflow/example_dags/example_latest_only_with_trigger.py for tasks to queue
[2023-09-06T04:36:20.576+0000] {logging_mixin.py:151} INFO - [2023-09-06T04:36:20.576+0000] {dagbag.py:539} INFO - Filling up the DagBag from /home/airflow/.local/lib/python3.8/site-packages/airflow/example_dags/example_latest_only_with_trigger.py
[2023-09-06T04:36:20.580+0000] {processor.py:839} INFO - DAG(s) dict_keys(['latest_only_with_trigger']) retrieved from /home/airflow/.local/lib/python3.8/site-packages/airflow/example_dags/example_latest_only_with_trigger.py
[2023-09-06T04:36:20.597+0000] {logging_mixin.py:151} INFO - [2023-09-06T04:36:20.597+0000] {dag.py:2907} INFO - Sync 1 DAGs
[2023-09-06T04:36:20.610+0000] {logging_mixin.py:151} INFO - [2023-09-06T04:36:20.610+0000] {dag.py:3677} INFO - Setting next_dagrun for latest_only_with_trigger to 2023-09-06T00:36:20.610447+00:00, run_after=2023-09-06T04:36:20.610447+00:00
[2023-09-06T04:36:20.621+0000] {processor.py:179} INFO - Processing /home/airflow/.local/lib/python3.8/site-packages/airflow/example_dags/example_latest_only_with_trigger.py took 0.050 seconds
[2023-09-06T04:36:51.505+0000] {processor.py:157} INFO - Started process (PID=532) to work on /home/airflow/.local/lib/python3.8/site-packages/airflow/example_dags/example_latest_only_with_trigger.py
[2023-09-06T04:36:51.505+0000] {processor.py:829} INFO - Processing file /home/airflow/.local/lib/python3.8/site-packages/airflow/example_dags/example_latest_only_with_trigger.py for tasks to queue
[2023-09-06T04:36:51.508+0000] {logging_mixin.py:151} INFO - [2023-09-06T04:36:51.508+0000] {dagbag.py:539} INFO - Filling up the DagBag from /home/airflow/.local/lib/python3.8/site-packages/airflow/example_dags/example_latest_only_with_trigger.py
[2023-09-06T04:36:51.512+0000] {processor.py:839} INFO - DAG(s) dict_keys(['latest_only_with_trigger']) retrieved from /home/airflow/.local/lib/python3.8/site-packages/airflow/example_dags/example_latest_only_with_trigger.py
[2023-09-06T04:36:51.528+0000] {logging_mixin.py:151} INFO - [2023-09-06T04:36:51.528+0000] {dag.py:2907} INFO - Sync 1 DAGs
[2023-09-06T04:36:51.541+0000] {logging_mixin.py:151} INFO - [2023-09-06T04:36:51.541+0000] {dag.py:3677} INFO - Setting next_dagrun for latest_only_with_trigger to 2023-09-06T00:36:51.541369+00:00, run_after=2023-09-06T04:36:51.541369+00:00
[2023-09-06T04:36:51.551+0000] {processor.py:179} INFO - Processing /home/airflow/.local/lib/python3.8/site-packages/airflow/example_dags/example_latest_only_with_trigger.py took 0.048 seconds
[2023-09-06T04:37:21.709+0000] {processor.py:157} INFO - Started process (PID=586) to work on /home/airflow/.local/lib/python3.8/site-packages/airflow/example_dags/example_latest_only_with_trigger.py
[2023-09-06T04:37:21.710+0000] {processor.py:829} INFO - Processing file /home/airflow/.local/lib/python3.8/site-packages/airflow/example_dags/example_latest_only_with_trigger.py for tasks to queue
[2023-09-06T04:37:21.712+0000] {logging_mixin.py:151} INFO - [2023-09-06T04:37:21.712+0000] {dagbag.py:539} INFO - Filling up the DagBag from /home/airflow/.local/lib/python3.8/site-packages/airflow/example_dags/example_latest_only_with_trigger.py
[2023-09-06T04:37:21.716+0000] {processor.py:839} INFO - DAG(s) dict_keys(['latest_only_with_trigger']) retrieved from /home/airflow/.local/lib/python3.8/site-packages/airflow/example_dags/example_latest_only_with_trigger.py
[2023-09-06T04:37:21.732+0000] {logging_mixin.py:151} INFO - [2023-09-06T04:37:21.731+0000] {dag.py:2907} INFO - Sync 1 DAGs
[2023-09-06T04:37:21.747+0000] {logging_mixin.py:151} INFO - [2023-09-06T04:37:21.746+0000] {dag.py:3677} INFO - Setting next_dagrun for latest_only_with_trigger to 2023-09-06T00:37:21.746657+00:00, run_after=2023-09-06T04:37:21.746657+00:00
[2023-09-06T04:37:21.756+0000] {processor.py:179} INFO - Processing /home/airflow/.local/lib/python3.8/site-packages/airflow/example_dags/example_latest_only_with_trigger.py took 0.050 seconds
[2023-09-06T04:37:51.970+0000] {processor.py:157} INFO - Started process (PID=640) to work on /home/airflow/.local/lib/python3.8/site-packages/airflow/example_dags/example_latest_only_with_trigger.py
[2023-09-06T04:37:51.970+0000] {processor.py:829} INFO - Processing file /home/airflow/.local/lib/python3.8/site-packages/airflow/example_dags/example_latest_only_with_trigger.py for tasks to queue
[2023-09-06T04:37:51.973+0000] {logging_mixin.py:151} INFO - [2023-09-06T04:37:51.972+0000] {dagbag.py:539} INFO - Filling up the DagBag from /home/airflow/.local/lib/python3.8/site-packages/airflow/example_dags/example_latest_only_with_trigger.py
[2023-09-06T04:37:51.976+0000] {processor.py:839} INFO - DAG(s) dict_keys(['latest_only_with_trigger']) retrieved from /home/airflow/.local/lib/python3.8/site-packages/airflow/example_dags/example_latest_only_with_trigger.py
[2023-09-06T04:37:51.992+0000] {logging_mixin.py:151} INFO - [2023-09-06T04:37:51.992+0000] {dag.py:2907} INFO - Sync 1 DAGs
[2023-09-06T04:37:52.006+0000] {logging_mixin.py:151} INFO - [2023-09-06T04:37:52.006+0000] {dag.py:3677} INFO - Setting next_dagrun for latest_only_with_trigger to 2023-09-06T00:37:52.005911+00:00, run_after=2023-09-06T04:37:52.005911+00:00
[2023-09-06T04:37:52.017+0000] {processor.py:179} INFO - Processing /home/airflow/.local/lib/python3.8/site-packages/airflow/example_dags/example_latest_only_with_trigger.py took 0.050 seconds
