[2023-09-06T04:32:19.853+0000] {processor.py:157} INFO - Started process (PID=60) to work on /home/airflow/.local/lib/python3.8/site-packages/airflow/example_dags/example_branch_python_dop_operator_3.py
[2023-09-06T04:32:19.854+0000] {processor.py:829} INFO - Processing file /home/airflow/.local/lib/python3.8/site-packages/airflow/example_dags/example_branch_python_dop_operator_3.py for tasks to queue
[2023-09-06T04:32:19.856+0000] {logging_mixin.py:151} INFO - [2023-09-06T04:32:19.856+0000] {dagbag.py:539} INFO - Filling up the DagBag from /home/airflow/.local/lib/python3.8/site-packages/airflow/example_dags/example_branch_python_dop_operator_3.py
[2023-09-06T04:32:19.865+0000] {processor.py:839} INFO - DAG(s) dict_keys(['example_branch_dop_operator_v3']) retrieved from /home/airflow/.local/lib/python3.8/site-packages/airflow/example_dags/example_branch_python_dop_operator_3.py
[2023-09-06T04:32:19.932+0000] {logging_mixin.py:151} INFO - [2023-09-06T04:32:19.932+0000] {manager.py:501} INFO - Created Permission View: can edit on DAG:example_branch_dop_operator_v3
[2023-09-06T04:32:19.938+0000] {logging_mixin.py:151} INFO - [2023-09-06T04:32:19.938+0000] {manager.py:501} INFO - Created Permission View: can delete on DAG:example_branch_dop_operator_v3
[2023-09-06T04:32:19.942+0000] {logging_mixin.py:151} INFO - [2023-09-06T04:32:19.942+0000] {manager.py:501} INFO - Created Permission View: can read on DAG:example_branch_dop_operator_v3
[2023-09-06T04:32:19.950+0000] {logging_mixin.py:151} INFO - [2023-09-06T04:32:19.950+0000] {dag.py:2907} INFO - Sync 1 DAGs
[2023-09-06T04:32:19.959+0000] {logging_mixin.py:151} INFO - [2023-09-06T04:32:19.959+0000] {dag.py:2929} INFO - Creating ORM DAG for example_branch_dop_operator_v3
[2023-09-06T04:32:19.969+0000] {logging_mixin.py:151} INFO - [2023-09-06T04:32:19.969+0000] {dag.py:3677} INFO - Setting next_dagrun for example_branch_dop_operator_v3 to 2023-09-06T04:31:00+00:00, run_after=2023-09-06T04:32:00+00:00
[2023-09-06T04:32:19.981+0000] {processor.py:179} INFO - Processing /home/airflow/.local/lib/python3.8/site-packages/airflow/example_dags/example_branch_python_dop_operator_3.py took 0.130 seconds
[2023-09-06T04:32:50.529+0000] {processor.py:157} INFO - Started process (PID=114) to work on /home/airflow/.local/lib/python3.8/site-packages/airflow/example_dags/example_branch_python_dop_operator_3.py
[2023-09-06T04:32:50.529+0000] {processor.py:829} INFO - Processing file /home/airflow/.local/lib/python3.8/site-packages/airflow/example_dags/example_branch_python_dop_operator_3.py for tasks to queue
[2023-09-06T04:32:50.531+0000] {logging_mixin.py:151} INFO - [2023-09-06T04:32:50.531+0000] {dagbag.py:539} INFO - Filling up the DagBag from /home/airflow/.local/lib/python3.8/site-packages/airflow/example_dags/example_branch_python_dop_operator_3.py
[2023-09-06T04:32:50.537+0000] {processor.py:839} INFO - DAG(s) dict_keys(['example_branch_dop_operator_v3']) retrieved from /home/airflow/.local/lib/python3.8/site-packages/airflow/example_dags/example_branch_python_dop_operator_3.py
[2023-09-06T04:32:50.554+0000] {logging_mixin.py:151} INFO - [2023-09-06T04:32:50.554+0000] {dag.py:2907} INFO - Sync 1 DAGs
[2023-09-06T04:32:50.570+0000] {logging_mixin.py:151} INFO - [2023-09-06T04:32:50.570+0000] {dag.py:3677} INFO - Setting next_dagrun for example_branch_dop_operator_v3 to 2023-09-06T04:31:00+00:00, run_after=2023-09-06T04:32:00+00:00
[2023-09-06T04:32:50.581+0000] {processor.py:179} INFO - Processing /home/airflow/.local/lib/python3.8/site-packages/airflow/example_dags/example_branch_python_dop_operator_3.py took 0.055 seconds
[2023-09-06T04:33:20.837+0000] {processor.py:157} INFO - Started process (PID=168) to work on /home/airflow/.local/lib/python3.8/site-packages/airflow/example_dags/example_branch_python_dop_operator_3.py
[2023-09-06T04:33:20.838+0000] {processor.py:829} INFO - Processing file /home/airflow/.local/lib/python3.8/site-packages/airflow/example_dags/example_branch_python_dop_operator_3.py for tasks to queue
[2023-09-06T04:33:20.839+0000] {logging_mixin.py:151} INFO - [2023-09-06T04:33:20.839+0000] {dagbag.py:539} INFO - Filling up the DagBag from /home/airflow/.local/lib/python3.8/site-packages/airflow/example_dags/example_branch_python_dop_operator_3.py
[2023-09-06T04:33:20.846+0000] {processor.py:839} INFO - DAG(s) dict_keys(['example_branch_dop_operator_v3']) retrieved from /home/airflow/.local/lib/python3.8/site-packages/airflow/example_dags/example_branch_python_dop_operator_3.py
[2023-09-06T04:33:20.864+0000] {logging_mixin.py:151} INFO - [2023-09-06T04:33:20.863+0000] {dag.py:2907} INFO - Sync 1 DAGs
[2023-09-06T04:33:20.880+0000] {logging_mixin.py:151} INFO - [2023-09-06T04:33:20.880+0000] {dag.py:3677} INFO - Setting next_dagrun for example_branch_dop_operator_v3 to 2023-09-06T04:32:00+00:00, run_after=2023-09-06T04:33:00+00:00
[2023-09-06T04:33:20.892+0000] {processor.py:179} INFO - Processing /home/airflow/.local/lib/python3.8/site-packages/airflow/example_dags/example_branch_python_dop_operator_3.py took 0.058 seconds
[2023-09-06T04:33:51.029+0000] {processor.py:157} INFO - Started process (PID=222) to work on /home/airflow/.local/lib/python3.8/site-packages/airflow/example_dags/example_branch_python_dop_operator_3.py
[2023-09-06T04:33:51.030+0000] {processor.py:829} INFO - Processing file /home/airflow/.local/lib/python3.8/site-packages/airflow/example_dags/example_branch_python_dop_operator_3.py for tasks to queue
[2023-09-06T04:33:51.032+0000] {logging_mixin.py:151} INFO - [2023-09-06T04:33:51.031+0000] {dagbag.py:539} INFO - Filling up the DagBag from /home/airflow/.local/lib/python3.8/site-packages/airflow/example_dags/example_branch_python_dop_operator_3.py
[2023-09-06T04:33:51.038+0000] {processor.py:839} INFO - DAG(s) dict_keys(['example_branch_dop_operator_v3']) retrieved from /home/airflow/.local/lib/python3.8/site-packages/airflow/example_dags/example_branch_python_dop_operator_3.py
[2023-09-06T04:33:51.055+0000] {logging_mixin.py:151} INFO - [2023-09-06T04:33:51.055+0000] {dag.py:2907} INFO - Sync 1 DAGs
[2023-09-06T04:33:51.071+0000] {logging_mixin.py:151} INFO - [2023-09-06T04:33:51.071+0000] {dag.py:3677} INFO - Setting next_dagrun for example_branch_dop_operator_v3 to 2023-09-06T04:32:00+00:00, run_after=2023-09-06T04:33:00+00:00
[2023-09-06T04:33:51.081+0000] {processor.py:179} INFO - Processing /home/airflow/.local/lib/python3.8/site-packages/airflow/example_dags/example_branch_python_dop_operator_3.py took 0.055 seconds
[2023-09-06T04:34:21.312+0000] {processor.py:157} INFO - Started process (PID=276) to work on /home/airflow/.local/lib/python3.8/site-packages/airflow/example_dags/example_branch_python_dop_operator_3.py
[2023-09-06T04:34:21.313+0000] {processor.py:829} INFO - Processing file /home/airflow/.local/lib/python3.8/site-packages/airflow/example_dags/example_branch_python_dop_operator_3.py for tasks to queue
[2023-09-06T04:34:21.315+0000] {logging_mixin.py:151} INFO - [2023-09-06T04:34:21.314+0000] {dagbag.py:539} INFO - Filling up the DagBag from /home/airflow/.local/lib/python3.8/site-packages/airflow/example_dags/example_branch_python_dop_operator_3.py
[2023-09-06T04:34:21.321+0000] {processor.py:839} INFO - DAG(s) dict_keys(['example_branch_dop_operator_v3']) retrieved from /home/airflow/.local/lib/python3.8/site-packages/airflow/example_dags/example_branch_python_dop_operator_3.py
[2023-09-06T04:34:21.336+0000] {logging_mixin.py:151} INFO - [2023-09-06T04:34:21.336+0000] {dag.py:2907} INFO - Sync 1 DAGs
[2023-09-06T04:34:21.352+0000] {logging_mixin.py:151} INFO - [2023-09-06T04:34:21.352+0000] {dag.py:3677} INFO - Setting next_dagrun for example_branch_dop_operator_v3 to 2023-09-06T04:33:00+00:00, run_after=2023-09-06T04:34:00+00:00
[2023-09-06T04:34:21.364+0000] {processor.py:179} INFO - Processing /home/airflow/.local/lib/python3.8/site-packages/airflow/example_dags/example_branch_python_dop_operator_3.py took 0.054 seconds
[2023-09-06T04:34:51.424+0000] {processor.py:157} INFO - Started process (PID=329) to work on /home/airflow/.local/lib/python3.8/site-packages/airflow/example_dags/example_branch_python_dop_operator_3.py
[2023-09-06T04:34:51.424+0000] {processor.py:829} INFO - Processing file /home/airflow/.local/lib/python3.8/site-packages/airflow/example_dags/example_branch_python_dop_operator_3.py for tasks to queue
[2023-09-06T04:34:51.426+0000] {logging_mixin.py:151} INFO - [2023-09-06T04:34:51.426+0000] {dagbag.py:539} INFO - Filling up the DagBag from /home/airflow/.local/lib/python3.8/site-packages/airflow/example_dags/example_branch_python_dop_operator_3.py
[2023-09-06T04:34:51.433+0000] {processor.py:839} INFO - DAG(s) dict_keys(['example_branch_dop_operator_v3']) retrieved from /home/airflow/.local/lib/python3.8/site-packages/airflow/example_dags/example_branch_python_dop_operator_3.py
[2023-09-06T04:34:51.450+0000] {logging_mixin.py:151} INFO - [2023-09-06T04:34:51.449+0000] {dag.py:2907} INFO - Sync 1 DAGs
[2023-09-06T04:34:51.466+0000] {logging_mixin.py:151} INFO - [2023-09-06T04:34:51.466+0000] {dag.py:3677} INFO - Setting next_dagrun for example_branch_dop_operator_v3 to 2023-09-06T04:33:00+00:00, run_after=2023-09-06T04:34:00+00:00
[2023-09-06T04:34:51.480+0000] {processor.py:179} INFO - Processing /home/airflow/.local/lib/python3.8/site-packages/airflow/example_dags/example_branch_python_dop_operator_3.py took 0.059 seconds
[2023-09-06T04:35:21.727+0000] {processor.py:157} INFO - Started process (PID=383) to work on /home/airflow/.local/lib/python3.8/site-packages/airflow/example_dags/example_branch_python_dop_operator_3.py
[2023-09-06T04:35:21.728+0000] {processor.py:829} INFO - Processing file /home/airflow/.local/lib/python3.8/site-packages/airflow/example_dags/example_branch_python_dop_operator_3.py for tasks to queue
[2023-09-06T04:35:21.730+0000] {logging_mixin.py:151} INFO - [2023-09-06T04:35:21.729+0000] {dagbag.py:539} INFO - Filling up the DagBag from /home/airflow/.local/lib/python3.8/site-packages/airflow/example_dags/example_branch_python_dop_operator_3.py
[2023-09-06T04:35:21.735+0000] {processor.py:839} INFO - DAG(s) dict_keys(['example_branch_dop_operator_v3']) retrieved from /home/airflow/.local/lib/python3.8/site-packages/airflow/example_dags/example_branch_python_dop_operator_3.py
[2023-09-06T04:35:21.751+0000] {logging_mixin.py:151} INFO - [2023-09-06T04:35:21.751+0000] {dag.py:2907} INFO - Sync 1 DAGs
[2023-09-06T04:35:21.765+0000] {logging_mixin.py:151} INFO - [2023-09-06T04:35:21.765+0000] {dag.py:3677} INFO - Setting next_dagrun for example_branch_dop_operator_v3 to 2023-09-06T04:34:00+00:00, run_after=2023-09-06T04:35:00+00:00
[2023-09-06T04:35:21.776+0000] {processor.py:179} INFO - Processing /home/airflow/.local/lib/python3.8/site-packages/airflow/example_dags/example_branch_python_dop_operator_3.py took 0.051 seconds
[2023-09-06T04:35:51.891+0000] {processor.py:157} INFO - Started process (PID=437) to work on /home/airflow/.local/lib/python3.8/site-packages/airflow/example_dags/example_branch_python_dop_operator_3.py
[2023-09-06T04:35:51.891+0000] {processor.py:829} INFO - Processing file /home/airflow/.local/lib/python3.8/site-packages/airflow/example_dags/example_branch_python_dop_operator_3.py for tasks to queue
[2023-09-06T04:35:51.893+0000] {logging_mixin.py:151} INFO - [2023-09-06T04:35:51.893+0000] {dagbag.py:539} INFO - Filling up the DagBag from /home/airflow/.local/lib/python3.8/site-packages/airflow/example_dags/example_branch_python_dop_operator_3.py
[2023-09-06T04:35:51.899+0000] {processor.py:839} INFO - DAG(s) dict_keys(['example_branch_dop_operator_v3']) retrieved from /home/airflow/.local/lib/python3.8/site-packages/airflow/example_dags/example_branch_python_dop_operator_3.py
[2023-09-06T04:35:51.915+0000] {logging_mixin.py:151} INFO - [2023-09-06T04:35:51.914+0000] {dag.py:2907} INFO - Sync 1 DAGs
[2023-09-06T04:35:51.930+0000] {logging_mixin.py:151} INFO - [2023-09-06T04:35:51.930+0000] {dag.py:3677} INFO - Setting next_dagrun for example_branch_dop_operator_v3 to 2023-09-06T04:34:00+00:00, run_after=2023-09-06T04:35:00+00:00
[2023-09-06T04:35:51.941+0000] {processor.py:179} INFO - Processing /home/airflow/.local/lib/python3.8/site-packages/airflow/example_dags/example_branch_python_dop_operator_3.py took 0.053 seconds
[2023-09-06T04:36:22.126+0000] {processor.py:157} INFO - Started process (PID=492) to work on /home/airflow/.local/lib/python3.8/site-packages/airflow/example_dags/example_branch_python_dop_operator_3.py
[2023-09-06T04:36:22.127+0000] {processor.py:829} INFO - Processing file /home/airflow/.local/lib/python3.8/site-packages/airflow/example_dags/example_branch_python_dop_operator_3.py for tasks to queue
[2023-09-06T04:36:22.129+0000] {logging_mixin.py:151} INFO - [2023-09-06T04:36:22.129+0000] {dagbag.py:539} INFO - Filling up the DagBag from /home/airflow/.local/lib/python3.8/site-packages/airflow/example_dags/example_branch_python_dop_operator_3.py
[2023-09-06T04:36:22.135+0000] {processor.py:839} INFO - DAG(s) dict_keys(['example_branch_dop_operator_v3']) retrieved from /home/airflow/.local/lib/python3.8/site-packages/airflow/example_dags/example_branch_python_dop_operator_3.py
[2023-09-06T04:36:22.152+0000] {logging_mixin.py:151} INFO - [2023-09-06T04:36:22.152+0000] {dag.py:2907} INFO - Sync 1 DAGs
[2023-09-06T04:36:22.168+0000] {logging_mixin.py:151} INFO - [2023-09-06T04:36:22.168+0000] {dag.py:3677} INFO - Setting next_dagrun for example_branch_dop_operator_v3 to 2023-09-06T04:35:00+00:00, run_after=2023-09-06T04:36:00+00:00
[2023-09-06T04:36:22.180+0000] {processor.py:179} INFO - Processing /home/airflow/.local/lib/python3.8/site-packages/airflow/example_dags/example_branch_python_dop_operator_3.py took 0.056 seconds
[2023-09-06T04:36:53.158+0000] {processor.py:157} INFO - Started process (PID=546) to work on /home/airflow/.local/lib/python3.8/site-packages/airflow/example_dags/example_branch_python_dop_operator_3.py
[2023-09-06T04:36:53.159+0000] {processor.py:829} INFO - Processing file /home/airflow/.local/lib/python3.8/site-packages/airflow/example_dags/example_branch_python_dop_operator_3.py for tasks to queue
[2023-09-06T04:36:53.161+0000] {logging_mixin.py:151} INFO - [2023-09-06T04:36:53.161+0000] {dagbag.py:539} INFO - Filling up the DagBag from /home/airflow/.local/lib/python3.8/site-packages/airflow/example_dags/example_branch_python_dop_operator_3.py
[2023-09-06T04:36:53.168+0000] {processor.py:839} INFO - DAG(s) dict_keys(['example_branch_dop_operator_v3']) retrieved from /home/airflow/.local/lib/python3.8/site-packages/airflow/example_dags/example_branch_python_dop_operator_3.py
[2023-09-06T04:36:53.187+0000] {logging_mixin.py:151} INFO - [2023-09-06T04:36:53.186+0000] {dag.py:2907} INFO - Sync 1 DAGs
[2023-09-06T04:36:53.205+0000] {logging_mixin.py:151} INFO - [2023-09-06T04:36:53.205+0000] {dag.py:3677} INFO - Setting next_dagrun for example_branch_dop_operator_v3 to 2023-09-06T04:35:00+00:00, run_after=2023-09-06T04:36:00+00:00
[2023-09-06T04:36:53.218+0000] {processor.py:179} INFO - Processing /home/airflow/.local/lib/python3.8/site-packages/airflow/example_dags/example_branch_python_dop_operator_3.py took 0.063 seconds
[2023-09-06T04:37:23.345+0000] {processor.py:157} INFO - Started process (PID=600) to work on /home/airflow/.local/lib/python3.8/site-packages/airflow/example_dags/example_branch_python_dop_operator_3.py
[2023-09-06T04:37:23.346+0000] {processor.py:829} INFO - Processing file /home/airflow/.local/lib/python3.8/site-packages/airflow/example_dags/example_branch_python_dop_operator_3.py for tasks to queue
[2023-09-06T04:37:23.347+0000] {logging_mixin.py:151} INFO - [2023-09-06T04:37:23.347+0000] {dagbag.py:539} INFO - Filling up the DagBag from /home/airflow/.local/lib/python3.8/site-packages/airflow/example_dags/example_branch_python_dop_operator_3.py
[2023-09-06T04:37:23.354+0000] {processor.py:839} INFO - DAG(s) dict_keys(['example_branch_dop_operator_v3']) retrieved from /home/airflow/.local/lib/python3.8/site-packages/airflow/example_dags/example_branch_python_dop_operator_3.py
[2023-09-06T04:37:23.370+0000] {logging_mixin.py:151} INFO - [2023-09-06T04:37:23.370+0000] {dag.py:2907} INFO - Sync 1 DAGs
[2023-09-06T04:37:23.385+0000] {logging_mixin.py:151} INFO - [2023-09-06T04:37:23.384+0000] {dag.py:3677} INFO - Setting next_dagrun for example_branch_dop_operator_v3 to 2023-09-06T04:36:00+00:00, run_after=2023-09-06T04:37:00+00:00
[2023-09-06T04:37:23.395+0000] {processor.py:179} INFO - Processing /home/airflow/.local/lib/python3.8/site-packages/airflow/example_dags/example_branch_python_dop_operator_3.py took 0.052 seconds
[2023-09-06T04:37:53.587+0000] {processor.py:157} INFO - Started process (PID=654) to work on /home/airflow/.local/lib/python3.8/site-packages/airflow/example_dags/example_branch_python_dop_operator_3.py
[2023-09-06T04:37:53.588+0000] {processor.py:829} INFO - Processing file /home/airflow/.local/lib/python3.8/site-packages/airflow/example_dags/example_branch_python_dop_operator_3.py for tasks to queue
[2023-09-06T04:37:53.590+0000] {logging_mixin.py:151} INFO - [2023-09-06T04:37:53.589+0000] {dagbag.py:539} INFO - Filling up the DagBag from /home/airflow/.local/lib/python3.8/site-packages/airflow/example_dags/example_branch_python_dop_operator_3.py
[2023-09-06T04:37:53.596+0000] {processor.py:839} INFO - DAG(s) dict_keys(['example_branch_dop_operator_v3']) retrieved from /home/airflow/.local/lib/python3.8/site-packages/airflow/example_dags/example_branch_python_dop_operator_3.py
[2023-09-06T04:37:53.612+0000] {logging_mixin.py:151} INFO - [2023-09-06T04:37:53.612+0000] {dag.py:2907} INFO - Sync 1 DAGs
[2023-09-06T04:37:53.628+0000] {logging_mixin.py:151} INFO - [2023-09-06T04:37:53.628+0000] {dag.py:3677} INFO - Setting next_dagrun for example_branch_dop_operator_v3 to 2023-09-06T04:36:00+00:00, run_after=2023-09-06T04:37:00+00:00
[2023-09-06T04:37:53.640+0000] {processor.py:179} INFO - Processing /home/airflow/.local/lib/python3.8/site-packages/airflow/example_dags/example_branch_python_dop_operator_3.py took 0.055 seconds
