[2023-09-06T04:32:17.078+0000] {processor.py:157} INFO - Started process (PID=34) to work on /home/airflow/.local/lib/python3.8/site-packages/airflow/example_dags/example_python_operator.py
[2023-09-06T04:32:17.079+0000] {processor.py:829} INFO - Processing file /home/airflow/.local/lib/python3.8/site-packages/airflow/example_dags/example_python_operator.py for tasks to queue
[2023-09-06T04:32:17.081+0000] {logging_mixin.py:151} INFO - [2023-09-06T04:32:17.081+0000] {dagbag.py:539} INFO - Filling up the DagBag from /home/airflow/.local/lib/python3.8/site-packages/airflow/example_dags/example_python_operator.py
[2023-09-06T04:32:17.091+0000] {processor.py:839} INFO - DAG(s) dict_keys(['example_python_operator']) retrieved from /home/airflow/.local/lib/python3.8/site-packages/airflow/example_dags/example_python_operator.py
[2023-09-06T04:32:17.198+0000] {logging_mixin.py:151} INFO - [2023-09-06T04:32:17.198+0000] {manager.py:501} INFO - Created Permission View: can edit on DAG:example_python_operator
[2023-09-06T04:32:17.205+0000] {logging_mixin.py:151} INFO - [2023-09-06T04:32:17.205+0000] {manager.py:501} INFO - Created Permission View: can delete on DAG:example_python_operator
[2023-09-06T04:32:17.208+0000] {logging_mixin.py:151} INFO - [2023-09-06T04:32:17.208+0000] {manager.py:501} INFO - Created Permission View: can read on DAG:example_python_operator
[2023-09-06T04:32:17.216+0000] {logging_mixin.py:151} INFO - [2023-09-06T04:32:17.215+0000] {dag.py:2907} INFO - Sync 1 DAGs
[2023-09-06T04:32:17.222+0000] {logging_mixin.py:151} INFO - [2023-09-06T04:32:17.222+0000] {dag.py:2929} INFO - Creating ORM DAG for example_python_operator
[2023-09-06T04:32:17.222+0000] {logging_mixin.py:151} INFO - [2023-09-06T04:32:17.222+0000] {dag.py:3677} INFO - Setting next_dagrun for example_python_operator to None, run_after=None
[2023-09-06T04:32:17.232+0000] {processor.py:179} INFO - Processing /home/airflow/.local/lib/python3.8/site-packages/airflow/example_dags/example_python_operator.py took 0.158 seconds
[2023-09-06T04:32:47.509+0000] {processor.py:157} INFO - Started process (PID=88) to work on /home/airflow/.local/lib/python3.8/site-packages/airflow/example_dags/example_python_operator.py
[2023-09-06T04:32:47.510+0000] {processor.py:829} INFO - Processing file /home/airflow/.local/lib/python3.8/site-packages/airflow/example_dags/example_python_operator.py for tasks to queue
[2023-09-06T04:32:47.512+0000] {logging_mixin.py:151} INFO - [2023-09-06T04:32:47.512+0000] {dagbag.py:539} INFO - Filling up the DagBag from /home/airflow/.local/lib/python3.8/site-packages/airflow/example_dags/example_python_operator.py
[2023-09-06T04:32:47.519+0000] {processor.py:839} INFO - DAG(s) dict_keys(['example_python_operator']) retrieved from /home/airflow/.local/lib/python3.8/site-packages/airflow/example_dags/example_python_operator.py
[2023-09-06T04:32:47.539+0000] {logging_mixin.py:151} INFO - [2023-09-06T04:32:47.539+0000] {dag.py:2907} INFO - Sync 1 DAGs
[2023-09-06T04:32:47.548+0000] {logging_mixin.py:151} INFO - [2023-09-06T04:32:47.548+0000] {dag.py:3677} INFO - Setting next_dagrun for example_python_operator to None, run_after=None
[2023-09-06T04:32:47.560+0000] {processor.py:179} INFO - Processing /home/airflow/.local/lib/python3.8/site-packages/airflow/example_dags/example_python_operator.py took 0.053 seconds
[2023-09-06T04:33:17.696+0000] {processor.py:157} INFO - Started process (PID=142) to work on /home/airflow/.local/lib/python3.8/site-packages/airflow/example_dags/example_python_operator.py
[2023-09-06T04:33:17.697+0000] {processor.py:829} INFO - Processing file /home/airflow/.local/lib/python3.8/site-packages/airflow/example_dags/example_python_operator.py for tasks to queue
[2023-09-06T04:33:17.699+0000] {logging_mixin.py:151} INFO - [2023-09-06T04:33:17.698+0000] {dagbag.py:539} INFO - Filling up the DagBag from /home/airflow/.local/lib/python3.8/site-packages/airflow/example_dags/example_python_operator.py
[2023-09-06T04:33:17.705+0000] {processor.py:839} INFO - DAG(s) dict_keys(['example_python_operator']) retrieved from /home/airflow/.local/lib/python3.8/site-packages/airflow/example_dags/example_python_operator.py
[2023-09-06T04:33:17.724+0000] {logging_mixin.py:151} INFO - [2023-09-06T04:33:17.723+0000] {dag.py:2907} INFO - Sync 1 DAGs
[2023-09-06T04:33:17.732+0000] {logging_mixin.py:151} INFO - [2023-09-06T04:33:17.732+0000] {dag.py:3677} INFO - Setting next_dagrun for example_python_operator to None, run_after=None
[2023-09-06T04:33:17.748+0000] {processor.py:179} INFO - Processing /home/airflow/.local/lib/python3.8/site-packages/airflow/example_dags/example_python_operator.py took 0.054 seconds
[2023-09-06T04:33:47.850+0000] {processor.py:157} INFO - Started process (PID=196) to work on /home/airflow/.local/lib/python3.8/site-packages/airflow/example_dags/example_python_operator.py
[2023-09-06T04:33:47.850+0000] {processor.py:829} INFO - Processing file /home/airflow/.local/lib/python3.8/site-packages/airflow/example_dags/example_python_operator.py for tasks to queue
[2023-09-06T04:33:47.852+0000] {logging_mixin.py:151} INFO - [2023-09-06T04:33:47.852+0000] {dagbag.py:539} INFO - Filling up the DagBag from /home/airflow/.local/lib/python3.8/site-packages/airflow/example_dags/example_python_operator.py
[2023-09-06T04:33:47.859+0000] {processor.py:839} INFO - DAG(s) dict_keys(['example_python_operator']) retrieved from /home/airflow/.local/lib/python3.8/site-packages/airflow/example_dags/example_python_operator.py
[2023-09-06T04:33:47.876+0000] {logging_mixin.py:151} INFO - [2023-09-06T04:33:47.876+0000] {dag.py:2907} INFO - Sync 1 DAGs
[2023-09-06T04:33:47.884+0000] {logging_mixin.py:151} INFO - [2023-09-06T04:33:47.884+0000] {dag.py:3677} INFO - Setting next_dagrun for example_python_operator to None, run_after=None
[2023-09-06T04:33:47.894+0000] {processor.py:179} INFO - Processing /home/airflow/.local/lib/python3.8/site-packages/airflow/example_dags/example_python_operator.py took 0.047 seconds
[2023-09-06T04:34:18.058+0000] {processor.py:157} INFO - Started process (PID=250) to work on /home/airflow/.local/lib/python3.8/site-packages/airflow/example_dags/example_python_operator.py
[2023-09-06T04:34:18.059+0000] {processor.py:829} INFO - Processing file /home/airflow/.local/lib/python3.8/site-packages/airflow/example_dags/example_python_operator.py for tasks to queue
[2023-09-06T04:34:18.061+0000] {logging_mixin.py:151} INFO - [2023-09-06T04:34:18.060+0000] {dagbag.py:539} INFO - Filling up the DagBag from /home/airflow/.local/lib/python3.8/site-packages/airflow/example_dags/example_python_operator.py
[2023-09-06T04:34:18.068+0000] {processor.py:839} INFO - DAG(s) dict_keys(['example_python_operator']) retrieved from /home/airflow/.local/lib/python3.8/site-packages/airflow/example_dags/example_python_operator.py
[2023-09-06T04:34:18.086+0000] {logging_mixin.py:151} INFO - [2023-09-06T04:34:18.086+0000] {dag.py:2907} INFO - Sync 1 DAGs
[2023-09-06T04:34:18.094+0000] {logging_mixin.py:151} INFO - [2023-09-06T04:34:18.094+0000] {dag.py:3677} INFO - Setting next_dagrun for example_python_operator to None, run_after=None
[2023-09-06T04:34:18.105+0000] {processor.py:179} INFO - Processing /home/airflow/.local/lib/python3.8/site-packages/airflow/example_dags/example_python_operator.py took 0.049 seconds
[2023-09-06T04:34:48.354+0000] {processor.py:157} INFO - Started process (PID=304) to work on /home/airflow/.local/lib/python3.8/site-packages/airflow/example_dags/example_python_operator.py
[2023-09-06T04:34:48.354+0000] {processor.py:829} INFO - Processing file /home/airflow/.local/lib/python3.8/site-packages/airflow/example_dags/example_python_operator.py for tasks to queue
[2023-09-06T04:34:48.356+0000] {logging_mixin.py:151} INFO - [2023-09-06T04:34:48.356+0000] {dagbag.py:539} INFO - Filling up the DagBag from /home/airflow/.local/lib/python3.8/site-packages/airflow/example_dags/example_python_operator.py
[2023-09-06T04:34:48.363+0000] {processor.py:839} INFO - DAG(s) dict_keys(['example_python_operator']) retrieved from /home/airflow/.local/lib/python3.8/site-packages/airflow/example_dags/example_python_operator.py
[2023-09-06T04:34:48.384+0000] {logging_mixin.py:151} INFO - [2023-09-06T04:34:48.383+0000] {dag.py:2907} INFO - Sync 1 DAGs
[2023-09-06T04:34:48.392+0000] {logging_mixin.py:151} INFO - [2023-09-06T04:34:48.392+0000] {dag.py:3677} INFO - Setting next_dagrun for example_python_operator to None, run_after=None
[2023-09-06T04:34:48.404+0000] {processor.py:179} INFO - Processing /home/airflow/.local/lib/python3.8/site-packages/airflow/example_dags/example_python_operator.py took 0.053 seconds
[2023-09-06T04:35:18.493+0000] {processor.py:157} INFO - Started process (PID=358) to work on /home/airflow/.local/lib/python3.8/site-packages/airflow/example_dags/example_python_operator.py
[2023-09-06T04:35:18.494+0000] {processor.py:829} INFO - Processing file /home/airflow/.local/lib/python3.8/site-packages/airflow/example_dags/example_python_operator.py for tasks to queue
[2023-09-06T04:35:18.496+0000] {logging_mixin.py:151} INFO - [2023-09-06T04:35:18.496+0000] {dagbag.py:539} INFO - Filling up the DagBag from /home/airflow/.local/lib/python3.8/site-packages/airflow/example_dags/example_python_operator.py
[2023-09-06T04:35:18.503+0000] {processor.py:839} INFO - DAG(s) dict_keys(['example_python_operator']) retrieved from /home/airflow/.local/lib/python3.8/site-packages/airflow/example_dags/example_python_operator.py
[2023-09-06T04:35:18.522+0000] {logging_mixin.py:151} INFO - [2023-09-06T04:35:18.521+0000] {dag.py:2907} INFO - Sync 1 DAGs
[2023-09-06T04:35:18.530+0000] {logging_mixin.py:151} INFO - [2023-09-06T04:35:18.530+0000] {dag.py:3677} INFO - Setting next_dagrun for example_python_operator to None, run_after=None
[2023-09-06T04:35:18.541+0000] {processor.py:179} INFO - Processing /home/airflow/.local/lib/python3.8/site-packages/airflow/example_dags/example_python_operator.py took 0.050 seconds
[2023-09-06T04:35:48.859+0000] {processor.py:157} INFO - Started process (PID=412) to work on /home/airflow/.local/lib/python3.8/site-packages/airflow/example_dags/example_python_operator.py
[2023-09-06T04:35:48.860+0000] {processor.py:829} INFO - Processing file /home/airflow/.local/lib/python3.8/site-packages/airflow/example_dags/example_python_operator.py for tasks to queue
[2023-09-06T04:35:48.861+0000] {logging_mixin.py:151} INFO - [2023-09-06T04:35:48.861+0000] {dagbag.py:539} INFO - Filling up the DagBag from /home/airflow/.local/lib/python3.8/site-packages/airflow/example_dags/example_python_operator.py
[2023-09-06T04:35:48.869+0000] {processor.py:839} INFO - DAG(s) dict_keys(['example_python_operator']) retrieved from /home/airflow/.local/lib/python3.8/site-packages/airflow/example_dags/example_python_operator.py
[2023-09-06T04:35:48.888+0000] {logging_mixin.py:151} INFO - [2023-09-06T04:35:48.888+0000] {dag.py:2907} INFO - Sync 1 DAGs
[2023-09-06T04:35:48.897+0000] {logging_mixin.py:151} INFO - [2023-09-06T04:35:48.897+0000] {dag.py:3677} INFO - Setting next_dagrun for example_python_operator to None, run_after=None
[2023-09-06T04:35:48.910+0000] {processor.py:179} INFO - Processing /home/airflow/.local/lib/python3.8/site-packages/airflow/example_dags/example_python_operator.py took 0.054 seconds
[2023-09-06T04:36:18.952+0000] {processor.py:157} INFO - Started process (PID=466) to work on /home/airflow/.local/lib/python3.8/site-packages/airflow/example_dags/example_python_operator.py
[2023-09-06T04:36:18.952+0000] {processor.py:829} INFO - Processing file /home/airflow/.local/lib/python3.8/site-packages/airflow/example_dags/example_python_operator.py for tasks to queue
[2023-09-06T04:36:18.954+0000] {logging_mixin.py:151} INFO - [2023-09-06T04:36:18.954+0000] {dagbag.py:539} INFO - Filling up the DagBag from /home/airflow/.local/lib/python3.8/site-packages/airflow/example_dags/example_python_operator.py
[2023-09-06T04:36:18.961+0000] {processor.py:839} INFO - DAG(s) dict_keys(['example_python_operator']) retrieved from /home/airflow/.local/lib/python3.8/site-packages/airflow/example_dags/example_python_operator.py
[2023-09-06T04:36:18.978+0000] {logging_mixin.py:151} INFO - [2023-09-06T04:36:18.978+0000] {dag.py:2907} INFO - Sync 1 DAGs
[2023-09-06T04:36:18.985+0000] {logging_mixin.py:151} INFO - [2023-09-06T04:36:18.985+0000] {dag.py:3677} INFO - Setting next_dagrun for example_python_operator to None, run_after=None
[2023-09-06T04:36:18.995+0000] {processor.py:179} INFO - Processing /home/airflow/.local/lib/python3.8/site-packages/airflow/example_dags/example_python_operator.py took 0.046 seconds
[2023-09-06T04:36:49.061+0000] {processor.py:157} INFO - Started process (PID=520) to work on /home/airflow/.local/lib/python3.8/site-packages/airflow/example_dags/example_python_operator.py
[2023-09-06T04:36:49.062+0000] {processor.py:829} INFO - Processing file /home/airflow/.local/lib/python3.8/site-packages/airflow/example_dags/example_python_operator.py for tasks to queue
[2023-09-06T04:36:49.063+0000] {logging_mixin.py:151} INFO - [2023-09-06T04:36:49.063+0000] {dagbag.py:539} INFO - Filling up the DagBag from /home/airflow/.local/lib/python3.8/site-packages/airflow/example_dags/example_python_operator.py
[2023-09-06T04:36:49.070+0000] {processor.py:839} INFO - DAG(s) dict_keys(['example_python_operator']) retrieved from /home/airflow/.local/lib/python3.8/site-packages/airflow/example_dags/example_python_operator.py
[2023-09-06T04:36:49.088+0000] {logging_mixin.py:151} INFO - [2023-09-06T04:36:49.088+0000] {dag.py:2907} INFO - Sync 1 DAGs
[2023-09-06T04:36:49.096+0000] {logging_mixin.py:151} INFO - [2023-09-06T04:36:49.096+0000] {dag.py:3677} INFO - Setting next_dagrun for example_python_operator to None, run_after=None
[2023-09-06T04:36:49.107+0000] {processor.py:179} INFO - Processing /home/airflow/.local/lib/python3.8/site-packages/airflow/example_dags/example_python_operator.py took 0.049 seconds
[2023-09-06T04:37:19.220+0000] {processor.py:157} INFO - Started process (PID=574) to work on /home/airflow/.local/lib/python3.8/site-packages/airflow/example_dags/example_python_operator.py
[2023-09-06T04:37:19.221+0000] {processor.py:829} INFO - Processing file /home/airflow/.local/lib/python3.8/site-packages/airflow/example_dags/example_python_operator.py for tasks to queue
[2023-09-06T04:37:19.226+0000] {logging_mixin.py:151} INFO - [2023-09-06T04:37:19.225+0000] {dagbag.py:539} INFO - Filling up the DagBag from /home/airflow/.local/lib/python3.8/site-packages/airflow/example_dags/example_python_operator.py
[2023-09-06T04:37:19.236+0000] {processor.py:839} INFO - DAG(s) dict_keys(['example_python_operator']) retrieved from /home/airflow/.local/lib/python3.8/site-packages/airflow/example_dags/example_python_operator.py
[2023-09-06T04:37:19.263+0000] {logging_mixin.py:151} INFO - [2023-09-06T04:37:19.262+0000] {dag.py:2907} INFO - Sync 1 DAGs
[2023-09-06T04:37:19.274+0000] {logging_mixin.py:151} INFO - [2023-09-06T04:37:19.274+0000] {dag.py:3677} INFO - Setting next_dagrun for example_python_operator to None, run_after=None
[2023-09-06T04:37:19.287+0000] {processor.py:179} INFO - Processing /home/airflow/.local/lib/python3.8/site-packages/airflow/example_dags/example_python_operator.py took 0.070 seconds
[2023-09-06T04:37:49.480+0000] {processor.py:157} INFO - Started process (PID=628) to work on /home/airflow/.local/lib/python3.8/site-packages/airflow/example_dags/example_python_operator.py
[2023-09-06T04:37:49.480+0000] {processor.py:829} INFO - Processing file /home/airflow/.local/lib/python3.8/site-packages/airflow/example_dags/example_python_operator.py for tasks to queue
[2023-09-06T04:37:49.482+0000] {logging_mixin.py:151} INFO - [2023-09-06T04:37:49.482+0000] {dagbag.py:539} INFO - Filling up the DagBag from /home/airflow/.local/lib/python3.8/site-packages/airflow/example_dags/example_python_operator.py
[2023-09-06T04:37:49.489+0000] {processor.py:839} INFO - DAG(s) dict_keys(['example_python_operator']) retrieved from /home/airflow/.local/lib/python3.8/site-packages/airflow/example_dags/example_python_operator.py
[2023-09-06T04:37:49.509+0000] {logging_mixin.py:151} INFO - [2023-09-06T04:37:49.508+0000] {dag.py:2907} INFO - Sync 1 DAGs
[2023-09-06T04:37:49.518+0000] {logging_mixin.py:151} INFO - [2023-09-06T04:37:49.518+0000] {dag.py:3677} INFO - Setting next_dagrun for example_python_operator to None, run_after=None
[2023-09-06T04:37:49.530+0000] {processor.py:179} INFO - Processing /home/airflow/.local/lib/python3.8/site-packages/airflow/example_dags/example_python_operator.py took 0.053 seconds
