[2023-09-06T04:32:20.437+0000] {processor.py:157} INFO - Started process (PID=68) to work on /home/airflow/.local/lib/python3.8/site-packages/airflow/example_dags/example_dynamic_task_mapping_with_no_taskflow_operators.py
[2023-09-06T04:32:20.438+0000] {processor.py:829} INFO - Processing file /home/airflow/.local/lib/python3.8/site-packages/airflow/example_dags/example_dynamic_task_mapping_with_no_taskflow_operators.py for tasks to queue
[2023-09-06T04:32:20.440+0000] {logging_mixin.py:151} INFO - [2023-09-06T04:32:20.440+0000] {dagbag.py:539} INFO - Filling up the DagBag from /home/airflow/.local/lib/python3.8/site-packages/airflow/example_dags/example_dynamic_task_mapping_with_no_taskflow_operators.py
[2023-09-06T04:32:20.448+0000] {processor.py:839} INFO - DAG(s) dict_keys(['example_dynamic_task_mapping_with_no_taskflow_operators']) retrieved from /home/airflow/.local/lib/python3.8/site-packages/airflow/example_dags/example_dynamic_task_mapping_with_no_taskflow_operators.py
[2023-09-06T04:32:20.515+0000] {logging_mixin.py:151} INFO - [2023-09-06T04:32:20.515+0000] {manager.py:501} INFO - Created Permission View: can edit on DAG:example_dynamic_task_mapping_with_no_taskflow_operators
[2023-09-06T04:32:20.521+0000] {logging_mixin.py:151} INFO - [2023-09-06T04:32:20.521+0000] {manager.py:501} INFO - Created Permission View: can delete on DAG:example_dynamic_task_mapping_with_no_taskflow_operators
[2023-09-06T04:32:20.525+0000] {logging_mixin.py:151} INFO - [2023-09-06T04:32:20.524+0000] {manager.py:501} INFO - Created Permission View: can read on DAG:example_dynamic_task_mapping_with_no_taskflow_operators
[2023-09-06T04:32:20.534+0000] {logging_mixin.py:151} INFO - [2023-09-06T04:32:20.533+0000] {dag.py:2907} INFO - Sync 1 DAGs
[2023-09-06T04:32:20.541+0000] {logging_mixin.py:151} INFO - [2023-09-06T04:32:20.541+0000] {dag.py:2929} INFO - Creating ORM DAG for example_dynamic_task_mapping_with_no_taskflow_operators
[2023-09-06T04:32:20.547+0000] {logging_mixin.py:151} INFO - [2023-09-06T04:32:20.547+0000] {dag.py:3677} INFO - Setting next_dagrun for example_dynamic_task_mapping_with_no_taskflow_operators to 2023-09-05T04:32:20.547099+00:00, run_after=2023-09-06T04:32:20.547099+00:00
[2023-09-06T04:32:20.556+0000] {processor.py:179} INFO - Processing /home/airflow/.local/lib/python3.8/site-packages/airflow/example_dags/example_dynamic_task_mapping_with_no_taskflow_operators.py took 0.122 seconds
[2023-09-06T04:32:50.793+0000] {processor.py:157} INFO - Started process (PID=122) to work on /home/airflow/.local/lib/python3.8/site-packages/airflow/example_dags/example_dynamic_task_mapping_with_no_taskflow_operators.py
[2023-09-06T04:32:50.794+0000] {processor.py:829} INFO - Processing file /home/airflow/.local/lib/python3.8/site-packages/airflow/example_dags/example_dynamic_task_mapping_with_no_taskflow_operators.py for tasks to queue
[2023-09-06T04:32:50.796+0000] {logging_mixin.py:151} INFO - [2023-09-06T04:32:50.796+0000] {dagbag.py:539} INFO - Filling up the DagBag from /home/airflow/.local/lib/python3.8/site-packages/airflow/example_dags/example_dynamic_task_mapping_with_no_taskflow_operators.py
[2023-09-06T04:32:50.801+0000] {processor.py:839} INFO - DAG(s) dict_keys(['example_dynamic_task_mapping_with_no_taskflow_operators']) retrieved from /home/airflow/.local/lib/python3.8/site-packages/airflow/example_dags/example_dynamic_task_mapping_with_no_taskflow_operators.py
[2023-09-06T04:32:50.818+0000] {logging_mixin.py:151} INFO - [2023-09-06T04:32:50.818+0000] {dag.py:2907} INFO - Sync 1 DAGs
[2023-09-06T04:32:50.832+0000] {logging_mixin.py:151} INFO - [2023-09-06T04:32:50.832+0000] {dag.py:3677} INFO - Setting next_dagrun for example_dynamic_task_mapping_with_no_taskflow_operators to 2023-09-05T04:32:50.832425+00:00, run_after=2023-09-06T04:32:50.832425+00:00
[2023-09-06T04:32:50.844+0000] {processor.py:179} INFO - Processing /home/airflow/.local/lib/python3.8/site-packages/airflow/example_dags/example_dynamic_task_mapping_with_no_taskflow_operators.py took 0.054 seconds
[2023-09-06T04:33:21.114+0000] {processor.py:157} INFO - Started process (PID=176) to work on /home/airflow/.local/lib/python3.8/site-packages/airflow/example_dags/example_dynamic_task_mapping_with_no_taskflow_operators.py
[2023-09-06T04:33:21.115+0000] {processor.py:829} INFO - Processing file /home/airflow/.local/lib/python3.8/site-packages/airflow/example_dags/example_dynamic_task_mapping_with_no_taskflow_operators.py for tasks to queue
[2023-09-06T04:33:21.117+0000] {logging_mixin.py:151} INFO - [2023-09-06T04:33:21.117+0000] {dagbag.py:539} INFO - Filling up the DagBag from /home/airflow/.local/lib/python3.8/site-packages/airflow/example_dags/example_dynamic_task_mapping_with_no_taskflow_operators.py
[2023-09-06T04:33:21.122+0000] {processor.py:839} INFO - DAG(s) dict_keys(['example_dynamic_task_mapping_with_no_taskflow_operators']) retrieved from /home/airflow/.local/lib/python3.8/site-packages/airflow/example_dags/example_dynamic_task_mapping_with_no_taskflow_operators.py
[2023-09-06T04:33:21.138+0000] {logging_mixin.py:151} INFO - [2023-09-06T04:33:21.138+0000] {dag.py:2907} INFO - Sync 1 DAGs
[2023-09-06T04:33:21.151+0000] {logging_mixin.py:151} INFO - [2023-09-06T04:33:21.151+0000] {dag.py:3677} INFO - Setting next_dagrun for example_dynamic_task_mapping_with_no_taskflow_operators to 2023-09-05T04:33:21.151181+00:00, run_after=2023-09-06T04:33:21.151181+00:00
[2023-09-06T04:33:21.161+0000] {processor.py:179} INFO - Processing /home/airflow/.local/lib/python3.8/site-packages/airflow/example_dags/example_dynamic_task_mapping_with_no_taskflow_operators.py took 0.050 seconds
[2023-09-06T04:33:51.276+0000] {processor.py:157} INFO - Started process (PID=229) to work on /home/airflow/.local/lib/python3.8/site-packages/airflow/example_dags/example_dynamic_task_mapping_with_no_taskflow_operators.py
[2023-09-06T04:33:51.277+0000] {processor.py:829} INFO - Processing file /home/airflow/.local/lib/python3.8/site-packages/airflow/example_dags/example_dynamic_task_mapping_with_no_taskflow_operators.py for tasks to queue
[2023-09-06T04:33:51.279+0000] {logging_mixin.py:151} INFO - [2023-09-06T04:33:51.279+0000] {dagbag.py:539} INFO - Filling up the DagBag from /home/airflow/.local/lib/python3.8/site-packages/airflow/example_dags/example_dynamic_task_mapping_with_no_taskflow_operators.py
[2023-09-06T04:33:51.283+0000] {processor.py:839} INFO - DAG(s) dict_keys(['example_dynamic_task_mapping_with_no_taskflow_operators']) retrieved from /home/airflow/.local/lib/python3.8/site-packages/airflow/example_dags/example_dynamic_task_mapping_with_no_taskflow_operators.py
[2023-09-06T04:33:51.299+0000] {logging_mixin.py:151} INFO - [2023-09-06T04:33:51.299+0000] {dag.py:2907} INFO - Sync 1 DAGs
[2023-09-06T04:33:51.312+0000] {logging_mixin.py:151} INFO - [2023-09-06T04:33:51.311+0000] {dag.py:3677} INFO - Setting next_dagrun for example_dynamic_task_mapping_with_no_taskflow_operators to 2023-09-05T04:33:51.311771+00:00, run_after=2023-09-06T04:33:51.311771+00:00
[2023-09-06T04:33:51.321+0000] {processor.py:179} INFO - Processing /home/airflow/.local/lib/python3.8/site-packages/airflow/example_dags/example_dynamic_task_mapping_with_no_taskflow_operators.py took 0.047 seconds
[2023-09-06T04:34:21.628+0000] {processor.py:157} INFO - Started process (PID=284) to work on /home/airflow/.local/lib/python3.8/site-packages/airflow/example_dags/example_dynamic_task_mapping_with_no_taskflow_operators.py
[2023-09-06T04:34:21.628+0000] {processor.py:829} INFO - Processing file /home/airflow/.local/lib/python3.8/site-packages/airflow/example_dags/example_dynamic_task_mapping_with_no_taskflow_operators.py for tasks to queue
[2023-09-06T04:34:21.630+0000] {logging_mixin.py:151} INFO - [2023-09-06T04:34:21.630+0000] {dagbag.py:539} INFO - Filling up the DagBag from /home/airflow/.local/lib/python3.8/site-packages/airflow/example_dags/example_dynamic_task_mapping_with_no_taskflow_operators.py
[2023-09-06T04:34:21.635+0000] {processor.py:839} INFO - DAG(s) dict_keys(['example_dynamic_task_mapping_with_no_taskflow_operators']) retrieved from /home/airflow/.local/lib/python3.8/site-packages/airflow/example_dags/example_dynamic_task_mapping_with_no_taskflow_operators.py
[2023-09-06T04:34:21.651+0000] {logging_mixin.py:151} INFO - [2023-09-06T04:34:21.650+0000] {dag.py:2907} INFO - Sync 1 DAGs
[2023-09-06T04:34:21.664+0000] {logging_mixin.py:151} INFO - [2023-09-06T04:34:21.664+0000] {dag.py:3677} INFO - Setting next_dagrun for example_dynamic_task_mapping_with_no_taskflow_operators to 2023-09-05T04:34:21.663838+00:00, run_after=2023-09-06T04:34:21.663838+00:00
[2023-09-06T04:34:21.674+0000] {processor.py:179} INFO - Processing /home/airflow/.local/lib/python3.8/site-packages/airflow/example_dags/example_dynamic_task_mapping_with_no_taskflow_operators.py took 0.048 seconds
[2023-09-06T04:34:51.705+0000] {processor.py:157} INFO - Started process (PID=337) to work on /home/airflow/.local/lib/python3.8/site-packages/airflow/example_dags/example_dynamic_task_mapping_with_no_taskflow_operators.py
[2023-09-06T04:34:51.706+0000] {processor.py:829} INFO - Processing file /home/airflow/.local/lib/python3.8/site-packages/airflow/example_dags/example_dynamic_task_mapping_with_no_taskflow_operators.py for tasks to queue
[2023-09-06T04:34:51.708+0000] {logging_mixin.py:151} INFO - [2023-09-06T04:34:51.708+0000] {dagbag.py:539} INFO - Filling up the DagBag from /home/airflow/.local/lib/python3.8/site-packages/airflow/example_dags/example_dynamic_task_mapping_with_no_taskflow_operators.py
[2023-09-06T04:34:51.712+0000] {processor.py:839} INFO - DAG(s) dict_keys(['example_dynamic_task_mapping_with_no_taskflow_operators']) retrieved from /home/airflow/.local/lib/python3.8/site-packages/airflow/example_dags/example_dynamic_task_mapping_with_no_taskflow_operators.py
[2023-09-06T04:34:51.729+0000] {logging_mixin.py:151} INFO - [2023-09-06T04:34:51.728+0000] {dag.py:2907} INFO - Sync 1 DAGs
[2023-09-06T04:34:51.742+0000] {logging_mixin.py:151} INFO - [2023-09-06T04:34:51.742+0000] {dag.py:3677} INFO - Setting next_dagrun for example_dynamic_task_mapping_with_no_taskflow_operators to 2023-09-05T04:34:51.742504+00:00, run_after=2023-09-06T04:34:51.742504+00:00
[2023-09-06T04:34:51.752+0000] {processor.py:179} INFO - Processing /home/airflow/.local/lib/python3.8/site-packages/airflow/example_dags/example_dynamic_task_mapping_with_no_taskflow_operators.py took 0.050 seconds
[2023-09-06T04:35:22.009+0000] {processor.py:157} INFO - Started process (PID=391) to work on /home/airflow/.local/lib/python3.8/site-packages/airflow/example_dags/example_dynamic_task_mapping_with_no_taskflow_operators.py
[2023-09-06T04:35:22.010+0000] {processor.py:829} INFO - Processing file /home/airflow/.local/lib/python3.8/site-packages/airflow/example_dags/example_dynamic_task_mapping_with_no_taskflow_operators.py for tasks to queue
[2023-09-06T04:35:22.012+0000] {logging_mixin.py:151} INFO - [2023-09-06T04:35:22.012+0000] {dagbag.py:539} INFO - Filling up the DagBag from /home/airflow/.local/lib/python3.8/site-packages/airflow/example_dags/example_dynamic_task_mapping_with_no_taskflow_operators.py
[2023-09-06T04:35:22.017+0000] {processor.py:839} INFO - DAG(s) dict_keys(['example_dynamic_task_mapping_with_no_taskflow_operators']) retrieved from /home/airflow/.local/lib/python3.8/site-packages/airflow/example_dags/example_dynamic_task_mapping_with_no_taskflow_operators.py
[2023-09-06T04:35:22.034+0000] {logging_mixin.py:151} INFO - [2023-09-06T04:35:22.033+0000] {dag.py:2907} INFO - Sync 1 DAGs
[2023-09-06T04:35:22.048+0000] {logging_mixin.py:151} INFO - [2023-09-06T04:35:22.047+0000] {dag.py:3677} INFO - Setting next_dagrun for example_dynamic_task_mapping_with_no_taskflow_operators to 2023-09-05T04:35:22.047624+00:00, run_after=2023-09-06T04:35:22.047624+00:00
[2023-09-06T04:35:22.059+0000] {processor.py:179} INFO - Processing /home/airflow/.local/lib/python3.8/site-packages/airflow/example_dags/example_dynamic_task_mapping_with_no_taskflow_operators.py took 0.052 seconds
[2023-09-06T04:35:52.154+0000] {processor.py:157} INFO - Started process (PID=445) to work on /home/airflow/.local/lib/python3.8/site-packages/airflow/example_dags/example_dynamic_task_mapping_with_no_taskflow_operators.py
[2023-09-06T04:35:52.155+0000] {processor.py:829} INFO - Processing file /home/airflow/.local/lib/python3.8/site-packages/airflow/example_dags/example_dynamic_task_mapping_with_no_taskflow_operators.py for tasks to queue
[2023-09-06T04:35:52.157+0000] {logging_mixin.py:151} INFO - [2023-09-06T04:35:52.157+0000] {dagbag.py:539} INFO - Filling up the DagBag from /home/airflow/.local/lib/python3.8/site-packages/airflow/example_dags/example_dynamic_task_mapping_with_no_taskflow_operators.py
[2023-09-06T04:35:52.162+0000] {processor.py:839} INFO - DAG(s) dict_keys(['example_dynamic_task_mapping_with_no_taskflow_operators']) retrieved from /home/airflow/.local/lib/python3.8/site-packages/airflow/example_dags/example_dynamic_task_mapping_with_no_taskflow_operators.py
[2023-09-06T04:35:52.178+0000] {logging_mixin.py:151} INFO - [2023-09-06T04:35:52.178+0000] {dag.py:2907} INFO - Sync 1 DAGs
[2023-09-06T04:35:52.191+0000] {logging_mixin.py:151} INFO - [2023-09-06T04:35:52.191+0000] {dag.py:3677} INFO - Setting next_dagrun for example_dynamic_task_mapping_with_no_taskflow_operators to 2023-09-05T04:35:52.190985+00:00, run_after=2023-09-06T04:35:52.190985+00:00
[2023-09-06T04:35:52.201+0000] {processor.py:179} INFO - Processing /home/airflow/.local/lib/python3.8/site-packages/airflow/example_dags/example_dynamic_task_mapping_with_no_taskflow_operators.py took 0.049 seconds
[2023-09-06T04:36:22.373+0000] {processor.py:157} INFO - Started process (PID=499) to work on /home/airflow/.local/lib/python3.8/site-packages/airflow/example_dags/example_dynamic_task_mapping_with_no_taskflow_operators.py
[2023-09-06T04:36:22.374+0000] {processor.py:829} INFO - Processing file /home/airflow/.local/lib/python3.8/site-packages/airflow/example_dags/example_dynamic_task_mapping_with_no_taskflow_operators.py for tasks to queue
[2023-09-06T04:36:22.376+0000] {logging_mixin.py:151} INFO - [2023-09-06T04:36:22.375+0000] {dagbag.py:539} INFO - Filling up the DagBag from /home/airflow/.local/lib/python3.8/site-packages/airflow/example_dags/example_dynamic_task_mapping_with_no_taskflow_operators.py
[2023-09-06T04:36:22.380+0000] {processor.py:839} INFO - DAG(s) dict_keys(['example_dynamic_task_mapping_with_no_taskflow_operators']) retrieved from /home/airflow/.local/lib/python3.8/site-packages/airflow/example_dags/example_dynamic_task_mapping_with_no_taskflow_operators.py
[2023-09-06T04:36:22.396+0000] {logging_mixin.py:151} INFO - [2023-09-06T04:36:22.396+0000] {dag.py:2907} INFO - Sync 1 DAGs
[2023-09-06T04:36:22.410+0000] {logging_mixin.py:151} INFO - [2023-09-06T04:36:22.410+0000] {dag.py:3677} INFO - Setting next_dagrun for example_dynamic_task_mapping_with_no_taskflow_operators to 2023-09-05T04:36:22.410328+00:00, run_after=2023-09-06T04:36:22.410328+00:00
[2023-09-06T04:36:22.420+0000] {processor.py:179} INFO - Processing /home/airflow/.local/lib/python3.8/site-packages/airflow/example_dags/example_dynamic_task_mapping_with_no_taskflow_operators.py took 0.050 seconds
[2023-09-06T04:36:53.438+0000] {processor.py:157} INFO - Started process (PID=553) to work on /home/airflow/.local/lib/python3.8/site-packages/airflow/example_dags/example_dynamic_task_mapping_with_no_taskflow_operators.py
[2023-09-06T04:36:53.439+0000] {processor.py:829} INFO - Processing file /home/airflow/.local/lib/python3.8/site-packages/airflow/example_dags/example_dynamic_task_mapping_with_no_taskflow_operators.py for tasks to queue
[2023-09-06T04:36:53.441+0000] {logging_mixin.py:151} INFO - [2023-09-06T04:36:53.441+0000] {dagbag.py:539} INFO - Filling up the DagBag from /home/airflow/.local/lib/python3.8/site-packages/airflow/example_dags/example_dynamic_task_mapping_with_no_taskflow_operators.py
[2023-09-06T04:36:53.446+0000] {processor.py:839} INFO - DAG(s) dict_keys(['example_dynamic_task_mapping_with_no_taskflow_operators']) retrieved from /home/airflow/.local/lib/python3.8/site-packages/airflow/example_dags/example_dynamic_task_mapping_with_no_taskflow_operators.py
[2023-09-06T04:36:53.464+0000] {logging_mixin.py:151} INFO - [2023-09-06T04:36:53.463+0000] {dag.py:2907} INFO - Sync 1 DAGs
[2023-09-06T04:36:53.478+0000] {logging_mixin.py:151} INFO - [2023-09-06T04:36:53.478+0000] {dag.py:3677} INFO - Setting next_dagrun for example_dynamic_task_mapping_with_no_taskflow_operators to 2023-09-05T04:36:53.478218+00:00, run_after=2023-09-06T04:36:53.478218+00:00
[2023-09-06T04:36:53.489+0000] {processor.py:179} INFO - Processing /home/airflow/.local/lib/python3.8/site-packages/airflow/example_dags/example_dynamic_task_mapping_with_no_taskflow_operators.py took 0.053 seconds
[2023-09-06T04:37:23.675+0000] {processor.py:157} INFO - Started process (PID=607) to work on /home/airflow/.local/lib/python3.8/site-packages/airflow/example_dags/example_dynamic_task_mapping_with_no_taskflow_operators.py
[2023-09-06T04:37:23.676+0000] {processor.py:829} INFO - Processing file /home/airflow/.local/lib/python3.8/site-packages/airflow/example_dags/example_dynamic_task_mapping_with_no_taskflow_operators.py for tasks to queue
[2023-09-06T04:37:23.678+0000] {logging_mixin.py:151} INFO - [2023-09-06T04:37:23.678+0000] {dagbag.py:539} INFO - Filling up the DagBag from /home/airflow/.local/lib/python3.8/site-packages/airflow/example_dags/example_dynamic_task_mapping_with_no_taskflow_operators.py
[2023-09-06T04:37:23.683+0000] {processor.py:839} INFO - DAG(s) dict_keys(['example_dynamic_task_mapping_with_no_taskflow_operators']) retrieved from /home/airflow/.local/lib/python3.8/site-packages/airflow/example_dags/example_dynamic_task_mapping_with_no_taskflow_operators.py
[2023-09-06T04:37:23.698+0000] {logging_mixin.py:151} INFO - [2023-09-06T04:37:23.698+0000] {dag.py:2907} INFO - Sync 1 DAGs
[2023-09-06T04:37:23.711+0000] {logging_mixin.py:151} INFO - [2023-09-06T04:37:23.711+0000] {dag.py:3677} INFO - Setting next_dagrun for example_dynamic_task_mapping_with_no_taskflow_operators to 2023-09-05T04:37:23.710772+00:00, run_after=2023-09-06T04:37:23.710772+00:00
[2023-09-06T04:37:23.720+0000] {processor.py:179} INFO - Processing /home/airflow/.local/lib/python3.8/site-packages/airflow/example_dags/example_dynamic_task_mapping_with_no_taskflow_operators.py took 0.047 seconds
[2023-09-06T04:37:53.819+0000] {processor.py:157} INFO - Started process (PID=661) to work on /home/airflow/.local/lib/python3.8/site-packages/airflow/example_dags/example_dynamic_task_mapping_with_no_taskflow_operators.py
[2023-09-06T04:37:53.820+0000] {processor.py:829} INFO - Processing file /home/airflow/.local/lib/python3.8/site-packages/airflow/example_dags/example_dynamic_task_mapping_with_no_taskflow_operators.py for tasks to queue
[2023-09-06T04:37:53.822+0000] {logging_mixin.py:151} INFO - [2023-09-06T04:37:53.822+0000] {dagbag.py:539} INFO - Filling up the DagBag from /home/airflow/.local/lib/python3.8/site-packages/airflow/example_dags/example_dynamic_task_mapping_with_no_taskflow_operators.py
[2023-09-06T04:37:53.826+0000] {processor.py:839} INFO - DAG(s) dict_keys(['example_dynamic_task_mapping_with_no_taskflow_operators']) retrieved from /home/airflow/.local/lib/python3.8/site-packages/airflow/example_dags/example_dynamic_task_mapping_with_no_taskflow_operators.py
[2023-09-06T04:37:53.843+0000] {logging_mixin.py:151} INFO - [2023-09-06T04:37:53.842+0000] {dag.py:2907} INFO - Sync 1 DAGs
[2023-09-06T04:37:53.856+0000] {logging_mixin.py:151} INFO - [2023-09-06T04:37:53.856+0000] {dag.py:3677} INFO - Setting next_dagrun for example_dynamic_task_mapping_with_no_taskflow_operators to 2023-09-05T04:37:53.856079+00:00, run_after=2023-09-06T04:37:53.856079+00:00
[2023-09-06T04:37:53.866+0000] {processor.py:179} INFO - Processing /home/airflow/.local/lib/python3.8/site-packages/airflow/example_dags/example_dynamic_task_mapping_with_no_taskflow_operators.py took 0.050 seconds
