[2023-09-06T04:32:18.423+0000] {processor.py:157} INFO - Started process (PID=45) to work on /home/airflow/.local/lib/python3.8/site-packages/airflow/example_dags/example_task_group.py
[2023-09-06T04:32:18.424+0000] {processor.py:829} INFO - Processing file /home/airflow/.local/lib/python3.8/site-packages/airflow/example_dags/example_task_group.py for tasks to queue
[2023-09-06T04:32:18.427+0000] {logging_mixin.py:151} INFO - [2023-09-06T04:32:18.426+0000] {dagbag.py:539} INFO - Filling up the DagBag from /home/airflow/.local/lib/python3.8/site-packages/airflow/example_dags/example_task_group.py
[2023-09-06T04:32:18.437+0000] {processor.py:839} INFO - DAG(s) dict_keys(['example_task_group']) retrieved from /home/airflow/.local/lib/python3.8/site-packages/airflow/example_dags/example_task_group.py
[2023-09-06T04:32:18.569+0000] {logging_mixin.py:151} INFO - [2023-09-06T04:32:18.569+0000] {manager.py:501} INFO - Created Permission View: can edit on DAG:example_task_group
[2023-09-06T04:32:18.577+0000] {logging_mixin.py:151} INFO - [2023-09-06T04:32:18.577+0000] {manager.py:501} INFO - Created Permission View: can delete on DAG:example_task_group
[2023-09-06T04:32:18.581+0000] {logging_mixin.py:151} INFO - [2023-09-06T04:32:18.581+0000] {manager.py:501} INFO - Created Permission View: can read on DAG:example_task_group
[2023-09-06T04:32:18.590+0000] {logging_mixin.py:151} INFO - [2023-09-06T04:32:18.590+0000] {dag.py:2907} INFO - Sync 1 DAGs
[2023-09-06T04:32:18.597+0000] {logging_mixin.py:151} INFO - [2023-09-06T04:32:18.597+0000] {dag.py:2929} INFO - Creating ORM DAG for example_task_group
[2023-09-06T04:32:18.603+0000] {logging_mixin.py:151} INFO - [2023-09-06T04:32:18.603+0000] {dag.py:3677} INFO - Setting next_dagrun for example_task_group to 2023-09-05T04:32:18.603608+00:00, run_after=2023-09-06T04:32:18.603608+00:00
[2023-09-06T04:32:18.616+0000] {processor.py:179} INFO - Processing /home/airflow/.local/lib/python3.8/site-packages/airflow/example_dags/example_task_group.py took 0.197 seconds
[2023-09-06T04:32:48.857+0000] {processor.py:157} INFO - Started process (PID=98) to work on /home/airflow/.local/lib/python3.8/site-packages/airflow/example_dags/example_task_group.py
[2023-09-06T04:32:48.857+0000] {processor.py:829} INFO - Processing file /home/airflow/.local/lib/python3.8/site-packages/airflow/example_dags/example_task_group.py for tasks to queue
[2023-09-06T04:32:48.860+0000] {logging_mixin.py:151} INFO - [2023-09-06T04:32:48.859+0000] {dagbag.py:539} INFO - Filling up the DagBag from /home/airflow/.local/lib/python3.8/site-packages/airflow/example_dags/example_task_group.py
[2023-09-06T04:32:48.865+0000] {processor.py:839} INFO - DAG(s) dict_keys(['example_task_group']) retrieved from /home/airflow/.local/lib/python3.8/site-packages/airflow/example_dags/example_task_group.py
[2023-09-06T04:32:48.883+0000] {logging_mixin.py:151} INFO - [2023-09-06T04:32:48.883+0000] {dag.py:2907} INFO - Sync 1 DAGs
[2023-09-06T04:32:48.896+0000] {logging_mixin.py:151} INFO - [2023-09-06T04:32:48.896+0000] {dag.py:3677} INFO - Setting next_dagrun for example_task_group to 2023-09-05T04:32:48.895857+00:00, run_after=2023-09-06T04:32:48.895857+00:00
[2023-09-06T04:32:48.905+0000] {processor.py:179} INFO - Processing /home/airflow/.local/lib/python3.8/site-packages/airflow/example_dags/example_task_group.py took 0.051 seconds
[2023-09-06T04:33:19.169+0000] {processor.py:157} INFO - Started process (PID=152) to work on /home/airflow/.local/lib/python3.8/site-packages/airflow/example_dags/example_task_group.py
[2023-09-06T04:33:19.170+0000] {processor.py:829} INFO - Processing file /home/airflow/.local/lib/python3.8/site-packages/airflow/example_dags/example_task_group.py for tasks to queue
[2023-09-06T04:33:19.173+0000] {logging_mixin.py:151} INFO - [2023-09-06T04:33:19.172+0000] {dagbag.py:539} INFO - Filling up the DagBag from /home/airflow/.local/lib/python3.8/site-packages/airflow/example_dags/example_task_group.py
[2023-09-06T04:33:19.178+0000] {processor.py:839} INFO - DAG(s) dict_keys(['example_task_group']) retrieved from /home/airflow/.local/lib/python3.8/site-packages/airflow/example_dags/example_task_group.py
[2023-09-06T04:33:19.195+0000] {logging_mixin.py:151} INFO - [2023-09-06T04:33:19.195+0000] {dag.py:2907} INFO - Sync 1 DAGs
[2023-09-06T04:33:19.208+0000] {logging_mixin.py:151} INFO - [2023-09-06T04:33:19.208+0000] {dag.py:3677} INFO - Setting next_dagrun for example_task_group to 2023-09-05T04:33:19.208329+00:00, run_after=2023-09-06T04:33:19.208329+00:00
[2023-09-06T04:33:19.218+0000] {processor.py:179} INFO - Processing /home/airflow/.local/lib/python3.8/site-packages/airflow/example_dags/example_task_group.py took 0.051 seconds
[2023-09-06T04:33:49.273+0000] {processor.py:157} INFO - Started process (PID=206) to work on /home/airflow/.local/lib/python3.8/site-packages/airflow/example_dags/example_task_group.py
[2023-09-06T04:33:49.274+0000] {processor.py:829} INFO - Processing file /home/airflow/.local/lib/python3.8/site-packages/airflow/example_dags/example_task_group.py for tasks to queue
[2023-09-06T04:33:49.277+0000] {logging_mixin.py:151} INFO - [2023-09-06T04:33:49.276+0000] {dagbag.py:539} INFO - Filling up the DagBag from /home/airflow/.local/lib/python3.8/site-packages/airflow/example_dags/example_task_group.py
[2023-09-06T04:33:49.282+0000] {processor.py:839} INFO - DAG(s) dict_keys(['example_task_group']) retrieved from /home/airflow/.local/lib/python3.8/site-packages/airflow/example_dags/example_task_group.py
[2023-09-06T04:33:49.312+0000] {logging_mixin.py:151} INFO - [2023-09-06T04:33:49.312+0000] {dag.py:2907} INFO - Sync 1 DAGs
[2023-09-06T04:33:49.331+0000] {logging_mixin.py:151} INFO - [2023-09-06T04:33:49.331+0000] {dag.py:3677} INFO - Setting next_dagrun for example_task_group to 2023-09-05T04:33:49.331229+00:00, run_after=2023-09-06T04:33:49.331229+00:00
[2023-09-06T04:33:49.349+0000] {processor.py:179} INFO - Processing /home/airflow/.local/lib/python3.8/site-packages/airflow/example_dags/example_task_group.py took 0.078 seconds
[2023-09-06T04:34:19.469+0000] {processor.py:157} INFO - Started process (PID=260) to work on /home/airflow/.local/lib/python3.8/site-packages/airflow/example_dags/example_task_group.py
[2023-09-06T04:34:19.469+0000] {processor.py:829} INFO - Processing file /home/airflow/.local/lib/python3.8/site-packages/airflow/example_dags/example_task_group.py for tasks to queue
[2023-09-06T04:34:19.471+0000] {logging_mixin.py:151} INFO - [2023-09-06T04:34:19.471+0000] {dagbag.py:539} INFO - Filling up the DagBag from /home/airflow/.local/lib/python3.8/site-packages/airflow/example_dags/example_task_group.py
[2023-09-06T04:34:19.476+0000] {processor.py:839} INFO - DAG(s) dict_keys(['example_task_group']) retrieved from /home/airflow/.local/lib/python3.8/site-packages/airflow/example_dags/example_task_group.py
[2023-09-06T04:34:19.496+0000] {logging_mixin.py:151} INFO - [2023-09-06T04:34:19.496+0000] {dag.py:2907} INFO - Sync 1 DAGs
[2023-09-06T04:34:19.510+0000] {logging_mixin.py:151} INFO - [2023-09-06T04:34:19.510+0000] {dag.py:3677} INFO - Setting next_dagrun for example_task_group to 2023-09-05T04:34:19.509807+00:00, run_after=2023-09-06T04:34:19.509807+00:00
[2023-09-06T04:34:19.520+0000] {processor.py:179} INFO - Processing /home/airflow/.local/lib/python3.8/site-packages/airflow/example_dags/example_task_group.py took 0.054 seconds
[2023-09-06T04:34:49.807+0000] {processor.py:157} INFO - Started process (PID=314) to work on /home/airflow/.local/lib/python3.8/site-packages/airflow/example_dags/example_task_group.py
[2023-09-06T04:34:49.808+0000] {processor.py:829} INFO - Processing file /home/airflow/.local/lib/python3.8/site-packages/airflow/example_dags/example_task_group.py for tasks to queue
[2023-09-06T04:34:49.811+0000] {logging_mixin.py:151} INFO - [2023-09-06T04:34:49.810+0000] {dagbag.py:539} INFO - Filling up the DagBag from /home/airflow/.local/lib/python3.8/site-packages/airflow/example_dags/example_task_group.py
[2023-09-06T04:34:49.816+0000] {processor.py:839} INFO - DAG(s) dict_keys(['example_task_group']) retrieved from /home/airflow/.local/lib/python3.8/site-packages/airflow/example_dags/example_task_group.py
[2023-09-06T04:34:49.834+0000] {logging_mixin.py:151} INFO - [2023-09-06T04:34:49.834+0000] {dag.py:2907} INFO - Sync 1 DAGs
[2023-09-06T04:34:49.848+0000] {logging_mixin.py:151} INFO - [2023-09-06T04:34:49.848+0000] {dag.py:3677} INFO - Setting next_dagrun for example_task_group to 2023-09-05T04:34:49.847922+00:00, run_after=2023-09-06T04:34:49.847922+00:00
[2023-09-06T04:34:49.861+0000] {processor.py:179} INFO - Processing /home/airflow/.local/lib/python3.8/site-packages/airflow/example_dags/example_task_group.py took 0.056 seconds
[2023-09-06T04:35:19.933+0000] {processor.py:157} INFO - Started process (PID=368) to work on /home/airflow/.local/lib/python3.8/site-packages/airflow/example_dags/example_task_group.py
[2023-09-06T04:35:19.934+0000] {processor.py:829} INFO - Processing file /home/airflow/.local/lib/python3.8/site-packages/airflow/example_dags/example_task_group.py for tasks to queue
[2023-09-06T04:35:19.936+0000] {logging_mixin.py:151} INFO - [2023-09-06T04:35:19.936+0000] {dagbag.py:539} INFO - Filling up the DagBag from /home/airflow/.local/lib/python3.8/site-packages/airflow/example_dags/example_task_group.py
[2023-09-06T04:35:19.942+0000] {processor.py:839} INFO - DAG(s) dict_keys(['example_task_group']) retrieved from /home/airflow/.local/lib/python3.8/site-packages/airflow/example_dags/example_task_group.py
[2023-09-06T04:35:19.961+0000] {logging_mixin.py:151} INFO - [2023-09-06T04:35:19.961+0000] {dag.py:2907} INFO - Sync 1 DAGs
[2023-09-06T04:35:19.976+0000] {logging_mixin.py:151} INFO - [2023-09-06T04:35:19.975+0000] {dag.py:3677} INFO - Setting next_dagrun for example_task_group to 2023-09-05T04:35:19.975673+00:00, run_after=2023-09-06T04:35:19.975673+00:00
[2023-09-06T04:35:19.987+0000] {processor.py:179} INFO - Processing /home/airflow/.local/lib/python3.8/site-packages/airflow/example_dags/example_task_group.py took 0.057 seconds
[2023-09-06T04:35:50.313+0000] {processor.py:157} INFO - Started process (PID=422) to work on /home/airflow/.local/lib/python3.8/site-packages/airflow/example_dags/example_task_group.py
[2023-09-06T04:35:50.314+0000] {processor.py:829} INFO - Processing file /home/airflow/.local/lib/python3.8/site-packages/airflow/example_dags/example_task_group.py for tasks to queue
[2023-09-06T04:35:50.316+0000] {logging_mixin.py:151} INFO - [2023-09-06T04:35:50.316+0000] {dagbag.py:539} INFO - Filling up the DagBag from /home/airflow/.local/lib/python3.8/site-packages/airflow/example_dags/example_task_group.py
[2023-09-06T04:35:50.321+0000] {processor.py:839} INFO - DAG(s) dict_keys(['example_task_group']) retrieved from /home/airflow/.local/lib/python3.8/site-packages/airflow/example_dags/example_task_group.py
[2023-09-06T04:35:50.338+0000] {logging_mixin.py:151} INFO - [2023-09-06T04:35:50.337+0000] {dag.py:2907} INFO - Sync 1 DAGs
[2023-09-06T04:35:50.351+0000] {logging_mixin.py:151} INFO - [2023-09-06T04:35:50.350+0000] {dag.py:3677} INFO - Setting next_dagrun for example_task_group to 2023-09-05T04:35:50.350703+00:00, run_after=2023-09-06T04:35:50.350703+00:00
[2023-09-06T04:35:50.361+0000] {processor.py:179} INFO - Processing /home/airflow/.local/lib/python3.8/site-packages/airflow/example_dags/example_task_group.py took 0.051 seconds
[2023-09-06T04:36:20.449+0000] {processor.py:157} INFO - Started process (PID=476) to work on /home/airflow/.local/lib/python3.8/site-packages/airflow/example_dags/example_task_group.py
[2023-09-06T04:36:20.450+0000] {processor.py:829} INFO - Processing file /home/airflow/.local/lib/python3.8/site-packages/airflow/example_dags/example_task_group.py for tasks to queue
[2023-09-06T04:36:20.452+0000] {logging_mixin.py:151} INFO - [2023-09-06T04:36:20.452+0000] {dagbag.py:539} INFO - Filling up the DagBag from /home/airflow/.local/lib/python3.8/site-packages/airflow/example_dags/example_task_group.py
[2023-09-06T04:36:20.457+0000] {processor.py:839} INFO - DAG(s) dict_keys(['example_task_group']) retrieved from /home/airflow/.local/lib/python3.8/site-packages/airflow/example_dags/example_task_group.py
[2023-09-06T04:36:20.473+0000] {logging_mixin.py:151} INFO - [2023-09-06T04:36:20.473+0000] {dag.py:2907} INFO - Sync 1 DAGs
[2023-09-06T04:36:20.486+0000] {logging_mixin.py:151} INFO - [2023-09-06T04:36:20.485+0000] {dag.py:3677} INFO - Setting next_dagrun for example_task_group to 2023-09-05T04:36:20.485728+00:00, run_after=2023-09-06T04:36:20.485728+00:00
[2023-09-06T04:36:20.495+0000] {processor.py:179} INFO - Processing /home/airflow/.local/lib/python3.8/site-packages/airflow/example_dags/example_task_group.py took 0.048 seconds
[2023-09-06T04:36:51.436+0000] {processor.py:157} INFO - Started process (PID=530) to work on /home/airflow/.local/lib/python3.8/site-packages/airflow/example_dags/example_task_group.py
[2023-09-06T04:36:51.437+0000] {processor.py:829} INFO - Processing file /home/airflow/.local/lib/python3.8/site-packages/airflow/example_dags/example_task_group.py for tasks to queue
[2023-09-06T04:36:51.439+0000] {logging_mixin.py:151} INFO - [2023-09-06T04:36:51.438+0000] {dagbag.py:539} INFO - Filling up the DagBag from /home/airflow/.local/lib/python3.8/site-packages/airflow/example_dags/example_task_group.py
[2023-09-06T04:36:51.444+0000] {processor.py:839} INFO - DAG(s) dict_keys(['example_task_group']) retrieved from /home/airflow/.local/lib/python3.8/site-packages/airflow/example_dags/example_task_group.py
[2023-09-06T04:36:51.462+0000] {logging_mixin.py:151} INFO - [2023-09-06T04:36:51.462+0000] {dag.py:2907} INFO - Sync 1 DAGs
[2023-09-06T04:36:51.475+0000] {logging_mixin.py:151} INFO - [2023-09-06T04:36:51.475+0000] {dag.py:3677} INFO - Setting next_dagrun for example_task_group to 2023-09-05T04:36:51.475384+00:00, run_after=2023-09-06T04:36:51.475384+00:00
[2023-09-06T04:36:51.486+0000] {processor.py:179} INFO - Processing /home/airflow/.local/lib/python3.8/site-packages/airflow/example_dags/example_task_group.py took 0.053 seconds
[2023-09-06T04:37:21.642+0000] {processor.py:157} INFO - Started process (PID=584) to work on /home/airflow/.local/lib/python3.8/site-packages/airflow/example_dags/example_task_group.py
[2023-09-06T04:37:21.643+0000] {processor.py:829} INFO - Processing file /home/airflow/.local/lib/python3.8/site-packages/airflow/example_dags/example_task_group.py for tasks to queue
[2023-09-06T04:37:21.645+0000] {logging_mixin.py:151} INFO - [2023-09-06T04:37:21.645+0000] {dagbag.py:539} INFO - Filling up the DagBag from /home/airflow/.local/lib/python3.8/site-packages/airflow/example_dags/example_task_group.py
[2023-09-06T04:37:21.650+0000] {processor.py:839} INFO - DAG(s) dict_keys(['example_task_group']) retrieved from /home/airflow/.local/lib/python3.8/site-packages/airflow/example_dags/example_task_group.py
[2023-09-06T04:37:21.668+0000] {logging_mixin.py:151} INFO - [2023-09-06T04:37:21.667+0000] {dag.py:2907} INFO - Sync 1 DAGs
[2023-09-06T04:37:21.681+0000] {logging_mixin.py:151} INFO - [2023-09-06T04:37:21.680+0000] {dag.py:3677} INFO - Setting next_dagrun for example_task_group to 2023-09-05T04:37:21.680716+00:00, run_after=2023-09-06T04:37:21.680716+00:00
[2023-09-06T04:37:21.691+0000] {processor.py:179} INFO - Processing /home/airflow/.local/lib/python3.8/site-packages/airflow/example_dags/example_task_group.py took 0.052 seconds
[2023-09-06T04:37:51.905+0000] {processor.py:157} INFO - Started process (PID=638) to work on /home/airflow/.local/lib/python3.8/site-packages/airflow/example_dags/example_task_group.py
[2023-09-06T04:37:51.906+0000] {processor.py:829} INFO - Processing file /home/airflow/.local/lib/python3.8/site-packages/airflow/example_dags/example_task_group.py for tasks to queue
[2023-09-06T04:37:51.908+0000] {logging_mixin.py:151} INFO - [2023-09-06T04:37:51.908+0000] {dagbag.py:539} INFO - Filling up the DagBag from /home/airflow/.local/lib/python3.8/site-packages/airflow/example_dags/example_task_group.py
[2023-09-06T04:37:51.913+0000] {processor.py:839} INFO - DAG(s) dict_keys(['example_task_group']) retrieved from /home/airflow/.local/lib/python3.8/site-packages/airflow/example_dags/example_task_group.py
[2023-09-06T04:37:51.930+0000] {logging_mixin.py:151} INFO - [2023-09-06T04:37:51.930+0000] {dag.py:2907} INFO - Sync 1 DAGs
[2023-09-06T04:37:51.943+0000] {logging_mixin.py:151} INFO - [2023-09-06T04:37:51.943+0000] {dag.py:3677} INFO - Setting next_dagrun for example_task_group to 2023-09-05T04:37:51.942858+00:00, run_after=2023-09-06T04:37:51.942858+00:00
[2023-09-06T04:37:51.954+0000] {processor.py:179} INFO - Processing /home/airflow/.local/lib/python3.8/site-packages/airflow/example_dags/example_task_group.py took 0.051 seconds
