[2023-09-06T04:32:19.085+0000] {processor.py:157} INFO - Started process (PID=50) to work on /home/airflow/.local/lib/python3.8/site-packages/airflow/example_dags/example_params_ui_tutorial.py
[2023-09-06T04:32:19.086+0000] {processor.py:829} INFO - Processing file /home/airflow/.local/lib/python3.8/site-packages/airflow/example_dags/example_params_ui_tutorial.py for tasks to queue
[2023-09-06T04:32:19.088+0000] {logging_mixin.py:151} INFO - [2023-09-06T04:32:19.088+0000] {dagbag.py:539} INFO - Filling up the DagBag from /home/airflow/.local/lib/python3.8/site-packages/airflow/example_dags/example_params_ui_tutorial.py
[2023-09-06T04:32:19.111+0000] {processor.py:839} INFO - DAG(s) dict_keys(['example_params_ui_tutorial']) retrieved from /home/airflow/.local/lib/python3.8/site-packages/airflow/example_dags/example_params_ui_tutorial.py
[2023-09-06T04:32:19.189+0000] {logging_mixin.py:151} INFO - [2023-09-06T04:32:19.189+0000] {manager.py:501} INFO - Created Permission View: can edit on DAG:example_params_ui_tutorial
[2023-09-06T04:32:19.195+0000] {logging_mixin.py:151} INFO - [2023-09-06T04:32:19.195+0000] {manager.py:501} INFO - Created Permission View: can delete on DAG:example_params_ui_tutorial
[2023-09-06T04:32:19.199+0000] {logging_mixin.py:151} INFO - [2023-09-06T04:32:19.199+0000] {manager.py:501} INFO - Created Permission View: can read on DAG:example_params_ui_tutorial
[2023-09-06T04:32:19.206+0000] {logging_mixin.py:151} INFO - [2023-09-06T04:32:19.206+0000] {dag.py:2907} INFO - Sync 1 DAGs
[2023-09-06T04:32:19.212+0000] {logging_mixin.py:151} INFO - [2023-09-06T04:32:19.212+0000] {dag.py:2929} INFO - Creating ORM DAG for example_params_ui_tutorial
[2023-09-06T04:32:19.213+0000] {logging_mixin.py:151} INFO - [2023-09-06T04:32:19.213+0000] {dag.py:3677} INFO - Setting next_dagrun for example_params_ui_tutorial to None, run_after=None
[2023-09-06T04:32:19.225+0000] {processor.py:179} INFO - Processing /home/airflow/.local/lib/python3.8/site-packages/airflow/example_dags/example_params_ui_tutorial.py took 0.143 seconds
[2023-09-06T04:32:50.118+0000] {processor.py:157} INFO - Started process (PID=104) to work on /home/airflow/.local/lib/python3.8/site-packages/airflow/example_dags/example_params_ui_tutorial.py
[2023-09-06T04:32:50.119+0000] {processor.py:829} INFO - Processing file /home/airflow/.local/lib/python3.8/site-packages/airflow/example_dags/example_params_ui_tutorial.py for tasks to queue
[2023-09-06T04:32:50.121+0000] {logging_mixin.py:151} INFO - [2023-09-06T04:32:50.121+0000] {dagbag.py:539} INFO - Filling up the DagBag from /home/airflow/.local/lib/python3.8/site-packages/airflow/example_dags/example_params_ui_tutorial.py
[2023-09-06T04:32:50.139+0000] {processor.py:839} INFO - DAG(s) dict_keys(['example_params_ui_tutorial']) retrieved from /home/airflow/.local/lib/python3.8/site-packages/airflow/example_dags/example_params_ui_tutorial.py
[2023-09-06T04:32:50.172+0000] {logging_mixin.py:151} INFO - [2023-09-06T04:32:50.172+0000] {dag.py:2907} INFO - Sync 1 DAGs
[2023-09-06T04:32:50.181+0000] {logging_mixin.py:151} INFO - [2023-09-06T04:32:50.180+0000] {dag.py:3677} INFO - Setting next_dagrun for example_params_ui_tutorial to None, run_after=None
[2023-09-06T04:32:50.192+0000] {processor.py:179} INFO - Processing /home/airflow/.local/lib/python3.8/site-packages/airflow/example_dags/example_params_ui_tutorial.py took 0.076 seconds
[2023-09-06T04:33:20.418+0000] {processor.py:157} INFO - Started process (PID=158) to work on /home/airflow/.local/lib/python3.8/site-packages/airflow/example_dags/example_params_ui_tutorial.py
[2023-09-06T04:33:20.419+0000] {processor.py:829} INFO - Processing file /home/airflow/.local/lib/python3.8/site-packages/airflow/example_dags/example_params_ui_tutorial.py for tasks to queue
[2023-09-06T04:33:20.421+0000] {logging_mixin.py:151} INFO - [2023-09-06T04:33:20.421+0000] {dagbag.py:539} INFO - Filling up the DagBag from /home/airflow/.local/lib/python3.8/site-packages/airflow/example_dags/example_params_ui_tutorial.py
[2023-09-06T04:33:20.438+0000] {processor.py:839} INFO - DAG(s) dict_keys(['example_params_ui_tutorial']) retrieved from /home/airflow/.local/lib/python3.8/site-packages/airflow/example_dags/example_params_ui_tutorial.py
[2023-09-06T04:33:20.470+0000] {logging_mixin.py:151} INFO - [2023-09-06T04:33:20.470+0000] {dag.py:2907} INFO - Sync 1 DAGs
[2023-09-06T04:33:20.478+0000] {logging_mixin.py:151} INFO - [2023-09-06T04:33:20.478+0000] {dag.py:3677} INFO - Setting next_dagrun for example_params_ui_tutorial to None, run_after=None
[2023-09-06T04:33:20.492+0000] {processor.py:179} INFO - Processing /home/airflow/.local/lib/python3.8/site-packages/airflow/example_dags/example_params_ui_tutorial.py took 0.076 seconds
[2023-09-06T04:33:50.638+0000] {processor.py:157} INFO - Started process (PID=212) to work on /home/airflow/.local/lib/python3.8/site-packages/airflow/example_dags/example_params_ui_tutorial.py
[2023-09-06T04:33:50.639+0000] {processor.py:829} INFO - Processing file /home/airflow/.local/lib/python3.8/site-packages/airflow/example_dags/example_params_ui_tutorial.py for tasks to queue
[2023-09-06T04:33:50.641+0000] {logging_mixin.py:151} INFO - [2023-09-06T04:33:50.641+0000] {dagbag.py:539} INFO - Filling up the DagBag from /home/airflow/.local/lib/python3.8/site-packages/airflow/example_dags/example_params_ui_tutorial.py
[2023-09-06T04:33:50.659+0000] {processor.py:839} INFO - DAG(s) dict_keys(['example_params_ui_tutorial']) retrieved from /home/airflow/.local/lib/python3.8/site-packages/airflow/example_dags/example_params_ui_tutorial.py
[2023-09-06T04:33:50.691+0000] {logging_mixin.py:151} INFO - [2023-09-06T04:33:50.691+0000] {dag.py:2907} INFO - Sync 1 DAGs
[2023-09-06T04:33:50.699+0000] {logging_mixin.py:151} INFO - [2023-09-06T04:33:50.699+0000] {dag.py:3677} INFO - Setting next_dagrun for example_params_ui_tutorial to None, run_after=None
[2023-09-06T04:33:50.712+0000] {processor.py:179} INFO - Processing /home/airflow/.local/lib/python3.8/site-packages/airflow/example_dags/example_params_ui_tutorial.py took 0.076 seconds
[2023-09-06T04:34:20.741+0000] {processor.py:157} INFO - Started process (PID=266) to work on /home/airflow/.local/lib/python3.8/site-packages/airflow/example_dags/example_params_ui_tutorial.py
[2023-09-06T04:34:20.742+0000] {processor.py:829} INFO - Processing file /home/airflow/.local/lib/python3.8/site-packages/airflow/example_dags/example_params_ui_tutorial.py for tasks to queue
[2023-09-06T04:34:20.744+0000] {logging_mixin.py:151} INFO - [2023-09-06T04:34:20.743+0000] {dagbag.py:539} INFO - Filling up the DagBag from /home/airflow/.local/lib/python3.8/site-packages/airflow/example_dags/example_params_ui_tutorial.py
[2023-09-06T04:34:20.761+0000] {processor.py:839} INFO - DAG(s) dict_keys(['example_params_ui_tutorial']) retrieved from /home/airflow/.local/lib/python3.8/site-packages/airflow/example_dags/example_params_ui_tutorial.py
[2023-09-06T04:34:20.793+0000] {logging_mixin.py:151} INFO - [2023-09-06T04:34:20.792+0000] {dag.py:2907} INFO - Sync 1 DAGs
[2023-09-06T04:34:20.800+0000] {logging_mixin.py:151} INFO - [2023-09-06T04:34:20.800+0000] {dag.py:3677} INFO - Setting next_dagrun for example_params_ui_tutorial to None, run_after=None
[2023-09-06T04:34:20.811+0000] {processor.py:179} INFO - Processing /home/airflow/.local/lib/python3.8/site-packages/airflow/example_dags/example_params_ui_tutorial.py took 0.072 seconds
[2023-09-06T04:34:51.072+0000] {processor.py:157} INFO - Started process (PID=320) to work on /home/airflow/.local/lib/python3.8/site-packages/airflow/example_dags/example_params_ui_tutorial.py
[2023-09-06T04:34:51.073+0000] {processor.py:829} INFO - Processing file /home/airflow/.local/lib/python3.8/site-packages/airflow/example_dags/example_params_ui_tutorial.py for tasks to queue
[2023-09-06T04:34:51.075+0000] {logging_mixin.py:151} INFO - [2023-09-06T04:34:51.075+0000] {dagbag.py:539} INFO - Filling up the DagBag from /home/airflow/.local/lib/python3.8/site-packages/airflow/example_dags/example_params_ui_tutorial.py
[2023-09-06T04:34:51.094+0000] {processor.py:839} INFO - DAG(s) dict_keys(['example_params_ui_tutorial']) retrieved from /home/airflow/.local/lib/python3.8/site-packages/airflow/example_dags/example_params_ui_tutorial.py
[2023-09-06T04:34:51.129+0000] {logging_mixin.py:151} INFO - [2023-09-06T04:34:51.128+0000] {dag.py:2907} INFO - Sync 1 DAGs
[2023-09-06T04:34:51.137+0000] {logging_mixin.py:151} INFO - [2023-09-06T04:34:51.137+0000] {dag.py:3677} INFO - Setting next_dagrun for example_params_ui_tutorial to None, run_after=None
[2023-09-06T04:34:51.150+0000] {processor.py:179} INFO - Processing /home/airflow/.local/lib/python3.8/site-packages/airflow/example_dags/example_params_ui_tutorial.py took 0.080 seconds
[2023-09-06T04:35:21.299+0000] {processor.py:157} INFO - Started process (PID=374) to work on /home/airflow/.local/lib/python3.8/site-packages/airflow/example_dags/example_params_ui_tutorial.py
[2023-09-06T04:35:21.300+0000] {processor.py:829} INFO - Processing file /home/airflow/.local/lib/python3.8/site-packages/airflow/example_dags/example_params_ui_tutorial.py for tasks to queue
[2023-09-06T04:35:21.301+0000] {logging_mixin.py:151} INFO - [2023-09-06T04:35:21.301+0000] {dagbag.py:539} INFO - Filling up the DagBag from /home/airflow/.local/lib/python3.8/site-packages/airflow/example_dags/example_params_ui_tutorial.py
[2023-09-06T04:35:21.319+0000] {processor.py:839} INFO - DAG(s) dict_keys(['example_params_ui_tutorial']) retrieved from /home/airflow/.local/lib/python3.8/site-packages/airflow/example_dags/example_params_ui_tutorial.py
[2023-09-06T04:35:21.353+0000] {logging_mixin.py:151} INFO - [2023-09-06T04:35:21.352+0000] {dag.py:2907} INFO - Sync 1 DAGs
[2023-09-06T04:35:21.361+0000] {logging_mixin.py:151} INFO - [2023-09-06T04:35:21.361+0000] {dag.py:3677} INFO - Setting next_dagrun for example_params_ui_tutorial to None, run_after=None
[2023-09-06T04:35:21.375+0000] {processor.py:179} INFO - Processing /home/airflow/.local/lib/python3.8/site-packages/airflow/example_dags/example_params_ui_tutorial.py took 0.079 seconds
[2023-09-06T04:35:51.545+0000] {processor.py:157} INFO - Started process (PID=428) to work on /home/airflow/.local/lib/python3.8/site-packages/airflow/example_dags/example_params_ui_tutorial.py
[2023-09-06T04:35:51.546+0000] {processor.py:829} INFO - Processing file /home/airflow/.local/lib/python3.8/site-packages/airflow/example_dags/example_params_ui_tutorial.py for tasks to queue
[2023-09-06T04:35:51.547+0000] {logging_mixin.py:151} INFO - [2023-09-06T04:35:51.547+0000] {dagbag.py:539} INFO - Filling up the DagBag from /home/airflow/.local/lib/python3.8/site-packages/airflow/example_dags/example_params_ui_tutorial.py
[2023-09-06T04:35:51.564+0000] {processor.py:839} INFO - DAG(s) dict_keys(['example_params_ui_tutorial']) retrieved from /home/airflow/.local/lib/python3.8/site-packages/airflow/example_dags/example_params_ui_tutorial.py
[2023-09-06T04:35:51.595+0000] {logging_mixin.py:151} INFO - [2023-09-06T04:35:51.595+0000] {dag.py:2907} INFO - Sync 1 DAGs
[2023-09-06T04:35:51.603+0000] {logging_mixin.py:151} INFO - [2023-09-06T04:35:51.603+0000] {dag.py:3677} INFO - Setting next_dagrun for example_params_ui_tutorial to None, run_after=None
[2023-09-06T04:35:51.613+0000] {processor.py:179} INFO - Processing /home/airflow/.local/lib/python3.8/site-packages/airflow/example_dags/example_params_ui_tutorial.py took 0.070 seconds
[2023-09-06T04:36:21.743+0000] {processor.py:157} INFO - Started process (PID=482) to work on /home/airflow/.local/lib/python3.8/site-packages/airflow/example_dags/example_params_ui_tutorial.py
[2023-09-06T04:36:21.744+0000] {processor.py:829} INFO - Processing file /home/airflow/.local/lib/python3.8/site-packages/airflow/example_dags/example_params_ui_tutorial.py for tasks to queue
[2023-09-06T04:36:21.746+0000] {logging_mixin.py:151} INFO - [2023-09-06T04:36:21.746+0000] {dagbag.py:539} INFO - Filling up the DagBag from /home/airflow/.local/lib/python3.8/site-packages/airflow/example_dags/example_params_ui_tutorial.py
[2023-09-06T04:36:21.763+0000] {processor.py:839} INFO - DAG(s) dict_keys(['example_params_ui_tutorial']) retrieved from /home/airflow/.local/lib/python3.8/site-packages/airflow/example_dags/example_params_ui_tutorial.py
[2023-09-06T04:36:21.794+0000] {logging_mixin.py:151} INFO - [2023-09-06T04:36:21.794+0000] {dag.py:2907} INFO - Sync 1 DAGs
[2023-09-06T04:36:21.802+0000] {logging_mixin.py:151} INFO - [2023-09-06T04:36:21.802+0000] {dag.py:3677} INFO - Setting next_dagrun for example_params_ui_tutorial to None, run_after=None
[2023-09-06T04:36:21.812+0000] {processor.py:179} INFO - Processing /home/airflow/.local/lib/python3.8/site-packages/airflow/example_dags/example_params_ui_tutorial.py took 0.071 seconds
[2023-09-06T04:36:52.713+0000] {processor.py:157} INFO - Started process (PID=536) to work on /home/airflow/.local/lib/python3.8/site-packages/airflow/example_dags/example_params_ui_tutorial.py
[2023-09-06T04:36:52.714+0000] {processor.py:829} INFO - Processing file /home/airflow/.local/lib/python3.8/site-packages/airflow/example_dags/example_params_ui_tutorial.py for tasks to queue
[2023-09-06T04:36:52.716+0000] {logging_mixin.py:151} INFO - [2023-09-06T04:36:52.716+0000] {dagbag.py:539} INFO - Filling up the DagBag from /home/airflow/.local/lib/python3.8/site-packages/airflow/example_dags/example_params_ui_tutorial.py
[2023-09-06T04:36:52.734+0000] {processor.py:839} INFO - DAG(s) dict_keys(['example_params_ui_tutorial']) retrieved from /home/airflow/.local/lib/python3.8/site-packages/airflow/example_dags/example_params_ui_tutorial.py
[2023-09-06T04:36:52.769+0000] {logging_mixin.py:151} INFO - [2023-09-06T04:36:52.769+0000] {dag.py:2907} INFO - Sync 1 DAGs
[2023-09-06T04:36:52.778+0000] {logging_mixin.py:151} INFO - [2023-09-06T04:36:52.777+0000] {dag.py:3677} INFO - Setting next_dagrun for example_params_ui_tutorial to None, run_after=None
[2023-09-06T04:36:52.791+0000] {processor.py:179} INFO - Processing /home/airflow/.local/lib/python3.8/site-packages/airflow/example_dags/example_params_ui_tutorial.py took 0.081 seconds
[2023-09-06T04:37:22.825+0000] {processor.py:157} INFO - Started process (PID=590) to work on /home/airflow/.local/lib/python3.8/site-packages/airflow/example_dags/example_params_ui_tutorial.py
[2023-09-06T04:37:22.826+0000] {processor.py:829} INFO - Processing file /home/airflow/.local/lib/python3.8/site-packages/airflow/example_dags/example_params_ui_tutorial.py for tasks to queue
[2023-09-06T04:37:22.828+0000] {logging_mixin.py:151} INFO - [2023-09-06T04:37:22.827+0000] {dagbag.py:539} INFO - Filling up the DagBag from /home/airflow/.local/lib/python3.8/site-packages/airflow/example_dags/example_params_ui_tutorial.py
[2023-09-06T04:37:22.845+0000] {processor.py:839} INFO - DAG(s) dict_keys(['example_params_ui_tutorial']) retrieved from /home/airflow/.local/lib/python3.8/site-packages/airflow/example_dags/example_params_ui_tutorial.py
[2023-09-06T04:37:22.877+0000] {logging_mixin.py:151} INFO - [2023-09-06T04:37:22.877+0000] {dag.py:2907} INFO - Sync 1 DAGs
[2023-09-06T04:37:22.886+0000] {logging_mixin.py:151} INFO - [2023-09-06T04:37:22.886+0000] {dag.py:3677} INFO - Setting next_dagrun for example_params_ui_tutorial to None, run_after=None
[2023-09-06T04:37:22.897+0000] {processor.py:179} INFO - Processing /home/airflow/.local/lib/python3.8/site-packages/airflow/example_dags/example_params_ui_tutorial.py took 0.075 seconds
[2023-09-06T04:37:53.077+0000] {processor.py:157} INFO - Started process (PID=643) to work on /home/airflow/.local/lib/python3.8/site-packages/airflow/example_dags/example_params_ui_tutorial.py
[2023-09-06T04:37:53.078+0000] {processor.py:829} INFO - Processing file /home/airflow/.local/lib/python3.8/site-packages/airflow/example_dags/example_params_ui_tutorial.py for tasks to queue
[2023-09-06T04:37:53.080+0000] {logging_mixin.py:151} INFO - [2023-09-06T04:37:53.079+0000] {dagbag.py:539} INFO - Filling up the DagBag from /home/airflow/.local/lib/python3.8/site-packages/airflow/example_dags/example_params_ui_tutorial.py
[2023-09-06T04:37:53.097+0000] {processor.py:839} INFO - DAG(s) dict_keys(['example_params_ui_tutorial']) retrieved from /home/airflow/.local/lib/python3.8/site-packages/airflow/example_dags/example_params_ui_tutorial.py
[2023-09-06T04:37:53.129+0000] {logging_mixin.py:151} INFO - [2023-09-06T04:37:53.128+0000] {dag.py:2907} INFO - Sync 1 DAGs
[2023-09-06T04:37:53.136+0000] {logging_mixin.py:151} INFO - [2023-09-06T04:37:53.136+0000] {dag.py:3677} INFO - Setting next_dagrun for example_params_ui_tutorial to None, run_after=None
[2023-09-06T04:37:53.146+0000] {processor.py:179} INFO - Processing /home/airflow/.local/lib/python3.8/site-packages/airflow/example_dags/example_params_ui_tutorial.py took 0.072 seconds
