[2023-09-06T04:32:19.244+0000] {processor.py:157} INFO - Started process (PID=52) to work on /home/airflow/.local/lib/python3.8/site-packages/airflow/example_dags/example_branch_labels.py
[2023-09-06T04:32:19.245+0000] {processor.py:829} INFO - Processing file /home/airflow/.local/lib/python3.8/site-packages/airflow/example_dags/example_branch_labels.py for tasks to queue
[2023-09-06T04:32:19.247+0000] {logging_mixin.py:151} INFO - [2023-09-06T04:32:19.246+0000] {dagbag.py:539} INFO - Filling up the DagBag from /home/airflow/.local/lib/python3.8/site-packages/airflow/example_dags/example_branch_labels.py
[2023-09-06T04:32:19.254+0000] {processor.py:839} INFO - DAG(s) dict_keys(['example_branch_labels']) retrieved from /home/airflow/.local/lib/python3.8/site-packages/airflow/example_dags/example_branch_labels.py
[2023-09-06T04:32:19.316+0000] {logging_mixin.py:151} INFO - [2023-09-06T04:32:19.316+0000] {manager.py:501} INFO - Created Permission View: can edit on DAG:example_branch_labels
[2023-09-06T04:32:19.323+0000] {logging_mixin.py:151} INFO - [2023-09-06T04:32:19.322+0000] {manager.py:501} INFO - Created Permission View: can delete on DAG:example_branch_labels
[2023-09-06T04:32:19.327+0000] {logging_mixin.py:151} INFO - [2023-09-06T04:32:19.327+0000] {manager.py:501} INFO - Created Permission View: can read on DAG:example_branch_labels
[2023-09-06T04:32:19.335+0000] {logging_mixin.py:151} INFO - [2023-09-06T04:32:19.335+0000] {dag.py:2907} INFO - Sync 1 DAGs
[2023-09-06T04:32:19.342+0000] {logging_mixin.py:151} INFO - [2023-09-06T04:32:19.341+0000] {dag.py:2929} INFO - Creating ORM DAG for example_branch_labels
[2023-09-06T04:32:19.349+0000] {logging_mixin.py:151} INFO - [2023-09-06T04:32:19.349+0000] {dag.py:3677} INFO - Setting next_dagrun for example_branch_labels to 2023-09-05T00:00:00+00:00, run_after=2023-09-06T00:00:00+00:00
[2023-09-06T04:32:19.357+0000] {processor.py:179} INFO - Processing /home/airflow/.local/lib/python3.8/site-packages/airflow/example_dags/example_branch_labels.py took 0.115 seconds
[2023-09-06T04:32:50.212+0000] {processor.py:157} INFO - Started process (PID=106) to work on /home/airflow/.local/lib/python3.8/site-packages/airflow/example_dags/example_branch_labels.py
[2023-09-06T04:32:50.213+0000] {processor.py:829} INFO - Processing file /home/airflow/.local/lib/python3.8/site-packages/airflow/example_dags/example_branch_labels.py for tasks to queue
[2023-09-06T04:32:50.215+0000] {logging_mixin.py:151} INFO - [2023-09-06T04:32:50.215+0000] {dagbag.py:539} INFO - Filling up the DagBag from /home/airflow/.local/lib/python3.8/site-packages/airflow/example_dags/example_branch_labels.py
[2023-09-06T04:32:50.221+0000] {processor.py:839} INFO - DAG(s) dict_keys(['example_branch_labels']) retrieved from /home/airflow/.local/lib/python3.8/site-packages/airflow/example_dags/example_branch_labels.py
[2023-09-06T04:32:50.238+0000] {logging_mixin.py:151} INFO - [2023-09-06T04:32:50.238+0000] {dag.py:2907} INFO - Sync 1 DAGs
[2023-09-06T04:32:50.252+0000] {logging_mixin.py:151} INFO - [2023-09-06T04:32:50.252+0000] {dag.py:3677} INFO - Setting next_dagrun for example_branch_labels to 2023-09-05T00:00:00+00:00, run_after=2023-09-06T00:00:00+00:00
[2023-09-06T04:32:50.263+0000] {processor.py:179} INFO - Processing /home/airflow/.local/lib/python3.8/site-packages/airflow/example_dags/example_branch_labels.py took 0.054 seconds
[2023-09-06T04:33:20.515+0000] {processor.py:157} INFO - Started process (PID=160) to work on /home/airflow/.local/lib/python3.8/site-packages/airflow/example_dags/example_branch_labels.py
[2023-09-06T04:33:20.516+0000] {processor.py:829} INFO - Processing file /home/airflow/.local/lib/python3.8/site-packages/airflow/example_dags/example_branch_labels.py for tasks to queue
[2023-09-06T04:33:20.518+0000] {logging_mixin.py:151} INFO - [2023-09-06T04:33:20.518+0000] {dagbag.py:539} INFO - Filling up the DagBag from /home/airflow/.local/lib/python3.8/site-packages/airflow/example_dags/example_branch_labels.py
[2023-09-06T04:33:20.524+0000] {processor.py:839} INFO - DAG(s) dict_keys(['example_branch_labels']) retrieved from /home/airflow/.local/lib/python3.8/site-packages/airflow/example_dags/example_branch_labels.py
[2023-09-06T04:33:20.544+0000] {logging_mixin.py:151} INFO - [2023-09-06T04:33:20.543+0000] {dag.py:2907} INFO - Sync 1 DAGs
[2023-09-06T04:33:20.559+0000] {logging_mixin.py:151} INFO - [2023-09-06T04:33:20.559+0000] {dag.py:3677} INFO - Setting next_dagrun for example_branch_labels to 2023-09-05T00:00:00+00:00, run_after=2023-09-06T00:00:00+00:00
[2023-09-06T04:33:20.571+0000] {processor.py:179} INFO - Processing /home/airflow/.local/lib/python3.8/site-packages/airflow/example_dags/example_branch_labels.py took 0.059 seconds
[2023-09-06T04:33:50.730+0000] {processor.py:157} INFO - Started process (PID=214) to work on /home/airflow/.local/lib/python3.8/site-packages/airflow/example_dags/example_branch_labels.py
[2023-09-06T04:33:50.731+0000] {processor.py:829} INFO - Processing file /home/airflow/.local/lib/python3.8/site-packages/airflow/example_dags/example_branch_labels.py for tasks to queue
[2023-09-06T04:33:50.733+0000] {logging_mixin.py:151} INFO - [2023-09-06T04:33:50.732+0000] {dagbag.py:539} INFO - Filling up the DagBag from /home/airflow/.local/lib/python3.8/site-packages/airflow/example_dags/example_branch_labels.py
[2023-09-06T04:33:50.738+0000] {processor.py:839} INFO - DAG(s) dict_keys(['example_branch_labels']) retrieved from /home/airflow/.local/lib/python3.8/site-packages/airflow/example_dags/example_branch_labels.py
[2023-09-06T04:33:50.756+0000] {logging_mixin.py:151} INFO - [2023-09-06T04:33:50.756+0000] {dag.py:2907} INFO - Sync 1 DAGs
[2023-09-06T04:33:50.770+0000] {logging_mixin.py:151} INFO - [2023-09-06T04:33:50.770+0000] {dag.py:3677} INFO - Setting next_dagrun for example_branch_labels to 2023-09-05T00:00:00+00:00, run_after=2023-09-06T00:00:00+00:00
[2023-09-06T04:33:50.780+0000] {processor.py:179} INFO - Processing /home/airflow/.local/lib/python3.8/site-packages/airflow/example_dags/example_branch_labels.py took 0.053 seconds
[2023-09-06T04:34:20.967+0000] {processor.py:157} INFO - Started process (PID=268) to work on /home/airflow/.local/lib/python3.8/site-packages/airflow/example_dags/example_branch_labels.py
[2023-09-06T04:34:20.968+0000] {processor.py:829} INFO - Processing file /home/airflow/.local/lib/python3.8/site-packages/airflow/example_dags/example_branch_labels.py for tasks to queue
[2023-09-06T04:34:20.970+0000] {logging_mixin.py:151} INFO - [2023-09-06T04:34:20.969+0000] {dagbag.py:539} INFO - Filling up the DagBag from /home/airflow/.local/lib/python3.8/site-packages/airflow/example_dags/example_branch_labels.py
[2023-09-06T04:34:20.975+0000] {processor.py:839} INFO - DAG(s) dict_keys(['example_branch_labels']) retrieved from /home/airflow/.local/lib/python3.8/site-packages/airflow/example_dags/example_branch_labels.py
[2023-09-06T04:34:20.992+0000] {logging_mixin.py:151} INFO - [2023-09-06T04:34:20.991+0000] {dag.py:2907} INFO - Sync 1 DAGs
[2023-09-06T04:34:21.005+0000] {logging_mixin.py:151} INFO - [2023-09-06T04:34:21.004+0000] {dag.py:3677} INFO - Setting next_dagrun for example_branch_labels to 2023-09-05T00:00:00+00:00, run_after=2023-09-06T00:00:00+00:00
[2023-09-06T04:34:21.015+0000] {processor.py:179} INFO - Processing /home/airflow/.local/lib/python3.8/site-packages/airflow/example_dags/example_branch_labels.py took 0.050 seconds
[2023-09-06T04:34:51.170+0000] {processor.py:157} INFO - Started process (PID=322) to work on /home/airflow/.local/lib/python3.8/site-packages/airflow/example_dags/example_branch_labels.py
[2023-09-06T04:34:51.171+0000] {processor.py:829} INFO - Processing file /home/airflow/.local/lib/python3.8/site-packages/airflow/example_dags/example_branch_labels.py for tasks to queue
[2023-09-06T04:34:51.173+0000] {logging_mixin.py:151} INFO - [2023-09-06T04:34:51.172+0000] {dagbag.py:539} INFO - Filling up the DagBag from /home/airflow/.local/lib/python3.8/site-packages/airflow/example_dags/example_branch_labels.py
[2023-09-06T04:34:51.179+0000] {processor.py:839} INFO - DAG(s) dict_keys(['example_branch_labels']) retrieved from /home/airflow/.local/lib/python3.8/site-packages/airflow/example_dags/example_branch_labels.py
[2023-09-06T04:34:51.197+0000] {logging_mixin.py:151} INFO - [2023-09-06T04:34:51.197+0000] {dag.py:2907} INFO - Sync 1 DAGs
[2023-09-06T04:34:51.213+0000] {logging_mixin.py:151} INFO - [2023-09-06T04:34:51.213+0000] {dag.py:3677} INFO - Setting next_dagrun for example_branch_labels to 2023-09-05T00:00:00+00:00, run_after=2023-09-06T00:00:00+00:00
[2023-09-06T04:34:51.224+0000] {processor.py:179} INFO - Processing /home/airflow/.local/lib/python3.8/site-packages/airflow/example_dags/example_branch_labels.py took 0.057 seconds
[2023-09-06T04:35:21.396+0000] {processor.py:157} INFO - Started process (PID=376) to work on /home/airflow/.local/lib/python3.8/site-packages/airflow/example_dags/example_branch_labels.py
[2023-09-06T04:35:21.397+0000] {processor.py:829} INFO - Processing file /home/airflow/.local/lib/python3.8/site-packages/airflow/example_dags/example_branch_labels.py for tasks to queue
[2023-09-06T04:35:21.399+0000] {logging_mixin.py:151} INFO - [2023-09-06T04:35:21.399+0000] {dagbag.py:539} INFO - Filling up the DagBag from /home/airflow/.local/lib/python3.8/site-packages/airflow/example_dags/example_branch_labels.py
[2023-09-06T04:35:21.406+0000] {processor.py:839} INFO - DAG(s) dict_keys(['example_branch_labels']) retrieved from /home/airflow/.local/lib/python3.8/site-packages/airflow/example_dags/example_branch_labels.py
[2023-09-06T04:35:21.426+0000] {logging_mixin.py:151} INFO - [2023-09-06T04:35:21.425+0000] {dag.py:2907} INFO - Sync 1 DAGs
[2023-09-06T04:35:21.440+0000] {logging_mixin.py:151} INFO - [2023-09-06T04:35:21.440+0000] {dag.py:3677} INFO - Setting next_dagrun for example_branch_labels to 2023-09-05T00:00:00+00:00, run_after=2023-09-06T00:00:00+00:00
[2023-09-06T04:35:21.451+0000] {processor.py:179} INFO - Processing /home/airflow/.local/lib/python3.8/site-packages/airflow/example_dags/example_branch_labels.py took 0.058 seconds
[2023-09-06T04:35:51.633+0000] {processor.py:157} INFO - Started process (PID=430) to work on /home/airflow/.local/lib/python3.8/site-packages/airflow/example_dags/example_branch_labels.py
[2023-09-06T04:35:51.634+0000] {processor.py:829} INFO - Processing file /home/airflow/.local/lib/python3.8/site-packages/airflow/example_dags/example_branch_labels.py for tasks to queue
[2023-09-06T04:35:51.636+0000] {logging_mixin.py:151} INFO - [2023-09-06T04:35:51.635+0000] {dagbag.py:539} INFO - Filling up the DagBag from /home/airflow/.local/lib/python3.8/site-packages/airflow/example_dags/example_branch_labels.py
[2023-09-06T04:35:51.641+0000] {processor.py:839} INFO - DAG(s) dict_keys(['example_branch_labels']) retrieved from /home/airflow/.local/lib/python3.8/site-packages/airflow/example_dags/example_branch_labels.py
[2023-09-06T04:35:51.658+0000] {logging_mixin.py:151} INFO - [2023-09-06T04:35:51.657+0000] {dag.py:2907} INFO - Sync 1 DAGs
[2023-09-06T04:35:51.671+0000] {logging_mixin.py:151} INFO - [2023-09-06T04:35:51.671+0000] {dag.py:3677} INFO - Setting next_dagrun for example_branch_labels to 2023-09-05T00:00:00+00:00, run_after=2023-09-06T00:00:00+00:00
[2023-09-06T04:35:51.680+0000] {processor.py:179} INFO - Processing /home/airflow/.local/lib/python3.8/site-packages/airflow/example_dags/example_branch_labels.py took 0.050 seconds
[2023-09-06T04:36:21.829+0000] {processor.py:157} INFO - Started process (PID=484) to work on /home/airflow/.local/lib/python3.8/site-packages/airflow/example_dags/example_branch_labels.py
[2023-09-06T04:36:21.830+0000] {processor.py:829} INFO - Processing file /home/airflow/.local/lib/python3.8/site-packages/airflow/example_dags/example_branch_labels.py for tasks to queue
[2023-09-06T04:36:21.832+0000] {logging_mixin.py:151} INFO - [2023-09-06T04:36:21.831+0000] {dagbag.py:539} INFO - Filling up the DagBag from /home/airflow/.local/lib/python3.8/site-packages/airflow/example_dags/example_branch_labels.py
[2023-09-06T04:36:21.837+0000] {processor.py:839} INFO - DAG(s) dict_keys(['example_branch_labels']) retrieved from /home/airflow/.local/lib/python3.8/site-packages/airflow/example_dags/example_branch_labels.py
[2023-09-06T04:36:21.855+0000] {logging_mixin.py:151} INFO - [2023-09-06T04:36:21.854+0000] {dag.py:2907} INFO - Sync 1 DAGs
[2023-09-06T04:36:21.868+0000] {logging_mixin.py:151} INFO - [2023-09-06T04:36:21.868+0000] {dag.py:3677} INFO - Setting next_dagrun for example_branch_labels to 2023-09-05T00:00:00+00:00, run_after=2023-09-06T00:00:00+00:00
[2023-09-06T04:36:21.878+0000] {processor.py:179} INFO - Processing /home/airflow/.local/lib/python3.8/site-packages/airflow/example_dags/example_branch_labels.py took 0.051 seconds
[2023-09-06T04:36:52.812+0000] {processor.py:157} INFO - Started process (PID=538) to work on /home/airflow/.local/lib/python3.8/site-packages/airflow/example_dags/example_branch_labels.py
[2023-09-06T04:36:52.813+0000] {processor.py:829} INFO - Processing file /home/airflow/.local/lib/python3.8/site-packages/airflow/example_dags/example_branch_labels.py for tasks to queue
[2023-09-06T04:36:52.815+0000] {logging_mixin.py:151} INFO - [2023-09-06T04:36:52.815+0000] {dagbag.py:539} INFO - Filling up the DagBag from /home/airflow/.local/lib/python3.8/site-packages/airflow/example_dags/example_branch_labels.py
[2023-09-06T04:36:52.821+0000] {processor.py:839} INFO - DAG(s) dict_keys(['example_branch_labels']) retrieved from /home/airflow/.local/lib/python3.8/site-packages/airflow/example_dags/example_branch_labels.py
[2023-09-06T04:36:52.841+0000] {logging_mixin.py:151} INFO - [2023-09-06T04:36:52.841+0000] {dag.py:2907} INFO - Sync 1 DAGs
[2023-09-06T04:36:52.857+0000] {logging_mixin.py:151} INFO - [2023-09-06T04:36:52.856+0000] {dag.py:3677} INFO - Setting next_dagrun for example_branch_labels to 2023-09-05T00:00:00+00:00, run_after=2023-09-06T00:00:00+00:00
[2023-09-06T04:36:52.869+0000] {processor.py:179} INFO - Processing /home/airflow/.local/lib/python3.8/site-packages/airflow/example_dags/example_branch_labels.py took 0.060 seconds
[2023-09-06T04:37:22.992+0000] {processor.py:157} INFO - Started process (PID=592) to work on /home/airflow/.local/lib/python3.8/site-packages/airflow/example_dags/example_branch_labels.py
[2023-09-06T04:37:22.992+0000] {processor.py:829} INFO - Processing file /home/airflow/.local/lib/python3.8/site-packages/airflow/example_dags/example_branch_labels.py for tasks to queue
[2023-09-06T04:37:22.994+0000] {logging_mixin.py:151} INFO - [2023-09-06T04:37:22.994+0000] {dagbag.py:539} INFO - Filling up the DagBag from /home/airflow/.local/lib/python3.8/site-packages/airflow/example_dags/example_branch_labels.py
[2023-09-06T04:37:22.999+0000] {processor.py:839} INFO - DAG(s) dict_keys(['example_branch_labels']) retrieved from /home/airflow/.local/lib/python3.8/site-packages/airflow/example_dags/example_branch_labels.py
[2023-09-06T04:37:23.017+0000] {logging_mixin.py:151} INFO - [2023-09-06T04:37:23.017+0000] {dag.py:2907} INFO - Sync 1 DAGs
[2023-09-06T04:37:23.031+0000] {logging_mixin.py:151} INFO - [2023-09-06T04:37:23.031+0000] {dag.py:3677} INFO - Setting next_dagrun for example_branch_labels to 2023-09-05T00:00:00+00:00, run_after=2023-09-06T00:00:00+00:00
[2023-09-06T04:37:23.041+0000] {processor.py:179} INFO - Processing /home/airflow/.local/lib/python3.8/site-packages/airflow/example_dags/example_branch_labels.py took 0.052 seconds
[2023-09-06T04:37:53.312+0000] {processor.py:157} INFO - Started process (PID=646) to work on /home/airflow/.local/lib/python3.8/site-packages/airflow/example_dags/example_branch_labels.py
[2023-09-06T04:37:53.313+0000] {processor.py:829} INFO - Processing file /home/airflow/.local/lib/python3.8/site-packages/airflow/example_dags/example_branch_labels.py for tasks to queue
[2023-09-06T04:37:53.315+0000] {logging_mixin.py:151} INFO - [2023-09-06T04:37:53.315+0000] {dagbag.py:539} INFO - Filling up the DagBag from /home/airflow/.local/lib/python3.8/site-packages/airflow/example_dags/example_branch_labels.py
[2023-09-06T04:37:53.320+0000] {processor.py:839} INFO - DAG(s) dict_keys(['example_branch_labels']) retrieved from /home/airflow/.local/lib/python3.8/site-packages/airflow/example_dags/example_branch_labels.py
[2023-09-06T04:37:53.337+0000] {logging_mixin.py:151} INFO - [2023-09-06T04:37:53.337+0000] {dag.py:2907} INFO - Sync 1 DAGs
[2023-09-06T04:37:53.351+0000] {logging_mixin.py:151} INFO - [2023-09-06T04:37:53.351+0000] {dag.py:3677} INFO - Setting next_dagrun for example_branch_labels to 2023-09-05T00:00:00+00:00, run_after=2023-09-06T00:00:00+00:00
[2023-09-06T04:37:53.361+0000] {processor.py:179} INFO - Processing /home/airflow/.local/lib/python3.8/site-packages/airflow/example_dags/example_branch_labels.py took 0.051 seconds
