[2023-09-06T04:32:19.780+0000] {processor.py:157} INFO - Started process (PID=59) to work on /home/airflow/.local/lib/python3.8/site-packages/airflow/example_dags/example_datasets.py
[2023-09-06T04:32:19.781+0000] {processor.py:829} INFO - Processing file /home/airflow/.local/lib/python3.8/site-packages/airflow/example_dags/example_datasets.py for tasks to queue
[2023-09-06T04:32:19.783+0000] {logging_mixin.py:151} INFO - [2023-09-06T04:32:19.783+0000] {dagbag.py:539} INFO - Filling up the DagBag from /home/airflow/.local/lib/python3.8/site-packages/airflow/example_dags/example_datasets.py
[2023-09-06T04:32:19.792+0000] {processor.py:839} INFO - DAG(s) dict_keys(['dataset_consumes_unknown_never_scheduled', 'dataset_consumes_1_and_2', 'dataset_produces_1', 'dataset_consumes_1_never_scheduled', 'dataset_consumes_1', 'dataset_produces_2']) retrieved from /home/airflow/.local/lib/python3.8/site-packages/airflow/example_dags/example_datasets.py
[2023-09-06T04:32:19.856+0000] {logging_mixin.py:151} INFO - [2023-09-06T04:32:19.856+0000] {manager.py:501} INFO - Created Permission View: can edit on DAG:dataset_consumes_unknown_never_scheduled
[2023-09-06T04:32:19.862+0000] {logging_mixin.py:151} INFO - [2023-09-06T04:32:19.862+0000] {manager.py:501} INFO - Created Permission View: can delete on DAG:dataset_consumes_unknown_never_scheduled
[2023-09-06T04:32:19.866+0000] {logging_mixin.py:151} INFO - [2023-09-06T04:32:19.866+0000] {manager.py:501} INFO - Created Permission View: can read on DAG:dataset_consumes_unknown_never_scheduled
[2023-09-06T04:32:19.880+0000] {logging_mixin.py:151} INFO - [2023-09-06T04:32:19.880+0000] {manager.py:501} INFO - Created Permission View: can edit on DAG:dataset_consumes_1_and_2
[2023-09-06T04:32:19.884+0000] {logging_mixin.py:151} INFO - [2023-09-06T04:32:19.884+0000] {manager.py:501} INFO - Created Permission View: can delete on DAG:dataset_consumes_1_and_2
[2023-09-06T04:32:19.887+0000] {logging_mixin.py:151} INFO - [2023-09-06T04:32:19.887+0000] {manager.py:501} INFO - Created Permission View: can read on DAG:dataset_consumes_1_and_2
[2023-09-06T04:32:19.897+0000] {logging_mixin.py:151} INFO - [2023-09-06T04:32:19.897+0000] {manager.py:501} INFO - Created Permission View: can edit on DAG:dataset_produces_1
[2023-09-06T04:32:19.900+0000] {logging_mixin.py:151} INFO - [2023-09-06T04:32:19.900+0000] {manager.py:501} INFO - Created Permission View: can delete on DAG:dataset_produces_1
[2023-09-06T04:32:19.904+0000] {logging_mixin.py:151} INFO - [2023-09-06T04:32:19.904+0000] {manager.py:501} INFO - Created Permission View: can read on DAG:dataset_produces_1
[2023-09-06T04:32:19.915+0000] {logging_mixin.py:151} INFO - [2023-09-06T04:32:19.915+0000] {manager.py:501} INFO - Created Permission View: can edit on DAG:dataset_consumes_1_never_scheduled
[2023-09-06T04:32:19.919+0000] {logging_mixin.py:151} INFO - [2023-09-06T04:32:19.919+0000] {manager.py:501} INFO - Created Permission View: can delete on DAG:dataset_consumes_1_never_scheduled
[2023-09-06T04:32:19.922+0000] {logging_mixin.py:151} INFO - [2023-09-06T04:32:19.922+0000] {manager.py:501} INFO - Created Permission View: can read on DAG:dataset_consumes_1_never_scheduled
[2023-09-06T04:32:19.932+0000] {logging_mixin.py:151} INFO - [2023-09-06T04:32:19.932+0000] {manager.py:501} INFO - Created Permission View: can edit on DAG:dataset_consumes_1
[2023-09-06T04:32:19.936+0000] {logging_mixin.py:151} INFO - [2023-09-06T04:32:19.936+0000] {manager.py:501} INFO - Created Permission View: can delete on DAG:dataset_consumes_1
[2023-09-06T04:32:19.940+0000] {logging_mixin.py:151} INFO - [2023-09-06T04:32:19.940+0000] {manager.py:501} INFO - Created Permission View: can read on DAG:dataset_consumes_1
[2023-09-06T04:32:19.950+0000] {logging_mixin.py:151} INFO - [2023-09-06T04:32:19.950+0000] {manager.py:501} INFO - Created Permission View: can edit on DAG:dataset_produces_2
[2023-09-06T04:32:19.955+0000] {logging_mixin.py:151} INFO - [2023-09-06T04:32:19.954+0000] {manager.py:501} INFO - Created Permission View: can delete on DAG:dataset_produces_2
[2023-09-06T04:32:19.959+0000] {logging_mixin.py:151} INFO - [2023-09-06T04:32:19.958+0000] {manager.py:501} INFO - Created Permission View: can read on DAG:dataset_produces_2
[2023-09-06T04:32:19.962+0000] {logging_mixin.py:151} INFO - [2023-09-06T04:32:19.962+0000] {dag.py:2907} INFO - Sync 6 DAGs
[2023-09-06T04:32:19.972+0000] {logging_mixin.py:151} INFO - [2023-09-06T04:32:19.972+0000] {dag.py:2929} INFO - Creating ORM DAG for dataset_produces_1
[2023-09-06T04:32:19.973+0000] {logging_mixin.py:151} INFO - [2023-09-06T04:32:19.973+0000] {dag.py:2929} INFO - Creating ORM DAG for dataset_consumes_1_and_2
[2023-09-06T04:32:19.973+0000] {logging_mixin.py:151} INFO - [2023-09-06T04:32:19.973+0000] {dag.py:2929} INFO - Creating ORM DAG for dataset_consumes_unknown_never_scheduled
[2023-09-06T04:32:19.973+0000] {logging_mixin.py:151} INFO - [2023-09-06T04:32:19.973+0000] {dag.py:2929} INFO - Creating ORM DAG for dataset_produces_2
[2023-09-06T04:32:19.974+0000] {logging_mixin.py:151} INFO - [2023-09-06T04:32:19.974+0000] {dag.py:2929} INFO - Creating ORM DAG for dataset_consumes_1
[2023-09-06T04:32:19.974+0000] {logging_mixin.py:151} INFO - [2023-09-06T04:32:19.974+0000] {dag.py:2929} INFO - Creating ORM DAG for dataset_consumes_1_never_scheduled
[2023-09-06T04:32:19.980+0000] {logging_mixin.py:151} INFO - [2023-09-06T04:32:19.980+0000] {dag.py:3677} INFO - Setting next_dagrun for dataset_consumes_1 to None, run_after=None
[2023-09-06T04:32:19.981+0000] {logging_mixin.py:151} INFO - [2023-09-06T04:32:19.981+0000] {dag.py:3677} INFO - Setting next_dagrun for dataset_consumes_1_and_2 to None, run_after=None
[2023-09-06T04:32:19.981+0000] {logging_mixin.py:151} INFO - [2023-09-06T04:32:19.981+0000] {dag.py:3677} INFO - Setting next_dagrun for dataset_consumes_1_never_scheduled to None, run_after=None
[2023-09-06T04:32:19.982+0000] {logging_mixin.py:151} INFO - [2023-09-06T04:32:19.982+0000] {dag.py:3677} INFO - Setting next_dagrun for dataset_consumes_unknown_never_scheduled to None, run_after=None
[2023-09-06T04:32:19.983+0000] {logging_mixin.py:151} INFO - [2023-09-06T04:32:19.983+0000] {dag.py:3677} INFO - Setting next_dagrun for dataset_produces_1 to 2023-09-05T00:00:00+00:00, run_after=2023-09-06T00:00:00+00:00
[2023-09-06T04:32:19.984+0000] {logging_mixin.py:151} INFO - [2023-09-06T04:32:19.984+0000] {dag.py:3677} INFO - Setting next_dagrun for dataset_produces_2 to None, run_after=None
[2023-09-06T04:32:20.009+0000] {processor.py:179} INFO - Processing /home/airflow/.local/lib/python3.8/site-packages/airflow/example_dags/example_datasets.py took 0.231 seconds
[2023-09-06T04:32:50.482+0000] {processor.py:157} INFO - Started process (PID=113) to work on /home/airflow/.local/lib/python3.8/site-packages/airflow/example_dags/example_datasets.py
[2023-09-06T04:32:50.482+0000] {processor.py:829} INFO - Processing file /home/airflow/.local/lib/python3.8/site-packages/airflow/example_dags/example_datasets.py for tasks to queue
[2023-09-06T04:32:50.484+0000] {logging_mixin.py:151} INFO - [2023-09-06T04:32:50.484+0000] {dagbag.py:539} INFO - Filling up the DagBag from /home/airflow/.local/lib/python3.8/site-packages/airflow/example_dags/example_datasets.py
[2023-09-06T04:32:50.490+0000] {processor.py:839} INFO - DAG(s) dict_keys(['dataset_consumes_1', 'dataset_produces_2', 'dataset_consumes_unknown_never_scheduled', 'dataset_produces_1', 'dataset_consumes_1_never_scheduled', 'dataset_consumes_1_and_2']) retrieved from /home/airflow/.local/lib/python3.8/site-packages/airflow/example_dags/example_datasets.py
[2023-09-06T04:32:50.515+0000] {logging_mixin.py:151} INFO - [2023-09-06T04:32:50.515+0000] {dag.py:2907} INFO - Sync 6 DAGs
[2023-09-06T04:32:50.529+0000] {logging_mixin.py:151} INFO - [2023-09-06T04:32:50.529+0000] {dag.py:3677} INFO - Setting next_dagrun for dataset_consumes_1 to None, run_after=None
[2023-09-06T04:32:50.531+0000] {logging_mixin.py:151} INFO - [2023-09-06T04:32:50.531+0000] {dag.py:3677} INFO - Setting next_dagrun for dataset_consumes_1_and_2 to None, run_after=None
[2023-09-06T04:32:50.532+0000] {logging_mixin.py:151} INFO - [2023-09-06T04:32:50.532+0000] {dag.py:3677} INFO - Setting next_dagrun for dataset_consumes_1_never_scheduled to None, run_after=None
[2023-09-06T04:32:50.533+0000] {logging_mixin.py:151} INFO - [2023-09-06T04:32:50.533+0000] {dag.py:3677} INFO - Setting next_dagrun for dataset_consumes_unknown_never_scheduled to None, run_after=None
[2023-09-06T04:32:50.535+0000] {logging_mixin.py:151} INFO - [2023-09-06T04:32:50.535+0000] {dag.py:3677} INFO - Setting next_dagrun for dataset_produces_1 to 2023-09-05T00:00:00+00:00, run_after=2023-09-06T00:00:00+00:00
[2023-09-06T04:32:50.536+0000] {logging_mixin.py:151} INFO - [2023-09-06T04:32:50.536+0000] {dag.py:3677} INFO - Setting next_dagrun for dataset_produces_2 to None, run_after=None
[2023-09-06T04:32:50.554+0000] {processor.py:179} INFO - Processing /home/airflow/.local/lib/python3.8/site-packages/airflow/example_dags/example_datasets.py took 0.075 seconds
[2023-09-06T04:33:20.791+0000] {processor.py:157} INFO - Started process (PID=167) to work on /home/airflow/.local/lib/python3.8/site-packages/airflow/example_dags/example_datasets.py
[2023-09-06T04:33:20.792+0000] {processor.py:829} INFO - Processing file /home/airflow/.local/lib/python3.8/site-packages/airflow/example_dags/example_datasets.py for tasks to queue
[2023-09-06T04:33:20.794+0000] {logging_mixin.py:151} INFO - [2023-09-06T04:33:20.794+0000] {dagbag.py:539} INFO - Filling up the DagBag from /home/airflow/.local/lib/python3.8/site-packages/airflow/example_dags/example_datasets.py
[2023-09-06T04:33:20.801+0000] {processor.py:839} INFO - DAG(s) dict_keys(['dataset_consumes_unknown_never_scheduled', 'dataset_consumes_1_never_scheduled', 'dataset_consumes_1', 'dataset_produces_2', 'dataset_produces_1', 'dataset_consumes_1_and_2']) retrieved from /home/airflow/.local/lib/python3.8/site-packages/airflow/example_dags/example_datasets.py
[2023-09-06T04:33:20.826+0000] {logging_mixin.py:151} INFO - [2023-09-06T04:33:20.826+0000] {dag.py:2907} INFO - Sync 6 DAGs
[2023-09-06T04:33:20.842+0000] {logging_mixin.py:151} INFO - [2023-09-06T04:33:20.842+0000] {dag.py:3677} INFO - Setting next_dagrun for dataset_consumes_1 to None, run_after=None
[2023-09-06T04:33:20.844+0000] {logging_mixin.py:151} INFO - [2023-09-06T04:33:20.844+0000] {dag.py:3677} INFO - Setting next_dagrun for dataset_consumes_1_and_2 to None, run_after=None
[2023-09-06T04:33:20.845+0000] {logging_mixin.py:151} INFO - [2023-09-06T04:33:20.845+0000] {dag.py:3677} INFO - Setting next_dagrun for dataset_consumes_1_never_scheduled to None, run_after=None
[2023-09-06T04:33:20.846+0000] {logging_mixin.py:151} INFO - [2023-09-06T04:33:20.846+0000] {dag.py:3677} INFO - Setting next_dagrun for dataset_consumes_unknown_never_scheduled to None, run_after=None
[2023-09-06T04:33:20.848+0000] {logging_mixin.py:151} INFO - [2023-09-06T04:33:20.848+0000] {dag.py:3677} INFO - Setting next_dagrun for dataset_produces_1 to 2023-09-05T00:00:00+00:00, run_after=2023-09-06T00:00:00+00:00
[2023-09-06T04:33:20.849+0000] {logging_mixin.py:151} INFO - [2023-09-06T04:33:20.849+0000] {dag.py:3677} INFO - Setting next_dagrun for dataset_produces_2 to None, run_after=None
[2023-09-06T04:33:20.868+0000] {processor.py:179} INFO - Processing /home/airflow/.local/lib/python3.8/site-packages/airflow/example_dags/example_datasets.py took 0.080 seconds
[2023-09-06T04:33:50.994+0000] {processor.py:157} INFO - Started process (PID=221) to work on /home/airflow/.local/lib/python3.8/site-packages/airflow/example_dags/example_datasets.py
[2023-09-06T04:33:50.995+0000] {processor.py:829} INFO - Processing file /home/airflow/.local/lib/python3.8/site-packages/airflow/example_dags/example_datasets.py for tasks to queue
[2023-09-06T04:33:50.997+0000] {logging_mixin.py:151} INFO - [2023-09-06T04:33:50.996+0000] {dagbag.py:539} INFO - Filling up the DagBag from /home/airflow/.local/lib/python3.8/site-packages/airflow/example_dags/example_datasets.py
[2023-09-06T04:33:51.004+0000] {processor.py:839} INFO - DAG(s) dict_keys(['dataset_produces_1', 'dataset_consumes_1_and_2', 'dataset_consumes_1_never_scheduled', 'dataset_consumes_unknown_never_scheduled', 'dataset_consumes_1', 'dataset_produces_2']) retrieved from /home/airflow/.local/lib/python3.8/site-packages/airflow/example_dags/example_datasets.py
[2023-09-06T04:33:51.027+0000] {logging_mixin.py:151} INFO - [2023-09-06T04:33:51.027+0000] {dag.py:2907} INFO - Sync 6 DAGs
[2023-09-06T04:33:51.042+0000] {logging_mixin.py:151} INFO - [2023-09-06T04:33:51.042+0000] {dag.py:3677} INFO - Setting next_dagrun for dataset_consumes_1 to None, run_after=None
[2023-09-06T04:33:51.044+0000] {logging_mixin.py:151} INFO - [2023-09-06T04:33:51.044+0000] {dag.py:3677} INFO - Setting next_dagrun for dataset_consumes_1_and_2 to None, run_after=None
[2023-09-06T04:33:51.045+0000] {logging_mixin.py:151} INFO - [2023-09-06T04:33:51.045+0000] {dag.py:3677} INFO - Setting next_dagrun for dataset_consumes_1_never_scheduled to None, run_after=None
[2023-09-06T04:33:51.046+0000] {logging_mixin.py:151} INFO - [2023-09-06T04:33:51.046+0000] {dag.py:3677} INFO - Setting next_dagrun for dataset_consumes_unknown_never_scheduled to None, run_after=None
[2023-09-06T04:33:51.048+0000] {logging_mixin.py:151} INFO - [2023-09-06T04:33:51.047+0000] {dag.py:3677} INFO - Setting next_dagrun for dataset_produces_1 to 2023-09-05T00:00:00+00:00, run_after=2023-09-06T00:00:00+00:00
[2023-09-06T04:33:51.048+0000] {logging_mixin.py:151} INFO - [2023-09-06T04:33:51.048+0000] {dag.py:3677} INFO - Setting next_dagrun for dataset_produces_2 to None, run_after=None
[2023-09-06T04:33:51.065+0000] {processor.py:179} INFO - Processing /home/airflow/.local/lib/python3.8/site-packages/airflow/example_dags/example_datasets.py took 0.074 seconds
[2023-09-06T04:34:21.308+0000] {processor.py:157} INFO - Started process (PID=275) to work on /home/airflow/.local/lib/python3.8/site-packages/airflow/example_dags/example_datasets.py
[2023-09-06T04:34:21.309+0000] {processor.py:829} INFO - Processing file /home/airflow/.local/lib/python3.8/site-packages/airflow/example_dags/example_datasets.py for tasks to queue
[2023-09-06T04:34:21.311+0000] {logging_mixin.py:151} INFO - [2023-09-06T04:34:21.311+0000] {dagbag.py:539} INFO - Filling up the DagBag from /home/airflow/.local/lib/python3.8/site-packages/airflow/example_dags/example_datasets.py
[2023-09-06T04:34:21.318+0000] {processor.py:839} INFO - DAG(s) dict_keys(['dataset_produces_1', 'dataset_produces_2', 'dataset_consumes_1_and_2', 'dataset_consumes_1_never_scheduled', 'dataset_consumes_unknown_never_scheduled', 'dataset_consumes_1']) retrieved from /home/airflow/.local/lib/python3.8/site-packages/airflow/example_dags/example_datasets.py
[2023-09-06T04:34:21.343+0000] {logging_mixin.py:151} INFO - [2023-09-06T04:34:21.342+0000] {dag.py:2907} INFO - Sync 6 DAGs
[2023-09-06T04:34:21.356+0000] {logging_mixin.py:151} INFO - [2023-09-06T04:34:21.356+0000] {dag.py:3677} INFO - Setting next_dagrun for dataset_consumes_1 to None, run_after=None
[2023-09-06T04:34:21.358+0000] {logging_mixin.py:151} INFO - [2023-09-06T04:34:21.358+0000] {dag.py:3677} INFO - Setting next_dagrun for dataset_consumes_1_and_2 to None, run_after=None
[2023-09-06T04:34:21.359+0000] {logging_mixin.py:151} INFO - [2023-09-06T04:34:21.359+0000] {dag.py:3677} INFO - Setting next_dagrun for dataset_consumes_1_never_scheduled to None, run_after=None
[2023-09-06T04:34:21.360+0000] {logging_mixin.py:151} INFO - [2023-09-06T04:34:21.360+0000] {dag.py:3677} INFO - Setting next_dagrun for dataset_consumes_unknown_never_scheduled to None, run_after=None
[2023-09-06T04:34:21.362+0000] {logging_mixin.py:151} INFO - [2023-09-06T04:34:21.362+0000] {dag.py:3677} INFO - Setting next_dagrun for dataset_produces_1 to 2023-09-05T00:00:00+00:00, run_after=2023-09-06T00:00:00+00:00
[2023-09-06T04:34:21.363+0000] {logging_mixin.py:151} INFO - [2023-09-06T04:34:21.363+0000] {dag.py:3677} INFO - Setting next_dagrun for dataset_produces_2 to None, run_after=None
[2023-09-06T04:34:21.380+0000] {processor.py:179} INFO - Processing /home/airflow/.local/lib/python3.8/site-packages/airflow/example_dags/example_datasets.py took 0.074 seconds
[2023-09-06T04:34:51.468+0000] {processor.py:157} INFO - Started process (PID=330) to work on /home/airflow/.local/lib/python3.8/site-packages/airflow/example_dags/example_datasets.py
[2023-09-06T04:34:51.469+0000] {processor.py:829} INFO - Processing file /home/airflow/.local/lib/python3.8/site-packages/airflow/example_dags/example_datasets.py for tasks to queue
[2023-09-06T04:34:51.471+0000] {logging_mixin.py:151} INFO - [2023-09-06T04:34:51.470+0000] {dagbag.py:539} INFO - Filling up the DagBag from /home/airflow/.local/lib/python3.8/site-packages/airflow/example_dags/example_datasets.py
[2023-09-06T04:34:51.478+0000] {processor.py:839} INFO - DAG(s) dict_keys(['dataset_consumes_1', 'dataset_produces_2', 'dataset_produces_1', 'dataset_consumes_1_never_scheduled', 'dataset_consumes_unknown_never_scheduled', 'dataset_consumes_1_and_2']) retrieved from /home/airflow/.local/lib/python3.8/site-packages/airflow/example_dags/example_datasets.py
[2023-09-06T04:34:51.505+0000] {logging_mixin.py:151} INFO - [2023-09-06T04:34:51.505+0000] {dag.py:2907} INFO - Sync 6 DAGs
[2023-09-06T04:34:51.520+0000] {logging_mixin.py:151} INFO - [2023-09-06T04:34:51.519+0000] {dag.py:3677} INFO - Setting next_dagrun for dataset_consumes_1 to None, run_after=None
[2023-09-06T04:34:51.522+0000] {logging_mixin.py:151} INFO - [2023-09-06T04:34:51.522+0000] {dag.py:3677} INFO - Setting next_dagrun for dataset_consumes_1_and_2 to None, run_after=None
[2023-09-06T04:34:51.523+0000] {logging_mixin.py:151} INFO - [2023-09-06T04:34:51.523+0000] {dag.py:3677} INFO - Setting next_dagrun for dataset_consumes_1_never_scheduled to None, run_after=None
[2023-09-06T04:34:51.524+0000] {logging_mixin.py:151} INFO - [2023-09-06T04:34:51.524+0000] {dag.py:3677} INFO - Setting next_dagrun for dataset_consumes_unknown_never_scheduled to None, run_after=None
[2023-09-06T04:34:51.526+0000] {logging_mixin.py:151} INFO - [2023-09-06T04:34:51.526+0000] {dag.py:3677} INFO - Setting next_dagrun for dataset_produces_1 to 2023-09-05T00:00:00+00:00, run_after=2023-09-06T00:00:00+00:00
[2023-09-06T04:34:51.527+0000] {logging_mixin.py:151} INFO - [2023-09-06T04:34:51.527+0000] {dag.py:3677} INFO - Setting next_dagrun for dataset_produces_2 to None, run_after=None
[2023-09-06T04:34:51.546+0000] {processor.py:179} INFO - Processing /home/airflow/.local/lib/python3.8/site-packages/airflow/example_dags/example_datasets.py took 0.081 seconds
[2023-09-06T04:35:21.792+0000] {processor.py:157} INFO - Started process (PID=384) to work on /home/airflow/.local/lib/python3.8/site-packages/airflow/example_dags/example_datasets.py
[2023-09-06T04:35:21.793+0000] {processor.py:829} INFO - Processing file /home/airflow/.local/lib/python3.8/site-packages/airflow/example_dags/example_datasets.py for tasks to queue
[2023-09-06T04:35:21.795+0000] {logging_mixin.py:151} INFO - [2023-09-06T04:35:21.795+0000] {dagbag.py:539} INFO - Filling up the DagBag from /home/airflow/.local/lib/python3.8/site-packages/airflow/example_dags/example_datasets.py
[2023-09-06T04:35:21.802+0000] {processor.py:839} INFO - DAG(s) dict_keys(['dataset_consumes_unknown_never_scheduled', 'dataset_consumes_1_never_scheduled', 'dataset_produces_1', 'dataset_produces_2', 'dataset_consumes_1', 'dataset_consumes_1_and_2']) retrieved from /home/airflow/.local/lib/python3.8/site-packages/airflow/example_dags/example_datasets.py
[2023-09-06T04:35:21.826+0000] {logging_mixin.py:151} INFO - [2023-09-06T04:35:21.825+0000] {dag.py:2907} INFO - Sync 6 DAGs
[2023-09-06T04:35:21.838+0000] {logging_mixin.py:151} INFO - [2023-09-06T04:35:21.838+0000] {dag.py:3677} INFO - Setting next_dagrun for dataset_consumes_1 to None, run_after=None
[2023-09-06T04:35:21.840+0000] {logging_mixin.py:151} INFO - [2023-09-06T04:35:21.840+0000] {dag.py:3677} INFO - Setting next_dagrun for dataset_consumes_1_and_2 to None, run_after=None
[2023-09-06T04:35:21.841+0000] {logging_mixin.py:151} INFO - [2023-09-06T04:35:21.841+0000] {dag.py:3677} INFO - Setting next_dagrun for dataset_consumes_1_never_scheduled to None, run_after=None
[2023-09-06T04:35:21.842+0000] {logging_mixin.py:151} INFO - [2023-09-06T04:35:21.842+0000] {dag.py:3677} INFO - Setting next_dagrun for dataset_consumes_unknown_never_scheduled to None, run_after=None
[2023-09-06T04:35:21.843+0000] {logging_mixin.py:151} INFO - [2023-09-06T04:35:21.843+0000] {dag.py:3677} INFO - Setting next_dagrun for dataset_produces_1 to 2023-09-05T00:00:00+00:00, run_after=2023-09-06T00:00:00+00:00
[2023-09-06T04:35:21.844+0000] {logging_mixin.py:151} INFO - [2023-09-06T04:35:21.844+0000] {dag.py:3677} INFO - Setting next_dagrun for dataset_produces_2 to None, run_after=None
[2023-09-06T04:35:21.861+0000] {processor.py:179} INFO - Processing /home/airflow/.local/lib/python3.8/site-packages/airflow/example_dags/example_datasets.py took 0.071 seconds
[2023-09-06T04:35:51.934+0000] {processor.py:157} INFO - Started process (PID=438) to work on /home/airflow/.local/lib/python3.8/site-packages/airflow/example_dags/example_datasets.py
[2023-09-06T04:35:51.935+0000] {processor.py:829} INFO - Processing file /home/airflow/.local/lib/python3.8/site-packages/airflow/example_dags/example_datasets.py for tasks to queue
[2023-09-06T04:35:51.936+0000] {logging_mixin.py:151} INFO - [2023-09-06T04:35:51.936+0000] {dagbag.py:539} INFO - Filling up the DagBag from /home/airflow/.local/lib/python3.8/site-packages/airflow/example_dags/example_datasets.py
[2023-09-06T04:35:51.943+0000] {processor.py:839} INFO - DAG(s) dict_keys(['dataset_consumes_1_and_2', 'dataset_consumes_unknown_never_scheduled', 'dataset_produces_2', 'dataset_consumes_1_never_scheduled', 'dataset_consumes_1', 'dataset_produces_1']) retrieved from /home/airflow/.local/lib/python3.8/site-packages/airflow/example_dags/example_datasets.py
[2023-09-06T04:35:51.967+0000] {logging_mixin.py:151} INFO - [2023-09-06T04:35:51.967+0000] {dag.py:2907} INFO - Sync 6 DAGs
[2023-09-06T04:35:51.981+0000] {logging_mixin.py:151} INFO - [2023-09-06T04:35:51.981+0000] {dag.py:3677} INFO - Setting next_dagrun for dataset_consumes_1 to None, run_after=None
[2023-09-06T04:35:51.983+0000] {logging_mixin.py:151} INFO - [2023-09-06T04:35:51.983+0000] {dag.py:3677} INFO - Setting next_dagrun for dataset_consumes_1_and_2 to None, run_after=None
[2023-09-06T04:35:51.984+0000] {logging_mixin.py:151} INFO - [2023-09-06T04:35:51.984+0000] {dag.py:3677} INFO - Setting next_dagrun for dataset_consumes_1_never_scheduled to None, run_after=None
[2023-09-06T04:35:51.985+0000] {logging_mixin.py:151} INFO - [2023-09-06T04:35:51.985+0000] {dag.py:3677} INFO - Setting next_dagrun for dataset_consumes_unknown_never_scheduled to None, run_after=None
[2023-09-06T04:35:51.986+0000] {logging_mixin.py:151} INFO - [2023-09-06T04:35:51.986+0000] {dag.py:3677} INFO - Setting next_dagrun for dataset_produces_1 to 2023-09-05T00:00:00+00:00, run_after=2023-09-06T00:00:00+00:00
[2023-09-06T04:35:51.987+0000] {logging_mixin.py:151} INFO - [2023-09-06T04:35:51.987+0000] {dag.py:3677} INFO - Setting next_dagrun for dataset_produces_2 to None, run_after=None
[2023-09-06T04:35:52.003+0000] {processor.py:179} INFO - Processing /home/airflow/.local/lib/python3.8/site-packages/airflow/example_dags/example_datasets.py took 0.071 seconds
[2023-09-06T04:36:22.086+0000] {processor.py:157} INFO - Started process (PID=491) to work on /home/airflow/.local/lib/python3.8/site-packages/airflow/example_dags/example_datasets.py
[2023-09-06T04:36:22.086+0000] {processor.py:829} INFO - Processing file /home/airflow/.local/lib/python3.8/site-packages/airflow/example_dags/example_datasets.py for tasks to queue
[2023-09-06T04:36:22.088+0000] {logging_mixin.py:151} INFO - [2023-09-06T04:36:22.088+0000] {dagbag.py:539} INFO - Filling up the DagBag from /home/airflow/.local/lib/python3.8/site-packages/airflow/example_dags/example_datasets.py
[2023-09-06T04:36:22.095+0000] {processor.py:839} INFO - DAG(s) dict_keys(['dataset_produces_2', 'dataset_consumes_1_never_scheduled', 'dataset_consumes_unknown_never_scheduled', 'dataset_consumes_1', 'dataset_produces_1', 'dataset_consumes_1_and_2']) retrieved from /home/airflow/.local/lib/python3.8/site-packages/airflow/example_dags/example_datasets.py
[2023-09-06T04:36:22.118+0000] {logging_mixin.py:151} INFO - [2023-09-06T04:36:22.118+0000] {dag.py:2907} INFO - Sync 6 DAGs
[2023-09-06T04:36:22.133+0000] {logging_mixin.py:151} INFO - [2023-09-06T04:36:22.133+0000] {dag.py:3677} INFO - Setting next_dagrun for dataset_consumes_1 to None, run_after=None
[2023-09-06T04:36:22.135+0000] {logging_mixin.py:151} INFO - [2023-09-06T04:36:22.135+0000] {dag.py:3677} INFO - Setting next_dagrun for dataset_consumes_1_and_2 to None, run_after=None
[2023-09-06T04:36:22.136+0000] {logging_mixin.py:151} INFO - [2023-09-06T04:36:22.136+0000] {dag.py:3677} INFO - Setting next_dagrun for dataset_consumes_1_never_scheduled to None, run_after=None
[2023-09-06T04:36:22.137+0000] {logging_mixin.py:151} INFO - [2023-09-06T04:36:22.137+0000] {dag.py:3677} INFO - Setting next_dagrun for dataset_consumes_unknown_never_scheduled to None, run_after=None
[2023-09-06T04:36:22.139+0000] {logging_mixin.py:151} INFO - [2023-09-06T04:36:22.139+0000] {dag.py:3677} INFO - Setting next_dagrun for dataset_produces_1 to 2023-09-05T00:00:00+00:00, run_after=2023-09-06T00:00:00+00:00
[2023-09-06T04:36:22.140+0000] {logging_mixin.py:151} INFO - [2023-09-06T04:36:22.140+0000] {dag.py:3677} INFO - Setting next_dagrun for dataset_produces_2 to None, run_after=None
[2023-09-06T04:36:22.156+0000] {processor.py:179} INFO - Processing /home/airflow/.local/lib/python3.8/site-packages/airflow/example_dags/example_datasets.py took 0.073 seconds
[2023-09-06T04:36:53.115+0000] {processor.py:157} INFO - Started process (PID=545) to work on /home/airflow/.local/lib/python3.8/site-packages/airflow/example_dags/example_datasets.py
[2023-09-06T04:36:53.116+0000] {processor.py:829} INFO - Processing file /home/airflow/.local/lib/python3.8/site-packages/airflow/example_dags/example_datasets.py for tasks to queue
[2023-09-06T04:36:53.118+0000] {logging_mixin.py:151} INFO - [2023-09-06T04:36:53.117+0000] {dagbag.py:539} INFO - Filling up the DagBag from /home/airflow/.local/lib/python3.8/site-packages/airflow/example_dags/example_datasets.py
[2023-09-06T04:36:53.125+0000] {processor.py:839} INFO - DAG(s) dict_keys(['dataset_consumes_unknown_never_scheduled', 'dataset_produces_1', 'dataset_consumes_1', 'dataset_consumes_1_never_scheduled', 'dataset_produces_2', 'dataset_consumes_1_and_2']) retrieved from /home/airflow/.local/lib/python3.8/site-packages/airflow/example_dags/example_datasets.py
[2023-09-06T04:36:53.152+0000] {logging_mixin.py:151} INFO - [2023-09-06T04:36:53.152+0000] {dag.py:2907} INFO - Sync 6 DAGs
[2023-09-06T04:36:53.168+0000] {logging_mixin.py:151} INFO - [2023-09-06T04:36:53.168+0000] {dag.py:3677} INFO - Setting next_dagrun for dataset_consumes_1 to None, run_after=None
[2023-09-06T04:36:53.171+0000] {logging_mixin.py:151} INFO - [2023-09-06T04:36:53.170+0000] {dag.py:3677} INFO - Setting next_dagrun for dataset_consumes_1_and_2 to None, run_after=None
[2023-09-06T04:36:53.172+0000] {logging_mixin.py:151} INFO - [2023-09-06T04:36:53.172+0000] {dag.py:3677} INFO - Setting next_dagrun for dataset_consumes_1_never_scheduled to None, run_after=None
[2023-09-06T04:36:53.173+0000] {logging_mixin.py:151} INFO - [2023-09-06T04:36:53.173+0000] {dag.py:3677} INFO - Setting next_dagrun for dataset_consumes_unknown_never_scheduled to None, run_after=None
[2023-09-06T04:36:53.175+0000] {logging_mixin.py:151} INFO - [2023-09-06T04:36:53.175+0000] {dag.py:3677} INFO - Setting next_dagrun for dataset_produces_1 to 2023-09-05T00:00:00+00:00, run_after=2023-09-06T00:00:00+00:00
[2023-09-06T04:36:53.176+0000] {logging_mixin.py:151} INFO - [2023-09-06T04:36:53.176+0000] {dag.py:3677} INFO - Setting next_dagrun for dataset_produces_2 to None, run_after=None
[2023-09-06T04:36:53.198+0000] {processor.py:179} INFO - Processing /home/airflow/.local/lib/python3.8/site-packages/airflow/example_dags/example_datasets.py took 0.086 seconds
[2023-09-06T04:37:23.329+0000] {processor.py:157} INFO - Started process (PID=599) to work on /home/airflow/.local/lib/python3.8/site-packages/airflow/example_dags/example_datasets.py
[2023-09-06T04:37:23.330+0000] {processor.py:829} INFO - Processing file /home/airflow/.local/lib/python3.8/site-packages/airflow/example_dags/example_datasets.py for tasks to queue
[2023-09-06T04:37:23.331+0000] {logging_mixin.py:151} INFO - [2023-09-06T04:37:23.331+0000] {dagbag.py:539} INFO - Filling up the DagBag from /home/airflow/.local/lib/python3.8/site-packages/airflow/example_dags/example_datasets.py
[2023-09-06T04:37:23.338+0000] {processor.py:839} INFO - DAG(s) dict_keys(['dataset_consumes_1_and_2', 'dataset_consumes_1_never_scheduled', 'dataset_produces_2', 'dataset_consumes_1', 'dataset_consumes_unknown_never_scheduled', 'dataset_produces_1']) retrieved from /home/airflow/.local/lib/python3.8/site-packages/airflow/example_dags/example_datasets.py
[2023-09-06T04:37:23.363+0000] {logging_mixin.py:151} INFO - [2023-09-06T04:37:23.363+0000] {dag.py:2907} INFO - Sync 6 DAGs
[2023-09-06T04:37:23.377+0000] {logging_mixin.py:151} INFO - [2023-09-06T04:37:23.377+0000] {dag.py:3677} INFO - Setting next_dagrun for dataset_consumes_1 to None, run_after=None
[2023-09-06T04:37:23.379+0000] {logging_mixin.py:151} INFO - [2023-09-06T04:37:23.379+0000] {dag.py:3677} INFO - Setting next_dagrun for dataset_consumes_1_and_2 to None, run_after=None
[2023-09-06T04:37:23.380+0000] {logging_mixin.py:151} INFO - [2023-09-06T04:37:23.380+0000] {dag.py:3677} INFO - Setting next_dagrun for dataset_consumes_1_never_scheduled to None, run_after=None
[2023-09-06T04:37:23.381+0000] {logging_mixin.py:151} INFO - [2023-09-06T04:37:23.381+0000] {dag.py:3677} INFO - Setting next_dagrun for dataset_consumes_unknown_never_scheduled to None, run_after=None
[2023-09-06T04:37:23.382+0000] {logging_mixin.py:151} INFO - [2023-09-06T04:37:23.382+0000] {dag.py:3677} INFO - Setting next_dagrun for dataset_produces_1 to 2023-09-05T00:00:00+00:00, run_after=2023-09-06T00:00:00+00:00
[2023-09-06T04:37:23.383+0000] {logging_mixin.py:151} INFO - [2023-09-06T04:37:23.383+0000] {dag.py:3677} INFO - Setting next_dagrun for dataset_produces_2 to None, run_after=None
[2023-09-06T04:37:23.400+0000] {processor.py:179} INFO - Processing /home/airflow/.local/lib/python3.8/site-packages/airflow/example_dags/example_datasets.py took 0.073 seconds
[2023-09-06T04:37:53.529+0000] {processor.py:157} INFO - Started process (PID=653) to work on /home/airflow/.local/lib/python3.8/site-packages/airflow/example_dags/example_datasets.py
[2023-09-06T04:37:53.530+0000] {processor.py:829} INFO - Processing file /home/airflow/.local/lib/python3.8/site-packages/airflow/example_dags/example_datasets.py for tasks to queue
[2023-09-06T04:37:53.532+0000] {logging_mixin.py:151} INFO - [2023-09-06T04:37:53.531+0000] {dagbag.py:539} INFO - Filling up the DagBag from /home/airflow/.local/lib/python3.8/site-packages/airflow/example_dags/example_datasets.py
[2023-09-06T04:37:53.538+0000] {processor.py:839} INFO - DAG(s) dict_keys(['dataset_consumes_1_never_scheduled', 'dataset_produces_2', 'dataset_consumes_1', 'dataset_consumes_1_and_2', 'dataset_consumes_unknown_never_scheduled', 'dataset_produces_1']) retrieved from /home/airflow/.local/lib/python3.8/site-packages/airflow/example_dags/example_datasets.py
[2023-09-06T04:37:53.561+0000] {logging_mixin.py:151} INFO - [2023-09-06T04:37:53.561+0000] {dag.py:2907} INFO - Sync 6 DAGs
[2023-09-06T04:37:53.575+0000] {logging_mixin.py:151} INFO - [2023-09-06T04:37:53.575+0000] {dag.py:3677} INFO - Setting next_dagrun for dataset_consumes_1 to None, run_after=None
[2023-09-06T04:37:53.577+0000] {logging_mixin.py:151} INFO - [2023-09-06T04:37:53.577+0000] {dag.py:3677} INFO - Setting next_dagrun for dataset_consumes_1_and_2 to None, run_after=None
[2023-09-06T04:37:53.578+0000] {logging_mixin.py:151} INFO - [2023-09-06T04:37:53.578+0000] {dag.py:3677} INFO - Setting next_dagrun for dataset_consumes_1_never_scheduled to None, run_after=None
[2023-09-06T04:37:53.579+0000] {logging_mixin.py:151} INFO - [2023-09-06T04:37:53.579+0000] {dag.py:3677} INFO - Setting next_dagrun for dataset_consumes_unknown_never_scheduled to None, run_after=None
[2023-09-06T04:37:53.580+0000] {logging_mixin.py:151} INFO - [2023-09-06T04:37:53.580+0000] {dag.py:3677} INFO - Setting next_dagrun for dataset_produces_1 to 2023-09-05T00:00:00+00:00, run_after=2023-09-06T00:00:00+00:00
[2023-09-06T04:37:53.581+0000] {logging_mixin.py:151} INFO - [2023-09-06T04:37:53.581+0000] {dag.py:3677} INFO - Setting next_dagrun for dataset_produces_2 to None, run_after=None
[2023-09-06T04:37:53.598+0000] {processor.py:179} INFO - Processing /home/airflow/.local/lib/python3.8/site-packages/airflow/example_dags/example_datasets.py took 0.072 seconds
