[2023-09-06T04:32:17.729+0000] {processor.py:157} INFO - Started process (PID=39) to work on /home/airflow/.local/lib/python3.8/site-packages/airflow/example_dags/example_short_circuit_decorator.py
[2023-09-06T04:32:17.730+0000] {processor.py:829} INFO - Processing file /home/airflow/.local/lib/python3.8/site-packages/airflow/example_dags/example_short_circuit_decorator.py for tasks to queue
[2023-09-06T04:32:17.732+0000] {logging_mixin.py:151} INFO - [2023-09-06T04:32:17.732+0000] {dagbag.py:539} INFO - Filling up the DagBag from /home/airflow/.local/lib/python3.8/site-packages/airflow/example_dags/example_short_circuit_decorator.py
[2023-09-06T04:32:17.744+0000] {processor.py:839} INFO - DAG(s) dict_keys(['example_short_circuit_decorator']) retrieved from /home/airflow/.local/lib/python3.8/site-packages/airflow/example_dags/example_short_circuit_decorator.py
[2023-09-06T04:32:17.832+0000] {logging_mixin.py:151} INFO - [2023-09-06T04:32:17.832+0000] {manager.py:501} INFO - Created Permission View: can edit on DAG:example_short_circuit_decorator
[2023-09-06T04:32:17.840+0000] {logging_mixin.py:151} INFO - [2023-09-06T04:32:17.839+0000] {manager.py:501} INFO - Created Permission View: can delete on DAG:example_short_circuit_decorator
[2023-09-06T04:32:17.844+0000] {logging_mixin.py:151} INFO - [2023-09-06T04:32:17.844+0000] {manager.py:501} INFO - Created Permission View: can read on DAG:example_short_circuit_decorator
[2023-09-06T04:32:17.853+0000] {logging_mixin.py:151} INFO - [2023-09-06T04:32:17.853+0000] {dag.py:2907} INFO - Sync 1 DAGs
[2023-09-06T04:32:17.860+0000] {logging_mixin.py:151} INFO - [2023-09-06T04:32:17.860+0000] {dag.py:2929} INFO - Creating ORM DAG for example_short_circuit_decorator
[2023-09-06T04:32:17.868+0000] {logging_mixin.py:151} INFO - [2023-09-06T04:32:17.868+0000] {dag.py:3677} INFO - Setting next_dagrun for example_short_circuit_decorator to 2023-09-05T04:32:17.868016+00:00, run_after=2023-09-06T04:32:17.868016+00:00
[2023-09-06T04:32:17.884+0000] {processor.py:179} INFO - Processing /home/airflow/.local/lib/python3.8/site-packages/airflow/example_dags/example_short_circuit_decorator.py took 0.161 seconds
[2023-09-06T04:32:48.654+0000] {processor.py:157} INFO - Started process (PID=93) to work on /home/airflow/.local/lib/python3.8/site-packages/airflow/example_dags/example_short_circuit_decorator.py
[2023-09-06T04:32:48.655+0000] {processor.py:829} INFO - Processing file /home/airflow/.local/lib/python3.8/site-packages/airflow/example_dags/example_short_circuit_decorator.py for tasks to queue
[2023-09-06T04:32:48.656+0000] {logging_mixin.py:151} INFO - [2023-09-06T04:32:48.656+0000] {dagbag.py:539} INFO - Filling up the DagBag from /home/airflow/.local/lib/python3.8/site-packages/airflow/example_dags/example_short_circuit_decorator.py
[2023-09-06T04:32:48.662+0000] {processor.py:839} INFO - DAG(s) dict_keys(['example_short_circuit_decorator']) retrieved from /home/airflow/.local/lib/python3.8/site-packages/airflow/example_dags/example_short_circuit_decorator.py
[2023-09-06T04:32:48.680+0000] {logging_mixin.py:151} INFO - [2023-09-06T04:32:48.680+0000] {dag.py:2907} INFO - Sync 1 DAGs
[2023-09-06T04:32:48.693+0000] {logging_mixin.py:151} INFO - [2023-09-06T04:32:48.693+0000] {dag.py:3677} INFO - Setting next_dagrun for example_short_circuit_decorator to 2023-09-05T04:32:48.692958+00:00, run_after=2023-09-06T04:32:48.692958+00:00
[2023-09-06T04:32:48.708+0000] {processor.py:179} INFO - Processing /home/airflow/.local/lib/python3.8/site-packages/airflow/example_dags/example_short_circuit_decorator.py took 0.056 seconds
[2023-09-06T04:33:18.857+0000] {processor.py:157} INFO - Started process (PID=147) to work on /home/airflow/.local/lib/python3.8/site-packages/airflow/example_dags/example_short_circuit_decorator.py
[2023-09-06T04:33:18.860+0000] {processor.py:829} INFO - Processing file /home/airflow/.local/lib/python3.8/site-packages/airflow/example_dags/example_short_circuit_decorator.py for tasks to queue
[2023-09-06T04:33:18.862+0000] {logging_mixin.py:151} INFO - [2023-09-06T04:33:18.861+0000] {dagbag.py:539} INFO - Filling up the DagBag from /home/airflow/.local/lib/python3.8/site-packages/airflow/example_dags/example_short_circuit_decorator.py
[2023-09-06T04:33:18.868+0000] {processor.py:839} INFO - DAG(s) dict_keys(['example_short_circuit_decorator']) retrieved from /home/airflow/.local/lib/python3.8/site-packages/airflow/example_dags/example_short_circuit_decorator.py
[2023-09-06T04:33:18.888+0000] {logging_mixin.py:151} INFO - [2023-09-06T04:33:18.888+0000] {dag.py:2907} INFO - Sync 1 DAGs
[2023-09-06T04:33:18.903+0000] {logging_mixin.py:151} INFO - [2023-09-06T04:33:18.903+0000] {dag.py:3677} INFO - Setting next_dagrun for example_short_circuit_decorator to 2023-09-05T04:33:18.903460+00:00, run_after=2023-09-06T04:33:18.903460+00:00
[2023-09-06T04:33:18.914+0000] {processor.py:179} INFO - Processing /home/airflow/.local/lib/python3.8/site-packages/airflow/example_dags/example_short_circuit_decorator.py took 0.060 seconds
[2023-09-06T04:33:48.985+0000] {processor.py:157} INFO - Started process (PID=201) to work on /home/airflow/.local/lib/python3.8/site-packages/airflow/example_dags/example_short_circuit_decorator.py
[2023-09-06T04:33:48.986+0000] {processor.py:829} INFO - Processing file /home/airflow/.local/lib/python3.8/site-packages/airflow/example_dags/example_short_circuit_decorator.py for tasks to queue
[2023-09-06T04:33:48.987+0000] {logging_mixin.py:151} INFO - [2023-09-06T04:33:48.987+0000] {dagbag.py:539} INFO - Filling up the DagBag from /home/airflow/.local/lib/python3.8/site-packages/airflow/example_dags/example_short_circuit_decorator.py
[2023-09-06T04:33:48.993+0000] {processor.py:839} INFO - DAG(s) dict_keys(['example_short_circuit_decorator']) retrieved from /home/airflow/.local/lib/python3.8/site-packages/airflow/example_dags/example_short_circuit_decorator.py
[2023-09-06T04:33:49.011+0000] {logging_mixin.py:151} INFO - [2023-09-06T04:33:49.011+0000] {dag.py:2907} INFO - Sync 1 DAGs
[2023-09-06T04:33:49.025+0000] {logging_mixin.py:151} INFO - [2023-09-06T04:33:49.024+0000] {dag.py:3677} INFO - Setting next_dagrun for example_short_circuit_decorator to 2023-09-05T04:33:49.024644+00:00, run_after=2023-09-06T04:33:49.024644+00:00
[2023-09-06T04:33:49.036+0000] {processor.py:179} INFO - Processing /home/airflow/.local/lib/python3.8/site-packages/airflow/example_dags/example_short_circuit_decorator.py took 0.054 seconds
[2023-09-06T04:34:19.196+0000] {processor.py:157} INFO - Started process (PID=255) to work on /home/airflow/.local/lib/python3.8/site-packages/airflow/example_dags/example_short_circuit_decorator.py
[2023-09-06T04:34:19.197+0000] {processor.py:829} INFO - Processing file /home/airflow/.local/lib/python3.8/site-packages/airflow/example_dags/example_short_circuit_decorator.py for tasks to queue
[2023-09-06T04:34:19.198+0000] {logging_mixin.py:151} INFO - [2023-09-06T04:34:19.198+0000] {dagbag.py:539} INFO - Filling up the DagBag from /home/airflow/.local/lib/python3.8/site-packages/airflow/example_dags/example_short_circuit_decorator.py
[2023-09-06T04:34:19.205+0000] {processor.py:839} INFO - DAG(s) dict_keys(['example_short_circuit_decorator']) retrieved from /home/airflow/.local/lib/python3.8/site-packages/airflow/example_dags/example_short_circuit_decorator.py
[2023-09-06T04:34:19.224+0000] {logging_mixin.py:151} INFO - [2023-09-06T04:34:19.224+0000] {dag.py:2907} INFO - Sync 1 DAGs
[2023-09-06T04:34:19.238+0000] {logging_mixin.py:151} INFO - [2023-09-06T04:34:19.238+0000] {dag.py:3677} INFO - Setting next_dagrun for example_short_circuit_decorator to 2023-09-05T04:34:19.238000+00:00, run_after=2023-09-06T04:34:19.238000+00:00
[2023-09-06T04:34:19.249+0000] {processor.py:179} INFO - Processing /home/airflow/.local/lib/python3.8/site-packages/airflow/example_dags/example_short_circuit_decorator.py took 0.056 seconds
[2023-09-06T04:34:49.526+0000] {processor.py:157} INFO - Started process (PID=309) to work on /home/airflow/.local/lib/python3.8/site-packages/airflow/example_dags/example_short_circuit_decorator.py
[2023-09-06T04:34:49.527+0000] {processor.py:829} INFO - Processing file /home/airflow/.local/lib/python3.8/site-packages/airflow/example_dags/example_short_circuit_decorator.py for tasks to queue
[2023-09-06T04:34:49.528+0000] {logging_mixin.py:151} INFO - [2023-09-06T04:34:49.528+0000] {dagbag.py:539} INFO - Filling up the DagBag from /home/airflow/.local/lib/python3.8/site-packages/airflow/example_dags/example_short_circuit_decorator.py
[2023-09-06T04:34:49.534+0000] {processor.py:839} INFO - DAG(s) dict_keys(['example_short_circuit_decorator']) retrieved from /home/airflow/.local/lib/python3.8/site-packages/airflow/example_dags/example_short_circuit_decorator.py
[2023-09-06T04:34:49.551+0000] {logging_mixin.py:151} INFO - [2023-09-06T04:34:49.550+0000] {dag.py:2907} INFO - Sync 1 DAGs
[2023-09-06T04:34:49.564+0000] {logging_mixin.py:151} INFO - [2023-09-06T04:34:49.564+0000] {dag.py:3677} INFO - Setting next_dagrun for example_short_circuit_decorator to 2023-09-05T04:34:49.564242+00:00, run_after=2023-09-06T04:34:49.564242+00:00
[2023-09-06T04:34:49.575+0000] {processor.py:179} INFO - Processing /home/airflow/.local/lib/python3.8/site-packages/airflow/example_dags/example_short_circuit_decorator.py took 0.051 seconds
[2023-09-06T04:35:19.652+0000] {processor.py:157} INFO - Started process (PID=363) to work on /home/airflow/.local/lib/python3.8/site-packages/airflow/example_dags/example_short_circuit_decorator.py
[2023-09-06T04:35:19.653+0000] {processor.py:829} INFO - Processing file /home/airflow/.local/lib/python3.8/site-packages/airflow/example_dags/example_short_circuit_decorator.py for tasks to queue
[2023-09-06T04:35:19.654+0000] {logging_mixin.py:151} INFO - [2023-09-06T04:35:19.654+0000] {dagbag.py:539} INFO - Filling up the DagBag from /home/airflow/.local/lib/python3.8/site-packages/airflow/example_dags/example_short_circuit_decorator.py
[2023-09-06T04:35:19.661+0000] {processor.py:839} INFO - DAG(s) dict_keys(['example_short_circuit_decorator']) retrieved from /home/airflow/.local/lib/python3.8/site-packages/airflow/example_dags/example_short_circuit_decorator.py
[2023-09-06T04:35:19.679+0000] {logging_mixin.py:151} INFO - [2023-09-06T04:35:19.679+0000] {dag.py:2907} INFO - Sync 1 DAGs
[2023-09-06T04:35:19.694+0000] {logging_mixin.py:151} INFO - [2023-09-06T04:35:19.694+0000] {dag.py:3677} INFO - Setting next_dagrun for example_short_circuit_decorator to 2023-09-05T04:35:19.693964+00:00, run_after=2023-09-06T04:35:19.693964+00:00
[2023-09-06T04:35:19.707+0000] {processor.py:179} INFO - Processing /home/airflow/.local/lib/python3.8/site-packages/airflow/example_dags/example_short_circuit_decorator.py took 0.058 seconds
[2023-09-06T04:35:50.040+0000] {processor.py:157} INFO - Started process (PID=417) to work on /home/airflow/.local/lib/python3.8/site-packages/airflow/example_dags/example_short_circuit_decorator.py
[2023-09-06T04:35:50.041+0000] {processor.py:829} INFO - Processing file /home/airflow/.local/lib/python3.8/site-packages/airflow/example_dags/example_short_circuit_decorator.py for tasks to queue
[2023-09-06T04:35:50.043+0000] {logging_mixin.py:151} INFO - [2023-09-06T04:35:50.043+0000] {dagbag.py:539} INFO - Filling up the DagBag from /home/airflow/.local/lib/python3.8/site-packages/airflow/example_dags/example_short_circuit_decorator.py
[2023-09-06T04:35:50.051+0000] {processor.py:839} INFO - DAG(s) dict_keys(['example_short_circuit_decorator']) retrieved from /home/airflow/.local/lib/python3.8/site-packages/airflow/example_dags/example_short_circuit_decorator.py
[2023-09-06T04:35:50.070+0000] {logging_mixin.py:151} INFO - [2023-09-06T04:35:50.070+0000] {dag.py:2907} INFO - Sync 1 DAGs
[2023-09-06T04:35:50.083+0000] {logging_mixin.py:151} INFO - [2023-09-06T04:35:50.083+0000] {dag.py:3677} INFO - Setting next_dagrun for example_short_circuit_decorator to 2023-09-05T04:35:50.083098+00:00, run_after=2023-09-06T04:35:50.083098+00:00
[2023-09-06T04:35:50.094+0000] {processor.py:179} INFO - Processing /home/airflow/.local/lib/python3.8/site-packages/airflow/example_dags/example_short_circuit_decorator.py took 0.056 seconds
[2023-09-06T04:36:20.182+0000] {processor.py:157} INFO - Started process (PID=471) to work on /home/airflow/.local/lib/python3.8/site-packages/airflow/example_dags/example_short_circuit_decorator.py
[2023-09-06T04:36:20.183+0000] {processor.py:829} INFO - Processing file /home/airflow/.local/lib/python3.8/site-packages/airflow/example_dags/example_short_circuit_decorator.py for tasks to queue
[2023-09-06T04:36:20.185+0000] {logging_mixin.py:151} INFO - [2023-09-06T04:36:20.185+0000] {dagbag.py:539} INFO - Filling up the DagBag from /home/airflow/.local/lib/python3.8/site-packages/airflow/example_dags/example_short_circuit_decorator.py
[2023-09-06T04:36:20.195+0000] {processor.py:839} INFO - DAG(s) dict_keys(['example_short_circuit_decorator']) retrieved from /home/airflow/.local/lib/python3.8/site-packages/airflow/example_dags/example_short_circuit_decorator.py
[2023-09-06T04:36:20.213+0000] {logging_mixin.py:151} INFO - [2023-09-06T04:36:20.213+0000] {dag.py:2907} INFO - Sync 1 DAGs
[2023-09-06T04:36:20.225+0000] {logging_mixin.py:151} INFO - [2023-09-06T04:36:20.225+0000] {dag.py:3677} INFO - Setting next_dagrun for example_short_circuit_decorator to 2023-09-05T04:36:20.225327+00:00, run_after=2023-09-06T04:36:20.225327+00:00
[2023-09-06T04:36:20.235+0000] {processor.py:179} INFO - Processing /home/airflow/.local/lib/python3.8/site-packages/airflow/example_dags/example_short_circuit_decorator.py took 0.057 seconds
[2023-09-06T04:36:51.233+0000] {processor.py:157} INFO - Started process (PID=525) to work on /home/airflow/.local/lib/python3.8/site-packages/airflow/example_dags/example_short_circuit_decorator.py
[2023-09-06T04:36:51.233+0000] {processor.py:829} INFO - Processing file /home/airflow/.local/lib/python3.8/site-packages/airflow/example_dags/example_short_circuit_decorator.py for tasks to queue
[2023-09-06T04:36:51.235+0000] {logging_mixin.py:151} INFO - [2023-09-06T04:36:51.235+0000] {dagbag.py:539} INFO - Filling up the DagBag from /home/airflow/.local/lib/python3.8/site-packages/airflow/example_dags/example_short_circuit_decorator.py
[2023-09-06T04:36:51.243+0000] {processor.py:839} INFO - DAG(s) dict_keys(['example_short_circuit_decorator']) retrieved from /home/airflow/.local/lib/python3.8/site-packages/airflow/example_dags/example_short_circuit_decorator.py
[2023-09-06T04:36:51.265+0000] {logging_mixin.py:151} INFO - [2023-09-06T04:36:51.265+0000] {dag.py:2907} INFO - Sync 1 DAGs
[2023-09-06T04:36:51.278+0000] {logging_mixin.py:151} INFO - [2023-09-06T04:36:51.278+0000] {dag.py:3677} INFO - Setting next_dagrun for example_short_circuit_decorator to 2023-09-05T04:36:51.278212+00:00, run_after=2023-09-06T04:36:51.278212+00:00
[2023-09-06T04:36:51.289+0000] {processor.py:179} INFO - Processing /home/airflow/.local/lib/python3.8/site-packages/airflow/example_dags/example_short_circuit_decorator.py took 0.060 seconds
[2023-09-06T04:37:21.441+0000] {processor.py:157} INFO - Started process (PID=579) to work on /home/airflow/.local/lib/python3.8/site-packages/airflow/example_dags/example_short_circuit_decorator.py
[2023-09-06T04:37:21.442+0000] {processor.py:829} INFO - Processing file /home/airflow/.local/lib/python3.8/site-packages/airflow/example_dags/example_short_circuit_decorator.py for tasks to queue
[2023-09-06T04:37:21.444+0000] {logging_mixin.py:151} INFO - [2023-09-06T04:37:21.443+0000] {dagbag.py:539} INFO - Filling up the DagBag from /home/airflow/.local/lib/python3.8/site-packages/airflow/example_dags/example_short_circuit_decorator.py
[2023-09-06T04:37:21.450+0000] {processor.py:839} INFO - DAG(s) dict_keys(['example_short_circuit_decorator']) retrieved from /home/airflow/.local/lib/python3.8/site-packages/airflow/example_dags/example_short_circuit_decorator.py
[2023-09-06T04:37:21.468+0000] {logging_mixin.py:151} INFO - [2023-09-06T04:37:21.468+0000] {dag.py:2907} INFO - Sync 1 DAGs
[2023-09-06T04:37:21.483+0000] {logging_mixin.py:151} INFO - [2023-09-06T04:37:21.483+0000] {dag.py:3677} INFO - Setting next_dagrun for example_short_circuit_decorator to 2023-09-05T04:37:21.483078+00:00, run_after=2023-09-06T04:37:21.483078+00:00
[2023-09-06T04:37:21.494+0000] {processor.py:179} INFO - Processing /home/airflow/.local/lib/python3.8/site-packages/airflow/example_dags/example_short_circuit_decorator.py took 0.056 seconds
[2023-09-06T04:37:51.648+0000] {processor.py:157} INFO - Started process (PID=633) to work on /home/airflow/.local/lib/python3.8/site-packages/airflow/example_dags/example_short_circuit_decorator.py
[2023-09-06T04:37:51.648+0000] {processor.py:829} INFO - Processing file /home/airflow/.local/lib/python3.8/site-packages/airflow/example_dags/example_short_circuit_decorator.py for tasks to queue
[2023-09-06T04:37:51.650+0000] {logging_mixin.py:151} INFO - [2023-09-06T04:37:51.650+0000] {dagbag.py:539} INFO - Filling up the DagBag from /home/airflow/.local/lib/python3.8/site-packages/airflow/example_dags/example_short_circuit_decorator.py
[2023-09-06T04:37:51.656+0000] {processor.py:839} INFO - DAG(s) dict_keys(['example_short_circuit_decorator']) retrieved from /home/airflow/.local/lib/python3.8/site-packages/airflow/example_dags/example_short_circuit_decorator.py
[2023-09-06T04:37:51.673+0000] {logging_mixin.py:151} INFO - [2023-09-06T04:37:51.673+0000] {dag.py:2907} INFO - Sync 1 DAGs
[2023-09-06T04:37:51.686+0000] {logging_mixin.py:151} INFO - [2023-09-06T04:37:51.686+0000] {dag.py:3677} INFO - Setting next_dagrun for example_short_circuit_decorator to 2023-09-05T04:37:51.686219+00:00, run_after=2023-09-06T04:37:51.686219+00:00
[2023-09-06T04:37:51.697+0000] {processor.py:179} INFO - Processing /home/airflow/.local/lib/python3.8/site-packages/airflow/example_dags/example_short_circuit_decorator.py took 0.051 seconds
