[2023-09-06T04:32:20.935+0000] {processor.py:157} INFO - Started process (PID=74) to work on /home/airflow/.local/lib/python3.8/site-packages/airflow/example_dags/example_subdag_operator.py
[2023-09-06T04:32:20.936+0000] {processor.py:829} INFO - Processing file /home/airflow/.local/lib/python3.8/site-packages/airflow/example_dags/example_subdag_operator.py for tasks to queue
[2023-09-06T04:32:20.938+0000] {logging_mixin.py:151} INFO - [2023-09-06T04:32:20.937+0000] {dagbag.py:539} INFO - Filling up the DagBag from /home/airflow/.local/lib/python3.8/site-packages/airflow/example_dags/example_subdag_operator.py
[2023-09-06T04:32:20.958+0000] {processor.py:839} INFO - DAG(s) dict_keys(['example_subdag_operator.section-1', 'example_subdag_operator.section-2', 'example_subdag_operator']) retrieved from /home/airflow/.local/lib/python3.8/site-packages/airflow/example_dags/example_subdag_operator.py
[2023-09-06T04:32:21.018+0000] {logging_mixin.py:151} INFO - [2023-09-06T04:32:21.017+0000] {manager.py:501} INFO - Created Permission View: can edit on DAG:example_subdag_operator
[2023-09-06T04:32:21.024+0000] {logging_mixin.py:151} INFO - [2023-09-06T04:32:21.024+0000] {manager.py:501} INFO - Created Permission View: can delete on DAG:example_subdag_operator
[2023-09-06T04:32:21.028+0000] {logging_mixin.py:151} INFO - [2023-09-06T04:32:21.028+0000] {manager.py:501} INFO - Created Permission View: can read on DAG:example_subdag_operator
[2023-09-06T04:32:21.039+0000] {logging_mixin.py:151} INFO - [2023-09-06T04:32:21.038+0000] {dag.py:2907} INFO - Sync 3 DAGs
[2023-09-06T04:32:21.046+0000] {logging_mixin.py:151} INFO - [2023-09-06T04:32:21.046+0000] {dag.py:2929} INFO - Creating ORM DAG for example_subdag_operator
[2023-09-06T04:32:21.047+0000] {logging_mixin.py:151} INFO - [2023-09-06T04:32:21.046+0000] {dag.py:2929} INFO - Creating ORM DAG for example_subdag_operator.section-2
[2023-09-06T04:32:21.047+0000] {logging_mixin.py:151} INFO - [2023-09-06T04:32:21.047+0000] {dag.py:2929} INFO - Creating ORM DAG for example_subdag_operator.section-1
[2023-09-06T04:32:21.053+0000] {logging_mixin.py:151} INFO - [2023-09-06T04:32:21.053+0000] {dag.py:3677} INFO - Setting next_dagrun for example_subdag_operator to 2022-01-01T00:00:00+00:00, run_after=2022-01-01T00:00:00+00:00
[2023-09-06T04:32:21.053+0000] {logging_mixin.py:151} INFO - [2023-09-06T04:32:21.053+0000] {dag.py:3677} INFO - Setting next_dagrun for example_subdag_operator.section-1 to None, run_after=None
[2023-09-06T04:32:21.054+0000] {logging_mixin.py:151} INFO - [2023-09-06T04:32:21.054+0000] {dag.py:3677} INFO - Setting next_dagrun for example_subdag_operator.section-2 to None, run_after=None
[2023-09-06T04:32:21.059+0000] {logging_mixin.py:151} INFO - [2023-09-06T04:32:21.059+0000] {dag.py:2907} INFO - Sync 2 DAGs
[2023-09-06T04:32:21.063+0000] {logging_mixin.py:151} INFO - [2023-09-06T04:32:21.063+0000] {dag.py:3677} INFO - Setting next_dagrun for example_subdag_operator.section-1 to None, run_after=None
[2023-09-06T04:32:21.065+0000] {logging_mixin.py:151} INFO - [2023-09-06T04:32:21.064+0000] {dag.py:3677} INFO - Setting next_dagrun for example_subdag_operator.section-2 to None, run_after=None
[2023-09-06T04:32:21.073+0000] {processor.py:179} INFO - Processing /home/airflow/.local/lib/python3.8/site-packages/airflow/example_dags/example_subdag_operator.py took 0.141 seconds
[2023-09-06T04:32:51.187+0000] {processor.py:157} INFO - Started process (PID=128) to work on /home/airflow/.local/lib/python3.8/site-packages/airflow/example_dags/example_subdag_operator.py
[2023-09-06T04:32:51.188+0000] {processor.py:829} INFO - Processing file /home/airflow/.local/lib/python3.8/site-packages/airflow/example_dags/example_subdag_operator.py for tasks to queue
[2023-09-06T04:32:51.190+0000] {logging_mixin.py:151} INFO - [2023-09-06T04:32:51.190+0000] {dagbag.py:539} INFO - Filling up the DagBag from /home/airflow/.local/lib/python3.8/site-packages/airflow/example_dags/example_subdag_operator.py
[2023-09-06T04:32:51.210+0000] {processor.py:839} INFO - DAG(s) dict_keys(['example_subdag_operator.section-1', 'example_subdag_operator.section-2', 'example_subdag_operator']) retrieved from /home/airflow/.local/lib/python3.8/site-packages/airflow/example_dags/example_subdag_operator.py
[2023-09-06T04:32:51.220+0000] {logging_mixin.py:151} INFO - [2023-09-06T04:32:51.220+0000] {dag.py:2907} INFO - Sync 3 DAGs
[2023-09-06T04:32:51.234+0000] {logging_mixin.py:151} INFO - [2023-09-06T04:32:51.234+0000] {dag.py:3677} INFO - Setting next_dagrun for example_subdag_operator to 2022-01-01T00:00:00+00:00, run_after=2022-01-01T00:00:00+00:00
[2023-09-06T04:32:51.236+0000] {logging_mixin.py:151} INFO - [2023-09-06T04:32:51.236+0000] {dag.py:3677} INFO - Setting next_dagrun for example_subdag_operator.section-1 to None, run_after=None
[2023-09-06T04:32:51.237+0000] {logging_mixin.py:151} INFO - [2023-09-06T04:32:51.237+0000] {dag.py:3677} INFO - Setting next_dagrun for example_subdag_operator.section-2 to None, run_after=None
[2023-09-06T04:32:51.241+0000] {logging_mixin.py:151} INFO - [2023-09-06T04:32:51.241+0000] {dag.py:2907} INFO - Sync 2 DAGs
[2023-09-06T04:32:51.244+0000] {logging_mixin.py:151} INFO - [2023-09-06T04:32:51.244+0000] {dag.py:3677} INFO - Setting next_dagrun for example_subdag_operator.section-1 to None, run_after=None
[2023-09-06T04:32:51.245+0000] {logging_mixin.py:151} INFO - [2023-09-06T04:32:51.244+0000] {dag.py:3677} INFO - Setting next_dagrun for example_subdag_operator.section-2 to None, run_after=None
[2023-09-06T04:32:51.252+0000] {processor.py:179} INFO - Processing /home/airflow/.local/lib/python3.8/site-packages/airflow/example_dags/example_subdag_operator.py took 0.068 seconds
[2023-09-06T04:33:21.431+0000] {processor.py:157} INFO - Started process (PID=184) to work on /home/airflow/.local/lib/python3.8/site-packages/airflow/example_dags/example_subdag_operator.py
[2023-09-06T04:33:21.432+0000] {processor.py:829} INFO - Processing file /home/airflow/.local/lib/python3.8/site-packages/airflow/example_dags/example_subdag_operator.py for tasks to queue
[2023-09-06T04:33:21.434+0000] {logging_mixin.py:151} INFO - [2023-09-06T04:33:21.434+0000] {dagbag.py:539} INFO - Filling up the DagBag from /home/airflow/.local/lib/python3.8/site-packages/airflow/example_dags/example_subdag_operator.py
[2023-09-06T04:33:21.453+0000] {processor.py:839} INFO - DAG(s) dict_keys(['example_subdag_operator.section-1', 'example_subdag_operator.section-2', 'example_subdag_operator']) retrieved from /home/airflow/.local/lib/python3.8/site-packages/airflow/example_dags/example_subdag_operator.py
[2023-09-06T04:33:21.463+0000] {logging_mixin.py:151} INFO - [2023-09-06T04:33:21.462+0000] {dag.py:2907} INFO - Sync 3 DAGs
[2023-09-06T04:33:21.475+0000] {logging_mixin.py:151} INFO - [2023-09-06T04:33:21.475+0000] {dag.py:3677} INFO - Setting next_dagrun for example_subdag_operator to 2022-01-01T00:00:00+00:00, run_after=2022-01-01T00:00:00+00:00
[2023-09-06T04:33:21.477+0000] {logging_mixin.py:151} INFO - [2023-09-06T04:33:21.477+0000] {dag.py:3677} INFO - Setting next_dagrun for example_subdag_operator.section-1 to None, run_after=None
[2023-09-06T04:33:21.478+0000] {logging_mixin.py:151} INFO - [2023-09-06T04:33:21.478+0000] {dag.py:3677} INFO - Setting next_dagrun for example_subdag_operator.section-2 to None, run_after=None
[2023-09-06T04:33:21.482+0000] {logging_mixin.py:151} INFO - [2023-09-06T04:33:21.482+0000] {dag.py:2907} INFO - Sync 2 DAGs
[2023-09-06T04:33:21.484+0000] {logging_mixin.py:151} INFO - [2023-09-06T04:33:21.484+0000] {dag.py:3677} INFO - Setting next_dagrun for example_subdag_operator.section-1 to None, run_after=None
[2023-09-06T04:33:21.485+0000] {logging_mixin.py:151} INFO - [2023-09-06T04:33:21.485+0000] {dag.py:3677} INFO - Setting next_dagrun for example_subdag_operator.section-2 to None, run_after=None
[2023-09-06T04:33:21.491+0000] {processor.py:179} INFO - Processing /home/airflow/.local/lib/python3.8/site-packages/airflow/example_dags/example_subdag_operator.py took 0.062 seconds
[2023-09-06T04:33:51.575+0000] {processor.py:157} INFO - Started process (PID=236) to work on /home/airflow/.local/lib/python3.8/site-packages/airflow/example_dags/example_subdag_operator.py
[2023-09-06T04:33:51.576+0000] {processor.py:829} INFO - Processing file /home/airflow/.local/lib/python3.8/site-packages/airflow/example_dags/example_subdag_operator.py for tasks to queue
[2023-09-06T04:33:51.578+0000] {logging_mixin.py:151} INFO - [2023-09-06T04:33:51.577+0000] {dagbag.py:539} INFO - Filling up the DagBag from /home/airflow/.local/lib/python3.8/site-packages/airflow/example_dags/example_subdag_operator.py
[2023-09-06T04:33:51.598+0000] {processor.py:839} INFO - DAG(s) dict_keys(['example_subdag_operator.section-1', 'example_subdag_operator.section-2', 'example_subdag_operator']) retrieved from /home/airflow/.local/lib/python3.8/site-packages/airflow/example_dags/example_subdag_operator.py
[2023-09-06T04:33:51.608+0000] {logging_mixin.py:151} INFO - [2023-09-06T04:33:51.608+0000] {dag.py:2907} INFO - Sync 3 DAGs
[2023-09-06T04:33:51.621+0000] {logging_mixin.py:151} INFO - [2023-09-06T04:33:51.621+0000] {dag.py:3677} INFO - Setting next_dagrun for example_subdag_operator to 2022-01-01T00:00:00+00:00, run_after=2022-01-01T00:00:00+00:00
[2023-09-06T04:33:51.624+0000] {logging_mixin.py:151} INFO - [2023-09-06T04:33:51.623+0000] {dag.py:3677} INFO - Setting next_dagrun for example_subdag_operator.section-1 to None, run_after=None
[2023-09-06T04:33:51.624+0000] {logging_mixin.py:151} INFO - [2023-09-06T04:33:51.624+0000] {dag.py:3677} INFO - Setting next_dagrun for example_subdag_operator.section-2 to None, run_after=None
[2023-09-06T04:33:51.629+0000] {logging_mixin.py:151} INFO - [2023-09-06T04:33:51.629+0000] {dag.py:2907} INFO - Sync 2 DAGs
[2023-09-06T04:33:51.632+0000] {logging_mixin.py:151} INFO - [2023-09-06T04:33:51.632+0000] {dag.py:3677} INFO - Setting next_dagrun for example_subdag_operator.section-1 to None, run_after=None
[2023-09-06T04:33:51.632+0000] {logging_mixin.py:151} INFO - [2023-09-06T04:33:51.632+0000] {dag.py:3677} INFO - Setting next_dagrun for example_subdag_operator.section-2 to None, run_after=None
[2023-09-06T04:33:51.639+0000] {processor.py:179} INFO - Processing /home/airflow/.local/lib/python3.8/site-packages/airflow/example_dags/example_subdag_operator.py took 0.066 seconds
[2023-09-06T04:34:21.903+0000] {processor.py:157} INFO - Started process (PID=290) to work on /home/airflow/.local/lib/python3.8/site-packages/airflow/example_dags/example_subdag_operator.py
[2023-09-06T04:34:21.904+0000] {processor.py:829} INFO - Processing file /home/airflow/.local/lib/python3.8/site-packages/airflow/example_dags/example_subdag_operator.py for tasks to queue
[2023-09-06T04:34:21.906+0000] {logging_mixin.py:151} INFO - [2023-09-06T04:34:21.906+0000] {dagbag.py:539} INFO - Filling up the DagBag from /home/airflow/.local/lib/python3.8/site-packages/airflow/example_dags/example_subdag_operator.py
[2023-09-06T04:34:21.925+0000] {processor.py:839} INFO - DAG(s) dict_keys(['example_subdag_operator.section-1', 'example_subdag_operator.section-2', 'example_subdag_operator']) retrieved from /home/airflow/.local/lib/python3.8/site-packages/airflow/example_dags/example_subdag_operator.py
[2023-09-06T04:34:21.934+0000] {logging_mixin.py:151} INFO - [2023-09-06T04:34:21.934+0000] {dag.py:2907} INFO - Sync 3 DAGs
[2023-09-06T04:34:21.948+0000] {logging_mixin.py:151} INFO - [2023-09-06T04:34:21.948+0000] {dag.py:3677} INFO - Setting next_dagrun for example_subdag_operator to 2022-01-01T00:00:00+00:00, run_after=2022-01-01T00:00:00+00:00
[2023-09-06T04:34:21.950+0000] {logging_mixin.py:151} INFO - [2023-09-06T04:34:21.950+0000] {dag.py:3677} INFO - Setting next_dagrun for example_subdag_operator.section-1 to None, run_after=None
[2023-09-06T04:34:21.951+0000] {logging_mixin.py:151} INFO - [2023-09-06T04:34:21.951+0000] {dag.py:3677} INFO - Setting next_dagrun for example_subdag_operator.section-2 to None, run_after=None
[2023-09-06T04:34:21.955+0000] {logging_mixin.py:151} INFO - [2023-09-06T04:34:21.955+0000] {dag.py:2907} INFO - Sync 2 DAGs
[2023-09-06T04:34:21.958+0000] {logging_mixin.py:151} INFO - [2023-09-06T04:34:21.958+0000] {dag.py:3677} INFO - Setting next_dagrun for example_subdag_operator.section-1 to None, run_after=None
[2023-09-06T04:34:21.959+0000] {logging_mixin.py:151} INFO - [2023-09-06T04:34:21.959+0000] {dag.py:3677} INFO - Setting next_dagrun for example_subdag_operator.section-2 to None, run_after=None
[2023-09-06T04:34:21.965+0000] {processor.py:179} INFO - Processing /home/airflow/.local/lib/python3.8/site-packages/airflow/example_dags/example_subdag_operator.py took 0.064 seconds
[2023-09-06T04:34:52.063+0000] {processor.py:157} INFO - Started process (PID=344) to work on /home/airflow/.local/lib/python3.8/site-packages/airflow/example_dags/example_subdag_operator.py
[2023-09-06T04:34:52.064+0000] {processor.py:829} INFO - Processing file /home/airflow/.local/lib/python3.8/site-packages/airflow/example_dags/example_subdag_operator.py for tasks to queue
[2023-09-06T04:34:52.066+0000] {logging_mixin.py:151} INFO - [2023-09-06T04:34:52.065+0000] {dagbag.py:539} INFO - Filling up the DagBag from /home/airflow/.local/lib/python3.8/site-packages/airflow/example_dags/example_subdag_operator.py
[2023-09-06T04:34:52.085+0000] {processor.py:839} INFO - DAG(s) dict_keys(['example_subdag_operator.section-1', 'example_subdag_operator.section-2', 'example_subdag_operator']) retrieved from /home/airflow/.local/lib/python3.8/site-packages/airflow/example_dags/example_subdag_operator.py
[2023-09-06T04:34:52.095+0000] {logging_mixin.py:151} INFO - [2023-09-06T04:34:52.095+0000] {dag.py:2907} INFO - Sync 3 DAGs
[2023-09-06T04:34:52.109+0000] {logging_mixin.py:151} INFO - [2023-09-06T04:34:52.108+0000] {dag.py:3677} INFO - Setting next_dagrun for example_subdag_operator to 2022-01-01T00:00:00+00:00, run_after=2022-01-01T00:00:00+00:00
[2023-09-06T04:34:52.111+0000] {logging_mixin.py:151} INFO - [2023-09-06T04:34:52.111+0000] {dag.py:3677} INFO - Setting next_dagrun for example_subdag_operator.section-1 to None, run_after=None
[2023-09-06T04:34:52.112+0000] {logging_mixin.py:151} INFO - [2023-09-06T04:34:52.112+0000] {dag.py:3677} INFO - Setting next_dagrun for example_subdag_operator.section-2 to None, run_after=None
[2023-09-06T04:34:52.116+0000] {logging_mixin.py:151} INFO - [2023-09-06T04:34:52.116+0000] {dag.py:2907} INFO - Sync 2 DAGs
[2023-09-06T04:34:52.120+0000] {logging_mixin.py:151} INFO - [2023-09-06T04:34:52.120+0000] {dag.py:3677} INFO - Setting next_dagrun for example_subdag_operator.section-1 to None, run_after=None
[2023-09-06T04:34:52.120+0000] {logging_mixin.py:151} INFO - [2023-09-06T04:34:52.120+0000] {dag.py:3677} INFO - Setting next_dagrun for example_subdag_operator.section-2 to None, run_after=None
[2023-09-06T04:34:52.128+0000] {processor.py:179} INFO - Processing /home/airflow/.local/lib/python3.8/site-packages/airflow/example_dags/example_subdag_operator.py took 0.068 seconds
[2023-09-06T04:35:22.351+0000] {processor.py:157} INFO - Started process (PID=398) to work on /home/airflow/.local/lib/python3.8/site-packages/airflow/example_dags/example_subdag_operator.py
[2023-09-06T04:35:22.352+0000] {processor.py:829} INFO - Processing file /home/airflow/.local/lib/python3.8/site-packages/airflow/example_dags/example_subdag_operator.py for tasks to queue
[2023-09-06T04:35:22.353+0000] {logging_mixin.py:151} INFO - [2023-09-06T04:35:22.353+0000] {dagbag.py:539} INFO - Filling up the DagBag from /home/airflow/.local/lib/python3.8/site-packages/airflow/example_dags/example_subdag_operator.py
[2023-09-06T04:35:22.373+0000] {processor.py:839} INFO - DAG(s) dict_keys(['example_subdag_operator.section-1', 'example_subdag_operator.section-2', 'example_subdag_operator']) retrieved from /home/airflow/.local/lib/python3.8/site-packages/airflow/example_dags/example_subdag_operator.py
[2023-09-06T04:35:22.382+0000] {logging_mixin.py:151} INFO - [2023-09-06T04:35:22.382+0000] {dag.py:2907} INFO - Sync 3 DAGs
[2023-09-06T04:35:22.395+0000] {logging_mixin.py:151} INFO - [2023-09-06T04:35:22.394+0000] {dag.py:3677} INFO - Setting next_dagrun for example_subdag_operator to 2022-01-01T00:00:00+00:00, run_after=2022-01-01T00:00:00+00:00
[2023-09-06T04:35:22.397+0000] {logging_mixin.py:151} INFO - [2023-09-06T04:35:22.396+0000] {dag.py:3677} INFO - Setting next_dagrun for example_subdag_operator.section-1 to None, run_after=None
[2023-09-06T04:35:22.397+0000] {logging_mixin.py:151} INFO - [2023-09-06T04:35:22.397+0000] {dag.py:3677} INFO - Setting next_dagrun for example_subdag_operator.section-2 to None, run_after=None
[2023-09-06T04:35:22.401+0000] {logging_mixin.py:151} INFO - [2023-09-06T04:35:22.401+0000] {dag.py:2907} INFO - Sync 2 DAGs
[2023-09-06T04:35:22.404+0000] {logging_mixin.py:151} INFO - [2023-09-06T04:35:22.404+0000] {dag.py:3677} INFO - Setting next_dagrun for example_subdag_operator.section-1 to None, run_after=None
[2023-09-06T04:35:22.404+0000] {logging_mixin.py:151} INFO - [2023-09-06T04:35:22.404+0000] {dag.py:3677} INFO - Setting next_dagrun for example_subdag_operator.section-2 to None, run_after=None
[2023-09-06T04:35:22.410+0000] {processor.py:179} INFO - Processing /home/airflow/.local/lib/python3.8/site-packages/airflow/example_dags/example_subdag_operator.py took 0.062 seconds
[2023-09-06T04:35:52.476+0000] {processor.py:157} INFO - Started process (PID=452) to work on /home/airflow/.local/lib/python3.8/site-packages/airflow/example_dags/example_subdag_operator.py
[2023-09-06T04:35:52.477+0000] {processor.py:829} INFO - Processing file /home/airflow/.local/lib/python3.8/site-packages/airflow/example_dags/example_subdag_operator.py for tasks to queue
[2023-09-06T04:35:52.479+0000] {logging_mixin.py:151} INFO - [2023-09-06T04:35:52.479+0000] {dagbag.py:539} INFO - Filling up the DagBag from /home/airflow/.local/lib/python3.8/site-packages/airflow/example_dags/example_subdag_operator.py
[2023-09-06T04:35:52.498+0000] {processor.py:839} INFO - DAG(s) dict_keys(['example_subdag_operator.section-1', 'example_subdag_operator.section-2', 'example_subdag_operator']) retrieved from /home/airflow/.local/lib/python3.8/site-packages/airflow/example_dags/example_subdag_operator.py
[2023-09-06T04:35:52.508+0000] {logging_mixin.py:151} INFO - [2023-09-06T04:35:52.507+0000] {dag.py:2907} INFO - Sync 3 DAGs
[2023-09-06T04:35:52.521+0000] {logging_mixin.py:151} INFO - [2023-09-06T04:35:52.521+0000] {dag.py:3677} INFO - Setting next_dagrun for example_subdag_operator to 2022-01-01T00:00:00+00:00, run_after=2022-01-01T00:00:00+00:00
[2023-09-06T04:35:52.523+0000] {logging_mixin.py:151} INFO - [2023-09-06T04:35:52.523+0000] {dag.py:3677} INFO - Setting next_dagrun for example_subdag_operator.section-1 to None, run_after=None
[2023-09-06T04:35:52.524+0000] {logging_mixin.py:151} INFO - [2023-09-06T04:35:52.524+0000] {dag.py:3677} INFO - Setting next_dagrun for example_subdag_operator.section-2 to None, run_after=None
[2023-09-06T04:35:52.528+0000] {logging_mixin.py:151} INFO - [2023-09-06T04:35:52.528+0000] {dag.py:2907} INFO - Sync 2 DAGs
[2023-09-06T04:35:52.531+0000] {logging_mixin.py:151} INFO - [2023-09-06T04:35:52.531+0000] {dag.py:3677} INFO - Setting next_dagrun for example_subdag_operator.section-1 to None, run_after=None
[2023-09-06T04:35:52.531+0000] {logging_mixin.py:151} INFO - [2023-09-06T04:35:52.531+0000] {dag.py:3677} INFO - Setting next_dagrun for example_subdag_operator.section-2 to None, run_after=None
[2023-09-06T04:35:52.538+0000] {processor.py:179} INFO - Processing /home/airflow/.local/lib/python3.8/site-packages/airflow/example_dags/example_subdag_operator.py took 0.064 seconds
[2023-09-06T04:36:22.647+0000] {processor.py:157} INFO - Started process (PID=506) to work on /home/airflow/.local/lib/python3.8/site-packages/airflow/example_dags/example_subdag_operator.py
[2023-09-06T04:36:22.648+0000] {processor.py:829} INFO - Processing file /home/airflow/.local/lib/python3.8/site-packages/airflow/example_dags/example_subdag_operator.py for tasks to queue
[2023-09-06T04:36:22.649+0000] {logging_mixin.py:151} INFO - [2023-09-06T04:36:22.649+0000] {dagbag.py:539} INFO - Filling up the DagBag from /home/airflow/.local/lib/python3.8/site-packages/airflow/example_dags/example_subdag_operator.py
[2023-09-06T04:36:22.668+0000] {processor.py:839} INFO - DAG(s) dict_keys(['example_subdag_operator.section-1', 'example_subdag_operator.section-2', 'example_subdag_operator']) retrieved from /home/airflow/.local/lib/python3.8/site-packages/airflow/example_dags/example_subdag_operator.py
[2023-09-06T04:36:22.679+0000] {logging_mixin.py:151} INFO - [2023-09-06T04:36:22.678+0000] {dag.py:2907} INFO - Sync 3 DAGs
[2023-09-06T04:36:22.692+0000] {logging_mixin.py:151} INFO - [2023-09-06T04:36:22.692+0000] {dag.py:3677} INFO - Setting next_dagrun for example_subdag_operator to 2022-01-01T00:00:00+00:00, run_after=2022-01-01T00:00:00+00:00
[2023-09-06T04:36:22.694+0000] {logging_mixin.py:151} INFO - [2023-09-06T04:36:22.694+0000] {dag.py:3677} INFO - Setting next_dagrun for example_subdag_operator.section-1 to None, run_after=None
[2023-09-06T04:36:22.694+0000] {logging_mixin.py:151} INFO - [2023-09-06T04:36:22.694+0000] {dag.py:3677} INFO - Setting next_dagrun for example_subdag_operator.section-2 to None, run_after=None
[2023-09-06T04:36:22.698+0000] {logging_mixin.py:151} INFO - [2023-09-06T04:36:22.698+0000] {dag.py:2907} INFO - Sync 2 DAGs
[2023-09-06T04:36:22.701+0000] {logging_mixin.py:151} INFO - [2023-09-06T04:36:22.701+0000] {dag.py:3677} INFO - Setting next_dagrun for example_subdag_operator.section-1 to None, run_after=None
[2023-09-06T04:36:22.702+0000] {logging_mixin.py:151} INFO - [2023-09-06T04:36:22.702+0000] {dag.py:3677} INFO - Setting next_dagrun for example_subdag_operator.section-2 to None, run_after=None
[2023-09-06T04:36:22.708+0000] {processor.py:179} INFO - Processing /home/airflow/.local/lib/python3.8/site-packages/airflow/example_dags/example_subdag_operator.py took 0.064 seconds
[2023-09-06T04:36:53.715+0000] {processor.py:157} INFO - Started process (PID=560) to work on /home/airflow/.local/lib/python3.8/site-packages/airflow/example_dags/example_subdag_operator.py
[2023-09-06T04:36:53.716+0000] {processor.py:829} INFO - Processing file /home/airflow/.local/lib/python3.8/site-packages/airflow/example_dags/example_subdag_operator.py for tasks to queue
[2023-09-06T04:36:53.718+0000] {logging_mixin.py:151} INFO - [2023-09-06T04:36:53.718+0000] {dagbag.py:539} INFO - Filling up the DagBag from /home/airflow/.local/lib/python3.8/site-packages/airflow/example_dags/example_subdag_operator.py
[2023-09-06T04:36:53.736+0000] {processor.py:839} INFO - DAG(s) dict_keys(['example_subdag_operator.section-1', 'example_subdag_operator.section-2', 'example_subdag_operator']) retrieved from /home/airflow/.local/lib/python3.8/site-packages/airflow/example_dags/example_subdag_operator.py
[2023-09-06T04:36:53.746+0000] {logging_mixin.py:151} INFO - [2023-09-06T04:36:53.745+0000] {dag.py:2907} INFO - Sync 3 DAGs
[2023-09-06T04:36:53.758+0000] {logging_mixin.py:151} INFO - [2023-09-06T04:36:53.758+0000] {dag.py:3677} INFO - Setting next_dagrun for example_subdag_operator to 2022-01-01T00:00:00+00:00, run_after=2022-01-01T00:00:00+00:00
[2023-09-06T04:36:53.760+0000] {logging_mixin.py:151} INFO - [2023-09-06T04:36:53.760+0000] {dag.py:3677} INFO - Setting next_dagrun for example_subdag_operator.section-1 to None, run_after=None
[2023-09-06T04:36:53.761+0000] {logging_mixin.py:151} INFO - [2023-09-06T04:36:53.761+0000] {dag.py:3677} INFO - Setting next_dagrun for example_subdag_operator.section-2 to None, run_after=None
[2023-09-06T04:36:53.765+0000] {logging_mixin.py:151} INFO - [2023-09-06T04:36:53.765+0000] {dag.py:2907} INFO - Sync 2 DAGs
[2023-09-06T04:36:53.768+0000] {logging_mixin.py:151} INFO - [2023-09-06T04:36:53.768+0000] {dag.py:3677} INFO - Setting next_dagrun for example_subdag_operator.section-1 to None, run_after=None
[2023-09-06T04:36:53.768+0000] {logging_mixin.py:151} INFO - [2023-09-06T04:36:53.768+0000] {dag.py:3677} INFO - Setting next_dagrun for example_subdag_operator.section-2 to None, run_after=None
[2023-09-06T04:36:53.776+0000] {processor.py:179} INFO - Processing /home/airflow/.local/lib/python3.8/site-packages/airflow/example_dags/example_subdag_operator.py took 0.063 seconds
[2023-09-06T04:37:24.022+0000] {processor.py:157} INFO - Started process (PID=614) to work on /home/airflow/.local/lib/python3.8/site-packages/airflow/example_dags/example_subdag_operator.py
[2023-09-06T04:37:24.023+0000] {processor.py:829} INFO - Processing file /home/airflow/.local/lib/python3.8/site-packages/airflow/example_dags/example_subdag_operator.py for tasks to queue
[2023-09-06T04:37:24.025+0000] {logging_mixin.py:151} INFO - [2023-09-06T04:37:24.025+0000] {dagbag.py:539} INFO - Filling up the DagBag from /home/airflow/.local/lib/python3.8/site-packages/airflow/example_dags/example_subdag_operator.py
[2023-09-06T04:37:24.045+0000] {processor.py:839} INFO - DAG(s) dict_keys(['example_subdag_operator.section-1', 'example_subdag_operator.section-2', 'example_subdag_operator']) retrieved from /home/airflow/.local/lib/python3.8/site-packages/airflow/example_dags/example_subdag_operator.py
[2023-09-06T04:37:24.054+0000] {logging_mixin.py:151} INFO - [2023-09-06T04:37:24.054+0000] {dag.py:2907} INFO - Sync 3 DAGs
[2023-09-06T04:37:24.067+0000] {logging_mixin.py:151} INFO - [2023-09-06T04:37:24.067+0000] {dag.py:3677} INFO - Setting next_dagrun for example_subdag_operator to 2022-01-01T00:00:00+00:00, run_after=2022-01-01T00:00:00+00:00
[2023-09-06T04:37:24.069+0000] {logging_mixin.py:151} INFO - [2023-09-06T04:37:24.069+0000] {dag.py:3677} INFO - Setting next_dagrun for example_subdag_operator.section-1 to None, run_after=None
[2023-09-06T04:37:24.070+0000] {logging_mixin.py:151} INFO - [2023-09-06T04:37:24.070+0000] {dag.py:3677} INFO - Setting next_dagrun for example_subdag_operator.section-2 to None, run_after=None
[2023-09-06T04:37:24.074+0000] {logging_mixin.py:151} INFO - [2023-09-06T04:37:24.074+0000] {dag.py:2907} INFO - Sync 2 DAGs
[2023-09-06T04:37:24.077+0000] {logging_mixin.py:151} INFO - [2023-09-06T04:37:24.077+0000] {dag.py:3677} INFO - Setting next_dagrun for example_subdag_operator.section-1 to None, run_after=None
[2023-09-06T04:37:24.077+0000] {logging_mixin.py:151} INFO - [2023-09-06T04:37:24.077+0000] {dag.py:3677} INFO - Setting next_dagrun for example_subdag_operator.section-2 to None, run_after=None
[2023-09-06T04:37:24.083+0000] {processor.py:179} INFO - Processing /home/airflow/.local/lib/python3.8/site-packages/airflow/example_dags/example_subdag_operator.py took 0.063 seconds
[2023-09-06T04:37:54.166+0000] {processor.py:157} INFO - Started process (PID=668) to work on /home/airflow/.local/lib/python3.8/site-packages/airflow/example_dags/example_subdag_operator.py
[2023-09-06T04:37:54.166+0000] {processor.py:829} INFO - Processing file /home/airflow/.local/lib/python3.8/site-packages/airflow/example_dags/example_subdag_operator.py for tasks to queue
[2023-09-06T04:37:54.168+0000] {logging_mixin.py:151} INFO - [2023-09-06T04:37:54.168+0000] {dagbag.py:539} INFO - Filling up the DagBag from /home/airflow/.local/lib/python3.8/site-packages/airflow/example_dags/example_subdag_operator.py
[2023-09-06T04:37:54.188+0000] {processor.py:839} INFO - DAG(s) dict_keys(['example_subdag_operator.section-1', 'example_subdag_operator.section-2', 'example_subdag_operator']) retrieved from /home/airflow/.local/lib/python3.8/site-packages/airflow/example_dags/example_subdag_operator.py
[2023-09-06T04:37:54.198+0000] {logging_mixin.py:151} INFO - [2023-09-06T04:37:54.197+0000] {dag.py:2907} INFO - Sync 3 DAGs
[2023-09-06T04:37:54.211+0000] {logging_mixin.py:151} INFO - [2023-09-06T04:37:54.211+0000] {dag.py:3677} INFO - Setting next_dagrun for example_subdag_operator to 2022-01-01T00:00:00+00:00, run_after=2022-01-01T00:00:00+00:00
[2023-09-06T04:37:54.213+0000] {logging_mixin.py:151} INFO - [2023-09-06T04:37:54.213+0000] {dag.py:3677} INFO - Setting next_dagrun for example_subdag_operator.section-1 to None, run_after=None
[2023-09-06T04:37:54.214+0000] {logging_mixin.py:151} INFO - [2023-09-06T04:37:54.214+0000] {dag.py:3677} INFO - Setting next_dagrun for example_subdag_operator.section-2 to None, run_after=None
[2023-09-06T04:37:54.218+0000] {logging_mixin.py:151} INFO - [2023-09-06T04:37:54.218+0000] {dag.py:2907} INFO - Sync 2 DAGs
[2023-09-06T04:37:54.221+0000] {logging_mixin.py:151} INFO - [2023-09-06T04:37:54.221+0000] {dag.py:3677} INFO - Setting next_dagrun for example_subdag_operator.section-1 to None, run_after=None
[2023-09-06T04:37:54.221+0000] {logging_mixin.py:151} INFO - [2023-09-06T04:37:54.221+0000] {dag.py:3677} INFO - Setting next_dagrun for example_subdag_operator.section-2 to None, run_after=None
[2023-09-06T04:37:54.228+0000] {processor.py:179} INFO - Processing /home/airflow/.local/lib/python3.8/site-packages/airflow/example_dags/example_subdag_operator.py took 0.065 seconds
