[2023-09-06T04:32:19.540+0000] {processor.py:157} INFO - Started process (PID=56) to work on /home/airflow/.local/lib/python3.8/site-packages/airflow/example_dags/example_branch_operator.py
[2023-09-06T04:32:19.540+0000] {processor.py:829} INFO - Processing file /home/airflow/.local/lib/python3.8/site-packages/airflow/example_dags/example_branch_operator.py for tasks to queue
[2023-09-06T04:32:19.542+0000] {logging_mixin.py:151} INFO - [2023-09-06T04:32:19.542+0000] {dagbag.py:539} INFO - Filling up the DagBag from /home/airflow/.local/lib/python3.8/site-packages/airflow/example_dags/example_branch_operator.py
[2023-09-06T04:32:19.550+0000] {processor.py:839} INFO - DAG(s) dict_keys(['example_branch_operator']) retrieved from /home/airflow/.local/lib/python3.8/site-packages/airflow/example_dags/example_branch_operator.py
[2023-09-06T04:32:19.616+0000] {logging_mixin.py:151} INFO - [2023-09-06T04:32:19.615+0000] {manager.py:501} INFO - Created Permission View: can edit on DAG:example_branch_operator
[2023-09-06T04:32:19.621+0000] {logging_mixin.py:151} INFO - [2023-09-06T04:32:19.621+0000] {manager.py:501} INFO - Created Permission View: can delete on DAG:example_branch_operator
[2023-09-06T04:32:19.624+0000] {logging_mixin.py:151} INFO - [2023-09-06T04:32:19.624+0000] {manager.py:501} INFO - Created Permission View: can read on DAG:example_branch_operator
[2023-09-06T04:32:19.632+0000] {logging_mixin.py:151} INFO - [2023-09-06T04:32:19.632+0000] {dag.py:2907} INFO - Sync 1 DAGs
[2023-09-06T04:32:19.639+0000] {logging_mixin.py:151} INFO - [2023-09-06T04:32:19.639+0000] {dag.py:2929} INFO - Creating ORM DAG for example_branch_operator
[2023-09-06T04:32:19.646+0000] {logging_mixin.py:151} INFO - [2023-09-06T04:32:19.646+0000] {dag.py:3677} INFO - Setting next_dagrun for example_branch_operator to 2023-09-05T00:00:00+00:00, run_after=2023-09-06T00:00:00+00:00
[2023-09-06T04:32:19.657+0000] {processor.py:179} INFO - Processing /home/airflow/.local/lib/python3.8/site-packages/airflow/example_dags/example_branch_operator.py took 0.120 seconds
[2023-09-06T04:32:50.381+0000] {processor.py:157} INFO - Started process (PID=110) to work on /home/airflow/.local/lib/python3.8/site-packages/airflow/example_dags/example_branch_operator.py
[2023-09-06T04:32:50.382+0000] {processor.py:829} INFO - Processing file /home/airflow/.local/lib/python3.8/site-packages/airflow/example_dags/example_branch_operator.py for tasks to queue
[2023-09-06T04:32:50.384+0000] {logging_mixin.py:151} INFO - [2023-09-06T04:32:50.383+0000] {dagbag.py:539} INFO - Filling up the DagBag from /home/airflow/.local/lib/python3.8/site-packages/airflow/example_dags/example_branch_operator.py
[2023-09-06T04:32:50.390+0000] {processor.py:839} INFO - DAG(s) dict_keys(['example_branch_operator']) retrieved from /home/airflow/.local/lib/python3.8/site-packages/airflow/example_dags/example_branch_operator.py
[2023-09-06T04:32:50.408+0000] {logging_mixin.py:151} INFO - [2023-09-06T04:32:50.408+0000] {dag.py:2907} INFO - Sync 1 DAGs
[2023-09-06T04:32:50.422+0000] {logging_mixin.py:151} INFO - [2023-09-06T04:32:50.422+0000] {dag.py:3677} INFO - Setting next_dagrun for example_branch_operator to 2023-09-05T00:00:00+00:00, run_after=2023-09-06T00:00:00+00:00
[2023-09-06T04:32:50.433+0000] {processor.py:179} INFO - Processing /home/airflow/.local/lib/python3.8/site-packages/airflow/example_dags/example_branch_operator.py took 0.055 seconds
[2023-09-06T04:33:20.684+0000] {processor.py:157} INFO - Started process (PID=164) to work on /home/airflow/.local/lib/python3.8/site-packages/airflow/example_dags/example_branch_operator.py
[2023-09-06T04:33:20.684+0000] {processor.py:829} INFO - Processing file /home/airflow/.local/lib/python3.8/site-packages/airflow/example_dags/example_branch_operator.py for tasks to queue
[2023-09-06T04:33:20.686+0000] {logging_mixin.py:151} INFO - [2023-09-06T04:33:20.686+0000] {dagbag.py:539} INFO - Filling up the DagBag from /home/airflow/.local/lib/python3.8/site-packages/airflow/example_dags/example_branch_operator.py
[2023-09-06T04:33:20.693+0000] {processor.py:839} INFO - DAG(s) dict_keys(['example_branch_operator']) retrieved from /home/airflow/.local/lib/python3.8/site-packages/airflow/example_dags/example_branch_operator.py
[2023-09-06T04:33:20.711+0000] {logging_mixin.py:151} INFO - [2023-09-06T04:33:20.711+0000] {dag.py:2907} INFO - Sync 1 DAGs
[2023-09-06T04:33:20.726+0000] {logging_mixin.py:151} INFO - [2023-09-06T04:33:20.726+0000] {dag.py:3677} INFO - Setting next_dagrun for example_branch_operator to 2023-09-05T00:00:00+00:00, run_after=2023-09-06T00:00:00+00:00
[2023-09-06T04:33:20.737+0000] {processor.py:179} INFO - Processing /home/airflow/.local/lib/python3.8/site-packages/airflow/example_dags/example_branch_operator.py took 0.056 seconds
[2023-09-06T04:33:50.879+0000] {processor.py:157} INFO - Started process (PID=218) to work on /home/airflow/.local/lib/python3.8/site-packages/airflow/example_dags/example_branch_operator.py
[2023-09-06T04:33:50.879+0000] {processor.py:829} INFO - Processing file /home/airflow/.local/lib/python3.8/site-packages/airflow/example_dags/example_branch_operator.py for tasks to queue
[2023-09-06T04:33:50.881+0000] {logging_mixin.py:151} INFO - [2023-09-06T04:33:50.881+0000] {dagbag.py:539} INFO - Filling up the DagBag from /home/airflow/.local/lib/python3.8/site-packages/airflow/example_dags/example_branch_operator.py
[2023-09-06T04:33:50.887+0000] {processor.py:839} INFO - DAG(s) dict_keys(['example_branch_operator']) retrieved from /home/airflow/.local/lib/python3.8/site-packages/airflow/example_dags/example_branch_operator.py
[2023-09-06T04:33:50.904+0000] {logging_mixin.py:151} INFO - [2023-09-06T04:33:50.904+0000] {dag.py:2907} INFO - Sync 1 DAGs
[2023-09-06T04:33:50.918+0000] {logging_mixin.py:151} INFO - [2023-09-06T04:33:50.918+0000] {dag.py:3677} INFO - Setting next_dagrun for example_branch_operator to 2023-09-05T00:00:00+00:00, run_after=2023-09-06T00:00:00+00:00
[2023-09-06T04:33:50.931+0000] {processor.py:179} INFO - Processing /home/airflow/.local/lib/python3.8/site-packages/airflow/example_dags/example_branch_operator.py took 0.054 seconds
[2023-09-06T04:34:21.167+0000] {processor.py:157} INFO - Started process (PID=272) to work on /home/airflow/.local/lib/python3.8/site-packages/airflow/example_dags/example_branch_operator.py
[2023-09-06T04:34:21.168+0000] {processor.py:829} INFO - Processing file /home/airflow/.local/lib/python3.8/site-packages/airflow/example_dags/example_branch_operator.py for tasks to queue
[2023-09-06T04:34:21.170+0000] {logging_mixin.py:151} INFO - [2023-09-06T04:34:21.169+0000] {dagbag.py:539} INFO - Filling up the DagBag from /home/airflow/.local/lib/python3.8/site-packages/airflow/example_dags/example_branch_operator.py
[2023-09-06T04:34:21.176+0000] {processor.py:839} INFO - DAG(s) dict_keys(['example_branch_operator']) retrieved from /home/airflow/.local/lib/python3.8/site-packages/airflow/example_dags/example_branch_operator.py
[2023-09-06T04:34:21.194+0000] {logging_mixin.py:151} INFO - [2023-09-06T04:34:21.194+0000] {dag.py:2907} INFO - Sync 1 DAGs
[2023-09-06T04:34:21.208+0000] {logging_mixin.py:151} INFO - [2023-09-06T04:34:21.208+0000] {dag.py:3677} INFO - Setting next_dagrun for example_branch_operator to 2023-09-05T00:00:00+00:00, run_after=2023-09-06T00:00:00+00:00
[2023-09-06T04:34:21.218+0000] {processor.py:179} INFO - Processing /home/airflow/.local/lib/python3.8/site-packages/airflow/example_dags/example_branch_operator.py took 0.054 seconds
[2023-09-06T04:34:51.317+0000] {processor.py:157} INFO - Started process (PID=326) to work on /home/airflow/.local/lib/python3.8/site-packages/airflow/example_dags/example_branch_operator.py
[2023-09-06T04:34:51.317+0000] {processor.py:829} INFO - Processing file /home/airflow/.local/lib/python3.8/site-packages/airflow/example_dags/example_branch_operator.py for tasks to queue
[2023-09-06T04:34:51.319+0000] {logging_mixin.py:151} INFO - [2023-09-06T04:34:51.319+0000] {dagbag.py:539} INFO - Filling up the DagBag from /home/airflow/.local/lib/python3.8/site-packages/airflow/example_dags/example_branch_operator.py
[2023-09-06T04:34:51.326+0000] {processor.py:839} INFO - DAG(s) dict_keys(['example_branch_operator']) retrieved from /home/airflow/.local/lib/python3.8/site-packages/airflow/example_dags/example_branch_operator.py
[2023-09-06T04:34:51.344+0000] {logging_mixin.py:151} INFO - [2023-09-06T04:34:51.343+0000] {dag.py:2907} INFO - Sync 1 DAGs
[2023-09-06T04:34:51.358+0000] {logging_mixin.py:151} INFO - [2023-09-06T04:34:51.358+0000] {dag.py:3677} INFO - Setting next_dagrun for example_branch_operator to 2023-09-05T00:00:00+00:00, run_after=2023-09-06T00:00:00+00:00
[2023-09-06T04:34:51.369+0000] {processor.py:179} INFO - Processing /home/airflow/.local/lib/python3.8/site-packages/airflow/example_dags/example_branch_operator.py took 0.055 seconds
[2023-09-06T04:35:21.592+0000] {processor.py:157} INFO - Started process (PID=380) to work on /home/airflow/.local/lib/python3.8/site-packages/airflow/example_dags/example_branch_operator.py
[2023-09-06T04:35:21.593+0000] {processor.py:829} INFO - Processing file /home/airflow/.local/lib/python3.8/site-packages/airflow/example_dags/example_branch_operator.py for tasks to queue
[2023-09-06T04:35:21.594+0000] {logging_mixin.py:151} INFO - [2023-09-06T04:35:21.594+0000] {dagbag.py:539} INFO - Filling up the DagBag from /home/airflow/.local/lib/python3.8/site-packages/airflow/example_dags/example_branch_operator.py
[2023-09-06T04:35:21.601+0000] {processor.py:839} INFO - DAG(s) dict_keys(['example_branch_operator']) retrieved from /home/airflow/.local/lib/python3.8/site-packages/airflow/example_dags/example_branch_operator.py
[2023-09-06T04:35:21.619+0000] {logging_mixin.py:151} INFO - [2023-09-06T04:35:21.618+0000] {dag.py:2907} INFO - Sync 1 DAGs
[2023-09-06T04:35:21.632+0000] {logging_mixin.py:151} INFO - [2023-09-06T04:35:21.632+0000] {dag.py:3677} INFO - Setting next_dagrun for example_branch_operator to 2023-09-05T00:00:00+00:00, run_after=2023-09-06T00:00:00+00:00
[2023-09-06T04:35:21.642+0000] {processor.py:179} INFO - Processing /home/airflow/.local/lib/python3.8/site-packages/airflow/example_dags/example_branch_operator.py took 0.053 seconds
[2023-09-06T04:35:51.789+0000] {processor.py:157} INFO - Started process (PID=434) to work on /home/airflow/.local/lib/python3.8/site-packages/airflow/example_dags/example_branch_operator.py
[2023-09-06T04:35:51.789+0000] {processor.py:829} INFO - Processing file /home/airflow/.local/lib/python3.8/site-packages/airflow/example_dags/example_branch_operator.py for tasks to queue
[2023-09-06T04:35:51.791+0000] {logging_mixin.py:151} INFO - [2023-09-06T04:35:51.791+0000] {dagbag.py:539} INFO - Filling up the DagBag from /home/airflow/.local/lib/python3.8/site-packages/airflow/example_dags/example_branch_operator.py
[2023-09-06T04:35:51.797+0000] {processor.py:839} INFO - DAG(s) dict_keys(['example_branch_operator']) retrieved from /home/airflow/.local/lib/python3.8/site-packages/airflow/example_dags/example_branch_operator.py
[2023-09-06T04:35:51.814+0000] {logging_mixin.py:151} INFO - [2023-09-06T04:35:51.814+0000] {dag.py:2907} INFO - Sync 1 DAGs
[2023-09-06T04:35:51.828+0000] {logging_mixin.py:151} INFO - [2023-09-06T04:35:51.828+0000] {dag.py:3677} INFO - Setting next_dagrun for example_branch_operator to 2023-09-05T00:00:00+00:00, run_after=2023-09-06T00:00:00+00:00
[2023-09-06T04:35:51.838+0000] {processor.py:179} INFO - Processing /home/airflow/.local/lib/python3.8/site-packages/airflow/example_dags/example_branch_operator.py took 0.052 seconds
[2023-09-06T04:36:21.984+0000] {processor.py:157} INFO - Started process (PID=488) to work on /home/airflow/.local/lib/python3.8/site-packages/airflow/example_dags/example_branch_operator.py
[2023-09-06T04:36:21.984+0000] {processor.py:829} INFO - Processing file /home/airflow/.local/lib/python3.8/site-packages/airflow/example_dags/example_branch_operator.py for tasks to queue
[2023-09-06T04:36:21.986+0000] {logging_mixin.py:151} INFO - [2023-09-06T04:36:21.986+0000] {dagbag.py:539} INFO - Filling up the DagBag from /home/airflow/.local/lib/python3.8/site-packages/airflow/example_dags/example_branch_operator.py
[2023-09-06T04:36:21.992+0000] {processor.py:839} INFO - DAG(s) dict_keys(['example_branch_operator']) retrieved from /home/airflow/.local/lib/python3.8/site-packages/airflow/example_dags/example_branch_operator.py
[2023-09-06T04:36:22.010+0000] {logging_mixin.py:151} INFO - [2023-09-06T04:36:22.010+0000] {dag.py:2907} INFO - Sync 1 DAGs
[2023-09-06T04:36:22.024+0000] {logging_mixin.py:151} INFO - [2023-09-06T04:36:22.024+0000] {dag.py:3677} INFO - Setting next_dagrun for example_branch_operator to 2023-09-05T00:00:00+00:00, run_after=2023-09-06T00:00:00+00:00
[2023-09-06T04:36:22.035+0000] {processor.py:179} INFO - Processing /home/airflow/.local/lib/python3.8/site-packages/airflow/example_dags/example_branch_operator.py took 0.054 seconds
[2023-09-06T04:36:52.991+0000] {processor.py:157} INFO - Started process (PID=542) to work on /home/airflow/.local/lib/python3.8/site-packages/airflow/example_dags/example_branch_operator.py
[2023-09-06T04:36:52.992+0000] {processor.py:829} INFO - Processing file /home/airflow/.local/lib/python3.8/site-packages/airflow/example_dags/example_branch_operator.py for tasks to queue
[2023-09-06T04:36:52.994+0000] {logging_mixin.py:151} INFO - [2023-09-06T04:36:52.994+0000] {dagbag.py:539} INFO - Filling up the DagBag from /home/airflow/.local/lib/python3.8/site-packages/airflow/example_dags/example_branch_operator.py
[2023-09-06T04:36:53.000+0000] {processor.py:839} INFO - DAG(s) dict_keys(['example_branch_operator']) retrieved from /home/airflow/.local/lib/python3.8/site-packages/airflow/example_dags/example_branch_operator.py
[2023-09-06T04:36:53.020+0000] {logging_mixin.py:151} INFO - [2023-09-06T04:36:53.020+0000] {dag.py:2907} INFO - Sync 1 DAGs
[2023-09-06T04:36:53.037+0000] {logging_mixin.py:151} INFO - [2023-09-06T04:36:53.037+0000] {dag.py:3677} INFO - Setting next_dagrun for example_branch_operator to 2023-09-05T00:00:00+00:00, run_after=2023-09-06T00:00:00+00:00
[2023-09-06T04:36:53.051+0000] {processor.py:179} INFO - Processing /home/airflow/.local/lib/python3.8/site-packages/airflow/example_dags/example_branch_operator.py took 0.063 seconds
[2023-09-06T04:37:23.195+0000] {processor.py:157} INFO - Started process (PID=596) to work on /home/airflow/.local/lib/python3.8/site-packages/airflow/example_dags/example_branch_operator.py
[2023-09-06T04:37:23.196+0000] {processor.py:829} INFO - Processing file /home/airflow/.local/lib/python3.8/site-packages/airflow/example_dags/example_branch_operator.py for tasks to queue
[2023-09-06T04:37:23.197+0000] {logging_mixin.py:151} INFO - [2023-09-06T04:37:23.197+0000] {dagbag.py:539} INFO - Filling up the DagBag from /home/airflow/.local/lib/python3.8/site-packages/airflow/example_dags/example_branch_operator.py
[2023-09-06T04:37:23.203+0000] {processor.py:839} INFO - DAG(s) dict_keys(['example_branch_operator']) retrieved from /home/airflow/.local/lib/python3.8/site-packages/airflow/example_dags/example_branch_operator.py
[2023-09-06T04:37:23.221+0000] {logging_mixin.py:151} INFO - [2023-09-06T04:37:23.221+0000] {dag.py:2907} INFO - Sync 1 DAGs
[2023-09-06T04:37:23.235+0000] {logging_mixin.py:151} INFO - [2023-09-06T04:37:23.235+0000] {dag.py:3677} INFO - Setting next_dagrun for example_branch_operator to 2023-09-05T00:00:00+00:00, run_after=2023-09-06T00:00:00+00:00
[2023-09-06T04:37:23.246+0000] {processor.py:179} INFO - Processing /home/airflow/.local/lib/python3.8/site-packages/airflow/example_dags/example_branch_operator.py took 0.054 seconds
[2023-09-06T04:37:53.445+0000] {processor.py:157} INFO - Started process (PID=650) to work on /home/airflow/.local/lib/python3.8/site-packages/airflow/example_dags/example_branch_operator.py
[2023-09-06T04:37:53.446+0000] {processor.py:829} INFO - Processing file /home/airflow/.local/lib/python3.8/site-packages/airflow/example_dags/example_branch_operator.py for tasks to queue
[2023-09-06T04:37:53.448+0000] {logging_mixin.py:151} INFO - [2023-09-06T04:37:53.447+0000] {dagbag.py:539} INFO - Filling up the DagBag from /home/airflow/.local/lib/python3.8/site-packages/airflow/example_dags/example_branch_operator.py
[2023-09-06T04:37:53.454+0000] {processor.py:839} INFO - DAG(s) dict_keys(['example_branch_operator']) retrieved from /home/airflow/.local/lib/python3.8/site-packages/airflow/example_dags/example_branch_operator.py
[2023-09-06T04:37:53.471+0000] {logging_mixin.py:151} INFO - [2023-09-06T04:37:53.471+0000] {dag.py:2907} INFO - Sync 1 DAGs
[2023-09-06T04:37:53.485+0000] {logging_mixin.py:151} INFO - [2023-09-06T04:37:53.484+0000] {dag.py:3677} INFO - Setting next_dagrun for example_branch_operator to 2023-09-05T00:00:00+00:00, run_after=2023-09-06T00:00:00+00:00
[2023-09-06T04:37:53.494+0000] {processor.py:179} INFO - Processing /home/airflow/.local/lib/python3.8/site-packages/airflow/example_dags/example_branch_operator.py took 0.051 seconds
