[2023-09-06T04:32:17.253+0000] {processor.py:157} INFO - Started process (PID=35) to work on /home/airflow/.local/lib/python3.8/site-packages/airflow/example_dags/example_short_circuit_operator.py
[2023-09-06T04:32:17.257+0000] {processor.py:829} INFO - Processing file /home/airflow/.local/lib/python3.8/site-packages/airflow/example_dags/example_short_circuit_operator.py for tasks to queue
[2023-09-06T04:32:17.259+0000] {logging_mixin.py:151} INFO - [2023-09-06T04:32:17.259+0000] {dagbag.py:539} INFO - Filling up the DagBag from /home/airflow/.local/lib/python3.8/site-packages/airflow/example_dags/example_short_circuit_operator.py
[2023-09-06T04:32:17.268+0000] {processor.py:839} INFO - DAG(s) dict_keys(['example_short_circuit_operator']) retrieved from /home/airflow/.local/lib/python3.8/site-packages/airflow/example_dags/example_short_circuit_operator.py
[2023-09-06T04:32:17.344+0000] {logging_mixin.py:151} INFO - [2023-09-06T04:32:17.344+0000] {manager.py:501} INFO - Created Permission View: can edit on DAG:example_short_circuit_operator
[2023-09-06T04:32:17.350+0000] {logging_mixin.py:151} INFO - [2023-09-06T04:32:17.350+0000] {manager.py:501} INFO - Created Permission View: can delete on DAG:example_short_circuit_operator
[2023-09-06T04:32:17.354+0000] {logging_mixin.py:151} INFO - [2023-09-06T04:32:17.354+0000] {manager.py:501} INFO - Created Permission View: can read on DAG:example_short_circuit_operator
[2023-09-06T04:32:17.363+0000] {logging_mixin.py:151} INFO - [2023-09-06T04:32:17.363+0000] {dag.py:2907} INFO - Sync 1 DAGs
[2023-09-06T04:32:17.370+0000] {logging_mixin.py:151} INFO - [2023-09-06T04:32:17.370+0000] {dag.py:2929} INFO - Creating ORM DAG for example_short_circuit_operator
[2023-09-06T04:32:17.376+0000] {logging_mixin.py:151} INFO - [2023-09-06T04:32:17.376+0000] {dag.py:3677} INFO - Setting next_dagrun for example_short_circuit_operator to 2023-09-05T04:32:17.376097+00:00, run_after=2023-09-06T04:32:17.376097+00:00
[2023-09-06T04:32:17.386+0000] {processor.py:179} INFO - Processing /home/airflow/.local/lib/python3.8/site-packages/airflow/example_dags/example_short_circuit_operator.py took 0.136 seconds
[2023-09-06T04:32:47.541+0000] {processor.py:157} INFO - Started process (PID=89) to work on /home/airflow/.local/lib/python3.8/site-packages/airflow/example_dags/example_short_circuit_operator.py
[2023-09-06T04:32:47.542+0000] {processor.py:829} INFO - Processing file /home/airflow/.local/lib/python3.8/site-packages/airflow/example_dags/example_short_circuit_operator.py for tasks to queue
[2023-09-06T04:32:47.544+0000] {logging_mixin.py:151} INFO - [2023-09-06T04:32:47.544+0000] {dagbag.py:539} INFO - Filling up the DagBag from /home/airflow/.local/lib/python3.8/site-packages/airflow/example_dags/example_short_circuit_operator.py
[2023-09-06T04:32:47.550+0000] {processor.py:839} INFO - DAG(s) dict_keys(['example_short_circuit_operator']) retrieved from /home/airflow/.local/lib/python3.8/site-packages/airflow/example_dags/example_short_circuit_operator.py
[2023-09-06T04:32:47.569+0000] {logging_mixin.py:151} INFO - [2023-09-06T04:32:47.568+0000] {dag.py:2907} INFO - Sync 1 DAGs
[2023-09-06T04:32:47.583+0000] {logging_mixin.py:151} INFO - [2023-09-06T04:32:47.583+0000] {dag.py:3677} INFO - Setting next_dagrun for example_short_circuit_operator to 2023-09-05T04:32:47.583158+00:00, run_after=2023-09-06T04:32:47.583158+00:00
[2023-09-06T04:32:47.595+0000] {processor.py:179} INFO - Processing /home/airflow/.local/lib/python3.8/site-packages/airflow/example_dags/example_short_circuit_operator.py took 0.057 seconds
[2023-09-06T04:33:17.728+0000] {processor.py:157} INFO - Started process (PID=143) to work on /home/airflow/.local/lib/python3.8/site-packages/airflow/example_dags/example_short_circuit_operator.py
[2023-09-06T04:33:17.729+0000] {processor.py:829} INFO - Processing file /home/airflow/.local/lib/python3.8/site-packages/airflow/example_dags/example_short_circuit_operator.py for tasks to queue
[2023-09-06T04:33:17.731+0000] {logging_mixin.py:151} INFO - [2023-09-06T04:33:17.730+0000] {dagbag.py:539} INFO - Filling up the DagBag from /home/airflow/.local/lib/python3.8/site-packages/airflow/example_dags/example_short_circuit_operator.py
[2023-09-06T04:33:17.736+0000] {processor.py:839} INFO - DAG(s) dict_keys(['example_short_circuit_operator']) retrieved from /home/airflow/.local/lib/python3.8/site-packages/airflow/example_dags/example_short_circuit_operator.py
[2023-09-06T04:33:17.758+0000] {logging_mixin.py:151} INFO - [2023-09-06T04:33:17.758+0000] {dag.py:2907} INFO - Sync 1 DAGs
[2023-09-06T04:33:17.777+0000] {logging_mixin.py:151} INFO - [2023-09-06T04:33:17.777+0000] {dag.py:3677} INFO - Setting next_dagrun for example_short_circuit_operator to 2023-09-05T04:33:17.777396+00:00, run_after=2023-09-06T04:33:17.777396+00:00
[2023-09-06T04:33:17.791+0000] {processor.py:179} INFO - Processing /home/airflow/.local/lib/python3.8/site-packages/airflow/example_dags/example_short_circuit_operator.py took 0.066 seconds
[2023-09-06T04:33:47.879+0000] {processor.py:157} INFO - Started process (PID=197) to work on /home/airflow/.local/lib/python3.8/site-packages/airflow/example_dags/example_short_circuit_operator.py
[2023-09-06T04:33:47.880+0000] {processor.py:829} INFO - Processing file /home/airflow/.local/lib/python3.8/site-packages/airflow/example_dags/example_short_circuit_operator.py for tasks to queue
[2023-09-06T04:33:47.882+0000] {logging_mixin.py:151} INFO - [2023-09-06T04:33:47.882+0000] {dagbag.py:539} INFO - Filling up the DagBag from /home/airflow/.local/lib/python3.8/site-packages/airflow/example_dags/example_short_circuit_operator.py
[2023-09-06T04:33:47.887+0000] {processor.py:839} INFO - DAG(s) dict_keys(['example_short_circuit_operator']) retrieved from /home/airflow/.local/lib/python3.8/site-packages/airflow/example_dags/example_short_circuit_operator.py
[2023-09-06T04:33:47.905+0000] {logging_mixin.py:151} INFO - [2023-09-06T04:33:47.905+0000] {dag.py:2907} INFO - Sync 1 DAGs
[2023-09-06T04:33:47.920+0000] {logging_mixin.py:151} INFO - [2023-09-06T04:33:47.919+0000] {dag.py:3677} INFO - Setting next_dagrun for example_short_circuit_operator to 2023-09-05T04:33:47.919655+00:00, run_after=2023-09-06T04:33:47.919655+00:00
[2023-09-06T04:33:47.931+0000] {processor.py:179} INFO - Processing /home/airflow/.local/lib/python3.8/site-packages/airflow/example_dags/example_short_circuit_operator.py took 0.054 seconds
[2023-09-06T04:34:18.086+0000] {processor.py:157} INFO - Started process (PID=251) to work on /home/airflow/.local/lib/python3.8/site-packages/airflow/example_dags/example_short_circuit_operator.py
[2023-09-06T04:34:18.087+0000] {processor.py:829} INFO - Processing file /home/airflow/.local/lib/python3.8/site-packages/airflow/example_dags/example_short_circuit_operator.py for tasks to queue
[2023-09-06T04:34:18.089+0000] {logging_mixin.py:151} INFO - [2023-09-06T04:34:18.089+0000] {dagbag.py:539} INFO - Filling up the DagBag from /home/airflow/.local/lib/python3.8/site-packages/airflow/example_dags/example_short_circuit_operator.py
[2023-09-06T04:34:18.094+0000] {processor.py:839} INFO - DAG(s) dict_keys(['example_short_circuit_operator']) retrieved from /home/airflow/.local/lib/python3.8/site-packages/airflow/example_dags/example_short_circuit_operator.py
[2023-09-06T04:34:18.112+0000] {logging_mixin.py:151} INFO - [2023-09-06T04:34:18.111+0000] {dag.py:2907} INFO - Sync 1 DAGs
[2023-09-06T04:34:18.126+0000] {logging_mixin.py:151} INFO - [2023-09-06T04:34:18.126+0000] {dag.py:3677} INFO - Setting next_dagrun for example_short_circuit_operator to 2023-09-05T04:34:18.125918+00:00, run_after=2023-09-06T04:34:18.125918+00:00
[2023-09-06T04:34:18.136+0000] {processor.py:179} INFO - Processing /home/airflow/.local/lib/python3.8/site-packages/airflow/example_dags/example_short_circuit_operator.py took 0.052 seconds
[2023-09-06T04:34:48.388+0000] {processor.py:157} INFO - Started process (PID=305) to work on /home/airflow/.local/lib/python3.8/site-packages/airflow/example_dags/example_short_circuit_operator.py
[2023-09-06T04:34:48.389+0000] {processor.py:829} INFO - Processing file /home/airflow/.local/lib/python3.8/site-packages/airflow/example_dags/example_short_circuit_operator.py for tasks to queue
[2023-09-06T04:34:48.391+0000] {logging_mixin.py:151} INFO - [2023-09-06T04:34:48.390+0000] {dagbag.py:539} INFO - Filling up the DagBag from /home/airflow/.local/lib/python3.8/site-packages/airflow/example_dags/example_short_circuit_operator.py
[2023-09-06T04:34:48.396+0000] {processor.py:839} INFO - DAG(s) dict_keys(['example_short_circuit_operator']) retrieved from /home/airflow/.local/lib/python3.8/site-packages/airflow/example_dags/example_short_circuit_operator.py
[2023-09-06T04:34:48.416+0000] {logging_mixin.py:151} INFO - [2023-09-06T04:34:48.415+0000] {dag.py:2907} INFO - Sync 1 DAGs
[2023-09-06T04:34:48.430+0000] {logging_mixin.py:151} INFO - [2023-09-06T04:34:48.430+0000] {dag.py:3677} INFO - Setting next_dagrun for example_short_circuit_operator to 2023-09-05T04:34:48.430254+00:00, run_after=2023-09-06T04:34:48.430254+00:00
[2023-09-06T04:34:48.441+0000] {processor.py:179} INFO - Processing /home/airflow/.local/lib/python3.8/site-packages/airflow/example_dags/example_short_circuit_operator.py took 0.056 seconds
[2023-09-06T04:35:18.525+0000] {processor.py:157} INFO - Started process (PID=359) to work on /home/airflow/.local/lib/python3.8/site-packages/airflow/example_dags/example_short_circuit_operator.py
[2023-09-06T04:35:18.525+0000] {processor.py:829} INFO - Processing file /home/airflow/.local/lib/python3.8/site-packages/airflow/example_dags/example_short_circuit_operator.py for tasks to queue
[2023-09-06T04:35:18.527+0000] {logging_mixin.py:151} INFO - [2023-09-06T04:35:18.527+0000] {dagbag.py:539} INFO - Filling up the DagBag from /home/airflow/.local/lib/python3.8/site-packages/airflow/example_dags/example_short_circuit_operator.py
[2023-09-06T04:35:18.532+0000] {processor.py:839} INFO - DAG(s) dict_keys(['example_short_circuit_operator']) retrieved from /home/airflow/.local/lib/python3.8/site-packages/airflow/example_dags/example_short_circuit_operator.py
[2023-09-06T04:35:18.551+0000] {logging_mixin.py:151} INFO - [2023-09-06T04:35:18.550+0000] {dag.py:2907} INFO - Sync 1 DAGs
[2023-09-06T04:35:18.565+0000] {logging_mixin.py:151} INFO - [2023-09-06T04:35:18.565+0000] {dag.py:3677} INFO - Setting next_dagrun for example_short_circuit_operator to 2023-09-05T04:35:18.565088+00:00, run_after=2023-09-06T04:35:18.565088+00:00
[2023-09-06T04:35:18.575+0000] {processor.py:179} INFO - Processing /home/airflow/.local/lib/python3.8/site-packages/airflow/example_dags/example_short_circuit_operator.py took 0.053 seconds
[2023-09-06T04:35:48.889+0000] {processor.py:157} INFO - Started process (PID=413) to work on /home/airflow/.local/lib/python3.8/site-packages/airflow/example_dags/example_short_circuit_operator.py
[2023-09-06T04:35:48.890+0000] {processor.py:829} INFO - Processing file /home/airflow/.local/lib/python3.8/site-packages/airflow/example_dags/example_short_circuit_operator.py for tasks to queue
[2023-09-06T04:35:48.892+0000] {logging_mixin.py:151} INFO - [2023-09-06T04:35:48.891+0000] {dagbag.py:539} INFO - Filling up the DagBag from /home/airflow/.local/lib/python3.8/site-packages/airflow/example_dags/example_short_circuit_operator.py
[2023-09-06T04:35:48.897+0000] {processor.py:839} INFO - DAG(s) dict_keys(['example_short_circuit_operator']) retrieved from /home/airflow/.local/lib/python3.8/site-packages/airflow/example_dags/example_short_circuit_operator.py
[2023-09-06T04:35:48.917+0000] {logging_mixin.py:151} INFO - [2023-09-06T04:35:48.916+0000] {dag.py:2907} INFO - Sync 1 DAGs
[2023-09-06T04:35:48.931+0000] {logging_mixin.py:151} INFO - [2023-09-06T04:35:48.931+0000] {dag.py:3677} INFO - Setting next_dagrun for example_short_circuit_operator to 2023-09-05T04:35:48.930817+00:00, run_after=2023-09-06T04:35:48.930817+00:00
[2023-09-06T04:35:48.942+0000] {processor.py:179} INFO - Processing /home/airflow/.local/lib/python3.8/site-packages/airflow/example_dags/example_short_circuit_operator.py took 0.056 seconds
[2023-09-06T04:36:19.012+0000] {processor.py:157} INFO - Started process (PID=467) to work on /home/airflow/.local/lib/python3.8/site-packages/airflow/example_dags/example_short_circuit_operator.py
[2023-09-06T04:36:19.013+0000] {processor.py:829} INFO - Processing file /home/airflow/.local/lib/python3.8/site-packages/airflow/example_dags/example_short_circuit_operator.py for tasks to queue
[2023-09-06T04:36:19.015+0000] {logging_mixin.py:151} INFO - [2023-09-06T04:36:19.014+0000] {dagbag.py:539} INFO - Filling up the DagBag from /home/airflow/.local/lib/python3.8/site-packages/airflow/example_dags/example_short_circuit_operator.py
[2023-09-06T04:36:19.020+0000] {processor.py:839} INFO - DAG(s) dict_keys(['example_short_circuit_operator']) retrieved from /home/airflow/.local/lib/python3.8/site-packages/airflow/example_dags/example_short_circuit_operator.py
[2023-09-06T04:36:19.037+0000] {logging_mixin.py:151} INFO - [2023-09-06T04:36:19.037+0000] {dag.py:2907} INFO - Sync 1 DAGs
[2023-09-06T04:36:19.050+0000] {logging_mixin.py:151} INFO - [2023-09-06T04:36:19.050+0000] {dag.py:3677} INFO - Setting next_dagrun for example_short_circuit_operator to 2023-09-05T04:36:19.050381+00:00, run_after=2023-09-06T04:36:19.050381+00:00
[2023-09-06T04:36:19.060+0000] {processor.py:179} INFO - Processing /home/airflow/.local/lib/python3.8/site-packages/airflow/example_dags/example_short_circuit_operator.py took 0.051 seconds
[2023-09-06T04:36:49.090+0000] {processor.py:157} INFO - Started process (PID=521) to work on /home/airflow/.local/lib/python3.8/site-packages/airflow/example_dags/example_short_circuit_operator.py
[2023-09-06T04:36:49.091+0000] {processor.py:829} INFO - Processing file /home/airflow/.local/lib/python3.8/site-packages/airflow/example_dags/example_short_circuit_operator.py for tasks to queue
[2023-09-06T04:36:49.093+0000] {logging_mixin.py:151} INFO - [2023-09-06T04:36:49.092+0000] {dagbag.py:539} INFO - Filling up the DagBag from /home/airflow/.local/lib/python3.8/site-packages/airflow/example_dags/example_short_circuit_operator.py
[2023-09-06T04:36:49.098+0000] {processor.py:839} INFO - DAG(s) dict_keys(['example_short_circuit_operator']) retrieved from /home/airflow/.local/lib/python3.8/site-packages/airflow/example_dags/example_short_circuit_operator.py
[2023-09-06T04:36:49.116+0000] {logging_mixin.py:151} INFO - [2023-09-06T04:36:49.115+0000] {dag.py:2907} INFO - Sync 1 DAGs
[2023-09-06T04:36:49.128+0000] {logging_mixin.py:151} INFO - [2023-09-06T04:36:49.128+0000] {dag.py:3677} INFO - Setting next_dagrun for example_short_circuit_operator to 2023-09-05T04:36:49.128658+00:00, run_after=2023-09-06T04:36:49.128658+00:00
[2023-09-06T04:36:49.139+0000] {processor.py:179} INFO - Processing /home/airflow/.local/lib/python3.8/site-packages/airflow/example_dags/example_short_circuit_operator.py took 0.051 seconds
[2023-09-06T04:37:19.270+0000] {processor.py:157} INFO - Started process (PID=575) to work on /home/airflow/.local/lib/python3.8/site-packages/airflow/example_dags/example_short_circuit_operator.py
[2023-09-06T04:37:19.271+0000] {processor.py:829} INFO - Processing file /home/airflow/.local/lib/python3.8/site-packages/airflow/example_dags/example_short_circuit_operator.py for tasks to queue
[2023-09-06T04:37:19.274+0000] {logging_mixin.py:151} INFO - [2023-09-06T04:37:19.273+0000] {dagbag.py:539} INFO - Filling up the DagBag from /home/airflow/.local/lib/python3.8/site-packages/airflow/example_dags/example_short_circuit_operator.py
[2023-09-06T04:37:19.281+0000] {processor.py:839} INFO - DAG(s) dict_keys(['example_short_circuit_operator']) retrieved from /home/airflow/.local/lib/python3.8/site-packages/airflow/example_dags/example_short_circuit_operator.py
[2023-09-06T04:37:19.305+0000] {logging_mixin.py:151} INFO - [2023-09-06T04:37:19.304+0000] {dag.py:2907} INFO - Sync 1 DAGs
[2023-09-06T04:37:19.323+0000] {logging_mixin.py:151} INFO - [2023-09-06T04:37:19.323+0000] {dag.py:3677} INFO - Setting next_dagrun for example_short_circuit_operator to 2023-09-05T04:37:19.323358+00:00, run_after=2023-09-06T04:37:19.323358+00:00
[2023-09-06T04:37:19.336+0000] {processor.py:179} INFO - Processing /home/airflow/.local/lib/python3.8/site-packages/airflow/example_dags/example_short_circuit_operator.py took 0.071 seconds
[2023-09-06T04:37:49.513+0000] {processor.py:157} INFO - Started process (PID=629) to work on /home/airflow/.local/lib/python3.8/site-packages/airflow/example_dags/example_short_circuit_operator.py
[2023-09-06T04:37:49.513+0000] {processor.py:829} INFO - Processing file /home/airflow/.local/lib/python3.8/site-packages/airflow/example_dags/example_short_circuit_operator.py for tasks to queue
[2023-09-06T04:37:49.515+0000] {logging_mixin.py:151} INFO - [2023-09-06T04:37:49.515+0000] {dagbag.py:539} INFO - Filling up the DagBag from /home/airflow/.local/lib/python3.8/site-packages/airflow/example_dags/example_short_circuit_operator.py
[2023-09-06T04:37:49.521+0000] {processor.py:839} INFO - DAG(s) dict_keys(['example_short_circuit_operator']) retrieved from /home/airflow/.local/lib/python3.8/site-packages/airflow/example_dags/example_short_circuit_operator.py
[2023-09-06T04:37:49.542+0000] {logging_mixin.py:151} INFO - [2023-09-06T04:37:49.541+0000] {dag.py:2907} INFO - Sync 1 DAGs
[2023-09-06T04:37:49.556+0000] {logging_mixin.py:151} INFO - [2023-09-06T04:37:49.556+0000] {dag.py:3677} INFO - Setting next_dagrun for example_short_circuit_operator to 2023-09-05T04:37:49.556593+00:00, run_after=2023-09-06T04:37:49.556593+00:00
[2023-09-06T04:37:49.568+0000] {processor.py:179} INFO - Processing /home/airflow/.local/lib/python3.8/site-packages/airflow/example_dags/example_short_circuit_operator.py took 0.059 seconds
