[2023-09-06T04:32:19.054+0000] {processor.py:157} INFO - Started process (PID=49) to work on /home/airflow/.local/lib/python3.8/site-packages/airflow/example_dags/example_task_group_decorator.py
[2023-09-06T04:32:19.055+0000] {processor.py:829} INFO - Processing file /home/airflow/.local/lib/python3.8/site-packages/airflow/example_dags/example_task_group_decorator.py for tasks to queue
[2023-09-06T04:32:19.057+0000] {logging_mixin.py:151} INFO - [2023-09-06T04:32:19.057+0000] {dagbag.py:539} INFO - Filling up the DagBag from /home/airflow/.local/lib/python3.8/site-packages/airflow/example_dags/example_task_group_decorator.py
[2023-09-06T04:32:19.069+0000] {processor.py:839} INFO - DAG(s) dict_keys(['example_task_group_decorator']) retrieved from /home/airflow/.local/lib/python3.8/site-packages/airflow/example_dags/example_task_group_decorator.py
[2023-09-06T04:32:19.133+0000] {logging_mixin.py:151} INFO - [2023-09-06T04:32:19.133+0000] {manager.py:501} INFO - Created Permission View: can edit on DAG:example_task_group_decorator
[2023-09-06T04:32:19.138+0000] {logging_mixin.py:151} INFO - [2023-09-06T04:32:19.138+0000] {manager.py:501} INFO - Created Permission View: can delete on DAG:example_task_group_decorator
[2023-09-06T04:32:19.141+0000] {logging_mixin.py:151} INFO - [2023-09-06T04:32:19.141+0000] {manager.py:501} INFO - Created Permission View: can read on DAG:example_task_group_decorator
[2023-09-06T04:32:19.149+0000] {logging_mixin.py:151} INFO - [2023-09-06T04:32:19.148+0000] {dag.py:2907} INFO - Sync 1 DAGs
[2023-09-06T04:32:19.155+0000] {logging_mixin.py:151} INFO - [2023-09-06T04:32:19.155+0000] {dag.py:2929} INFO - Creating ORM DAG for example_task_group_decorator
[2023-09-06T04:32:19.162+0000] {logging_mixin.py:151} INFO - [2023-09-06T04:32:19.162+0000] {dag.py:3677} INFO - Setting next_dagrun for example_task_group_decorator to 2023-09-05T04:32:19.161863+00:00, run_after=2023-09-06T04:32:19.161863+00:00
[2023-09-06T04:32:19.172+0000] {processor.py:179} INFO - Processing /home/airflow/.local/lib/python3.8/site-packages/airflow/example_dags/example_task_group_decorator.py took 0.120 seconds
[2023-09-06T04:32:50.040+0000] {processor.py:157} INFO - Started process (PID=103) to work on /home/airflow/.local/lib/python3.8/site-packages/airflow/example_dags/example_task_group_decorator.py
[2023-09-06T04:32:50.041+0000] {processor.py:829} INFO - Processing file /home/airflow/.local/lib/python3.8/site-packages/airflow/example_dags/example_task_group_decorator.py for tasks to queue
[2023-09-06T04:32:50.043+0000] {logging_mixin.py:151} INFO - [2023-09-06T04:32:50.042+0000] {dagbag.py:539} INFO - Filling up the DagBag from /home/airflow/.local/lib/python3.8/site-packages/airflow/example_dags/example_task_group_decorator.py
[2023-09-06T04:32:50.052+0000] {processor.py:839} INFO - DAG(s) dict_keys(['example_task_group_decorator']) retrieved from /home/airflow/.local/lib/python3.8/site-packages/airflow/example_dags/example_task_group_decorator.py
[2023-09-06T04:32:50.073+0000] {logging_mixin.py:151} INFO - [2023-09-06T04:32:50.073+0000] {dag.py:2907} INFO - Sync 1 DAGs
[2023-09-06T04:32:50.087+0000] {logging_mixin.py:151} INFO - [2023-09-06T04:32:50.087+0000] {dag.py:3677} INFO - Setting next_dagrun for example_task_group_decorator to 2023-09-05T04:32:50.087128+00:00, run_after=2023-09-06T04:32:50.087128+00:00
[2023-09-06T04:32:50.099+0000] {processor.py:179} INFO - Processing /home/airflow/.local/lib/python3.8/site-packages/airflow/example_dags/example_task_group_decorator.py took 0.062 seconds
[2023-09-06T04:33:20.345+0000] {processor.py:157} INFO - Started process (PID=157) to work on /home/airflow/.local/lib/python3.8/site-packages/airflow/example_dags/example_task_group_decorator.py
[2023-09-06T04:33:20.346+0000] {processor.py:829} INFO - Processing file /home/airflow/.local/lib/python3.8/site-packages/airflow/example_dags/example_task_group_decorator.py for tasks to queue
[2023-09-06T04:33:20.348+0000] {logging_mixin.py:151} INFO - [2023-09-06T04:33:20.348+0000] {dagbag.py:539} INFO - Filling up the DagBag from /home/airflow/.local/lib/python3.8/site-packages/airflow/example_dags/example_task_group_decorator.py
[2023-09-06T04:33:20.358+0000] {processor.py:839} INFO - DAG(s) dict_keys(['example_task_group_decorator']) retrieved from /home/airflow/.local/lib/python3.8/site-packages/airflow/example_dags/example_task_group_decorator.py
[2023-09-06T04:33:20.377+0000] {logging_mixin.py:151} INFO - [2023-09-06T04:33:20.376+0000] {dag.py:2907} INFO - Sync 1 DAGs
[2023-09-06T04:33:20.390+0000] {logging_mixin.py:151} INFO - [2023-09-06T04:33:20.390+0000] {dag.py:3677} INFO - Setting next_dagrun for example_task_group_decorator to 2023-09-05T04:33:20.389892+00:00, run_after=2023-09-06T04:33:20.389892+00:00
[2023-09-06T04:33:20.400+0000] {processor.py:179} INFO - Processing /home/airflow/.local/lib/python3.8/site-packages/airflow/example_dags/example_task_group_decorator.py took 0.058 seconds
[2023-09-06T04:33:50.557+0000] {processor.py:157} INFO - Started process (PID=211) to work on /home/airflow/.local/lib/python3.8/site-packages/airflow/example_dags/example_task_group_decorator.py
[2023-09-06T04:33:50.558+0000] {processor.py:829} INFO - Processing file /home/airflow/.local/lib/python3.8/site-packages/airflow/example_dags/example_task_group_decorator.py for tasks to queue
[2023-09-06T04:33:50.560+0000] {logging_mixin.py:151} INFO - [2023-09-06T04:33:50.560+0000] {dagbag.py:539} INFO - Filling up the DagBag from /home/airflow/.local/lib/python3.8/site-packages/airflow/example_dags/example_task_group_decorator.py
[2023-09-06T04:33:50.571+0000] {processor.py:839} INFO - DAG(s) dict_keys(['example_task_group_decorator']) retrieved from /home/airflow/.local/lib/python3.8/site-packages/airflow/example_dags/example_task_group_decorator.py
[2023-09-06T04:33:50.592+0000] {logging_mixin.py:151} INFO - [2023-09-06T04:33:50.591+0000] {dag.py:2907} INFO - Sync 1 DAGs
[2023-09-06T04:33:50.607+0000] {logging_mixin.py:151} INFO - [2023-09-06T04:33:50.607+0000] {dag.py:3677} INFO - Setting next_dagrun for example_task_group_decorator to 2023-09-05T04:33:50.607204+00:00, run_after=2023-09-06T04:33:50.607204+00:00
[2023-09-06T04:33:50.619+0000] {processor.py:179} INFO - Processing /home/airflow/.local/lib/python3.8/site-packages/airflow/example_dags/example_task_group_decorator.py took 0.065 seconds
[2023-09-06T04:34:20.668+0000] {processor.py:157} INFO - Started process (PID=265) to work on /home/airflow/.local/lib/python3.8/site-packages/airflow/example_dags/example_task_group_decorator.py
[2023-09-06T04:34:20.669+0000] {processor.py:829} INFO - Processing file /home/airflow/.local/lib/python3.8/site-packages/airflow/example_dags/example_task_group_decorator.py for tasks to queue
[2023-09-06T04:34:20.671+0000] {logging_mixin.py:151} INFO - [2023-09-06T04:34:20.670+0000] {dagbag.py:539} INFO - Filling up the DagBag from /home/airflow/.local/lib/python3.8/site-packages/airflow/example_dags/example_task_group_decorator.py
[2023-09-06T04:34:20.679+0000] {processor.py:839} INFO - DAG(s) dict_keys(['example_task_group_decorator']) retrieved from /home/airflow/.local/lib/python3.8/site-packages/airflow/example_dags/example_task_group_decorator.py
[2023-09-06T04:34:20.697+0000] {logging_mixin.py:151} INFO - [2023-09-06T04:34:20.697+0000] {dag.py:2907} INFO - Sync 1 DAGs
[2023-09-06T04:34:20.710+0000] {logging_mixin.py:151} INFO - [2023-09-06T04:34:20.710+0000] {dag.py:3677} INFO - Setting next_dagrun for example_task_group_decorator to 2023-09-05T04:34:20.709958+00:00, run_after=2023-09-06T04:34:20.709958+00:00
[2023-09-06T04:34:20.720+0000] {processor.py:179} INFO - Processing /home/airflow/.local/lib/python3.8/site-packages/airflow/example_dags/example_task_group_decorator.py took 0.054 seconds
[2023-09-06T04:34:50.993+0000] {processor.py:157} INFO - Started process (PID=319) to work on /home/airflow/.local/lib/python3.8/site-packages/airflow/example_dags/example_task_group_decorator.py
[2023-09-06T04:34:50.993+0000] {processor.py:829} INFO - Processing file /home/airflow/.local/lib/python3.8/site-packages/airflow/example_dags/example_task_group_decorator.py for tasks to queue
[2023-09-06T04:34:50.995+0000] {logging_mixin.py:151} INFO - [2023-09-06T04:34:50.995+0000] {dagbag.py:539} INFO - Filling up the DagBag from /home/airflow/.local/lib/python3.8/site-packages/airflow/example_dags/example_task_group_decorator.py
[2023-09-06T04:34:51.004+0000] {processor.py:839} INFO - DAG(s) dict_keys(['example_task_group_decorator']) retrieved from /home/airflow/.local/lib/python3.8/site-packages/airflow/example_dags/example_task_group_decorator.py
[2023-09-06T04:34:51.026+0000] {logging_mixin.py:151} INFO - [2023-09-06T04:34:51.025+0000] {dag.py:2907} INFO - Sync 1 DAGs
[2023-09-06T04:34:51.040+0000] {logging_mixin.py:151} INFO - [2023-09-06T04:34:51.040+0000] {dag.py:3677} INFO - Setting next_dagrun for example_task_group_decorator to 2023-09-05T04:34:51.040461+00:00, run_after=2023-09-06T04:34:51.040461+00:00
[2023-09-06T04:34:51.052+0000] {processor.py:179} INFO - Processing /home/airflow/.local/lib/python3.8/site-packages/airflow/example_dags/example_task_group_decorator.py took 0.062 seconds
[2023-09-06T04:35:21.085+0000] {processor.py:157} INFO - Started process (PID=372) to work on /home/airflow/.local/lib/python3.8/site-packages/airflow/example_dags/example_task_group_decorator.py
[2023-09-06T04:35:21.086+0000] {processor.py:829} INFO - Processing file /home/airflow/.local/lib/python3.8/site-packages/airflow/example_dags/example_task_group_decorator.py for tasks to queue
[2023-09-06T04:35:21.088+0000] {logging_mixin.py:151} INFO - [2023-09-06T04:35:21.088+0000] {dagbag.py:539} INFO - Filling up the DagBag from /home/airflow/.local/lib/python3.8/site-packages/airflow/example_dags/example_task_group_decorator.py
[2023-09-06T04:35:21.097+0000] {processor.py:839} INFO - DAG(s) dict_keys(['example_task_group_decorator']) retrieved from /home/airflow/.local/lib/python3.8/site-packages/airflow/example_dags/example_task_group_decorator.py
[2023-09-06T04:35:21.116+0000] {logging_mixin.py:151} INFO - [2023-09-06T04:35:21.115+0000] {dag.py:2907} INFO - Sync 1 DAGs
[2023-09-06T04:35:21.130+0000] {logging_mixin.py:151} INFO - [2023-09-06T04:35:21.130+0000] {dag.py:3677} INFO - Setting next_dagrun for example_task_group_decorator to 2023-09-05T04:35:21.130269+00:00, run_after=2023-09-06T04:35:21.130269+00:00
[2023-09-06T04:35:21.141+0000] {processor.py:179} INFO - Processing /home/airflow/.local/lib/python3.8/site-packages/airflow/example_dags/example_task_group_decorator.py took 0.059 seconds
[2023-09-06T04:35:51.474+0000] {processor.py:157} INFO - Started process (PID=427) to work on /home/airflow/.local/lib/python3.8/site-packages/airflow/example_dags/example_task_group_decorator.py
[2023-09-06T04:35:51.475+0000] {processor.py:829} INFO - Processing file /home/airflow/.local/lib/python3.8/site-packages/airflow/example_dags/example_task_group_decorator.py for tasks to queue
[2023-09-06T04:35:51.477+0000] {logging_mixin.py:151} INFO - [2023-09-06T04:35:51.477+0000] {dagbag.py:539} INFO - Filling up the DagBag from /home/airflow/.local/lib/python3.8/site-packages/airflow/example_dags/example_task_group_decorator.py
[2023-09-06T04:35:51.485+0000] {processor.py:839} INFO - DAG(s) dict_keys(['example_task_group_decorator']) retrieved from /home/airflow/.local/lib/python3.8/site-packages/airflow/example_dags/example_task_group_decorator.py
[2023-09-06T04:35:51.504+0000] {logging_mixin.py:151} INFO - [2023-09-06T04:35:51.503+0000] {dag.py:2907} INFO - Sync 1 DAGs
[2023-09-06T04:35:51.517+0000] {logging_mixin.py:151} INFO - [2023-09-06T04:35:51.517+0000] {dag.py:3677} INFO - Setting next_dagrun for example_task_group_decorator to 2023-09-05T04:35:51.517144+00:00, run_after=2023-09-06T04:35:51.517144+00:00
[2023-09-06T04:35:51.527+0000] {processor.py:179} INFO - Processing /home/airflow/.local/lib/python3.8/site-packages/airflow/example_dags/example_task_group_decorator.py took 0.055 seconds
[2023-09-06T04:36:21.670+0000] {processor.py:157} INFO - Started process (PID=481) to work on /home/airflow/.local/lib/python3.8/site-packages/airflow/example_dags/example_task_group_decorator.py
[2023-09-06T04:36:21.671+0000] {processor.py:829} INFO - Processing file /home/airflow/.local/lib/python3.8/site-packages/airflow/example_dags/example_task_group_decorator.py for tasks to queue
[2023-09-06T04:36:21.673+0000] {logging_mixin.py:151} INFO - [2023-09-06T04:36:21.673+0000] {dagbag.py:539} INFO - Filling up the DagBag from /home/airflow/.local/lib/python3.8/site-packages/airflow/example_dags/example_task_group_decorator.py
[2023-09-06T04:36:21.682+0000] {processor.py:839} INFO - DAG(s) dict_keys(['example_task_group_decorator']) retrieved from /home/airflow/.local/lib/python3.8/site-packages/airflow/example_dags/example_task_group_decorator.py
[2023-09-06T04:36:21.701+0000] {logging_mixin.py:151} INFO - [2023-09-06T04:36:21.700+0000] {dag.py:2907} INFO - Sync 1 DAGs
[2023-09-06T04:36:21.714+0000] {logging_mixin.py:151} INFO - [2023-09-06T04:36:21.713+0000] {dag.py:3677} INFO - Setting next_dagrun for example_task_group_decorator to 2023-09-05T04:36:21.713679+00:00, run_after=2023-09-06T04:36:21.713679+00:00
[2023-09-06T04:36:21.724+0000] {processor.py:179} INFO - Processing /home/airflow/.local/lib/python3.8/site-packages/airflow/example_dags/example_task_group_decorator.py took 0.056 seconds
[2023-09-06T04:36:52.630+0000] {processor.py:157} INFO - Started process (PID=535) to work on /home/airflow/.local/lib/python3.8/site-packages/airflow/example_dags/example_task_group_decorator.py
[2023-09-06T04:36:52.631+0000] {processor.py:829} INFO - Processing file /home/airflow/.local/lib/python3.8/site-packages/airflow/example_dags/example_task_group_decorator.py for tasks to queue
[2023-09-06T04:36:52.633+0000] {logging_mixin.py:151} INFO - [2023-09-06T04:36:52.633+0000] {dagbag.py:539} INFO - Filling up the DagBag from /home/airflow/.local/lib/python3.8/site-packages/airflow/example_dags/example_task_group_decorator.py
[2023-09-06T04:36:52.643+0000] {processor.py:839} INFO - DAG(s) dict_keys(['example_task_group_decorator']) retrieved from /home/airflow/.local/lib/python3.8/site-packages/airflow/example_dags/example_task_group_decorator.py
[2023-09-06T04:36:52.664+0000] {logging_mixin.py:151} INFO - [2023-09-06T04:36:52.663+0000] {dag.py:2907} INFO - Sync 1 DAGs
[2023-09-06T04:36:52.679+0000] {logging_mixin.py:151} INFO - [2023-09-06T04:36:52.679+0000] {dag.py:3677} INFO - Setting next_dagrun for example_task_group_decorator to 2023-09-05T04:36:52.679049+00:00, run_after=2023-09-06T04:36:52.679049+00:00
[2023-09-06T04:36:52.693+0000] {processor.py:179} INFO - Processing /home/airflow/.local/lib/python3.8/site-packages/airflow/example_dags/example_task_group_decorator.py took 0.065 seconds
[2023-09-06T04:37:22.748+0000] {processor.py:157} INFO - Started process (PID=588) to work on /home/airflow/.local/lib/python3.8/site-packages/airflow/example_dags/example_task_group_decorator.py
[2023-09-06T04:37:22.749+0000] {processor.py:829} INFO - Processing file /home/airflow/.local/lib/python3.8/site-packages/airflow/example_dags/example_task_group_decorator.py for tasks to queue
[2023-09-06T04:37:22.750+0000] {logging_mixin.py:151} INFO - [2023-09-06T04:37:22.750+0000] {dagbag.py:539} INFO - Filling up the DagBag from /home/airflow/.local/lib/python3.8/site-packages/airflow/example_dags/example_task_group_decorator.py
[2023-09-06T04:37:22.759+0000] {processor.py:839} INFO - DAG(s) dict_keys(['example_task_group_decorator']) retrieved from /home/airflow/.local/lib/python3.8/site-packages/airflow/example_dags/example_task_group_decorator.py
[2023-09-06T04:37:22.779+0000] {logging_mixin.py:151} INFO - [2023-09-06T04:37:22.778+0000] {dag.py:2907} INFO - Sync 1 DAGs
[2023-09-06T04:37:22.793+0000] {logging_mixin.py:151} INFO - [2023-09-06T04:37:22.793+0000] {dag.py:3677} INFO - Setting next_dagrun for example_task_group_decorator to 2023-09-05T04:37:22.793441+00:00, run_after=2023-09-06T04:37:22.793441+00:00
[2023-09-06T04:37:22.805+0000] {processor.py:179} INFO - Processing /home/airflow/.local/lib/python3.8/site-packages/airflow/example_dags/example_task_group_decorator.py took 0.059 seconds
[2023-09-06T04:37:53.012+0000] {processor.py:157} INFO - Started process (PID=642) to work on /home/airflow/.local/lib/python3.8/site-packages/airflow/example_dags/example_task_group_decorator.py
[2023-09-06T04:37:53.012+0000] {processor.py:829} INFO - Processing file /home/airflow/.local/lib/python3.8/site-packages/airflow/example_dags/example_task_group_decorator.py for tasks to queue
[2023-09-06T04:37:53.014+0000] {logging_mixin.py:151} INFO - [2023-09-06T04:37:53.014+0000] {dagbag.py:539} INFO - Filling up the DagBag from /home/airflow/.local/lib/python3.8/site-packages/airflow/example_dags/example_task_group_decorator.py
[2023-09-06T04:37:53.023+0000] {processor.py:839} INFO - DAG(s) dict_keys(['example_task_group_decorator']) retrieved from /home/airflow/.local/lib/python3.8/site-packages/airflow/example_dags/example_task_group_decorator.py
[2023-09-06T04:37:53.041+0000] {logging_mixin.py:151} INFO - [2023-09-06T04:37:53.041+0000] {dag.py:2907} INFO - Sync 1 DAGs
[2023-09-06T04:37:53.054+0000] {logging_mixin.py:151} INFO - [2023-09-06T04:37:53.054+0000] {dag.py:3677} INFO - Setting next_dagrun for example_task_group_decorator to 2023-09-05T04:37:53.054548+00:00, run_after=2023-09-06T04:37:53.054548+00:00
[2023-09-06T04:37:53.065+0000] {processor.py:179} INFO - Processing /home/airflow/.local/lib/python3.8/site-packages/airflow/example_dags/example_task_group_decorator.py took 0.056 seconds
