[2023-09-06T04:32:18.943+0000] {processor.py:157} INFO - Started process (PID=48) to work on /home/airflow/.local/lib/python3.8/site-packages/airflow/example_dags/example_setup_teardown_taskflow.py
[2023-09-06T04:32:18.944+0000] {processor.py:829} INFO - Processing file /home/airflow/.local/lib/python3.8/site-packages/airflow/example_dags/example_setup_teardown_taskflow.py for tasks to queue
[2023-09-06T04:32:18.946+0000] {logging_mixin.py:151} INFO - [2023-09-06T04:32:18.945+0000] {dagbag.py:539} INFO - Filling up the DagBag from /home/airflow/.local/lib/python3.8/site-packages/airflow/example_dags/example_setup_teardown_taskflow.py
[2023-09-06T04:32:18.954+0000] {processor.py:839} INFO - DAG(s) dict_keys(['example_setup_teardown_taskflow']) retrieved from /home/airflow/.local/lib/python3.8/site-packages/airflow/example_dags/example_setup_teardown_taskflow.py
[2023-09-06T04:32:19.024+0000] {logging_mixin.py:151} INFO - [2023-09-06T04:32:19.024+0000] {manager.py:501} INFO - Created Permission View: can edit on DAG:example_setup_teardown_taskflow
[2023-09-06T04:32:19.030+0000] {logging_mixin.py:151} INFO - [2023-09-06T04:32:19.029+0000] {manager.py:501} INFO - Created Permission View: can delete on DAG:example_setup_teardown_taskflow
[2023-09-06T04:32:19.033+0000] {logging_mixin.py:151} INFO - [2023-09-06T04:32:19.033+0000] {manager.py:501} INFO - Created Permission View: can read on DAG:example_setup_teardown_taskflow
[2023-09-06T04:32:19.041+0000] {logging_mixin.py:151} INFO - [2023-09-06T04:32:19.041+0000] {dag.py:2907} INFO - Sync 1 DAGs
[2023-09-06T04:32:19.048+0000] {logging_mixin.py:151} INFO - [2023-09-06T04:32:19.048+0000] {dag.py:2929} INFO - Creating ORM DAG for example_setup_teardown_taskflow
[2023-09-06T04:32:19.054+0000] {logging_mixin.py:151} INFO - [2023-09-06T04:32:19.054+0000] {dag.py:3677} INFO - Setting next_dagrun for example_setup_teardown_taskflow to 2023-09-05T04:32:19.054088+00:00, run_after=2023-09-06T04:32:19.054088+00:00
[2023-09-06T04:32:19.065+0000] {processor.py:179} INFO - Processing /home/airflow/.local/lib/python3.8/site-packages/airflow/example_dags/example_setup_teardown_taskflow.py took 0.125 seconds
[2023-09-06T04:32:49.969+0000] {processor.py:157} INFO - Started process (PID=102) to work on /home/airflow/.local/lib/python3.8/site-packages/airflow/example_dags/example_setup_teardown_taskflow.py
[2023-09-06T04:32:49.970+0000] {processor.py:829} INFO - Processing file /home/airflow/.local/lib/python3.8/site-packages/airflow/example_dags/example_setup_teardown_taskflow.py for tasks to queue
[2023-09-06T04:32:49.973+0000] {logging_mixin.py:151} INFO - [2023-09-06T04:32:49.973+0000] {dagbag.py:539} INFO - Filling up the DagBag from /home/airflow/.local/lib/python3.8/site-packages/airflow/example_dags/example_setup_teardown_taskflow.py
[2023-09-06T04:32:49.981+0000] {processor.py:839} INFO - DAG(s) dict_keys(['example_setup_teardown_taskflow']) retrieved from /home/airflow/.local/lib/python3.8/site-packages/airflow/example_dags/example_setup_teardown_taskflow.py
[2023-09-06T04:32:50.001+0000] {logging_mixin.py:151} INFO - [2023-09-06T04:32:50.000+0000] {dag.py:2907} INFO - Sync 1 DAGs
[2023-09-06T04:32:50.013+0000] {logging_mixin.py:151} INFO - [2023-09-06T04:32:50.013+0000] {dag.py:3677} INFO - Setting next_dagrun for example_setup_teardown_taskflow to 2023-09-05T04:32:50.013264+00:00, run_after=2023-09-06T04:32:50.013264+00:00
[2023-09-06T04:32:50.024+0000] {processor.py:179} INFO - Processing /home/airflow/.local/lib/python3.8/site-packages/airflow/example_dags/example_setup_teardown_taskflow.py took 0.058 seconds
[2023-09-06T04:33:20.267+0000] {processor.py:157} INFO - Started process (PID=156) to work on /home/airflow/.local/lib/python3.8/site-packages/airflow/example_dags/example_setup_teardown_taskflow.py
[2023-09-06T04:33:20.268+0000] {processor.py:829} INFO - Processing file /home/airflow/.local/lib/python3.8/site-packages/airflow/example_dags/example_setup_teardown_taskflow.py for tasks to queue
[2023-09-06T04:33:20.271+0000] {logging_mixin.py:151} INFO - [2023-09-06T04:33:20.270+0000] {dagbag.py:539} INFO - Filling up the DagBag from /home/airflow/.local/lib/python3.8/site-packages/airflow/example_dags/example_setup_teardown_taskflow.py
[2023-09-06T04:33:20.280+0000] {processor.py:839} INFO - DAG(s) dict_keys(['example_setup_teardown_taskflow']) retrieved from /home/airflow/.local/lib/python3.8/site-packages/airflow/example_dags/example_setup_teardown_taskflow.py
[2023-09-06T04:33:20.302+0000] {logging_mixin.py:151} INFO - [2023-09-06T04:33:20.301+0000] {dag.py:2907} INFO - Sync 1 DAGs
[2023-09-06T04:33:20.316+0000] {logging_mixin.py:151} INFO - [2023-09-06T04:33:20.316+0000] {dag.py:3677} INFO - Setting next_dagrun for example_setup_teardown_taskflow to 2023-09-05T04:33:20.316027+00:00, run_after=2023-09-06T04:33:20.316027+00:00
[2023-09-06T04:33:20.328+0000] {processor.py:179} INFO - Processing /home/airflow/.local/lib/python3.8/site-packages/airflow/example_dags/example_setup_teardown_taskflow.py took 0.064 seconds
[2023-09-06T04:33:50.477+0000] {processor.py:157} INFO - Started process (PID=210) to work on /home/airflow/.local/lib/python3.8/site-packages/airflow/example_dags/example_setup_teardown_taskflow.py
[2023-09-06T04:33:50.478+0000] {processor.py:829} INFO - Processing file /home/airflow/.local/lib/python3.8/site-packages/airflow/example_dags/example_setup_teardown_taskflow.py for tasks to queue
[2023-09-06T04:33:50.480+0000] {logging_mixin.py:151} INFO - [2023-09-06T04:33:50.480+0000] {dagbag.py:539} INFO - Filling up the DagBag from /home/airflow/.local/lib/python3.8/site-packages/airflow/example_dags/example_setup_teardown_taskflow.py
[2023-09-06T04:33:50.487+0000] {processor.py:839} INFO - DAG(s) dict_keys(['example_setup_teardown_taskflow']) retrieved from /home/airflow/.local/lib/python3.8/site-packages/airflow/example_dags/example_setup_teardown_taskflow.py
[2023-09-06T04:33:50.508+0000] {logging_mixin.py:151} INFO - [2023-09-06T04:33:50.507+0000] {dag.py:2907} INFO - Sync 1 DAGs
[2023-09-06T04:33:50.522+0000] {logging_mixin.py:151} INFO - [2023-09-06T04:33:50.522+0000] {dag.py:3677} INFO - Setting next_dagrun for example_setup_teardown_taskflow to 2023-09-05T04:33:50.521877+00:00, run_after=2023-09-06T04:33:50.521877+00:00
[2023-09-06T04:33:50.536+0000] {processor.py:179} INFO - Processing /home/airflow/.local/lib/python3.8/site-packages/airflow/example_dags/example_setup_teardown_taskflow.py took 0.062 seconds
[2023-09-06T04:34:20.588+0000] {processor.py:157} INFO - Started process (PID=263) to work on /home/airflow/.local/lib/python3.8/site-packages/airflow/example_dags/example_setup_teardown_taskflow.py
[2023-09-06T04:34:20.590+0000] {processor.py:829} INFO - Processing file /home/airflow/.local/lib/python3.8/site-packages/airflow/example_dags/example_setup_teardown_taskflow.py for tasks to queue
[2023-09-06T04:34:20.593+0000] {logging_mixin.py:151} INFO - [2023-09-06T04:34:20.593+0000] {dagbag.py:539} INFO - Filling up the DagBag from /home/airflow/.local/lib/python3.8/site-packages/airflow/example_dags/example_setup_teardown_taskflow.py
[2023-09-06T04:34:20.604+0000] {processor.py:839} INFO - DAG(s) dict_keys(['example_setup_teardown_taskflow']) retrieved from /home/airflow/.local/lib/python3.8/site-packages/airflow/example_dags/example_setup_teardown_taskflow.py
[2023-09-06T04:34:20.627+0000] {logging_mixin.py:151} INFO - [2023-09-06T04:34:20.626+0000] {dag.py:2907} INFO - Sync 1 DAGs
[2023-09-06T04:34:20.639+0000] {logging_mixin.py:151} INFO - [2023-09-06T04:34:20.639+0000] {dag.py:3677} INFO - Setting next_dagrun for example_setup_teardown_taskflow to 2023-09-05T04:34:20.638899+00:00, run_after=2023-09-06T04:34:20.638899+00:00
[2023-09-06T04:34:20.649+0000] {processor.py:179} INFO - Processing /home/airflow/.local/lib/python3.8/site-packages/airflow/example_dags/example_setup_teardown_taskflow.py took 0.066 seconds
[2023-09-06T04:34:50.915+0000] {processor.py:157} INFO - Started process (PID=318) to work on /home/airflow/.local/lib/python3.8/site-packages/airflow/example_dags/example_setup_teardown_taskflow.py
[2023-09-06T04:34:50.916+0000] {processor.py:829} INFO - Processing file /home/airflow/.local/lib/python3.8/site-packages/airflow/example_dags/example_setup_teardown_taskflow.py for tasks to queue
[2023-09-06T04:34:50.918+0000] {logging_mixin.py:151} INFO - [2023-09-06T04:34:50.918+0000] {dagbag.py:539} INFO - Filling up the DagBag from /home/airflow/.local/lib/python3.8/site-packages/airflow/example_dags/example_setup_teardown_taskflow.py
[2023-09-06T04:34:50.926+0000] {processor.py:839} INFO - DAG(s) dict_keys(['example_setup_teardown_taskflow']) retrieved from /home/airflow/.local/lib/python3.8/site-packages/airflow/example_dags/example_setup_teardown_taskflow.py
[2023-09-06T04:34:50.948+0000] {logging_mixin.py:151} INFO - [2023-09-06T04:34:50.947+0000] {dag.py:2907} INFO - Sync 1 DAGs
[2023-09-06T04:34:50.963+0000] {logging_mixin.py:151} INFO - [2023-09-06T04:34:50.963+0000] {dag.py:3677} INFO - Setting next_dagrun for example_setup_teardown_taskflow to 2023-09-05T04:34:50.963130+00:00, run_after=2023-09-06T04:34:50.963130+00:00
[2023-09-06T04:34:50.975+0000] {processor.py:179} INFO - Processing /home/airflow/.local/lib/python3.8/site-packages/airflow/example_dags/example_setup_teardown_taskflow.py took 0.064 seconds
[2023-09-06T04:35:21.037+0000] {processor.py:157} INFO - Started process (PID=371) to work on /home/airflow/.local/lib/python3.8/site-packages/airflow/example_dags/example_setup_teardown_taskflow.py
[2023-09-06T04:35:21.039+0000] {processor.py:829} INFO - Processing file /home/airflow/.local/lib/python3.8/site-packages/airflow/example_dags/example_setup_teardown_taskflow.py for tasks to queue
[2023-09-06T04:35:21.041+0000] {logging_mixin.py:151} INFO - [2023-09-06T04:35:21.041+0000] {dagbag.py:539} INFO - Filling up the DagBag from /home/airflow/.local/lib/python3.8/site-packages/airflow/example_dags/example_setup_teardown_taskflow.py
[2023-09-06T04:35:21.052+0000] {processor.py:839} INFO - DAG(s) dict_keys(['example_setup_teardown_taskflow']) retrieved from /home/airflow/.local/lib/python3.8/site-packages/airflow/example_dags/example_setup_teardown_taskflow.py
[2023-09-06T04:35:21.080+0000] {logging_mixin.py:151} INFO - [2023-09-06T04:35:21.080+0000] {dag.py:2907} INFO - Sync 1 DAGs
[2023-09-06T04:35:21.095+0000] {logging_mixin.py:151} INFO - [2023-09-06T04:35:21.095+0000] {dag.py:3677} INFO - Setting next_dagrun for example_setup_teardown_taskflow to 2023-09-05T04:35:21.095075+00:00, run_after=2023-09-06T04:35:21.095075+00:00
[2023-09-06T04:35:21.106+0000] {processor.py:179} INFO - Processing /home/airflow/.local/lib/python3.8/site-packages/airflow/example_dags/example_setup_teardown_taskflow.py took 0.074 seconds
[2023-09-06T04:35:51.409+0000] {processor.py:157} INFO - Started process (PID=426) to work on /home/airflow/.local/lib/python3.8/site-packages/airflow/example_dags/example_setup_teardown_taskflow.py
[2023-09-06T04:35:51.409+0000] {processor.py:829} INFO - Processing file /home/airflow/.local/lib/python3.8/site-packages/airflow/example_dags/example_setup_teardown_taskflow.py for tasks to queue
[2023-09-06T04:35:51.411+0000] {logging_mixin.py:151} INFO - [2023-09-06T04:35:51.411+0000] {dagbag.py:539} INFO - Filling up the DagBag from /home/airflow/.local/lib/python3.8/site-packages/airflow/example_dags/example_setup_teardown_taskflow.py
[2023-09-06T04:35:51.416+0000] {processor.py:839} INFO - DAG(s) dict_keys(['example_setup_teardown_taskflow']) retrieved from /home/airflow/.local/lib/python3.8/site-packages/airflow/example_dags/example_setup_teardown_taskflow.py
[2023-09-06T04:35:51.434+0000] {logging_mixin.py:151} INFO - [2023-09-06T04:35:51.433+0000] {dag.py:2907} INFO - Sync 1 DAGs
[2023-09-06T04:35:51.447+0000] {logging_mixin.py:151} INFO - [2023-09-06T04:35:51.447+0000] {dag.py:3677} INFO - Setting next_dagrun for example_setup_teardown_taskflow to 2023-09-05T04:35:51.447589+00:00, run_after=2023-09-06T04:35:51.447589+00:00
[2023-09-06T04:35:51.459+0000] {processor.py:179} INFO - Processing /home/airflow/.local/lib/python3.8/site-packages/airflow/example_dags/example_setup_teardown_taskflow.py took 0.053 seconds
[2023-09-06T04:36:21.604+0000] {processor.py:157} INFO - Started process (PID=480) to work on /home/airflow/.local/lib/python3.8/site-packages/airflow/example_dags/example_setup_teardown_taskflow.py
[2023-09-06T04:36:21.605+0000] {processor.py:829} INFO - Processing file /home/airflow/.local/lib/python3.8/site-packages/airflow/example_dags/example_setup_teardown_taskflow.py for tasks to queue
[2023-09-06T04:36:21.606+0000] {logging_mixin.py:151} INFO - [2023-09-06T04:36:21.606+0000] {dagbag.py:539} INFO - Filling up the DagBag from /home/airflow/.local/lib/python3.8/site-packages/airflow/example_dags/example_setup_teardown_taskflow.py
[2023-09-06T04:36:21.612+0000] {processor.py:839} INFO - DAG(s) dict_keys(['example_setup_teardown_taskflow']) retrieved from /home/airflow/.local/lib/python3.8/site-packages/airflow/example_dags/example_setup_teardown_taskflow.py
[2023-09-06T04:36:21.630+0000] {logging_mixin.py:151} INFO - [2023-09-06T04:36:21.629+0000] {dag.py:2907} INFO - Sync 1 DAGs
[2023-09-06T04:36:21.643+0000] {logging_mixin.py:151} INFO - [2023-09-06T04:36:21.643+0000] {dag.py:3677} INFO - Setting next_dagrun for example_setup_teardown_taskflow to 2023-09-05T04:36:21.643174+00:00, run_after=2023-09-06T04:36:21.643174+00:00
[2023-09-06T04:36:21.654+0000] {processor.py:179} INFO - Processing /home/airflow/.local/lib/python3.8/site-packages/airflow/example_dags/example_setup_teardown_taskflow.py took 0.053 seconds
[2023-09-06T04:36:52.555+0000] {processor.py:157} INFO - Started process (PID=534) to work on /home/airflow/.local/lib/python3.8/site-packages/airflow/example_dags/example_setup_teardown_taskflow.py
[2023-09-06T04:36:52.556+0000] {processor.py:829} INFO - Processing file /home/airflow/.local/lib/python3.8/site-packages/airflow/example_dags/example_setup_teardown_taskflow.py for tasks to queue
[2023-09-06T04:36:52.558+0000] {logging_mixin.py:151} INFO - [2023-09-06T04:36:52.558+0000] {dagbag.py:539} INFO - Filling up the DagBag from /home/airflow/.local/lib/python3.8/site-packages/airflow/example_dags/example_setup_teardown_taskflow.py
[2023-09-06T04:36:52.565+0000] {processor.py:839} INFO - DAG(s) dict_keys(['example_setup_teardown_taskflow']) retrieved from /home/airflow/.local/lib/python3.8/site-packages/airflow/example_dags/example_setup_teardown_taskflow.py
[2023-09-06T04:36:52.584+0000] {logging_mixin.py:151} INFO - [2023-09-06T04:36:52.583+0000] {dag.py:2907} INFO - Sync 1 DAGs
[2023-09-06T04:36:52.599+0000] {logging_mixin.py:151} INFO - [2023-09-06T04:36:52.598+0000] {dag.py:3677} INFO - Setting next_dagrun for example_setup_teardown_taskflow to 2023-09-05T04:36:52.598561+00:00, run_after=2023-09-06T04:36:52.598561+00:00
[2023-09-06T04:36:52.612+0000] {processor.py:179} INFO - Processing /home/airflow/.local/lib/python3.8/site-packages/airflow/example_dags/example_setup_teardown_taskflow.py took 0.059 seconds
[2023-09-06T04:37:22.742+0000] {processor.py:157} INFO - Started process (PID=587) to work on /home/airflow/.local/lib/python3.8/site-packages/airflow/example_dags/example_setup_teardown_taskflow.py
[2023-09-06T04:37:22.743+0000] {processor.py:829} INFO - Processing file /home/airflow/.local/lib/python3.8/site-packages/airflow/example_dags/example_setup_teardown_taskflow.py for tasks to queue
[2023-09-06T04:37:22.745+0000] {logging_mixin.py:151} INFO - [2023-09-06T04:37:22.745+0000] {dagbag.py:539} INFO - Filling up the DagBag from /home/airflow/.local/lib/python3.8/site-packages/airflow/example_dags/example_setup_teardown_taskflow.py
[2023-09-06T04:37:22.751+0000] {processor.py:839} INFO - DAG(s) dict_keys(['example_setup_teardown_taskflow']) retrieved from /home/airflow/.local/lib/python3.8/site-packages/airflow/example_dags/example_setup_teardown_taskflow.py
[2023-09-06T04:37:22.769+0000] {logging_mixin.py:151} INFO - [2023-09-06T04:37:22.769+0000] {dag.py:2907} INFO - Sync 1 DAGs
[2023-09-06T04:37:22.784+0000] {logging_mixin.py:151} INFO - [2023-09-06T04:37:22.784+0000] {dag.py:3677} INFO - Setting next_dagrun for example_setup_teardown_taskflow to 2023-09-05T04:37:22.784523+00:00, run_after=2023-09-06T04:37:22.784523+00:00
[2023-09-06T04:37:22.796+0000] {processor.py:179} INFO - Processing /home/airflow/.local/lib/python3.8/site-packages/airflow/example_dags/example_setup_teardown_taskflow.py took 0.057 seconds
[2023-09-06T04:37:53.008+0000] {processor.py:157} INFO - Started process (PID=641) to work on /home/airflow/.local/lib/python3.8/site-packages/airflow/example_dags/example_setup_teardown_taskflow.py
[2023-09-06T04:37:53.009+0000] {processor.py:829} INFO - Processing file /home/airflow/.local/lib/python3.8/site-packages/airflow/example_dags/example_setup_teardown_taskflow.py for tasks to queue
[2023-09-06T04:37:53.011+0000] {logging_mixin.py:151} INFO - [2023-09-06T04:37:53.010+0000] {dagbag.py:539} INFO - Filling up the DagBag from /home/airflow/.local/lib/python3.8/site-packages/airflow/example_dags/example_setup_teardown_taskflow.py
[2023-09-06T04:37:53.017+0000] {processor.py:839} INFO - DAG(s) dict_keys(['example_setup_teardown_taskflow']) retrieved from /home/airflow/.local/lib/python3.8/site-packages/airflow/example_dags/example_setup_teardown_taskflow.py
[2023-09-06T04:37:53.035+0000] {logging_mixin.py:151} INFO - [2023-09-06T04:37:53.035+0000] {dag.py:2907} INFO - Sync 1 DAGs
[2023-09-06T04:37:53.049+0000] {logging_mixin.py:151} INFO - [2023-09-06T04:37:53.048+0000] {dag.py:3677} INFO - Setting next_dagrun for example_setup_teardown_taskflow to 2023-09-05T04:37:53.048700+00:00, run_after=2023-09-06T04:37:53.048700+00:00
[2023-09-06T04:37:53.060+0000] {processor.py:179} INFO - Processing /home/airflow/.local/lib/python3.8/site-packages/airflow/example_dags/example_setup_teardown_taskflow.py took 0.054 seconds
