[2023-09-06T04:32:20.729+0000] {processor.py:157} INFO - Started process (PID=71) to work on /home/airflow/.local/lib/python3.8/site-packages/airflow/example_dags/example_external_task_marker_dag.py
[2023-09-06T04:32:20.730+0000] {processor.py:829} INFO - Processing file /home/airflow/.local/lib/python3.8/site-packages/airflow/example_dags/example_external_task_marker_dag.py for tasks to queue
[2023-09-06T04:32:20.732+0000] {logging_mixin.py:151} INFO - [2023-09-06T04:32:20.732+0000] {dagbag.py:539} INFO - Filling up the DagBag from /home/airflow/.local/lib/python3.8/site-packages/airflow/example_dags/example_external_task_marker_dag.py
[2023-09-06T04:32:20.739+0000] {processor.py:839} INFO - DAG(s) dict_keys(['example_external_task_marker_parent', 'example_external_task_marker_child']) retrieved from /home/airflow/.local/lib/python3.8/site-packages/airflow/example_dags/example_external_task_marker_dag.py
[2023-09-06T04:32:20.803+0000] {logging_mixin.py:151} INFO - [2023-09-06T04:32:20.803+0000] {manager.py:501} INFO - Created Permission View: can edit on DAG:example_external_task_marker_parent
[2023-09-06T04:32:20.809+0000] {logging_mixin.py:151} INFO - [2023-09-06T04:32:20.809+0000] {manager.py:501} INFO - Created Permission View: can delete on DAG:example_external_task_marker_parent
[2023-09-06T04:32:20.813+0000] {logging_mixin.py:151} INFO - [2023-09-06T04:32:20.813+0000] {manager.py:501} INFO - Created Permission View: can read on DAG:example_external_task_marker_parent
[2023-09-06T04:32:20.829+0000] {logging_mixin.py:151} INFO - [2023-09-06T04:32:20.829+0000] {manager.py:501} INFO - Created Permission View: can edit on DAG:example_external_task_marker_child
[2023-09-06T04:32:20.833+0000] {logging_mixin.py:151} INFO - [2023-09-06T04:32:20.832+0000] {manager.py:501} INFO - Created Permission View: can delete on DAG:example_external_task_marker_child
[2023-09-06T04:32:20.837+0000] {logging_mixin.py:151} INFO - [2023-09-06T04:32:20.837+0000] {manager.py:501} INFO - Created Permission View: can read on DAG:example_external_task_marker_child
[2023-09-06T04:32:20.841+0000] {logging_mixin.py:151} INFO - [2023-09-06T04:32:20.841+0000] {dag.py:2907} INFO - Sync 2 DAGs
[2023-09-06T04:32:20.848+0000] {logging_mixin.py:151} INFO - [2023-09-06T04:32:20.848+0000] {dag.py:2929} INFO - Creating ORM DAG for example_external_task_marker_child
[2023-09-06T04:32:20.849+0000] {logging_mixin.py:151} INFO - [2023-09-06T04:32:20.849+0000] {dag.py:2929} INFO - Creating ORM DAG for example_external_task_marker_parent
[2023-09-06T04:32:20.849+0000] {logging_mixin.py:151} INFO - [2023-09-06T04:32:20.849+0000] {dag.py:3677} INFO - Setting next_dagrun for example_external_task_marker_child to None, run_after=None
[2023-09-06T04:32:20.850+0000] {logging_mixin.py:151} INFO - [2023-09-06T04:32:20.850+0000] {dag.py:3677} INFO - Setting next_dagrun for example_external_task_marker_parent to None, run_after=None
[2023-09-06T04:32:20.861+0000] {processor.py:179} INFO - Processing /home/airflow/.local/lib/python3.8/site-packages/airflow/example_dags/example_external_task_marker_dag.py took 0.134 seconds
[2023-09-06T04:32:51.050+0000] {processor.py:157} INFO - Started process (PID=125) to work on /home/airflow/.local/lib/python3.8/site-packages/airflow/example_dags/example_external_task_marker_dag.py
[2023-09-06T04:32:51.051+0000] {processor.py:829} INFO - Processing file /home/airflow/.local/lib/python3.8/site-packages/airflow/example_dags/example_external_task_marker_dag.py for tasks to queue
[2023-09-06T04:32:51.053+0000] {logging_mixin.py:151} INFO - [2023-09-06T04:32:51.052+0000] {dagbag.py:539} INFO - Filling up the DagBag from /home/airflow/.local/lib/python3.8/site-packages/airflow/example_dags/example_external_task_marker_dag.py
[2023-09-06T04:32:51.057+0000] {processor.py:839} INFO - DAG(s) dict_keys(['example_external_task_marker_child', 'example_external_task_marker_parent']) retrieved from /home/airflow/.local/lib/python3.8/site-packages/airflow/example_dags/example_external_task_marker_dag.py
[2023-09-06T04:32:51.078+0000] {logging_mixin.py:151} INFO - [2023-09-06T04:32:51.077+0000] {dag.py:2907} INFO - Sync 2 DAGs
[2023-09-06T04:32:51.086+0000] {logging_mixin.py:151} INFO - [2023-09-06T04:32:51.086+0000] {dag.py:3677} INFO - Setting next_dagrun for example_external_task_marker_child to None, run_after=None
[2023-09-06T04:32:51.089+0000] {logging_mixin.py:151} INFO - [2023-09-06T04:32:51.089+0000] {dag.py:3677} INFO - Setting next_dagrun for example_external_task_marker_parent to None, run_after=None
[2023-09-06T04:32:51.099+0000] {processor.py:179} INFO - Processing /home/airflow/.local/lib/python3.8/site-packages/airflow/example_dags/example_external_task_marker_dag.py took 0.052 seconds
[2023-09-06T04:33:21.269+0000] {processor.py:157} INFO - Started process (PID=179) to work on /home/airflow/.local/lib/python3.8/site-packages/airflow/example_dags/example_external_task_marker_dag.py
[2023-09-06T04:33:21.270+0000] {processor.py:829} INFO - Processing file /home/airflow/.local/lib/python3.8/site-packages/airflow/example_dags/example_external_task_marker_dag.py for tasks to queue
[2023-09-06T04:33:21.272+0000] {logging_mixin.py:151} INFO - [2023-09-06T04:33:21.272+0000] {dagbag.py:539} INFO - Filling up the DagBag from /home/airflow/.local/lib/python3.8/site-packages/airflow/example_dags/example_external_task_marker_dag.py
[2023-09-06T04:33:21.276+0000] {processor.py:839} INFO - DAG(s) dict_keys(['example_external_task_marker_child', 'example_external_task_marker_parent']) retrieved from /home/airflow/.local/lib/python3.8/site-packages/airflow/example_dags/example_external_task_marker_dag.py
[2023-09-06T04:33:21.294+0000] {logging_mixin.py:151} INFO - [2023-09-06T04:33:21.294+0000] {dag.py:2907} INFO - Sync 2 DAGs
[2023-09-06T04:33:21.302+0000] {logging_mixin.py:151} INFO - [2023-09-06T04:33:21.301+0000] {dag.py:3677} INFO - Setting next_dagrun for example_external_task_marker_child to None, run_after=None
[2023-09-06T04:33:21.304+0000] {logging_mixin.py:151} INFO - [2023-09-06T04:33:21.304+0000] {dag.py:3677} INFO - Setting next_dagrun for example_external_task_marker_parent to None, run_after=None
[2023-09-06T04:33:21.314+0000] {processor.py:179} INFO - Processing /home/airflow/.local/lib/python3.8/site-packages/airflow/example_dags/example_external_task_marker_dag.py took 0.047 seconds
[2023-09-06T04:33:51.451+0000] {processor.py:157} INFO - Started process (PID=233) to work on /home/airflow/.local/lib/python3.8/site-packages/airflow/example_dags/example_external_task_marker_dag.py
[2023-09-06T04:33:51.451+0000] {processor.py:829} INFO - Processing file /home/airflow/.local/lib/python3.8/site-packages/airflow/example_dags/example_external_task_marker_dag.py for tasks to queue
[2023-09-06T04:33:51.453+0000] {logging_mixin.py:151} INFO - [2023-09-06T04:33:51.453+0000] {dagbag.py:539} INFO - Filling up the DagBag from /home/airflow/.local/lib/python3.8/site-packages/airflow/example_dags/example_external_task_marker_dag.py
[2023-09-06T04:33:51.457+0000] {processor.py:839} INFO - DAG(s) dict_keys(['example_external_task_marker_child', 'example_external_task_marker_parent']) retrieved from /home/airflow/.local/lib/python3.8/site-packages/airflow/example_dags/example_external_task_marker_dag.py
[2023-09-06T04:33:51.477+0000] {logging_mixin.py:151} INFO - [2023-09-06T04:33:51.476+0000] {dag.py:2907} INFO - Sync 2 DAGs
[2023-09-06T04:33:51.485+0000] {logging_mixin.py:151} INFO - [2023-09-06T04:33:51.485+0000] {dag.py:3677} INFO - Setting next_dagrun for example_external_task_marker_child to None, run_after=None
[2023-09-06T04:33:51.487+0000] {logging_mixin.py:151} INFO - [2023-09-06T04:33:51.487+0000] {dag.py:3677} INFO - Setting next_dagrun for example_external_task_marker_parent to None, run_after=None
[2023-09-06T04:33:51.500+0000] {processor.py:179} INFO - Processing /home/airflow/.local/lib/python3.8/site-packages/airflow/example_dags/example_external_task_marker_dag.py took 0.052 seconds
[2023-09-06T04:34:21.793+0000] {processor.py:157} INFO - Started process (PID=287) to work on /home/airflow/.local/lib/python3.8/site-packages/airflow/example_dags/example_external_task_marker_dag.py
[2023-09-06T04:34:21.794+0000] {processor.py:829} INFO - Processing file /home/airflow/.local/lib/python3.8/site-packages/airflow/example_dags/example_external_task_marker_dag.py for tasks to queue
[2023-09-06T04:34:21.795+0000] {logging_mixin.py:151} INFO - [2023-09-06T04:34:21.795+0000] {dagbag.py:539} INFO - Filling up the DagBag from /home/airflow/.local/lib/python3.8/site-packages/airflow/example_dags/example_external_task_marker_dag.py
[2023-09-06T04:34:21.800+0000] {processor.py:839} INFO - DAG(s) dict_keys(['example_external_task_marker_child', 'example_external_task_marker_parent']) retrieved from /home/airflow/.local/lib/python3.8/site-packages/airflow/example_dags/example_external_task_marker_dag.py
[2023-09-06T04:34:21.818+0000] {logging_mixin.py:151} INFO - [2023-09-06T04:34:21.818+0000] {dag.py:2907} INFO - Sync 2 DAGs
[2023-09-06T04:34:21.826+0000] {logging_mixin.py:151} INFO - [2023-09-06T04:34:21.826+0000] {dag.py:3677} INFO - Setting next_dagrun for example_external_task_marker_child to None, run_after=None
[2023-09-06T04:34:21.828+0000] {logging_mixin.py:151} INFO - [2023-09-06T04:34:21.828+0000] {dag.py:3677} INFO - Setting next_dagrun for example_external_task_marker_parent to None, run_after=None
[2023-09-06T04:34:21.838+0000] {processor.py:179} INFO - Processing /home/airflow/.local/lib/python3.8/site-packages/airflow/example_dags/example_external_task_marker_dag.py took 0.047 seconds
[2023-09-06T04:34:51.931+0000] {processor.py:157} INFO - Started process (PID=341) to work on /home/airflow/.local/lib/python3.8/site-packages/airflow/example_dags/example_external_task_marker_dag.py
[2023-09-06T04:34:51.932+0000] {processor.py:829} INFO - Processing file /home/airflow/.local/lib/python3.8/site-packages/airflow/example_dags/example_external_task_marker_dag.py for tasks to queue
[2023-09-06T04:34:51.934+0000] {logging_mixin.py:151} INFO - [2023-09-06T04:34:51.934+0000] {dagbag.py:539} INFO - Filling up the DagBag from /home/airflow/.local/lib/python3.8/site-packages/airflow/example_dags/example_external_task_marker_dag.py
[2023-09-06T04:34:51.938+0000] {processor.py:839} INFO - DAG(s) dict_keys(['example_external_task_marker_child', 'example_external_task_marker_parent']) retrieved from /home/airflow/.local/lib/python3.8/site-packages/airflow/example_dags/example_external_task_marker_dag.py
[2023-09-06T04:34:51.960+0000] {logging_mixin.py:151} INFO - [2023-09-06T04:34:51.959+0000] {dag.py:2907} INFO - Sync 2 DAGs
[2023-09-06T04:34:51.968+0000] {logging_mixin.py:151} INFO - [2023-09-06T04:34:51.968+0000] {dag.py:3677} INFO - Setting next_dagrun for example_external_task_marker_child to None, run_after=None
[2023-09-06T04:34:51.970+0000] {logging_mixin.py:151} INFO - [2023-09-06T04:34:51.970+0000] {dag.py:3677} INFO - Setting next_dagrun for example_external_task_marker_parent to None, run_after=None
[2023-09-06T04:34:51.981+0000] {processor.py:179} INFO - Processing /home/airflow/.local/lib/python3.8/site-packages/airflow/example_dags/example_external_task_marker_dag.py took 0.052 seconds
[2023-09-06T04:35:22.231+0000] {processor.py:157} INFO - Started process (PID=395) to work on /home/airflow/.local/lib/python3.8/site-packages/airflow/example_dags/example_external_task_marker_dag.py
[2023-09-06T04:35:22.231+0000] {processor.py:829} INFO - Processing file /home/airflow/.local/lib/python3.8/site-packages/airflow/example_dags/example_external_task_marker_dag.py for tasks to queue
[2023-09-06T04:35:22.233+0000] {logging_mixin.py:151} INFO - [2023-09-06T04:35:22.233+0000] {dagbag.py:539} INFO - Filling up the DagBag from /home/airflow/.local/lib/python3.8/site-packages/airflow/example_dags/example_external_task_marker_dag.py
[2023-09-06T04:35:22.237+0000] {processor.py:839} INFO - DAG(s) dict_keys(['example_external_task_marker_child', 'example_external_task_marker_parent']) retrieved from /home/airflow/.local/lib/python3.8/site-packages/airflow/example_dags/example_external_task_marker_dag.py
[2023-09-06T04:35:22.256+0000] {logging_mixin.py:151} INFO - [2023-09-06T04:35:22.256+0000] {dag.py:2907} INFO - Sync 2 DAGs
[2023-09-06T04:35:22.265+0000] {logging_mixin.py:151} INFO - [2023-09-06T04:35:22.264+0000] {dag.py:3677} INFO - Setting next_dagrun for example_external_task_marker_child to None, run_after=None
[2023-09-06T04:35:22.267+0000] {logging_mixin.py:151} INFO - [2023-09-06T04:35:22.266+0000] {dag.py:3677} INFO - Setting next_dagrun for example_external_task_marker_parent to None, run_after=None
[2023-09-06T04:35:22.276+0000] {processor.py:179} INFO - Processing /home/airflow/.local/lib/python3.8/site-packages/airflow/example_dags/example_external_task_marker_dag.py took 0.048 seconds
[2023-09-06T04:35:52.356+0000] {processor.py:157} INFO - Started process (PID=449) to work on /home/airflow/.local/lib/python3.8/site-packages/airflow/example_dags/example_external_task_marker_dag.py
[2023-09-06T04:35:52.357+0000] {processor.py:829} INFO - Processing file /home/airflow/.local/lib/python3.8/site-packages/airflow/example_dags/example_external_task_marker_dag.py for tasks to queue
[2023-09-06T04:35:52.359+0000] {logging_mixin.py:151} INFO - [2023-09-06T04:35:52.359+0000] {dagbag.py:539} INFO - Filling up the DagBag from /home/airflow/.local/lib/python3.8/site-packages/airflow/example_dags/example_external_task_marker_dag.py
[2023-09-06T04:35:52.363+0000] {processor.py:839} INFO - DAG(s) dict_keys(['example_external_task_marker_parent', 'example_external_task_marker_child']) retrieved from /home/airflow/.local/lib/python3.8/site-packages/airflow/example_dags/example_external_task_marker_dag.py
[2023-09-06T04:35:52.381+0000] {logging_mixin.py:151} INFO - [2023-09-06T04:35:52.381+0000] {dag.py:2907} INFO - Sync 2 DAGs
[2023-09-06T04:35:52.389+0000] {logging_mixin.py:151} INFO - [2023-09-06T04:35:52.389+0000] {dag.py:3677} INFO - Setting next_dagrun for example_external_task_marker_child to None, run_after=None
[2023-09-06T04:35:52.391+0000] {logging_mixin.py:151} INFO - [2023-09-06T04:35:52.391+0000] {dag.py:3677} INFO - Setting next_dagrun for example_external_task_marker_parent to None, run_after=None
[2023-09-06T04:35:52.400+0000] {processor.py:179} INFO - Processing /home/airflow/.local/lib/python3.8/site-packages/airflow/example_dags/example_external_task_marker_dag.py took 0.046 seconds
[2023-09-06T04:36:22.470+0000] {processor.py:157} INFO - Started process (PID=502) to work on /home/airflow/.local/lib/python3.8/site-packages/airflow/example_dags/example_external_task_marker_dag.py
[2023-09-06T04:36:22.471+0000] {processor.py:829} INFO - Processing file /home/airflow/.local/lib/python3.8/site-packages/airflow/example_dags/example_external_task_marker_dag.py for tasks to queue
[2023-09-06T04:36:22.473+0000] {logging_mixin.py:151} INFO - [2023-09-06T04:36:22.472+0000] {dagbag.py:539} INFO - Filling up the DagBag from /home/airflow/.local/lib/python3.8/site-packages/airflow/example_dags/example_external_task_marker_dag.py
[2023-09-06T04:36:22.477+0000] {processor.py:839} INFO - DAG(s) dict_keys(['example_external_task_marker_parent', 'example_external_task_marker_child']) retrieved from /home/airflow/.local/lib/python3.8/site-packages/airflow/example_dags/example_external_task_marker_dag.py
[2023-09-06T04:36:22.495+0000] {logging_mixin.py:151} INFO - [2023-09-06T04:36:22.495+0000] {dag.py:2907} INFO - Sync 2 DAGs
[2023-09-06T04:36:22.503+0000] {logging_mixin.py:151} INFO - [2023-09-06T04:36:22.503+0000] {dag.py:3677} INFO - Setting next_dagrun for example_external_task_marker_child to None, run_after=None
[2023-09-06T04:36:22.505+0000] {logging_mixin.py:151} INFO - [2023-09-06T04:36:22.505+0000] {dag.py:3677} INFO - Setting next_dagrun for example_external_task_marker_parent to None, run_after=None
[2023-09-06T04:36:22.515+0000] {processor.py:179} INFO - Processing /home/airflow/.local/lib/python3.8/site-packages/airflow/example_dags/example_external_task_marker_dag.py took 0.047 seconds
[2023-09-06T04:36:53.535+0000] {processor.py:157} INFO - Started process (PID=556) to work on /home/airflow/.local/lib/python3.8/site-packages/airflow/example_dags/example_external_task_marker_dag.py
[2023-09-06T04:36:53.536+0000] {processor.py:829} INFO - Processing file /home/airflow/.local/lib/python3.8/site-packages/airflow/example_dags/example_external_task_marker_dag.py for tasks to queue
[2023-09-06T04:36:53.538+0000] {logging_mixin.py:151} INFO - [2023-09-06T04:36:53.537+0000] {dagbag.py:539} INFO - Filling up the DagBag from /home/airflow/.local/lib/python3.8/site-packages/airflow/example_dags/example_external_task_marker_dag.py
[2023-09-06T04:36:53.542+0000] {processor.py:839} INFO - DAG(s) dict_keys(['example_external_task_marker_child', 'example_external_task_marker_parent']) retrieved from /home/airflow/.local/lib/python3.8/site-packages/airflow/example_dags/example_external_task_marker_dag.py
[2023-09-06T04:36:53.561+0000] {logging_mixin.py:151} INFO - [2023-09-06T04:36:53.561+0000] {dag.py:2907} INFO - Sync 2 DAGs
[2023-09-06T04:36:53.569+0000] {logging_mixin.py:151} INFO - [2023-09-06T04:36:53.569+0000] {dag.py:3677} INFO - Setting next_dagrun for example_external_task_marker_child to None, run_after=None
[2023-09-06T04:36:53.572+0000] {logging_mixin.py:151} INFO - [2023-09-06T04:36:53.572+0000] {dag.py:3677} INFO - Setting next_dagrun for example_external_task_marker_parent to None, run_after=None
[2023-09-06T04:36:53.582+0000] {processor.py:179} INFO - Processing /home/airflow/.local/lib/python3.8/site-packages/airflow/example_dags/example_external_task_marker_dag.py took 0.049 seconds
[2023-09-06T04:37:23.895+0000] {processor.py:157} INFO - Started process (PID=611) to work on /home/airflow/.local/lib/python3.8/site-packages/airflow/example_dags/example_external_task_marker_dag.py
[2023-09-06T04:37:23.896+0000] {processor.py:829} INFO - Processing file /home/airflow/.local/lib/python3.8/site-packages/airflow/example_dags/example_external_task_marker_dag.py for tasks to queue
[2023-09-06T04:37:23.898+0000] {logging_mixin.py:151} INFO - [2023-09-06T04:37:23.898+0000] {dagbag.py:539} INFO - Filling up the DagBag from /home/airflow/.local/lib/python3.8/site-packages/airflow/example_dags/example_external_task_marker_dag.py
[2023-09-06T04:37:23.902+0000] {processor.py:839} INFO - DAG(s) dict_keys(['example_external_task_marker_child', 'example_external_task_marker_parent']) retrieved from /home/airflow/.local/lib/python3.8/site-packages/airflow/example_dags/example_external_task_marker_dag.py
[2023-09-06T04:37:23.922+0000] {logging_mixin.py:151} INFO - [2023-09-06T04:37:23.922+0000] {dag.py:2907} INFO - Sync 2 DAGs
[2023-09-06T04:37:23.932+0000] {logging_mixin.py:151} INFO - [2023-09-06T04:37:23.932+0000] {dag.py:3677} INFO - Setting next_dagrun for example_external_task_marker_child to None, run_after=None
[2023-09-06T04:37:23.934+0000] {logging_mixin.py:151} INFO - [2023-09-06T04:37:23.934+0000] {dag.py:3677} INFO - Setting next_dagrun for example_external_task_marker_parent to None, run_after=None
[2023-09-06T04:37:23.944+0000] {processor.py:179} INFO - Processing /home/airflow/.local/lib/python3.8/site-packages/airflow/example_dags/example_external_task_marker_dag.py took 0.051 seconds
[2023-09-06T04:37:54.000+0000] {processor.py:157} INFO - Started process (PID=665) to work on /home/airflow/.local/lib/python3.8/site-packages/airflow/example_dags/example_external_task_marker_dag.py
[2023-09-06T04:37:54.001+0000] {processor.py:829} INFO - Processing file /home/airflow/.local/lib/python3.8/site-packages/airflow/example_dags/example_external_task_marker_dag.py for tasks to queue
[2023-09-06T04:37:54.002+0000] {logging_mixin.py:151} INFO - [2023-09-06T04:37:54.002+0000] {dagbag.py:539} INFO - Filling up the DagBag from /home/airflow/.local/lib/python3.8/site-packages/airflow/example_dags/example_external_task_marker_dag.py
[2023-09-06T04:37:54.007+0000] {processor.py:839} INFO - DAG(s) dict_keys(['example_external_task_marker_parent', 'example_external_task_marker_child']) retrieved from /home/airflow/.local/lib/python3.8/site-packages/airflow/example_dags/example_external_task_marker_dag.py
[2023-09-06T04:37:54.027+0000] {logging_mixin.py:151} INFO - [2023-09-06T04:37:54.026+0000] {dag.py:2907} INFO - Sync 2 DAGs
[2023-09-06T04:37:54.035+0000] {logging_mixin.py:151} INFO - [2023-09-06T04:37:54.035+0000] {dag.py:3677} INFO - Setting next_dagrun for example_external_task_marker_child to None, run_after=None
[2023-09-06T04:37:54.037+0000] {logging_mixin.py:151} INFO - [2023-09-06T04:37:54.037+0000] {dag.py:3677} INFO - Setting next_dagrun for example_external_task_marker_parent to None, run_after=None
[2023-09-06T04:37:54.047+0000] {processor.py:179} INFO - Processing /home/airflow/.local/lib/python3.8/site-packages/airflow/example_dags/example_external_task_marker_dag.py took 0.049 seconds
