[2023-09-06T04:32:20.661+0000] {processor.py:157} INFO - Started process (PID=70) to work on /home/airflow/.local/lib/python3.8/site-packages/airflow/example_dags/example_bash_operator.py
[2023-09-06T04:32:20.662+0000] {processor.py:829} INFO - Processing file /home/airflow/.local/lib/python3.8/site-packages/airflow/example_dags/example_bash_operator.py for tasks to queue
[2023-09-06T04:32:20.664+0000] {logging_mixin.py:151} INFO - [2023-09-06T04:32:20.663+0000] {dagbag.py:539} INFO - Filling up the DagBag from /home/airflow/.local/lib/python3.8/site-packages/airflow/example_dags/example_bash_operator.py
[2023-09-06T04:32:20.673+0000] {processor.py:839} INFO - DAG(s) dict_keys(['example_bash_operator']) retrieved from /home/airflow/.local/lib/python3.8/site-packages/airflow/example_dags/example_bash_operator.py
[2023-09-06T04:32:20.744+0000] {logging_mixin.py:151} INFO - [2023-09-06T04:32:20.744+0000] {manager.py:501} INFO - Created Permission View: can edit on DAG:example_bash_operator
[2023-09-06T04:32:20.750+0000] {logging_mixin.py:151} INFO - [2023-09-06T04:32:20.750+0000] {manager.py:501} INFO - Created Permission View: can delete on DAG:example_bash_operator
[2023-09-06T04:32:20.755+0000] {logging_mixin.py:151} INFO - [2023-09-06T04:32:20.755+0000] {manager.py:501} INFO - Created Permission View: can read on DAG:example_bash_operator
[2023-09-06T04:32:20.764+0000] {logging_mixin.py:151} INFO - [2023-09-06T04:32:20.764+0000] {dag.py:2907} INFO - Sync 1 DAGs
[2023-09-06T04:32:20.770+0000] {logging_mixin.py:151} INFO - [2023-09-06T04:32:20.770+0000] {dag.py:2929} INFO - Creating ORM DAG for example_bash_operator
[2023-09-06T04:32:20.777+0000] {logging_mixin.py:151} INFO - [2023-09-06T04:32:20.777+0000] {dag.py:3677} INFO - Setting next_dagrun for example_bash_operator to 2023-09-05T00:00:00+00:00, run_after=2023-09-06T00:00:00+00:00
[2023-09-06T04:32:20.787+0000] {processor.py:179} INFO - Processing /home/airflow/.local/lib/python3.8/site-packages/airflow/example_dags/example_bash_operator.py took 0.129 seconds
[2023-09-06T04:32:50.973+0000] {processor.py:157} INFO - Started process (PID=124) to work on /home/airflow/.local/lib/python3.8/site-packages/airflow/example_dags/example_bash_operator.py
[2023-09-06T04:32:50.974+0000] {processor.py:829} INFO - Processing file /home/airflow/.local/lib/python3.8/site-packages/airflow/example_dags/example_bash_operator.py for tasks to queue
[2023-09-06T04:32:50.976+0000] {logging_mixin.py:151} INFO - [2023-09-06T04:32:50.975+0000] {dagbag.py:539} INFO - Filling up the DagBag from /home/airflow/.local/lib/python3.8/site-packages/airflow/example_dags/example_bash_operator.py
[2023-09-06T04:32:50.984+0000] {processor.py:839} INFO - DAG(s) dict_keys(['example_bash_operator']) retrieved from /home/airflow/.local/lib/python3.8/site-packages/airflow/example_dags/example_bash_operator.py
[2023-09-06T04:32:51.005+0000] {logging_mixin.py:151} INFO - [2023-09-06T04:32:51.005+0000] {dag.py:2907} INFO - Sync 1 DAGs
[2023-09-06T04:32:51.020+0000] {logging_mixin.py:151} INFO - [2023-09-06T04:32:51.020+0000] {dag.py:3677} INFO - Setting next_dagrun for example_bash_operator to 2023-09-05T00:00:00+00:00, run_after=2023-09-06T00:00:00+00:00
[2023-09-06T04:32:51.031+0000] {processor.py:179} INFO - Processing /home/airflow/.local/lib/python3.8/site-packages/airflow/example_dags/example_bash_operator.py took 0.060 seconds
[2023-09-06T04:33:21.260+0000] {processor.py:157} INFO - Started process (PID=178) to work on /home/airflow/.local/lib/python3.8/site-packages/airflow/example_dags/example_bash_operator.py
[2023-09-06T04:33:21.261+0000] {processor.py:829} INFO - Processing file /home/airflow/.local/lib/python3.8/site-packages/airflow/example_dags/example_bash_operator.py for tasks to queue
[2023-09-06T04:33:21.263+0000] {logging_mixin.py:151} INFO - [2023-09-06T04:33:21.262+0000] {dagbag.py:539} INFO - Filling up the DagBag from /home/airflow/.local/lib/python3.8/site-packages/airflow/example_dags/example_bash_operator.py
[2023-09-06T04:33:21.270+0000] {processor.py:839} INFO - DAG(s) dict_keys(['example_bash_operator']) retrieved from /home/airflow/.local/lib/python3.8/site-packages/airflow/example_dags/example_bash_operator.py
[2023-09-06T04:33:21.290+0000] {logging_mixin.py:151} INFO - [2023-09-06T04:33:21.290+0000] {dag.py:2907} INFO - Sync 1 DAGs
[2023-09-06T04:33:21.304+0000] {logging_mixin.py:151} INFO - [2023-09-06T04:33:21.304+0000] {dag.py:3677} INFO - Setting next_dagrun for example_bash_operator to 2023-09-05T00:00:00+00:00, run_after=2023-09-06T00:00:00+00:00
[2023-09-06T04:33:21.314+0000] {processor.py:179} INFO - Processing /home/airflow/.local/lib/python3.8/site-packages/airflow/example_dags/example_bash_operator.py took 0.057 seconds
[2023-09-06T04:33:51.416+0000] {processor.py:157} INFO - Started process (PID=232) to work on /home/airflow/.local/lib/python3.8/site-packages/airflow/example_dags/example_bash_operator.py
[2023-09-06T04:33:51.417+0000] {processor.py:829} INFO - Processing file /home/airflow/.local/lib/python3.8/site-packages/airflow/example_dags/example_bash_operator.py for tasks to queue
[2023-09-06T04:33:51.418+0000] {logging_mixin.py:151} INFO - [2023-09-06T04:33:51.418+0000] {dagbag.py:539} INFO - Filling up the DagBag from /home/airflow/.local/lib/python3.8/site-packages/airflow/example_dags/example_bash_operator.py
[2023-09-06T04:33:51.426+0000] {processor.py:839} INFO - DAG(s) dict_keys(['example_bash_operator']) retrieved from /home/airflow/.local/lib/python3.8/site-packages/airflow/example_dags/example_bash_operator.py
[2023-09-06T04:33:51.446+0000] {logging_mixin.py:151} INFO - [2023-09-06T04:33:51.446+0000] {dag.py:2907} INFO - Sync 1 DAGs
[2023-09-06T04:33:51.460+0000] {logging_mixin.py:151} INFO - [2023-09-06T04:33:51.460+0000] {dag.py:3677} INFO - Setting next_dagrun for example_bash_operator to 2023-09-05T00:00:00+00:00, run_after=2023-09-06T00:00:00+00:00
[2023-09-06T04:33:51.470+0000] {processor.py:179} INFO - Processing /home/airflow/.local/lib/python3.8/site-packages/airflow/example_dags/example_bash_operator.py took 0.057 seconds
[2023-09-06T04:34:21.770+0000] {processor.py:157} INFO - Started process (PID=286) to work on /home/airflow/.local/lib/python3.8/site-packages/airflow/example_dags/example_bash_operator.py
[2023-09-06T04:34:21.771+0000] {processor.py:829} INFO - Processing file /home/airflow/.local/lib/python3.8/site-packages/airflow/example_dags/example_bash_operator.py for tasks to queue
[2023-09-06T04:34:21.773+0000] {logging_mixin.py:151} INFO - [2023-09-06T04:34:21.772+0000] {dagbag.py:539} INFO - Filling up the DagBag from /home/airflow/.local/lib/python3.8/site-packages/airflow/example_dags/example_bash_operator.py
[2023-09-06T04:34:21.780+0000] {processor.py:839} INFO - DAG(s) dict_keys(['example_bash_operator']) retrieved from /home/airflow/.local/lib/python3.8/site-packages/airflow/example_dags/example_bash_operator.py
[2023-09-06T04:34:21.800+0000] {logging_mixin.py:151} INFO - [2023-09-06T04:34:21.800+0000] {dag.py:2907} INFO - Sync 1 DAGs
[2023-09-06T04:34:21.814+0000] {logging_mixin.py:151} INFO - [2023-09-06T04:34:21.814+0000] {dag.py:3677} INFO - Setting next_dagrun for example_bash_operator to 2023-09-05T00:00:00+00:00, run_after=2023-09-06T00:00:00+00:00
[2023-09-06T04:34:21.824+0000] {processor.py:179} INFO - Processing /home/airflow/.local/lib/python3.8/site-packages/airflow/example_dags/example_bash_operator.py took 0.057 seconds
[2023-09-06T04:34:51.854+0000] {processor.py:157} INFO - Started process (PID=340) to work on /home/airflow/.local/lib/python3.8/site-packages/airflow/example_dags/example_bash_operator.py
[2023-09-06T04:34:51.855+0000] {processor.py:829} INFO - Processing file /home/airflow/.local/lib/python3.8/site-packages/airflow/example_dags/example_bash_operator.py for tasks to queue
[2023-09-06T04:34:51.856+0000] {logging_mixin.py:151} INFO - [2023-09-06T04:34:51.856+0000] {dagbag.py:539} INFO - Filling up the DagBag from /home/airflow/.local/lib/python3.8/site-packages/airflow/example_dags/example_bash_operator.py
[2023-09-06T04:34:51.864+0000] {processor.py:839} INFO - DAG(s) dict_keys(['example_bash_operator']) retrieved from /home/airflow/.local/lib/python3.8/site-packages/airflow/example_dags/example_bash_operator.py
[2023-09-06T04:34:51.885+0000] {logging_mixin.py:151} INFO - [2023-09-06T04:34:51.885+0000] {dag.py:2907} INFO - Sync 1 DAGs
[2023-09-06T04:34:51.900+0000] {logging_mixin.py:151} INFO - [2023-09-06T04:34:51.899+0000] {dag.py:3677} INFO - Setting next_dagrun for example_bash_operator to 2023-09-05T00:00:00+00:00, run_after=2023-09-06T00:00:00+00:00
[2023-09-06T04:34:51.912+0000] {processor.py:179} INFO - Processing /home/airflow/.local/lib/python3.8/site-packages/airflow/example_dags/example_bash_operator.py took 0.061 seconds
[2023-09-06T04:35:22.159+0000] {processor.py:157} INFO - Started process (PID=394) to work on /home/airflow/.local/lib/python3.8/site-packages/airflow/example_dags/example_bash_operator.py
[2023-09-06T04:35:22.161+0000] {processor.py:829} INFO - Processing file /home/airflow/.local/lib/python3.8/site-packages/airflow/example_dags/example_bash_operator.py for tasks to queue
[2023-09-06T04:35:22.162+0000] {logging_mixin.py:151} INFO - [2023-09-06T04:35:22.162+0000] {dagbag.py:539} INFO - Filling up the DagBag from /home/airflow/.local/lib/python3.8/site-packages/airflow/example_dags/example_bash_operator.py
[2023-09-06T04:35:22.170+0000] {processor.py:839} INFO - DAG(s) dict_keys(['example_bash_operator']) retrieved from /home/airflow/.local/lib/python3.8/site-packages/airflow/example_dags/example_bash_operator.py
[2023-09-06T04:35:22.190+0000] {logging_mixin.py:151} INFO - [2023-09-06T04:35:22.189+0000] {dag.py:2907} INFO - Sync 1 DAGs
[2023-09-06T04:35:22.204+0000] {logging_mixin.py:151} INFO - [2023-09-06T04:35:22.204+0000] {dag.py:3677} INFO - Setting next_dagrun for example_bash_operator to 2023-09-05T00:00:00+00:00, run_after=2023-09-06T00:00:00+00:00
[2023-09-06T04:35:22.214+0000] {processor.py:179} INFO - Processing /home/airflow/.local/lib/python3.8/site-packages/airflow/example_dags/example_bash_operator.py took 0.057 seconds
[2023-09-06T04:35:52.286+0000] {processor.py:157} INFO - Started process (PID=448) to work on /home/airflow/.local/lib/python3.8/site-packages/airflow/example_dags/example_bash_operator.py
[2023-09-06T04:35:52.287+0000] {processor.py:829} INFO - Processing file /home/airflow/.local/lib/python3.8/site-packages/airflow/example_dags/example_bash_operator.py for tasks to queue
[2023-09-06T04:35:52.288+0000] {logging_mixin.py:151} INFO - [2023-09-06T04:35:52.288+0000] {dagbag.py:539} INFO - Filling up the DagBag from /home/airflow/.local/lib/python3.8/site-packages/airflow/example_dags/example_bash_operator.py
[2023-09-06T04:35:52.295+0000] {processor.py:839} INFO - DAG(s) dict_keys(['example_bash_operator']) retrieved from /home/airflow/.local/lib/python3.8/site-packages/airflow/example_dags/example_bash_operator.py
[2023-09-06T04:35:52.315+0000] {logging_mixin.py:151} INFO - [2023-09-06T04:35:52.315+0000] {dag.py:2907} INFO - Sync 1 DAGs
[2023-09-06T04:35:52.328+0000] {logging_mixin.py:151} INFO - [2023-09-06T04:35:52.328+0000] {dag.py:3677} INFO - Setting next_dagrun for example_bash_operator to 2023-09-05T00:00:00+00:00, run_after=2023-09-06T00:00:00+00:00
[2023-09-06T04:35:52.339+0000] {processor.py:179} INFO - Processing /home/airflow/.local/lib/python3.8/site-packages/airflow/example_dags/example_bash_operator.py took 0.055 seconds
[2023-09-06T04:36:22.438+0000] {processor.py:157} INFO - Started process (PID=501) to work on /home/airflow/.local/lib/python3.8/site-packages/airflow/example_dags/example_bash_operator.py
[2023-09-06T04:36:22.439+0000] {processor.py:829} INFO - Processing file /home/airflow/.local/lib/python3.8/site-packages/airflow/example_dags/example_bash_operator.py for tasks to queue
[2023-09-06T04:36:22.440+0000] {logging_mixin.py:151} INFO - [2023-09-06T04:36:22.440+0000] {dagbag.py:539} INFO - Filling up the DagBag from /home/airflow/.local/lib/python3.8/site-packages/airflow/example_dags/example_bash_operator.py
[2023-09-06T04:36:22.448+0000] {processor.py:839} INFO - DAG(s) dict_keys(['example_bash_operator']) retrieved from /home/airflow/.local/lib/python3.8/site-packages/airflow/example_dags/example_bash_operator.py
[2023-09-06T04:36:22.467+0000] {logging_mixin.py:151} INFO - [2023-09-06T04:36:22.467+0000] {dag.py:2907} INFO - Sync 1 DAGs
[2023-09-06T04:36:22.482+0000] {logging_mixin.py:151} INFO - [2023-09-06T04:36:22.482+0000] {dag.py:3677} INFO - Setting next_dagrun for example_bash_operator to 2023-09-05T00:00:00+00:00, run_after=2023-09-06T00:00:00+00:00
[2023-09-06T04:36:22.492+0000] {processor.py:179} INFO - Processing /home/airflow/.local/lib/python3.8/site-packages/airflow/example_dags/example_bash_operator.py took 0.057 seconds
[2023-09-06T04:36:53.508+0000] {processor.py:157} INFO - Started process (PID=555) to work on /home/airflow/.local/lib/python3.8/site-packages/airflow/example_dags/example_bash_operator.py
[2023-09-06T04:36:53.509+0000] {processor.py:829} INFO - Processing file /home/airflow/.local/lib/python3.8/site-packages/airflow/example_dags/example_bash_operator.py for tasks to queue
[2023-09-06T04:36:53.511+0000] {logging_mixin.py:151} INFO - [2023-09-06T04:36:53.510+0000] {dagbag.py:539} INFO - Filling up the DagBag from /home/airflow/.local/lib/python3.8/site-packages/airflow/example_dags/example_bash_operator.py
[2023-09-06T04:36:53.519+0000] {processor.py:839} INFO - DAG(s) dict_keys(['example_bash_operator']) retrieved from /home/airflow/.local/lib/python3.8/site-packages/airflow/example_dags/example_bash_operator.py
[2023-09-06T04:36:53.539+0000] {logging_mixin.py:151} INFO - [2023-09-06T04:36:53.539+0000] {dag.py:2907} INFO - Sync 1 DAGs
[2023-09-06T04:36:53.554+0000] {logging_mixin.py:151} INFO - [2023-09-06T04:36:53.553+0000] {dag.py:3677} INFO - Setting next_dagrun for example_bash_operator to 2023-09-05T00:00:00+00:00, run_after=2023-09-06T00:00:00+00:00
[2023-09-06T04:36:53.564+0000] {processor.py:179} INFO - Processing /home/airflow/.local/lib/python3.8/site-packages/airflow/example_dags/example_bash_operator.py took 0.059 seconds
[2023-09-06T04:37:23.822+0000] {processor.py:157} INFO - Started process (PID=610) to work on /home/airflow/.local/lib/python3.8/site-packages/airflow/example_dags/example_bash_operator.py
[2023-09-06T04:37:23.823+0000] {processor.py:829} INFO - Processing file /home/airflow/.local/lib/python3.8/site-packages/airflow/example_dags/example_bash_operator.py for tasks to queue
[2023-09-06T04:37:23.825+0000] {logging_mixin.py:151} INFO - [2023-09-06T04:37:23.824+0000] {dagbag.py:539} INFO - Filling up the DagBag from /home/airflow/.local/lib/python3.8/site-packages/airflow/example_dags/example_bash_operator.py
[2023-09-06T04:37:23.833+0000] {processor.py:839} INFO - DAG(s) dict_keys(['example_bash_operator']) retrieved from /home/airflow/.local/lib/python3.8/site-packages/airflow/example_dags/example_bash_operator.py
[2023-09-06T04:37:23.853+0000] {logging_mixin.py:151} INFO - [2023-09-06T04:37:23.852+0000] {dag.py:2907} INFO - Sync 1 DAGs
[2023-09-06T04:37:23.867+0000] {logging_mixin.py:151} INFO - [2023-09-06T04:37:23.867+0000] {dag.py:3677} INFO - Setting next_dagrun for example_bash_operator to 2023-09-05T00:00:00+00:00, run_after=2023-09-06T00:00:00+00:00
[2023-09-06T04:37:23.877+0000] {processor.py:179} INFO - Processing /home/airflow/.local/lib/python3.8/site-packages/airflow/example_dags/example_bash_operator.py took 0.058 seconds
[2023-09-06T04:37:53.925+0000] {processor.py:157} INFO - Started process (PID=663) to work on /home/airflow/.local/lib/python3.8/site-packages/airflow/example_dags/example_bash_operator.py
[2023-09-06T04:37:53.926+0000] {processor.py:829} INFO - Processing file /home/airflow/.local/lib/python3.8/site-packages/airflow/example_dags/example_bash_operator.py for tasks to queue
[2023-09-06T04:37:53.927+0000] {logging_mixin.py:151} INFO - [2023-09-06T04:37:53.927+0000] {dagbag.py:539} INFO - Filling up the DagBag from /home/airflow/.local/lib/python3.8/site-packages/airflow/example_dags/example_bash_operator.py
[2023-09-06T04:37:53.935+0000] {processor.py:839} INFO - DAG(s) dict_keys(['example_bash_operator']) retrieved from /home/airflow/.local/lib/python3.8/site-packages/airflow/example_dags/example_bash_operator.py
[2023-09-06T04:37:53.955+0000] {logging_mixin.py:151} INFO - [2023-09-06T04:37:53.955+0000] {dag.py:2907} INFO - Sync 1 DAGs
[2023-09-06T04:37:53.968+0000] {logging_mixin.py:151} INFO - [2023-09-06T04:37:53.968+0000] {dag.py:3677} INFO - Setting next_dagrun for example_bash_operator to 2023-09-05T00:00:00+00:00, run_after=2023-09-06T00:00:00+00:00
[2023-09-06T04:37:53.979+0000] {processor.py:179} INFO - Processing /home/airflow/.local/lib/python3.8/site-packages/airflow/example_dags/example_bash_operator.py took 0.056 seconds
