[2023-09-06T04:32:20.304+0000] {processor.py:157} INFO - Started process (PID=66) to work on /home/airflow/.local/lib/python3.8/site-packages/airflow/example_dags/tutorial_taskflow_api_virtualenv.py
[2023-09-06T04:32:20.305+0000] {processor.py:829} INFO - Processing file /home/airflow/.local/lib/python3.8/site-packages/airflow/example_dags/tutorial_taskflow_api_virtualenv.py for tasks to queue
[2023-09-06T04:32:20.307+0000] {logging_mixin.py:151} INFO - [2023-09-06T04:32:20.306+0000] {dagbag.py:539} INFO - Filling up the DagBag from /home/airflow/.local/lib/python3.8/site-packages/airflow/example_dags/tutorial_taskflow_api_virtualenv.py
[2023-09-06T04:32:20.313+0000] {processor.py:839} INFO - DAG(s) dict_keys(['tutorial_taskflow_api_virtualenv']) retrieved from /home/airflow/.local/lib/python3.8/site-packages/airflow/example_dags/tutorial_taskflow_api_virtualenv.py
[2023-09-06T04:32:20.378+0000] {logging_mixin.py:151} INFO - [2023-09-06T04:32:20.377+0000] {manager.py:501} INFO - Created Permission View: can edit on DAG:tutorial_taskflow_api_virtualenv
[2023-09-06T04:32:20.384+0000] {logging_mixin.py:151} INFO - [2023-09-06T04:32:20.383+0000] {manager.py:501} INFO - Created Permission View: can delete on DAG:tutorial_taskflow_api_virtualenv
[2023-09-06T04:32:20.388+0000] {logging_mixin.py:151} INFO - [2023-09-06T04:32:20.387+0000] {manager.py:501} INFO - Created Permission View: can read on DAG:tutorial_taskflow_api_virtualenv
[2023-09-06T04:32:20.396+0000] {logging_mixin.py:151} INFO - [2023-09-06T04:32:20.396+0000] {dag.py:2907} INFO - Sync 1 DAGs
[2023-09-06T04:32:20.404+0000] {logging_mixin.py:151} INFO - [2023-09-06T04:32:20.404+0000] {dag.py:2929} INFO - Creating ORM DAG for tutorial_taskflow_api_virtualenv
[2023-09-06T04:32:20.404+0000] {logging_mixin.py:151} INFO - [2023-09-06T04:32:20.404+0000] {dag.py:3677} INFO - Setting next_dagrun for tutorial_taskflow_api_virtualenv to None, run_after=None
[2023-09-06T04:32:20.416+0000] {processor.py:179} INFO - Processing /home/airflow/.local/lib/python3.8/site-packages/airflow/example_dags/tutorial_taskflow_api_virtualenv.py took 0.115 seconds
[2023-09-06T04:32:50.729+0000] {processor.py:157} INFO - Started process (PID=120) to work on /home/airflow/.local/lib/python3.8/site-packages/airflow/example_dags/tutorial_taskflow_api_virtualenv.py
[2023-09-06T04:32:50.730+0000] {processor.py:829} INFO - Processing file /home/airflow/.local/lib/python3.8/site-packages/airflow/example_dags/tutorial_taskflow_api_virtualenv.py for tasks to queue
[2023-09-06T04:32:50.732+0000] {logging_mixin.py:151} INFO - [2023-09-06T04:32:50.732+0000] {dagbag.py:539} INFO - Filling up the DagBag from /home/airflow/.local/lib/python3.8/site-packages/airflow/example_dags/tutorial_taskflow_api_virtualenv.py
[2023-09-06T04:32:50.737+0000] {processor.py:839} INFO - DAG(s) dict_keys(['tutorial_taskflow_api_virtualenv']) retrieved from /home/airflow/.local/lib/python3.8/site-packages/airflow/example_dags/tutorial_taskflow_api_virtualenv.py
[2023-09-06T04:32:50.755+0000] {logging_mixin.py:151} INFO - [2023-09-06T04:32:50.754+0000] {dag.py:2907} INFO - Sync 1 DAGs
[2023-09-06T04:32:50.763+0000] {logging_mixin.py:151} INFO - [2023-09-06T04:32:50.763+0000] {dag.py:3677} INFO - Setting next_dagrun for tutorial_taskflow_api_virtualenv to None, run_after=None
[2023-09-06T04:32:50.774+0000] {processor.py:179} INFO - Processing /home/airflow/.local/lib/python3.8/site-packages/airflow/example_dags/tutorial_taskflow_api_virtualenv.py took 0.048 seconds
[2023-09-06T04:33:21.048+0000] {processor.py:157} INFO - Started process (PID=174) to work on /home/airflow/.local/lib/python3.8/site-packages/airflow/example_dags/tutorial_taskflow_api_virtualenv.py
[2023-09-06T04:33:21.049+0000] {processor.py:829} INFO - Processing file /home/airflow/.local/lib/python3.8/site-packages/airflow/example_dags/tutorial_taskflow_api_virtualenv.py for tasks to queue
[2023-09-06T04:33:21.051+0000] {logging_mixin.py:151} INFO - [2023-09-06T04:33:21.051+0000] {dagbag.py:539} INFO - Filling up the DagBag from /home/airflow/.local/lib/python3.8/site-packages/airflow/example_dags/tutorial_taskflow_api_virtualenv.py
[2023-09-06T04:33:21.056+0000] {processor.py:839} INFO - DAG(s) dict_keys(['tutorial_taskflow_api_virtualenv']) retrieved from /home/airflow/.local/lib/python3.8/site-packages/airflow/example_dags/tutorial_taskflow_api_virtualenv.py
[2023-09-06T04:33:21.073+0000] {logging_mixin.py:151} INFO - [2023-09-06T04:33:21.073+0000] {dag.py:2907} INFO - Sync 1 DAGs
[2023-09-06T04:33:21.082+0000] {logging_mixin.py:151} INFO - [2023-09-06T04:33:21.082+0000] {dag.py:3677} INFO - Setting next_dagrun for tutorial_taskflow_api_virtualenv to None, run_after=None
[2023-09-06T04:33:21.094+0000] {processor.py:179} INFO - Processing /home/airflow/.local/lib/python3.8/site-packages/airflow/example_dags/tutorial_taskflow_api_virtualenv.py took 0.048 seconds
[2023-09-06T04:33:51.227+0000] {processor.py:157} INFO - Started process (PID=228) to work on /home/airflow/.local/lib/python3.8/site-packages/airflow/example_dags/tutorial_taskflow_api_virtualenv.py
[2023-09-06T04:33:51.228+0000] {processor.py:829} INFO - Processing file /home/airflow/.local/lib/python3.8/site-packages/airflow/example_dags/tutorial_taskflow_api_virtualenv.py for tasks to queue
[2023-09-06T04:33:51.230+0000] {logging_mixin.py:151} INFO - [2023-09-06T04:33:51.230+0000] {dagbag.py:539} INFO - Filling up the DagBag from /home/airflow/.local/lib/python3.8/site-packages/airflow/example_dags/tutorial_taskflow_api_virtualenv.py
[2023-09-06T04:33:51.235+0000] {processor.py:839} INFO - DAG(s) dict_keys(['tutorial_taskflow_api_virtualenv']) retrieved from /home/airflow/.local/lib/python3.8/site-packages/airflow/example_dags/tutorial_taskflow_api_virtualenv.py
[2023-09-06T04:33:51.250+0000] {logging_mixin.py:151} INFO - [2023-09-06T04:33:51.250+0000] {dag.py:2907} INFO - Sync 1 DAGs
[2023-09-06T04:33:51.258+0000] {logging_mixin.py:151} INFO - [2023-09-06T04:33:51.258+0000] {dag.py:3677} INFO - Setting next_dagrun for tutorial_taskflow_api_virtualenv to None, run_after=None
[2023-09-06T04:33:51.267+0000] {processor.py:179} INFO - Processing /home/airflow/.local/lib/python3.8/site-packages/airflow/example_dags/tutorial_taskflow_api_virtualenv.py took 0.043 seconds
[2023-09-06T04:34:21.569+0000] {processor.py:157} INFO - Started process (PID=282) to work on /home/airflow/.local/lib/python3.8/site-packages/airflow/example_dags/tutorial_taskflow_api_virtualenv.py
[2023-09-06T04:34:21.570+0000] {processor.py:829} INFO - Processing file /home/airflow/.local/lib/python3.8/site-packages/airflow/example_dags/tutorial_taskflow_api_virtualenv.py for tasks to queue
[2023-09-06T04:34:21.572+0000] {logging_mixin.py:151} INFO - [2023-09-06T04:34:21.572+0000] {dagbag.py:539} INFO - Filling up the DagBag from /home/airflow/.local/lib/python3.8/site-packages/airflow/example_dags/tutorial_taskflow_api_virtualenv.py
[2023-09-06T04:34:21.577+0000] {processor.py:839} INFO - DAG(s) dict_keys(['tutorial_taskflow_api_virtualenv']) retrieved from /home/airflow/.local/lib/python3.8/site-packages/airflow/example_dags/tutorial_taskflow_api_virtualenv.py
[2023-09-06T04:34:21.592+0000] {logging_mixin.py:151} INFO - [2023-09-06T04:34:21.592+0000] {dag.py:2907} INFO - Sync 1 DAGs
[2023-09-06T04:34:21.599+0000] {logging_mixin.py:151} INFO - [2023-09-06T04:34:21.599+0000] {dag.py:3677} INFO - Setting next_dagrun for tutorial_taskflow_api_virtualenv to None, run_after=None
[2023-09-06T04:34:21.608+0000] {processor.py:179} INFO - Processing /home/airflow/.local/lib/python3.8/site-packages/airflow/example_dags/tutorial_taskflow_api_virtualenv.py took 0.041 seconds
[2023-09-06T04:34:51.695+0000] {processor.py:157} INFO - Started process (PID=336) to work on /home/airflow/.local/lib/python3.8/site-packages/airflow/example_dags/tutorial_taskflow_api_virtualenv.py
[2023-09-06T04:34:51.696+0000] {processor.py:829} INFO - Processing file /home/airflow/.local/lib/python3.8/site-packages/airflow/example_dags/tutorial_taskflow_api_virtualenv.py for tasks to queue
[2023-09-06T04:34:51.698+0000] {logging_mixin.py:151} INFO - [2023-09-06T04:34:51.697+0000] {dagbag.py:539} INFO - Filling up the DagBag from /home/airflow/.local/lib/python3.8/site-packages/airflow/example_dags/tutorial_taskflow_api_virtualenv.py
[2023-09-06T04:34:51.702+0000] {processor.py:839} INFO - DAG(s) dict_keys(['tutorial_taskflow_api_virtualenv']) retrieved from /home/airflow/.local/lib/python3.8/site-packages/airflow/example_dags/tutorial_taskflow_api_virtualenv.py
[2023-09-06T04:34:51.719+0000] {logging_mixin.py:151} INFO - [2023-09-06T04:34:51.719+0000] {dag.py:2907} INFO - Sync 1 DAGs
[2023-09-06T04:34:51.727+0000] {logging_mixin.py:151} INFO - [2023-09-06T04:34:51.727+0000] {dag.py:3677} INFO - Setting next_dagrun for tutorial_taskflow_api_virtualenv to None, run_after=None
[2023-09-06T04:34:51.738+0000] {processor.py:179} INFO - Processing /home/airflow/.local/lib/python3.8/site-packages/airflow/example_dags/tutorial_taskflow_api_virtualenv.py took 0.046 seconds
[2023-09-06T04:35:21.996+0000] {processor.py:157} INFO - Started process (PID=390) to work on /home/airflow/.local/lib/python3.8/site-packages/airflow/example_dags/tutorial_taskflow_api_virtualenv.py
[2023-09-06T04:35:21.997+0000] {processor.py:829} INFO - Processing file /home/airflow/.local/lib/python3.8/site-packages/airflow/example_dags/tutorial_taskflow_api_virtualenv.py for tasks to queue
[2023-09-06T04:35:21.999+0000] {logging_mixin.py:151} INFO - [2023-09-06T04:35:21.998+0000] {dagbag.py:539} INFO - Filling up the DagBag from /home/airflow/.local/lib/python3.8/site-packages/airflow/example_dags/tutorial_taskflow_api_virtualenv.py
[2023-09-06T04:35:22.003+0000] {processor.py:839} INFO - DAG(s) dict_keys(['tutorial_taskflow_api_virtualenv']) retrieved from /home/airflow/.local/lib/python3.8/site-packages/airflow/example_dags/tutorial_taskflow_api_virtualenv.py
[2023-09-06T04:35:22.021+0000] {logging_mixin.py:151} INFO - [2023-09-06T04:35:22.021+0000] {dag.py:2907} INFO - Sync 1 DAGs
[2023-09-06T04:35:22.029+0000] {logging_mixin.py:151} INFO - [2023-09-06T04:35:22.029+0000] {dag.py:3677} INFO - Setting next_dagrun for tutorial_taskflow_api_virtualenv to None, run_after=None
[2023-09-06T04:35:22.040+0000] {processor.py:179} INFO - Processing /home/airflow/.local/lib/python3.8/site-packages/airflow/example_dags/tutorial_taskflow_api_virtualenv.py took 0.046 seconds
[2023-09-06T04:35:52.146+0000] {processor.py:157} INFO - Started process (PID=444) to work on /home/airflow/.local/lib/python3.8/site-packages/airflow/example_dags/tutorial_taskflow_api_virtualenv.py
[2023-09-06T04:35:52.146+0000] {processor.py:829} INFO - Processing file /home/airflow/.local/lib/python3.8/site-packages/airflow/example_dags/tutorial_taskflow_api_virtualenv.py for tasks to queue
[2023-09-06T04:35:52.149+0000] {logging_mixin.py:151} INFO - [2023-09-06T04:35:52.148+0000] {dagbag.py:539} INFO - Filling up the DagBag from /home/airflow/.local/lib/python3.8/site-packages/airflow/example_dags/tutorial_taskflow_api_virtualenv.py
[2023-09-06T04:35:52.153+0000] {processor.py:839} INFO - DAG(s) dict_keys(['tutorial_taskflow_api_virtualenv']) retrieved from /home/airflow/.local/lib/python3.8/site-packages/airflow/example_dags/tutorial_taskflow_api_virtualenv.py
[2023-09-06T04:35:52.170+0000] {logging_mixin.py:151} INFO - [2023-09-06T04:35:52.170+0000] {dag.py:2907} INFO - Sync 1 DAGs
[2023-09-06T04:35:52.178+0000] {logging_mixin.py:151} INFO - [2023-09-06T04:35:52.178+0000] {dag.py:3677} INFO - Setting next_dagrun for tutorial_taskflow_api_virtualenv to None, run_after=None
[2023-09-06T04:35:52.188+0000] {processor.py:179} INFO - Processing /home/airflow/.local/lib/python3.8/site-packages/airflow/example_dags/tutorial_taskflow_api_virtualenv.py took 0.045 seconds
[2023-09-06T04:36:22.328+0000] {processor.py:157} INFO - Started process (PID=498) to work on /home/airflow/.local/lib/python3.8/site-packages/airflow/example_dags/tutorial_taskflow_api_virtualenv.py
[2023-09-06T04:36:22.329+0000] {processor.py:829} INFO - Processing file /home/airflow/.local/lib/python3.8/site-packages/airflow/example_dags/tutorial_taskflow_api_virtualenv.py for tasks to queue
[2023-09-06T04:36:22.331+0000] {logging_mixin.py:151} INFO - [2023-09-06T04:36:22.330+0000] {dagbag.py:539} INFO - Filling up the DagBag from /home/airflow/.local/lib/python3.8/site-packages/airflow/example_dags/tutorial_taskflow_api_virtualenv.py
[2023-09-06T04:36:22.335+0000] {processor.py:839} INFO - DAG(s) dict_keys(['tutorial_taskflow_api_virtualenv']) retrieved from /home/airflow/.local/lib/python3.8/site-packages/airflow/example_dags/tutorial_taskflow_api_virtualenv.py
[2023-09-06T04:36:22.353+0000] {logging_mixin.py:151} INFO - [2023-09-06T04:36:22.352+0000] {dag.py:2907} INFO - Sync 1 DAGs
[2023-09-06T04:36:22.361+0000] {logging_mixin.py:151} INFO - [2023-09-06T04:36:22.360+0000] {dag.py:3677} INFO - Setting next_dagrun for tutorial_taskflow_api_virtualenv to None, run_after=None
[2023-09-06T04:36:22.371+0000] {processor.py:179} INFO - Processing /home/airflow/.local/lib/python3.8/site-packages/airflow/example_dags/tutorial_taskflow_api_virtualenv.py took 0.046 seconds
[2023-09-06T04:36:53.385+0000] {processor.py:157} INFO - Started process (PID=552) to work on /home/airflow/.local/lib/python3.8/site-packages/airflow/example_dags/tutorial_taskflow_api_virtualenv.py
[2023-09-06T04:36:53.386+0000] {processor.py:829} INFO - Processing file /home/airflow/.local/lib/python3.8/site-packages/airflow/example_dags/tutorial_taskflow_api_virtualenv.py for tasks to queue
[2023-09-06T04:36:53.388+0000] {logging_mixin.py:151} INFO - [2023-09-06T04:36:53.388+0000] {dagbag.py:539} INFO - Filling up the DagBag from /home/airflow/.local/lib/python3.8/site-packages/airflow/example_dags/tutorial_taskflow_api_virtualenv.py
[2023-09-06T04:36:53.393+0000] {processor.py:839} INFO - DAG(s) dict_keys(['tutorial_taskflow_api_virtualenv']) retrieved from /home/airflow/.local/lib/python3.8/site-packages/airflow/example_dags/tutorial_taskflow_api_virtualenv.py
[2023-09-06T04:36:53.412+0000] {logging_mixin.py:151} INFO - [2023-09-06T04:36:53.411+0000] {dag.py:2907} INFO - Sync 1 DAGs
[2023-09-06T04:36:53.420+0000] {logging_mixin.py:151} INFO - [2023-09-06T04:36:53.419+0000] {dag.py:3677} INFO - Setting next_dagrun for tutorial_taskflow_api_virtualenv to None, run_after=None
[2023-09-06T04:36:53.431+0000] {processor.py:179} INFO - Processing /home/airflow/.local/lib/python3.8/site-packages/airflow/example_dags/tutorial_taskflow_api_virtualenv.py took 0.049 seconds
[2023-09-06T04:37:23.671+0000] {processor.py:157} INFO - Started process (PID=606) to work on /home/airflow/.local/lib/python3.8/site-packages/airflow/example_dags/tutorial_taskflow_api_virtualenv.py
[2023-09-06T04:37:23.672+0000] {processor.py:829} INFO - Processing file /home/airflow/.local/lib/python3.8/site-packages/airflow/example_dags/tutorial_taskflow_api_virtualenv.py for tasks to queue
[2023-09-06T04:37:23.674+0000] {logging_mixin.py:151} INFO - [2023-09-06T04:37:23.673+0000] {dagbag.py:539} INFO - Filling up the DagBag from /home/airflow/.local/lib/python3.8/site-packages/airflow/example_dags/tutorial_taskflow_api_virtualenv.py
[2023-09-06T04:37:23.678+0000] {processor.py:839} INFO - DAG(s) dict_keys(['tutorial_taskflow_api_virtualenv']) retrieved from /home/airflow/.local/lib/python3.8/site-packages/airflow/example_dags/tutorial_taskflow_api_virtualenv.py
[2023-09-06T04:37:23.696+0000] {logging_mixin.py:151} INFO - [2023-09-06T04:37:23.695+0000] {dag.py:2907} INFO - Sync 1 DAGs
[2023-09-06T04:37:23.703+0000] {logging_mixin.py:151} INFO - [2023-09-06T04:37:23.703+0000] {dag.py:3677} INFO - Setting next_dagrun for tutorial_taskflow_api_virtualenv to None, run_after=None
[2023-09-06T04:37:23.714+0000] {processor.py:179} INFO - Processing /home/airflow/.local/lib/python3.8/site-packages/airflow/example_dags/tutorial_taskflow_api_virtualenv.py took 0.045 seconds
[2023-09-06T04:37:53.788+0000] {processor.py:157} INFO - Started process (PID=660) to work on /home/airflow/.local/lib/python3.8/site-packages/airflow/example_dags/tutorial_taskflow_api_virtualenv.py
[2023-09-06T04:37:53.788+0000] {processor.py:829} INFO - Processing file /home/airflow/.local/lib/python3.8/site-packages/airflow/example_dags/tutorial_taskflow_api_virtualenv.py for tasks to queue
[2023-09-06T04:37:53.790+0000] {logging_mixin.py:151} INFO - [2023-09-06T04:37:53.790+0000] {dagbag.py:539} INFO - Filling up the DagBag from /home/airflow/.local/lib/python3.8/site-packages/airflow/example_dags/tutorial_taskflow_api_virtualenv.py
[2023-09-06T04:37:53.795+0000] {processor.py:839} INFO - DAG(s) dict_keys(['tutorial_taskflow_api_virtualenv']) retrieved from /home/airflow/.local/lib/python3.8/site-packages/airflow/example_dags/tutorial_taskflow_api_virtualenv.py
[2023-09-06T04:37:53.811+0000] {logging_mixin.py:151} INFO - [2023-09-06T04:37:53.810+0000] {dag.py:2907} INFO - Sync 1 DAGs
[2023-09-06T04:37:53.819+0000] {logging_mixin.py:151} INFO - [2023-09-06T04:37:53.819+0000] {dag.py:3677} INFO - Setting next_dagrun for tutorial_taskflow_api_virtualenv to None, run_after=None
[2023-09-06T04:37:53.830+0000] {processor.py:179} INFO - Processing /home/airflow/.local/lib/python3.8/site-packages/airflow/example_dags/tutorial_taskflow_api_virtualenv.py took 0.044 seconds
