[2023-09-06T04:32:17.019+0000] {processor.py:157} INFO - Started process (PID=32) to work on /opt/airflow/dags/Orders_realPaidPrice.py
[2023-09-06T04:32:17.020+0000] {processor.py:829} INFO - Processing file /opt/airflow/dags/Orders_realPaidPrice.py for tasks to queue
[2023-09-06T04:32:17.022+0000] {logging_mixin.py:151} INFO - [2023-09-06T04:32:17.022+0000] {dagbag.py:539} INFO - Filling up the DagBag from /opt/airflow/dags/Orders_realPaidPrice.py
[2023-09-06T04:32:17.030+0000] {processor.py:841} WARNING - No viable dags retrieved from /opt/airflow/dags/Orders_realPaidPrice.py
[2023-09-06T04:32:17.047+0000] {processor.py:179} INFO - Processing /opt/airflow/dags/Orders_realPaidPrice.py took 0.030 seconds
[2023-09-06T04:32:47.470+0000] {processor.py:157} INFO - Started process (PID=86) to work on /opt/airflow/dags/Orders_realPaidPrice.py
[2023-09-06T04:32:47.471+0000] {processor.py:829} INFO - Processing file /opt/airflow/dags/Orders_realPaidPrice.py for tasks to queue
[2023-09-06T04:32:47.473+0000] {logging_mixin.py:151} INFO - [2023-09-06T04:32:47.473+0000] {dagbag.py:539} INFO - Filling up the DagBag from /opt/airflow/dags/Orders_realPaidPrice.py
[2023-09-06T04:32:47.477+0000] {processor.py:841} WARNING - No viable dags retrieved from /opt/airflow/dags/Orders_realPaidPrice.py
[2023-09-06T04:32:47.491+0000] {processor.py:179} INFO - Processing /opt/airflow/dags/Orders_realPaidPrice.py took 0.024 seconds
[2023-09-06T04:33:17.660+0000] {processor.py:157} INFO - Started process (PID=140) to work on /opt/airflow/dags/Orders_realPaidPrice.py
[2023-09-06T04:33:17.661+0000] {processor.py:829} INFO - Processing file /opt/airflow/dags/Orders_realPaidPrice.py for tasks to queue
[2023-09-06T04:33:17.663+0000] {logging_mixin.py:151} INFO - [2023-09-06T04:33:17.662+0000] {dagbag.py:539} INFO - Filling up the DagBag from /opt/airflow/dags/Orders_realPaidPrice.py
[2023-09-06T04:33:17.666+0000] {processor.py:841} WARNING - No viable dags retrieved from /opt/airflow/dags/Orders_realPaidPrice.py
[2023-09-06T04:33:17.679+0000] {processor.py:179} INFO - Processing /opt/airflow/dags/Orders_realPaidPrice.py took 0.022 seconds
[2023-09-06T04:33:47.816+0000] {processor.py:157} INFO - Started process (PID=194) to work on /opt/airflow/dags/Orders_realPaidPrice.py
[2023-09-06T04:33:47.817+0000] {processor.py:829} INFO - Processing file /opt/airflow/dags/Orders_realPaidPrice.py for tasks to queue
[2023-09-06T04:33:47.818+0000] {logging_mixin.py:151} INFO - [2023-09-06T04:33:47.818+0000] {dagbag.py:539} INFO - Filling up the DagBag from /opt/airflow/dags/Orders_realPaidPrice.py
[2023-09-06T04:33:47.822+0000] {processor.py:841} WARNING - No viable dags retrieved from /opt/airflow/dags/Orders_realPaidPrice.py
[2023-09-06T04:33:47.834+0000] {processor.py:179} INFO - Processing /opt/airflow/dags/Orders_realPaidPrice.py took 0.021 seconds
[2023-09-06T04:34:18.021+0000] {processor.py:157} INFO - Started process (PID=248) to work on /opt/airflow/dags/Orders_realPaidPrice.py
[2023-09-06T04:34:18.022+0000] {processor.py:829} INFO - Processing file /opt/airflow/dags/Orders_realPaidPrice.py for tasks to queue
[2023-09-06T04:34:18.024+0000] {logging_mixin.py:151} INFO - [2023-09-06T04:34:18.024+0000] {dagbag.py:539} INFO - Filling up the DagBag from /opt/airflow/dags/Orders_realPaidPrice.py
[2023-09-06T04:34:18.027+0000] {processor.py:841} WARNING - No viable dags retrieved from /opt/airflow/dags/Orders_realPaidPrice.py
[2023-09-06T04:34:18.041+0000] {processor.py:179} INFO - Processing /opt/airflow/dags/Orders_realPaidPrice.py took 0.022 seconds
[2023-09-06T04:34:48.314+0000] {processor.py:157} INFO - Started process (PID=302) to work on /opt/airflow/dags/Orders_realPaidPrice.py
[2023-09-06T04:34:48.315+0000] {processor.py:829} INFO - Processing file /opt/airflow/dags/Orders_realPaidPrice.py for tasks to queue
[2023-09-06T04:34:48.318+0000] {logging_mixin.py:151} INFO - [2023-09-06T04:34:48.318+0000] {dagbag.py:539} INFO - Filling up the DagBag from /opt/airflow/dags/Orders_realPaidPrice.py
[2023-09-06T04:34:48.322+0000] {processor.py:841} WARNING - No viable dags retrieved from /opt/airflow/dags/Orders_realPaidPrice.py
[2023-09-06T04:34:48.337+0000] {processor.py:179} INFO - Processing /opt/airflow/dags/Orders_realPaidPrice.py took 0.027 seconds
[2023-09-06T04:35:18.459+0000] {processor.py:157} INFO - Started process (PID=356) to work on /opt/airflow/dags/Orders_realPaidPrice.py
[2023-09-06T04:35:18.460+0000] {processor.py:829} INFO - Processing file /opt/airflow/dags/Orders_realPaidPrice.py for tasks to queue
[2023-09-06T04:35:18.461+0000] {logging_mixin.py:151} INFO - [2023-09-06T04:35:18.461+0000] {dagbag.py:539} INFO - Filling up the DagBag from /opt/airflow/dags/Orders_realPaidPrice.py
[2023-09-06T04:35:18.464+0000] {processor.py:841} WARNING - No viable dags retrieved from /opt/airflow/dags/Orders_realPaidPrice.py
[2023-09-06T04:35:18.477+0000] {processor.py:179} INFO - Processing /opt/airflow/dags/Orders_realPaidPrice.py took 0.021 seconds
[2023-09-06T04:35:48.820+0000] {processor.py:157} INFO - Started process (PID=410) to work on /opt/airflow/dags/Orders_realPaidPrice.py
[2023-09-06T04:35:48.821+0000] {processor.py:829} INFO - Processing file /opt/airflow/dags/Orders_realPaidPrice.py for tasks to queue
[2023-09-06T04:35:48.823+0000] {logging_mixin.py:151} INFO - [2023-09-06T04:35:48.823+0000] {dagbag.py:539} INFO - Filling up the DagBag from /opt/airflow/dags/Orders_realPaidPrice.py
[2023-09-06T04:35:48.828+0000] {processor.py:841} WARNING - No viable dags retrieved from /opt/airflow/dags/Orders_realPaidPrice.py
[2023-09-06T04:35:48.841+0000] {processor.py:179} INFO - Processing /opt/airflow/dags/Orders_realPaidPrice.py took 0.024 seconds
[2023-09-06T04:36:18.883+0000] {processor.py:157} INFO - Started process (PID=464) to work on /opt/airflow/dags/Orders_realPaidPrice.py
[2023-09-06T04:36:18.883+0000] {processor.py:829} INFO - Processing file /opt/airflow/dags/Orders_realPaidPrice.py for tasks to queue
[2023-09-06T04:36:18.885+0000] {logging_mixin.py:151} INFO - [2023-09-06T04:36:18.885+0000] {dagbag.py:539} INFO - Filling up the DagBag from /opt/airflow/dags/Orders_realPaidPrice.py
[2023-09-06T04:36:18.888+0000] {processor.py:841} WARNING - No viable dags retrieved from /opt/airflow/dags/Orders_realPaidPrice.py
[2023-09-06T04:36:18.901+0000] {processor.py:179} INFO - Processing /opt/airflow/dags/Orders_realPaidPrice.py took 0.020 seconds
[2023-09-06T04:36:49.028+0000] {processor.py:157} INFO - Started process (PID=518) to work on /opt/airflow/dags/Orders_realPaidPrice.py
[2023-09-06T04:36:49.028+0000] {processor.py:829} INFO - Processing file /opt/airflow/dags/Orders_realPaidPrice.py for tasks to queue
[2023-09-06T04:36:49.030+0000] {logging_mixin.py:151} INFO - [2023-09-06T04:36:49.030+0000] {dagbag.py:539} INFO - Filling up the DagBag from /opt/airflow/dags/Orders_realPaidPrice.py
[2023-09-06T04:36:49.033+0000] {processor.py:841} WARNING - No viable dags retrieved from /opt/airflow/dags/Orders_realPaidPrice.py
[2023-09-06T04:36:49.045+0000] {processor.py:179} INFO - Processing /opt/airflow/dags/Orders_realPaidPrice.py took 0.020 seconds
[2023-09-06T04:37:19.168+0000] {processor.py:157} INFO - Started process (PID=572) to work on /opt/airflow/dags/Orders_realPaidPrice.py
[2023-09-06T04:37:19.169+0000] {processor.py:829} INFO - Processing file /opt/airflow/dags/Orders_realPaidPrice.py for tasks to queue
[2023-09-06T04:37:19.172+0000] {logging_mixin.py:151} INFO - [2023-09-06T04:37:19.171+0000] {dagbag.py:539} INFO - Filling up the DagBag from /opt/airflow/dags/Orders_realPaidPrice.py
[2023-09-06T04:37:19.176+0000] {processor.py:841} WARNING - No viable dags retrieved from /opt/airflow/dags/Orders_realPaidPrice.py
[2023-09-06T04:37:19.200+0000] {processor.py:179} INFO - Processing /opt/airflow/dags/Orders_realPaidPrice.py took 0.035 seconds
[2023-09-06T04:37:49.443+0000] {processor.py:157} INFO - Started process (PID=626) to work on /opt/airflow/dags/Orders_realPaidPrice.py
[2023-09-06T04:37:49.444+0000] {processor.py:829} INFO - Processing file /opt/airflow/dags/Orders_realPaidPrice.py for tasks to queue
[2023-09-06T04:37:49.446+0000] {logging_mixin.py:151} INFO - [2023-09-06T04:37:49.446+0000] {dagbag.py:539} INFO - Filling up the DagBag from /opt/airflow/dags/Orders_realPaidPrice.py
[2023-09-06T04:37:49.449+0000] {processor.py:841} WARNING - No viable dags retrieved from /opt/airflow/dags/Orders_realPaidPrice.py
[2023-09-06T04:37:49.462+0000] {processor.py:179} INFO - Processing /opt/airflow/dags/Orders_realPaidPrice.py took 0.022 seconds
[2023-09-06T04:38:29.990+0000] {processor.py:157} INFO - Started process (PID=32) to work on /opt/airflow/dags/Orders_realPaidPrice.py
[2023-09-06T04:38:29.991+0000] {processor.py:829} INFO - Processing file /opt/airflow/dags/Orders_realPaidPrice.py for tasks to queue
[2023-09-06T04:38:29.993+0000] {logging_mixin.py:151} INFO - [2023-09-06T04:38:29.993+0000] {dagbag.py:539} INFO - Filling up the DagBag from /opt/airflow/dags/Orders_realPaidPrice.py
[2023-09-06T04:38:30.004+0000] {processor.py:841} WARNING - No viable dags retrieved from /opt/airflow/dags/Orders_realPaidPrice.py
[2023-09-06T04:38:30.017+0000] {processor.py:179} INFO - Processing /opt/airflow/dags/Orders_realPaidPrice.py took 0.029 seconds
[2023-09-06T04:39:00.244+0000] {processor.py:157} INFO - Started process (PID=40) to work on /opt/airflow/dags/Orders_realPaidPrice.py
[2023-09-06T04:39:00.245+0000] {processor.py:829} INFO - Processing file /opt/airflow/dags/Orders_realPaidPrice.py for tasks to queue
[2023-09-06T04:39:00.247+0000] {logging_mixin.py:151} INFO - [2023-09-06T04:39:00.246+0000] {dagbag.py:539} INFO - Filling up the DagBag from /opt/airflow/dags/Orders_realPaidPrice.py
[2023-09-06T04:39:00.252+0000] {processor.py:841} WARNING - No viable dags retrieved from /opt/airflow/dags/Orders_realPaidPrice.py
[2023-09-06T04:39:00.266+0000] {processor.py:179} INFO - Processing /opt/airflow/dags/Orders_realPaidPrice.py took 0.025 seconds
[2023-09-06T04:39:30.588+0000] {processor.py:157} INFO - Started process (PID=48) to work on /opt/airflow/dags/Orders_realPaidPrice.py
[2023-09-06T04:39:30.589+0000] {processor.py:829} INFO - Processing file /opt/airflow/dags/Orders_realPaidPrice.py for tasks to queue
[2023-09-06T04:39:30.591+0000] {logging_mixin.py:151} INFO - [2023-09-06T04:39:30.591+0000] {dagbag.py:539} INFO - Filling up the DagBag from /opt/airflow/dags/Orders_realPaidPrice.py
[2023-09-06T04:39:30.599+0000] {processor.py:841} WARNING - No viable dags retrieved from /opt/airflow/dags/Orders_realPaidPrice.py
[2023-09-06T04:39:30.617+0000] {processor.py:179} INFO - Processing /opt/airflow/dags/Orders_realPaidPrice.py took 0.033 seconds
[2023-09-06T04:40:00.978+0000] {processor.py:157} INFO - Started process (PID=56) to work on /opt/airflow/dags/Orders_realPaidPrice.py
[2023-09-06T04:40:00.979+0000] {processor.py:829} INFO - Processing file /opt/airflow/dags/Orders_realPaidPrice.py for tasks to queue
[2023-09-06T04:40:00.982+0000] {logging_mixin.py:151} INFO - [2023-09-06T04:40:00.981+0000] {dagbag.py:539} INFO - Filling up the DagBag from /opt/airflow/dags/Orders_realPaidPrice.py
[2023-09-06T04:40:00.992+0000] {processor.py:841} WARNING - No viable dags retrieved from /opt/airflow/dags/Orders_realPaidPrice.py
[2023-09-06T04:40:01.010+0000] {processor.py:179} INFO - Processing /opt/airflow/dags/Orders_realPaidPrice.py took 0.037 seconds
[2023-09-06T04:40:31.410+0000] {processor.py:157} INFO - Started process (PID=64) to work on /opt/airflow/dags/Orders_realPaidPrice.py
[2023-09-06T04:40:31.412+0000] {processor.py:829} INFO - Processing file /opt/airflow/dags/Orders_realPaidPrice.py for tasks to queue
[2023-09-06T04:40:31.414+0000] {logging_mixin.py:151} INFO - [2023-09-06T04:40:31.414+0000] {dagbag.py:539} INFO - Filling up the DagBag from /opt/airflow/dags/Orders_realPaidPrice.py
[2023-09-06T04:40:31.423+0000] {processor.py:841} WARNING - No viable dags retrieved from /opt/airflow/dags/Orders_realPaidPrice.py
[2023-09-06T04:40:31.439+0000] {processor.py:179} INFO - Processing /opt/airflow/dags/Orders_realPaidPrice.py took 0.033 seconds
[2023-09-06T04:41:01.703+0000] {processor.py:157} INFO - Started process (PID=72) to work on /opt/airflow/dags/Orders_realPaidPrice.py
[2023-09-06T04:41:01.704+0000] {processor.py:829} INFO - Processing file /opt/airflow/dags/Orders_realPaidPrice.py for tasks to queue
[2023-09-06T04:41:01.705+0000] {logging_mixin.py:151} INFO - [2023-09-06T04:41:01.705+0000] {dagbag.py:539} INFO - Filling up the DagBag from /opt/airflow/dags/Orders_realPaidPrice.py
[2023-09-06T04:41:01.710+0000] {processor.py:841} WARNING - No viable dags retrieved from /opt/airflow/dags/Orders_realPaidPrice.py
[2023-09-06T04:41:01.722+0000] {processor.py:179} INFO - Processing /opt/airflow/dags/Orders_realPaidPrice.py took 0.021 seconds
[2023-09-06T04:41:32.006+0000] {processor.py:157} INFO - Started process (PID=80) to work on /opt/airflow/dags/Orders_realPaidPrice.py
[2023-09-06T04:41:32.007+0000] {processor.py:829} INFO - Processing file /opt/airflow/dags/Orders_realPaidPrice.py for tasks to queue
[2023-09-06T04:41:32.010+0000] {logging_mixin.py:151} INFO - [2023-09-06T04:41:32.010+0000] {dagbag.py:539} INFO - Filling up the DagBag from /opt/airflow/dags/Orders_realPaidPrice.py
[2023-09-06T04:41:32.018+0000] {processor.py:841} WARNING - No viable dags retrieved from /opt/airflow/dags/Orders_realPaidPrice.py
[2023-09-06T04:41:32.034+0000] {processor.py:179} INFO - Processing /opt/airflow/dags/Orders_realPaidPrice.py took 0.033 seconds
[2023-09-06T04:42:02.309+0000] {processor.py:157} INFO - Started process (PID=88) to work on /opt/airflow/dags/Orders_realPaidPrice.py
[2023-09-06T04:42:02.310+0000] {processor.py:829} INFO - Processing file /opt/airflow/dags/Orders_realPaidPrice.py for tasks to queue
[2023-09-06T04:42:02.312+0000] {logging_mixin.py:151} INFO - [2023-09-06T04:42:02.311+0000] {dagbag.py:539} INFO - Filling up the DagBag from /opt/airflow/dags/Orders_realPaidPrice.py
[2023-09-06T04:42:02.318+0000] {processor.py:841} WARNING - No viable dags retrieved from /opt/airflow/dags/Orders_realPaidPrice.py
[2023-09-06T04:42:02.330+0000] {processor.py:179} INFO - Processing /opt/airflow/dags/Orders_realPaidPrice.py took 0.023 seconds
[2023-09-06T08:39:11.668+0000] {processor.py:157} INFO - Started process (PID=36) to work on /opt/airflow/dags/Orders_realPaidPrice.py
[2023-09-06T08:39:11.669+0000] {processor.py:829} INFO - Processing file /opt/airflow/dags/Orders_realPaidPrice.py for tasks to queue
[2023-09-06T08:39:11.672+0000] {logging_mixin.py:151} INFO - [2023-09-06T08:39:11.671+0000] {dagbag.py:539} INFO - Filling up the DagBag from /opt/airflow/dags/Orders_realPaidPrice.py
[2023-09-06T08:39:11.685+0000] {processor.py:841} WARNING - No viable dags retrieved from /opt/airflow/dags/Orders_realPaidPrice.py
[2023-09-06T08:39:11.704+0000] {processor.py:179} INFO - Processing /opt/airflow/dags/Orders_realPaidPrice.py took 0.045 seconds
[2023-09-06T08:39:42.040+0000] {processor.py:157} INFO - Started process (PID=46) to work on /opt/airflow/dags/Orders_realPaidPrice.py
[2023-09-06T08:39:42.041+0000] {processor.py:829} INFO - Processing file /opt/airflow/dags/Orders_realPaidPrice.py for tasks to queue
[2023-09-06T08:39:42.043+0000] {logging_mixin.py:151} INFO - [2023-09-06T08:39:42.043+0000] {dagbag.py:539} INFO - Filling up the DagBag from /opt/airflow/dags/Orders_realPaidPrice.py
[2023-09-06T08:39:42.048+0000] {processor.py:841} WARNING - No viable dags retrieved from /opt/airflow/dags/Orders_realPaidPrice.py
[2023-09-06T08:39:42.060+0000] {processor.py:179} INFO - Processing /opt/airflow/dags/Orders_realPaidPrice.py took 0.023 seconds
[2023-09-06T08:40:12.357+0000] {processor.py:157} INFO - Started process (PID=56) to work on /opt/airflow/dags/Orders_realPaidPrice.py
[2023-09-06T08:40:12.357+0000] {processor.py:829} INFO - Processing file /opt/airflow/dags/Orders_realPaidPrice.py for tasks to queue
[2023-09-06T08:40:12.359+0000] {logging_mixin.py:151} INFO - [2023-09-06T08:40:12.359+0000] {dagbag.py:539} INFO - Filling up the DagBag from /opt/airflow/dags/Orders_realPaidPrice.py
[2023-09-06T08:40:12.365+0000] {processor.py:841} WARNING - No viable dags retrieved from /opt/airflow/dags/Orders_realPaidPrice.py
[2023-09-06T08:40:12.377+0000] {processor.py:179} INFO - Processing /opt/airflow/dags/Orders_realPaidPrice.py took 0.023 seconds
[2023-09-06T08:40:42.706+0000] {processor.py:157} INFO - Started process (PID=66) to work on /opt/airflow/dags/Orders_realPaidPrice.py
[2023-09-06T08:40:42.707+0000] {processor.py:829} INFO - Processing file /opt/airflow/dags/Orders_realPaidPrice.py for tasks to queue
[2023-09-06T08:40:42.709+0000] {logging_mixin.py:151} INFO - [2023-09-06T08:40:42.709+0000] {dagbag.py:539} INFO - Filling up the DagBag from /opt/airflow/dags/Orders_realPaidPrice.py
[2023-09-06T08:40:42.714+0000] {processor.py:841} WARNING - No viable dags retrieved from /opt/airflow/dags/Orders_realPaidPrice.py
[2023-09-06T08:40:42.726+0000] {processor.py:179} INFO - Processing /opt/airflow/dags/Orders_realPaidPrice.py took 0.022 seconds
[2023-09-06T08:41:13.109+0000] {processor.py:157} INFO - Started process (PID=76) to work on /opt/airflow/dags/Orders_realPaidPrice.py
[2023-09-06T08:41:13.110+0000] {processor.py:829} INFO - Processing file /opt/airflow/dags/Orders_realPaidPrice.py for tasks to queue
[2023-09-06T08:41:13.114+0000] {logging_mixin.py:151} INFO - [2023-09-06T08:41:13.113+0000] {dagbag.py:539} INFO - Filling up the DagBag from /opt/airflow/dags/Orders_realPaidPrice.py
[2023-09-06T08:41:13.123+0000] {processor.py:841} WARNING - No viable dags retrieved from /opt/airflow/dags/Orders_realPaidPrice.py
[2023-09-06T08:41:13.138+0000] {processor.py:179} INFO - Processing /opt/airflow/dags/Orders_realPaidPrice.py took 0.033 seconds
[2023-09-06T08:41:43.538+0000] {processor.py:157} INFO - Started process (PID=86) to work on /opt/airflow/dags/Orders_realPaidPrice.py
[2023-09-06T08:41:43.539+0000] {processor.py:829} INFO - Processing file /opt/airflow/dags/Orders_realPaidPrice.py for tasks to queue
[2023-09-06T08:41:43.542+0000] {logging_mixin.py:151} INFO - [2023-09-06T08:41:43.541+0000] {dagbag.py:539} INFO - Filling up the DagBag from /opt/airflow/dags/Orders_realPaidPrice.py
[2023-09-06T08:41:43.547+0000] {processor.py:841} WARNING - No viable dags retrieved from /opt/airflow/dags/Orders_realPaidPrice.py
[2023-09-06T08:41:43.559+0000] {processor.py:179} INFO - Processing /opt/airflow/dags/Orders_realPaidPrice.py took 0.024 seconds
[2023-09-06T08:42:13.888+0000] {processor.py:157} INFO - Started process (PID=96) to work on /opt/airflow/dags/Orders_realPaidPrice.py
[2023-09-06T08:42:13.888+0000] {processor.py:829} INFO - Processing file /opt/airflow/dags/Orders_realPaidPrice.py for tasks to queue
[2023-09-06T08:42:13.890+0000] {logging_mixin.py:151} INFO - [2023-09-06T08:42:13.890+0000] {dagbag.py:539} INFO - Filling up the DagBag from /opt/airflow/dags/Orders_realPaidPrice.py
[2023-09-06T08:42:13.895+0000] {processor.py:841} WARNING - No viable dags retrieved from /opt/airflow/dags/Orders_realPaidPrice.py
[2023-09-06T08:42:13.908+0000] {processor.py:179} INFO - Processing /opt/airflow/dags/Orders_realPaidPrice.py took 0.023 seconds
[2023-09-06T08:42:44.316+0000] {processor.py:157} INFO - Started process (PID=106) to work on /opt/airflow/dags/Orders_realPaidPrice.py
[2023-09-06T08:42:44.317+0000] {processor.py:829} INFO - Processing file /opt/airflow/dags/Orders_realPaidPrice.py for tasks to queue
[2023-09-06T08:42:44.319+0000] {logging_mixin.py:151} INFO - [2023-09-06T08:42:44.318+0000] {dagbag.py:539} INFO - Filling up the DagBag from /opt/airflow/dags/Orders_realPaidPrice.py
[2023-09-06T08:42:44.323+0000] {processor.py:841} WARNING - No viable dags retrieved from /opt/airflow/dags/Orders_realPaidPrice.py
[2023-09-06T08:42:44.335+0000] {processor.py:179} INFO - Processing /opt/airflow/dags/Orders_realPaidPrice.py took 0.022 seconds
[2023-09-06T08:43:03.621+0000] {processor.py:157} INFO - Started process (PID=114) to work on /opt/airflow/dags/Orders_realPaidPrice.py
[2023-09-06T08:43:03.622+0000] {processor.py:829} INFO - Processing file /opt/airflow/dags/Orders_realPaidPrice.py for tasks to queue
[2023-09-06T08:43:03.624+0000] {logging_mixin.py:151} INFO - [2023-09-06T08:43:03.623+0000] {dagbag.py:539} INFO - Filling up the DagBag from /opt/airflow/dags/Orders_realPaidPrice.py
[2023-09-06T08:43:03.634+0000] {logging_mixin.py:151} INFO - [2023-09-06T08:43:03.633+0000] {dagbag.py:347} ERROR - Failed to import: /opt/airflow/dags/Orders_realPaidPrice.py
Traceback (most recent call last):
  File "/home/airflow/.local/lib/python3.8/site-packages/airflow/models/dagbag.py", line 343, in parse
    loader.exec_module(new_module)
  File "<frozen importlib._bootstrap_external>", line 843, in exec_module
  File "<frozen importlib._bootstrap>", line 219, in _call_with_frames_removed
  File "/opt/airflow/dags/Orders_realPaidPrice.py", line 24, in <module>
    python_callable=upload_data_to_bigquery1
NameError: name 'upload_data_to_bigquery1' is not defined
[2023-09-06T08:43:03.635+0000] {processor.py:841} WARNING - No viable dags retrieved from /opt/airflow/dags/Orders_realPaidPrice.py
[2023-09-06T08:43:03.651+0000] {processor.py:179} INFO - Processing /opt/airflow/dags/Orders_realPaidPrice.py took 0.032 seconds
